2025-05-26 23:29:17.952 [info] Experiment 'pythonRecommendTensorboardExt' is active
2025-05-26 23:29:17.952 [info] Experiment 'pythonTerminalEnvVarActivation' is active
2025-05-26 23:29:17.952 [info] Native locator: Refresh started
2025-05-26 23:29:17.968 [info] > pyenv which python
2025-05-26 23:29:17.968 [info] cwd: .
2025-05-26 23:29:18.099 [info] Active interpreter [/home/bhavya/hypr_mine]:  /bin/python
2025-05-26 23:29:18.100 [info] Native locator: Refresh finished in 215 ms
2025-05-26 23:29:18.255 [info] Discover tests for workspace name: hypr_mine - uri: /home/bhavya/hypr_mine
2025-05-26 23:29:20.834 [info] Starting Pylance language server.
2025-05-26 23:49:59.207 [info] Discover tests for workspace name: undefined - uri: /home/bhavya/.config/Code/User/settings.json
2025-05-26 23:50:06.293 [info] Discover tests for workspace name: undefined - uri: /home/bhavya/.config/Code/User/settings.json
2025-05-26 23:50:08.986 [info] Discover tests for workspace name: undefined - uri: /home/bhavya/.config/Code/User/settings.json
2025-05-26 23:50:11.165 [info] Discover tests for workspace name: undefined - uri: /home/bhavya/.config/Code/User/settings.json
2025-05-26 23:50:15.553 [info] Discover tests for workspace name: undefined - uri: /home/bhavya/.config/Code/User/settings.json
2025-05-26 23:50:18.643 [info] Discover tests for workspace name: undefined - uri: /home/bhavya/.config/Code/User/settings.json
2025-05-26 23:50:20.573 [info] Discover tests for workspace name: undefined - uri: /home/bhavya/.config/Code/User/settings.json
2025-05-27 03:41:19.788 [info] Experiment 'pythonRecommendTensorboardExt' is active
2025-05-27 03:41:19.788 [info] Experiment 'pythonTerminalEnvVarActivation' is active
2025-05-27 03:41:19.788 [info] Native locator: Refresh started
2025-05-27 03:41:19.912 [info] > pyenv which python
2025-05-27 03:41:19.912 [info] cwd: .
2025-05-27 03:41:20.089 [info] Active interpreter [/home/bhavya/hypr_mine]:  /bin/python
2025-05-27 03:41:20.090 [info] Native locator: Refresh finished in 335 ms
2025-05-27 03:41:20.244 [info] Discover tests for workspace name: hypr_mine - uri: /home/bhavya/hypr_mine
2025-05-27 03:41:21.933 [info] Starting Pylance language server.
2025-05-27 04:38:48.109 [info] Discover tests for workspace name: undefined - uri: /home/bhavya/.config/Code/User/settings.json
2025-05-27 05:36:50.272 [info] Discover tests for workspace name: undefined - uri: /home/bhavya/.config/Code/User/settings.json
