2025-05-26 23:29:19.150 [info] (Client) Pylance async client (2025.5.1) started with python extension (2025.6.1)
2025-05-26 23:29:20.790 [info] [Info  - 11:29:20 PM] (5900) Server root directory: file:///home/bhavya/.vscode/extensions/ms-python.vscode-pylance-2025.5.1/dist
2025-05-26 23:29:20.791 [info] [Info  - 11:29:20 PM] (5900) Pylance language server 2025.5.1 (pyright version 1.1.400, commit b962ffc2) starting
2025-05-26 23:29:20.803 [info] [Info  - 11:29:20 PM] (5900) Starting service instance "hypr_mine" for workspace "/home/bhavya/hypr_mine"
2025-05-26 23:29:20.958 [info] [Info  - 11:29:20 PM] (5900) Setting environmentName for service "hypr_mine": "Python 3.13.3"
2025-05-26 23:29:20.958 [info] [Info  - 11:29:20 PM] (5900) Setting pythonPath for service "hypr_mine": "/bin/python"
2025-05-26 23:29:20.959 [info] [Info  - 11:29:20 PM] (5900) No include entries specified; assuming /home/bhavya/hypr_mine
2025-05-26 23:29:20.960 [info] [Info  - 11:29:20 PM] (5900) Auto-excluding **/node_modules
2025-05-26 23:29:20.960 [info] [Info  - 11:29:20 PM] (5900) Auto-excluding **/__pycache__
2025-05-26 23:29:20.960 [info] [Info  - 11:29:20 PM] (5900) Auto-excluding **/.*
2025-05-26 23:29:21.004 [info] [Info  - 11:29:21 PM] (5900) Assuming Python version 3.13.3.final.0
2025-05-26 23:29:21.165 [info] [Info  - 11:29:21 PM] (5900) No source files found.
2025-05-26 23:29:21.200 [info] [Info  - 11:29:21 PM] (5900) Setting environmentName for service "hypr_mine": "Python 3.13.3"
2025-05-26 23:29:21.200 [info] [Info  - 11:29:21 PM] (5900) Setting pythonPath for service "hypr_mine": "/bin/python"
2025-05-26 23:29:21.200 [info] [Info  - 11:29:21 PM] (5900) No include entries specified; assuming /home/bhavya/hypr_mine
2025-05-26 23:29:21.201 [info] [Info  - 11:29:21 PM] (5900) Auto-excluding **/node_modules
2025-05-26 23:29:21.201 [info] [Info  - 11:29:21 PM] (5900) Auto-excluding **/__pycache__
2025-05-26 23:29:21.201 [info] [Info  - 11:29:21 PM] (5900) Auto-excluding **/.*
2025-05-26 23:29:21.255 [info] [Info  - 11:29:21 PM] (5900) Assuming Python version 3.13.3.final.0
2025-05-26 23:29:21.366 [info] [Info  - 11:29:21 PM] (5900) No source files found.
2025-05-26 23:29:21.383 [info] [Info  - 11:29:21 PM] (5900) Setting environmentName for service "hypr_mine": "Python 3.13.3"
2025-05-26 23:29:21.383 [info] [Info  - 11:29:21 PM] (5900) Setting pythonPath for service "hypr_mine": "/bin/python"
2025-05-26 23:29:21.384 [info] [Info  - 11:29:21 PM] (5900) No include entries specified; assuming /home/bhavya/hypr_mine
2025-05-26 23:29:21.384 [info] [Info  - 11:29:21 PM] (5900) Auto-excluding **/node_modules
2025-05-26 23:29:21.384 [info] [Info  - 11:29:21 PM] (5900) Auto-excluding **/__pycache__
2025-05-26 23:29:21.384 [info] [Info  - 11:29:21 PM] (5900) Auto-excluding **/.*
2025-05-26 23:29:21.429 [info] [Info  - 11:29:21 PM] (5900) Assuming Python version 3.13.3.final.0
2025-05-26 23:29:21.536 [info] [Info  - 11:29:21 PM] (5900) No source files found.
2025-05-26 23:29:22.183 [info] [Info  - 11:29:22 PM] (5900) BG: Priority queue background worker(2) root directory: file:///home/bhavya/.vscode/extensions/ms-python.vscode-pylance-2025.5.1/dist
2025-05-26 23:29:22.184 [info] [Info  - 11:29:22 PM] (5900) BG: Priority queue background worker(2) started
2025-05-27 03:41:21.095 [info] (Client) Pylance async client (2025.5.1) started with python extension (2025.6.1)
2025-05-27 03:41:21.913 [info] [Info  - 3:41:21 AM] (181232) Server root directory: file:///home/bhavya/.vscode/extensions/ms-python.vscode-pylance-2025.5.1/dist
2025-05-27 03:41:21.913 [info] [Info  - 3:41:21 AM] (181232) Pylance language server 2025.5.1 (pyright version 1.1.400, commit b962ffc2) starting
2025-05-27 03:41:21.919 [info] [Info  - 3:41:21 AM] (181232) Starting service instance "hypr_mine" for workspace "/home/bhavya/hypr_mine"
2025-05-27 03:41:21.990 [info] [Info  - 3:41:21 AM] (181232) Setting environmentName for service "hypr_mine": "Python 3.13.3"
2025-05-27 03:41:21.991 [info] [Info  - 3:41:21 AM] (181232) Setting pythonPath for service "hypr_mine": "/bin/python"
2025-05-27 03:41:21.991 [info] [Info  - 3:41:21 AM] (181232) No include entries specified; assuming /home/bhavya/hypr_mine
2025-05-27 03:41:21.991 [info] [Info  - 3:41:21 AM] (181232) Auto-excluding **/node_modules
2025-05-27 03:41:21.991 [info] [Info  - 3:41:21 AM] (181232) Auto-excluding **/__pycache__
2025-05-27 03:41:21.991 [info] [Info  - 3:41:21 AM] (181232) Auto-excluding **/.*
2025-05-27 03:41:22.022 [info] [Info  - 3:41:22 AM] (181232) Assuming Python version 3.13.3.final.0
2025-05-27 03:41:22.080 [info] [Info  - 3:41:22 AM] (181232) No source files found.
2025-05-27 03:41:22.099 [info] [Info  - 3:41:22 AM] (181232) Setting environmentName for service "hypr_mine": "Python 3.13.3"
2025-05-27 03:41:22.099 [info] [Info  - 3:41:22 AM] (181232) Setting pythonPath for service "hypr_mine": "/bin/python"
2025-05-27 03:41:22.099 [info] [Info  - 3:41:22 AM] (181232) No include entries specified; assuming /home/bhavya/hypr_mine
2025-05-27 03:41:22.099 [info] [Info  - 3:41:22 AM] (181232) Auto-excluding **/node_modules
2025-05-27 03:41:22.099 [info] [Info  - 3:41:22 AM] (181232) Auto-excluding **/__pycache__
2025-05-27 03:41:22.099 [info] [Info  - 3:41:22 AM] (181232) Auto-excluding **/.*
2025-05-27 03:41:22.124 [info] [Info  - 3:41:22 AM] (181232) Assuming Python version 3.13.3.final.0
2025-05-27 03:41:22.185 [info] [Info  - 3:41:22 AM] (181232) No source files found.
2025-05-27 03:41:22.195 [info] [Info  - 3:41:22 AM] (181232) Setting environmentName for service "hypr_mine": "Python 3.13.3"
2025-05-27 03:41:22.195 [info] [Info  - 3:41:22 AM] (181232) Setting pythonPath for service "hypr_mine": "/bin/python"
2025-05-27 03:41:22.195 [info] [Info  - 3:41:22 AM] (181232) No include entries specified; assuming /home/bhavya/hypr_mine
2025-05-27 03:41:22.195 [info] [Info  - 3:41:22 AM] (181232) Auto-excluding **/node_modules
2025-05-27 03:41:22.195 [info] [Info  - 3:41:22 AM] (181232) Auto-excluding **/__pycache__
2025-05-27 03:41:22.195 [info] [Info  - 3:41:22 AM] (181232) Auto-excluding **/.*
2025-05-27 03:41:22.219 [info] [Info  - 3:41:22 AM] (181232) Assuming Python version 3.13.3.final.0
2025-05-27 03:41:22.276 [info] [Info  - 3:41:22 AM] (181232) No source files found.
2025-05-27 03:41:22.629 [info] [Info  - 3:41:22 AM] (181232) BG: Priority queue background worker(2) root directory: file:///home/bhavya/.vscode/extensions/ms-python.vscode-pylance-2025.5.1/dist
2025-05-27 03:41:22.630 [info] [Info  - 3:41:22 AM] (181232) BG: Priority queue background worker(2) started
2025-05-27 05:36:50.108 [info] [Info  - 5:36:50 AM] (181232) Setting environmentName for service "hypr_mine": "Python 3.13.3"
2025-05-27 05:36:50.108 [info] [Info  - 5:36:50 AM] (181232) Setting pythonPath for service "hypr_mine": "/bin/python"
2025-05-27 05:36:50.108 [info] [Info  - 5:36:50 AM] (181232) No include entries specified; assuming /home/bhavya/hypr_mine
2025-05-27 05:36:50.108 [info] [Info  - 5:36:50 AM] (181232) Auto-excluding **/node_modules
2025-05-27 05:36:50.108 [info] [Info  - 5:36:50 AM] (181232) Auto-excluding **/__pycache__
2025-05-27 05:36:50.108 [info] [Info  - 5:36:50 AM] (181232) Auto-excluding **/.*
2025-05-27 05:36:50.154 [info] [Info  - 5:36:50 AM] (181232) Assuming Python version 3.13.3.final.0
2025-05-27 05:36:50.249 [info] [Info  - 5:36:50 AM] (181232) No source files found.
