2025-05-27 06:13:54.607 [info] Starting Python Locator /home/bhavya/.vscode/extensions/ms-python.vscode-python-envs-0.3.11461009-linux-x64/python-env-tools/bin/pet server
2025-05-27 06:13:54.727 [info] Discovered env: /usr/bin/python
2025-05-27 06:13:54.730 [info] Discovered env: /bin/python
2025-05-27 06:13:54.730 [info] Env ("/sbin/python") in Path resolved as ResolvedPythonEnv { executable: "/sbin/python", prefix: "/usr", version: "3.13.3.final.0", is64_bit: true, symlinks: Some(["/sbin/python"]) } and reported as Some(GlobalPaths)
2025-05-27 06:13:54.730 [info] Discovered env: /sbin/python
2025-05-27 06:13:54.732 [info] Env ("/usr/sbin/python") in Path resolved as ResolvedPythonEnv { executable: "/usr/sbin/python", prefix: "/usr", version: "3.13.3.final.0", is64_bit: true, symlinks: Some(["/usr/sbin/python"]) } and reported as Some(GlobalPaths)
2025-05-27 06:13:54.732 [info] Discovered env: /usr/sbin/python
2025-05-27 06:13:54.732 [info] Env ("/sbin/python3") in Path resolved as ResolvedPythonEnv { executable: "/sbin/python3", prefix: "/usr", version: "3.13.3.final.0", is64_bit: true, symlinks: Some(["/sbin/python3"]) } and reported as Some(GlobalPaths)
2025-05-27 06:13:54.733 [info] Discovered env: /sbin/python3
2025-05-27 06:13:54.733 [info] Env ("/usr/sbin/python3") in Path resolved as ResolvedPythonEnv { executable: "/usr/sbin/python3", prefix: "/usr", version: "3.13.3.final.0", is64_bit: true, symlinks: Some(["/usr/sbin/python3"]) } and reported as Some(GlobalPaths)
2025-05-27 06:13:54.733 [info] Discovered env: /usr/sbin/python3
2025-05-27 06:13:54.733 [info] Env ("/sbin/python3.13") in Path resolved as ResolvedPythonEnv { executable: "/sbin/python3.13", prefix: "/usr", version: "3.13.3.final.0", is64_bit: true, symlinks: Some(["/sbin/python3.13"]) } and reported as Some(GlobalPaths)
2025-05-27 06:13:54.734 [info] Discovered env: /sbin/python3.13
2025-05-27 06:13:54.734 [info] Env ("/usr/sbin/python3.13") in Path resolved as ResolvedPythonEnv { executable: "/usr/sbin/python3.13", prefix: "/usr", version: "3.13.3.final.0", is64_bit: true, symlinks: Some(["/usr/sbin/python3.13"]) } and reported as Some(GlobalPaths)
2025-05-27 06:13:54.734 [info] Discovered env: /usr/sbin/python3.13
2025-05-27 06:13:54.734 [info] Locator Conda took 52.568528ms
2025-05-27 06:13:54.734 [info] Locator Homebrew took 284.174µs
2025-05-27 06:13:54.734 [info] Locator LinuxGlobal took 61.638769ms
2025-05-27 06:13:54.734 [info] Locator PipEnv took 28.64µs
2025-05-27 06:13:54.734 [info] Locator Pixi took 161.669µs
2025-05-27 06:13:54.734 [info] Locator Poetry took 458.665µs
2025-05-27 06:13:54.734 [info] Locator PyEnv took 1.167499ms
2025-05-27 06:13:54.734 [info] Locator Venv took 21.951µs
2025-05-27 06:13:54.734 [info] Locator VirtualEnv took 183.131µs
2025-05-27 06:13:54.734 [info] Locator VirtualEnvWrapper took 41.88µs
2025-05-27 06:13:54.734 [info] Locator GlobalVirtualEnvs took 337.205µs
2025-05-27 06:13:54.734 [info] Locator Locators took 65.448784ms
2025-05-27 06:13:54.735 [info] Locator Path took 97.775067ms
2025-05-27 06:13:54.735 [info] Locator Workspaces took 2.243711ms
2025-05-27 06:13:54.738 [info] Telemetry:  {"event":"RefreshPerformance","data":{"refreshPerformance":{"total":97,"breakdown":{"GlobalVirtualEnvs":0,"Locators":65,"Path":97,"Workspaces":2},"locators":{"Conda":52,"Homebrew":0,"LinuxGlobal":61,"PipEnv":0,"Pixi":0,"Poetry":0,"PyEnv":1,"Venv":0,"VirtualEnv":0,"VirtualEnvWrapper":0}}}}
2025-05-27 06:13:54.739 [info] Locator GlobalVirtualEnvs took 1.393µs
2025-05-27 06:13:54.739 [info] Locator Locators took 1.882µs
2025-05-27 06:13:54.739 [info] Locator Path took 976ns
2025-05-27 06:13:54.739 [info] Locator Workspaces took 518.873µs
2025-05-27 06:13:54.743 [info] Telemetry:  {"event":"RefreshPerformance","data":{"refreshPerformance":{"total":0,"breakdown":{"GlobalVirtualEnvs":0,"Locators":0,"Path":0,"Workspaces":0},"locators":{}}}}
2025-05-27 06:13:54.784 [info] Discovered env: /bin/python
2025-05-27 06:13:54.791 [info] Discovered env: /usr/bin/python
2025-05-27 06:13:54.800 [info] Env ("/sbin/python") in Path resolved as ResolvedPythonEnv { executable: "/sbin/python", prefix: "/usr", version: "3.13.3.final.0", is64_bit: true, symlinks: Some(["/sbin/python"]) } and reported as Some(GlobalPaths)
2025-05-27 06:13:54.800 [info] Discovered env: /sbin/python
2025-05-27 06:13:54.801 [info] Env ("/usr/sbin/python") in Path resolved as ResolvedPythonEnv { executable: "/usr/sbin/python", prefix: "/usr", version: "3.13.3.final.0", is64_bit: true, symlinks: Some(["/usr/sbin/python"]) } and reported as Some(GlobalPaths)
2025-05-27 06:13:54.802 [info] Discovered env: /usr/sbin/python
2025-05-27 06:13:54.812 [info] Env ("/sbin/python3") in Path resolved as ResolvedPythonEnv { executable: "/sbin/python3", prefix: "/usr", version: "3.13.3.final.0", is64_bit: true, symlinks: Some(["/sbin/python3"]) } and reported as Some(GlobalPaths)
2025-05-27 06:13:54.812 [info] Discovered env: /sbin/python3
2025-05-27 06:13:54.816 [info] Env ("/usr/sbin/python3") in Path resolved as ResolvedPythonEnv { executable: "/usr/sbin/python3", prefix: "/usr", version: "3.13.3.final.0", is64_bit: true, symlinks: Some(["/usr/sbin/python3"]) } and reported as Some(GlobalPaths)
2025-05-27 06:13:54.816 [info] Discovered env: /usr/sbin/python3
2025-05-27 06:13:54.823 [info] Env ("/usr/sbin/python3.13") in Path resolved as ResolvedPythonEnv { executable: "/usr/sbin/python3.13", prefix: "/usr", version: "3.13.3.final.0", is64_bit: true, symlinks: Some(["/usr/sbin/python3.13"]) } and reported as Some(GlobalPaths)
2025-05-27 06:13:54.824 [info] Discovered env: /usr/sbin/python3.13
2025-05-27 06:13:54.824 [info] Env ("/sbin/python3.13") in Path resolved as ResolvedPythonEnv { executable: "/sbin/python3.13", prefix: "/usr", version: "3.13.3.final.0", is64_bit: true, symlinks: Some(["/sbin/python3.13"]) } and reported as Some(GlobalPaths)
2025-05-27 06:13:54.824 [info] Discovered env: /sbin/python3.13
2025-05-27 06:13:54.824 [info] Locator Conda took 51.229884ms
2025-05-27 06:13:54.824 [info] Locator Homebrew took 48.431µs
2025-05-27 06:13:54.824 [info] Locator LinuxGlobal took 46.49752ms
2025-05-27 06:13:54.824 [info] Locator PipEnv took 35.678µs
2025-05-27 06:13:54.824 [info] Locator Pixi took 23.901µs
2025-05-27 06:13:54.824 [info] Locator Poetry took 129.404µs
2025-05-27 06:13:54.824 [info] Locator PyEnv took 201.947µs
2025-05-27 06:13:54.824 [info] Locator Venv took 18.467µs
2025-05-27 06:13:54.825 [info] Locator VirtualEnv took 18.605µs
2025-05-27 06:13:54.825 [info] Locator VirtualEnvWrapper took 28.988µs
2025-05-27 06:13:54.825 [info] Locator GlobalVirtualEnvs took 84.458µs
2025-05-27 06:13:54.825 [info] Locator Locators took 51.486114ms
2025-05-27 06:13:54.825 [info] Locator Path took 80.327043ms
2025-05-27 06:13:54.825 [info] Locator Workspaces took 1.266381ms
2025-05-27 06:13:54.826 [info] Conda not found, turning off conda features. Error: Conda not found
    at A (/home/bhavya/.vscode/extensions/ms-python.vscode-python-envs-0.3.11461009-linux-x64/dist/extension.js:2:503099)
    at D (/home/bhavya/.vscode/extensions/ms-python.vscode-python-envs-0.3.11461009-linux-x64/dist/extension.js:2:503224)
    at t.registerCondaFeatures (/home/bhavya/.vscode/extensions/ms-python.vscode-python-envs-0.3.11461009-linux-x64/dist/extension.js:2:520052)
    at async Promise.all (index 1)
    at Immediate.<anonymous> (/home/bhavya/.vscode/extensions/ms-python.vscode-python-envs-0.3.11461009-linux-x64/dist/extension.js:2:605680)
2025-05-27 06:13:54.826 [info] Telemetry:  {"event":"RefreshPerformance","data":{"refreshPerformance":{"total":80,"breakdown":{"GlobalVirtualEnvs":0,"Locators":51,"Path":80,"Workspaces":1},"locators":{"Conda":51,"Homebrew":0,"LinuxGlobal":46,"PipEnv":0,"Pixi":0,"Poetry":0,"PyEnv":0,"Venv":0,"VirtualEnv":0,"VirtualEnvWrapper":0}}}}
2025-05-27 06:13:54.873 [info] Discovered env: /usr/bin/python
2025-05-27 06:13:54.881 [info] Discovered env: /bin/python
2025-05-27 06:13:54.887 [info] Env ("/usr/sbin/python") in Path resolved as ResolvedPythonEnv { executable: "/usr/sbin/python", prefix: "/usr", version: "3.13.3.final.0", is64_bit: true, symlinks: Some(["/usr/sbin/python"]) } and reported as Some(GlobalPaths)
2025-05-27 06:13:54.888 [info] Discovered env: /usr/sbin/python
2025-05-27 06:13:54.892 [info] Env ("/sbin/python") in Path resolved as ResolvedPythonEnv { executable: "/sbin/python", prefix: "/usr", version: "3.13.3.final.0", is64_bit: true, symlinks: Some(["/sbin/python"]) } and reported as Some(GlobalPaths)
2025-05-27 06:13:54.893 [info] Discovered env: /sbin/python
2025-05-27 06:13:54.901 [info] Env ("/usr/sbin/python3") in Path resolved as ResolvedPythonEnv { executable: "/usr/sbin/python3", prefix: "/usr", version: "3.13.3.final.0", is64_bit: true, symlinks: Some(["/usr/sbin/python3"]) } and reported as Some(GlobalPaths)
2025-05-27 06:13:54.901 [info] Discovered env: /usr/sbin/python3
2025-05-27 06:13:54.904 [info] Env ("/sbin/python3") in Path resolved as ResolvedPythonEnv { executable: "/sbin/python3", prefix: "/usr", version: "3.13.3.final.0", is64_bit: true, symlinks: Some(["/sbin/python3"]) } and reported as Some(GlobalPaths)
2025-05-27 06:13:54.904 [info] Discovered env: /sbin/python3
2025-05-27 06:13:54.918 [info] Env ("/usr/sbin/python3.13") in Path resolved as ResolvedPythonEnv { executable: "/usr/sbin/python3.13", prefix: "/usr", version: "3.13.3.final.0", is64_bit: true, symlinks: Some(["/usr/sbin/python3.13"]) } and reported as Some(GlobalPaths)
2025-05-27 06:13:54.918 [info] Discovered env: /usr/sbin/python3.13
2025-05-27 06:13:54.918 [info] Env ("/sbin/python3.13") in Path resolved as ResolvedPythonEnv { executable: "/sbin/python3.13", prefix: "/usr", version: "3.13.3.final.0", is64_bit: true, symlinks: Some(["/sbin/python3.13"]) } and reported as Some(GlobalPaths)
2025-05-27 06:13:54.918 [info] Discovered env: /sbin/python3.13
2025-05-27 06:13:54.918 [info] Locator Conda took 59.634913ms
2025-05-27 06:13:54.918 [info] Locator Homebrew took 63.692µs
2025-05-27 06:13:54.918 [info] Locator LinuxGlobal took 50.224193ms
2025-05-27 06:13:54.919 [info] Locator PipEnv took 17.003µs
2025-05-27 06:13:54.919 [info] Locator Pixi took 24.738µs
2025-05-27 06:13:54.919 [info] Locator Poetry took 124.178µs
2025-05-27 06:13:54.919 [info] Locator PyEnv took 274.558µs
2025-05-27 06:13:54.919 [info] Locator Venv took 102.367µs
2025-05-27 06:13:54.919 [info] Locator VirtualEnv took 98.813µs
2025-05-27 06:13:54.926 [info] Locator VirtualEnvWrapper took 102.227µs
2025-05-27 06:13:54.926 [info] Locator GlobalVirtualEnvs took 39.651µs
2025-05-27 06:13:54.926 [info] Locator Locators took 60.474545ms
2025-05-27 06:13:54.926 [info] Locator Path took 89.643062ms
2025-05-27 06:13:54.926 [info] Locator Workspaces took 2.065247ms
2025-05-27 06:13:54.926 [info] Pyenv not found, turning off pyenv features.
2025-05-27 06:13:54.929 [info] Telemetry:  {"event":"RefreshPerformance","data":{"refreshPerformance":{"total":89,"breakdown":{"GlobalVirtualEnvs":0,"Locators":60,"Path":89,"Workspaces":2},"locators":{"Conda":59,"Homebrew":0,"LinuxGlobal":50,"PipEnv":0,"Pixi":0,"Poetry":0,"PyEnv":0,"Venv":0,"VirtualEnv":0,"VirtualEnvWrapper":0}}}}
2025-05-27 06:13:54.930 [info] Locator GlobalVirtualEnvs took 976ns
2025-05-27 06:13:54.930 [info] Locator Locators took 1.393µs
2025-05-27 06:13:54.930 [info] Locator Path took 1.394µs
2025-05-27 06:13:54.930 [info] Locator Workspaces took 461.314µs
2025-05-27 06:13:54.938 [info] Python API: Changed environment from undefined to Python 3.13.3 for: /home/bhavya/hypr_mine
2025-05-27 06:13:54.938 [info] Internal: Changed environment from undefined to Python 3.13.3 for: /home/bhavya/hypr_mine
2025-05-27 06:13:55.268 [info] Telemetry:  {"event":"RefreshPerformance","data":{"refreshPerformance":{"total":0,"breakdown":{"GlobalVirtualEnvs":0,"Locators":0,"Path":0,"Workspaces":0},"locators":{}}}}
2025-05-27 06:13:57.511 [info] Python API: Changed environment from undefined to Python 3.13.3 for: global
2025-05-27 06:13:57.511 [info] Internal: Changed environment from undefined to Python 3.13.3 for: global
