2025-05-26 20:54:13.454 [info] GitLens v17.1.1 activating in Visual Studio Code (1.100.2) on the desktop; language='en', logLevel='warn', defaultDateLocale='null' (7e947851f0e3ba4c83a0cac448eb219c0c7f63e20c23126fdf5ab2ae15547421|f4c1215f-8536-4f80-a637-c69fb8ef44b21748273048842)
To enable debug logging, set `"gitlens.outputLevel": "debug"` or run "GitLens: Enable Debug Logging" from the Command Palette
[2025-05-26 15:24:13.203] Warning(/usr/bin/git -c core.quotepath=false -c color.ui=false rev-parse --show-toplevel): fatal: not a git repository (or any parent up to mount point /)
Stopping at filesystem boundary (GIT_DISCOVERY_ACROSS_FILESYSTEM not set).

[2025-05-26 15:24:13.203] [GIT          ] [/home/bhavya/.config/waybar] git rev-parse --show-toplevel • not a git repository (or any parent up to mount point /) • Stopping at filesystem boundary (GIT_DISCOVERY_ACROSS_FILESYSTEM not set). [242ms]

2025-05-26 20:54:13.877 [info] [2025-05-26 15:24:13.464] [            f] GitCodeLensProvider.provideCodeLenses(TextDocument(css, dirty=false, file:///home/bhavya/.config/waybar/style.css)) Warning(/usr/bin/git -c core.quotepath=false -c color.ui=false rev-parse --show-toplevel): fatal: not a git repository (or any parent up to mount point /)
Stopping at filesystem boundary (GIT_DISCOVERY_ACROSS_FILESYSTEM not set).

[2025-05-26 15:24:13.464] [GIT          ] [/home/bhavya/.config/waybar] git rev-parse --show-toplevel • not a git repository (or any parent up to mount point /) • Stopping at filesystem boundary (GIT_DISCOVERY_ACROSS_FILESYSTEM not set). [30ms]

2025-05-26 20:56:06.925 [info] GitLens v17.1.1 activating in Visual Studio Code (1.100.2) on the desktop; language='en', logLevel='warn', defaultDateLocale='null' (7e947851f0e3ba4c83a0cac448eb219c0c7f63e20c23126fdf5ab2ae15547421|958d500e-6a7d-4a4a-adf7-8083f79838c31748273162489)
To enable debug logging, set `"gitlens.outputLevel": "debug"` or run "GitLens: Enable Debug Logging" from the Command Palette

2025-05-26 20:56:07.134 [info] [2025-05-26 15:26:06.806] Warning(/usr/bin/git -c core.quotepath=false -c color.ui=false rev-parse --show-toplevel): fatal: not a git repository (or any parent up to mount point /)
Stopping at filesystem boundary (GIT_DISCOVERY_ACROSS_FILESYSTEM not set).

[2025-05-26 15:26:06.806] [GIT          ] [/home/bhavya/.config/hypr] git rev-parse --show-toplevel • not a git repository (or any parent up to mount point /) • Stopping at filesystem boundary (GIT_DISCOVERY_ACROSS_FILESYSTEM not set). [82ms]

2025-05-26 20:57:58.354 [info] [2025-05-26 15:27:57.853] Warning(/usr/bin/git -c core.quotepath=false -c color.ui=false rev-parse --show-toplevel): fatal: not a git repository (or any parent up to mount point /)
Stopping at filesystem boundary (GIT_DISCOVERY_ACROSS_FILESYSTEM not set).

[2025-05-26 15:27:57.853] [GIT          ] [/home/bhavya/.config/hypr] git rev-parse --show-toplevel • not a git repository (or any parent up to mount point /) • Stopping at filesystem boundary (GIT_DISCOVERY_ACROSS_FILESYSTEM not set). [10ms]

2025-05-26 20:58:01.363 [info] [2025-05-26 15:28:00.863] Warning(/usr/bin/git -c core.quotepath=false -c color.ui=false rev-parse --show-toplevel): fatal: not a git repository (or any parent up to mount point /)
Stopping at filesystem boundary (GIT_DISCOVERY_ACROSS_FILESYSTEM not set).

[2025-05-26 15:28:00.863] [GIT          ] [/home/bhavya/.config/hypr/ml4w] git rev-parse --show-toplevel • not a git repository (or any parent up to mount point /) • Stopping at filesystem boundary (GIT_DISCOVERY_ACROSS_FILESYSTEM not set). [12ms]

2025-05-26 20:58:03.880 [info] [2025-05-26 15:28:03.382] Warning(/usr/bin/git -c core.quotepath=false -c color.ui=false rev-parse --show-toplevel): fatal: not a git repository (or any parent up to mount point /)
Stopping at filesystem boundary (GIT_DISCOVERY_ACROSS_FILESYSTEM not set).

[2025-05-26 15:28:03.382] [GIT          ] [/home/bhavya/.config/hypr/matt] git rev-parse --show-toplevel • not a git repository (or any parent up to mount point /) • Stopping at filesystem boundary (GIT_DISCOVERY_ACROSS_FILESYSTEM not set). [18ms]

2025-05-26 20:59:41.898 [info] [2025-05-26 15:29:41.398] Warning(/usr/bin/git -c core.quotepath=false -c color.ui=false rev-parse --show-toplevel): fatal: not a git repository (or any parent up to mount point /)
Stopping at filesystem boundary (GIT_DISCOVERY_ACROSS_FILESYSTEM not set).

[2025-05-26 15:29:41.398] [GIT          ] [/home/bhavya/.config/hypr/ml4w/conf] git rev-parse --show-toplevel • not a git repository (or any parent up to mount point /) • Stopping at filesystem boundary (GIT_DISCOVERY_ACROSS_FILESYSTEM not set). [19ms]

2025-05-26 21:01:04.942 [info] [2025-05-26 15:31:04.441] Warning(/usr/bin/git -c core.quotepath=false -c color.ui=false rev-parse --show-toplevel): fatal: not a git repository (or any parent up to mount point /)
Stopping at filesystem boundary (GIT_DISCOVERY_ACROSS_FILESYSTEM not set).

[2025-05-26 15:31:04.441] [GIT          ] [/home/bhavya/.config/hypr/matt/configs] git rev-parse --show-toplevel • not a git repository (or any parent up to mount point /) • Stopping at filesystem boundary (GIT_DISCOVERY_ACROSS_FILESYSTEM not set). [17ms]

2025-05-26 21:01:34.327 [info] [2025-05-26 15:31:33.826] Warning(/usr/bin/git -c core.quotepath=false -c color.ui=false rev-parse --show-toplevel): fatal: not a git repository (or any parent up to mount point /)
Stopping at filesystem boundary (GIT_DISCOVERY_ACROSS_FILESYSTEM not set).

[2025-05-26 15:31:33.827] [GIT          ] [/home/bhavya/.config/hypr/matt/configs] git rev-parse --show-toplevel • not a git repository (or any parent up to mount point /) • Stopping at filesystem boundary (GIT_DISCOVERY_ACROSS_FILESYSTEM not set). [17ms]

2025-05-26 21:01:55.541 [info] [2025-05-26 15:31:55.040] Warning(/usr/bin/git -c core.quotepath=false -c color.ui=false rev-parse --show-toplevel): fatal: not a git repository (or any parent up to mount point /)
Stopping at filesystem boundary (GIT_DISCOVERY_ACROSS_FILESYSTEM not set).

[2025-05-26 15:31:55.040] [GIT          ] [/home/bhavya/.config/hypr/matt/configs] git rev-parse --show-toplevel • not a git repository (or any parent up to mount point /) • Stopping at filesystem boundary (GIT_DISCOVERY_ACROSS_FILESYSTEM not set). [16ms]

2025-05-26 21:02:49.302 [info] [2025-05-26 15:32:48.801] Warning(/usr/bin/git -c core.quotepath=false -c color.ui=false rev-parse --show-toplevel): fatal: not a git repository (or any parent up to mount point /)
Stopping at filesystem boundary (GIT_DISCOVERY_ACROSS_FILESYSTEM not set).

[2025-05-26 15:32:48.801] [GIT          ] [/home/bhavya/.config/hypr/matt/configs] git rev-parse --show-toplevel • not a git repository (or any parent up to mount point /) • Stopping at filesystem boundary (GIT_DISCOVERY_ACROSS_FILESYSTEM not set). [17ms]

2025-05-26 21:03:09.746 [info] [2025-05-26 15:33:09.245] Warning(/usr/bin/git -c core.quotepath=false -c color.ui=false rev-parse --show-toplevel): fatal: not a git repository (or any parent up to mount point /)
Stopping at filesystem boundary (GIT_DISCOVERY_ACROSS_FILESYSTEM not set).

[2025-05-26 15:33:09.246] [GIT          ] [/home/bhavya/.config/hypr/matt/configs] git rev-parse --show-toplevel • not a git repository (or any parent up to mount point /) • Stopping at filesystem boundary (GIT_DISCOVERY_ACROSS_FILESYSTEM not set). [17ms]

2025-05-26 21:03:17.174 [info] [2025-05-26 15:33:16.673] Warning(/usr/bin/git -c core.quotepath=false -c color.ui=false rev-parse --show-toplevel): fatal: not a git repository (or any parent up to mount point /)
Stopping at filesystem boundary (GIT_DISCOVERY_ACROSS_FILESYSTEM not set).

[2025-05-26 15:33:16.674] [GIT          ] [/home/bhavya/.config/hypr/matt/configs] git rev-parse --show-toplevel • not a git repository (or any parent up to mount point /) • Stopping at filesystem boundary (GIT_DISCOVERY_ACROSS_FILESYSTEM not set). [22ms]

2025-05-26 21:03:28.003 [info] [2025-05-26 15:33:27.503] Warning(/usr/bin/git -c core.quotepath=false -c color.ui=false rev-parse --show-toplevel): fatal: not a git repository (or any parent up to mount point /)
Stopping at filesystem boundary (GIT_DISCOVERY_ACROSS_FILESYSTEM not set).

[2025-05-26 15:33:27.503] [GIT          ] [/home/bhavya/.config/hypr/matt] git rev-parse --show-toplevel • not a git repository (or any parent up to mount point /) • Stopping at filesystem boundary (GIT_DISCOVERY_ACROSS_FILESYSTEM not set). [29ms]

2025-05-26 21:03:47.888 [info] [2025-05-26 15:33:47.388] Warning(/usr/bin/git -c core.quotepath=false -c color.ui=false rev-parse --show-toplevel): fatal: not a git repository (or any parent up to mount point /)
Stopping at filesystem boundary (GIT_DISCOVERY_ACROSS_FILESYSTEM not set).

[2025-05-26 15:33:47.388] [GIT          ] [/home/bhavya/.config/hypr/matt/theme] git rev-parse --show-toplevel • not a git repository (or any parent up to mount point /) • Stopping at filesystem boundary (GIT_DISCOVERY_ACROSS_FILESYSTEM not set). [17ms]

2025-05-26 21:03:55.391 [info] [2025-05-26 15:33:54.891] Warning(/usr/bin/git -c core.quotepath=false -c color.ui=false rev-parse --show-toplevel): fatal: not a git repository (or any parent up to mount point /)
Stopping at filesystem boundary (GIT_DISCOVERY_ACROSS_FILESYSTEM not set).

[2025-05-26 15:33:54.891] [GIT          ] [/home/bhavya/.config/hypr/matt/theme] git rev-parse --show-toplevel • not a git repository (or any parent up to mount point /) • Stopping at filesystem boundary (GIT_DISCOVERY_ACROSS_FILESYSTEM not set). [17ms]

2025-05-26 21:04:04.028 [info] [2025-05-26 15:34:03.527] Warning(/usr/bin/git -c core.quotepath=false -c color.ui=false rev-parse --show-toplevel): fatal: not a git repository (or any parent up to mount point /)
Stopping at filesystem boundary (GIT_DISCOVERY_ACROSS_FILESYSTEM not set).

[2025-05-26 15:34:03.528] [GIT          ] [/home/bhavya/.config/hypr/matt/theme] git rev-parse --show-toplevel • not a git repository (or any parent up to mount point /) • Stopping at filesystem boundary (GIT_DISCOVERY_ACROSS_FILESYSTEM not set). [16ms]

2025-05-26 21:04:05.028 [info] [2025-05-26 15:34:04.556] Warning(/usr/bin/git -c core.quotepath=false -c color.ui=false rev-parse --show-toplevel): fatal: not a git repository (or any parent up to mount point /)
Stopping at filesystem boundary (GIT_DISCOVERY_ACROSS_FILESYSTEM not set).

[2025-05-26 15:34:04.556] [GIT          ] [/home/bhavya/.config/hypr/matt/theme] git rev-parse --show-toplevel • not a git repository (or any parent up to mount point /) • Stopping at filesystem boundary (GIT_DISCOVERY_ACROSS_FILESYSTEM not set). [18ms]

2025-05-26 21:05:15.275 [info] [2025-05-26 15:35:14.775] Warning(/usr/bin/git -c core.quotepath=false -c color.ui=false rev-parse --show-toplevel): fatal: not a git repository (or any parent up to mount point /)
Stopping at filesystem boundary (GIT_DISCOVERY_ACROSS_FILESYSTEM not set).

[2025-05-26 15:35:14.775] [GIT          ] [/home/bhavya/.config/hypr/matt/theme] git rev-parse --show-toplevel • not a git repository (or any parent up to mount point /) • Stopping at filesystem boundary (GIT_DISCOVERY_ACROSS_FILESYSTEM not set). [11ms]

2025-05-26 21:05:28.990 [info] [2025-05-26 15:35:28.489] Warning(/usr/bin/git -c core.quotepath=false -c color.ui=false rev-parse --show-toplevel): fatal: not a git repository (or any parent up to mount point /)
Stopping at filesystem boundary (GIT_DISCOVERY_ACROSS_FILESYSTEM not set).

[2025-05-26 15:35:28.489] [GIT          ] [/home/bhavya/.config/hypr/matt] git rev-parse --show-toplevel • not a git repository (or any parent up to mount point /) • Stopping at filesystem boundary (GIT_DISCOVERY_ACROSS_FILESYSTEM not set). [18ms]

2025-05-26 21:05:52.799 [info] [2025-05-26 15:35:52.299] Warning(/usr/bin/git -c core.quotepath=false -c color.ui=false rev-parse --show-toplevel): fatal: not a git repository (or any parent up to mount point /)
Stopping at filesystem boundary (GIT_DISCOVERY_ACROSS_FILESYSTEM not set).

[2025-05-26 15:35:52.299] [GIT          ] [/home/bhavya/.config/hypr/ml4w] git rev-parse --show-toplevel • not a git repository (or any parent up to mount point /) • Stopping at filesystem boundary (GIT_DISCOVERY_ACROSS_FILESYSTEM not set). [17ms]

2025-05-26 21:06:00.004 [info] [2025-05-26 15:35:59.504] Warning(/usr/bin/git -c core.quotepath=false -c color.ui=false rev-parse --show-toplevel): fatal: not a git repository (or any parent up to mount point /)
Stopping at filesystem boundary (GIT_DISCOVERY_ACROSS_FILESYSTEM not set).

[2025-05-26 15:35:59.504] [GIT          ] [/home/bhavya/.config/hypr/matt] git rev-parse --show-toplevel • not a git repository (or any parent up to mount point /) • Stopping at filesystem boundary (GIT_DISCOVERY_ACROSS_FILESYSTEM not set). [17ms]

2025-05-26 21:06:42.018 [info] [2025-05-26 15:36:41.518] Warning(/usr/bin/git -c core.quotepath=false -c color.ui=false rev-parse --show-toplevel): fatal: not a git repository (or any parent up to mount point /)
Stopping at filesystem boundary (GIT_DISCOVERY_ACROSS_FILESYSTEM not set).

[2025-05-26 15:36:41.518] [GIT          ] [/home/bhavya/.config/hypr] git rev-parse --show-toplevel • not a git repository (or any parent up to mount point /) • Stopping at filesystem boundary (GIT_DISCOVERY_ACROSS_FILESYSTEM not set). [17ms]

2025-05-26 21:06:46.525 [info] [2025-05-26 15:36:46.436] Warning(/usr/bin/git -c core.quotepath=false -c color.ui=false rev-parse --show-toplevel): fatal: not a git repository (or any parent up to mount point /)
Stopping at filesystem boundary (GIT_DISCOVERY_ACROSS_FILESYSTEM not set).

[2025-05-26 15:36:46.436] [GIT          ] [/home/bhavya/.config/hypr/ml4w] git rev-parse --show-toplevel • not a git repository (or any parent up to mount point /) • Stopping at filesystem boundary (GIT_DISCOVERY_ACROSS_FILESYSTEM not set). [17ms]

2025-05-26 21:06:48.526 [info] [2025-05-26 15:36:48.472] Warning(/usr/bin/git -c core.quotepath=false -c color.ui=false rev-parse --show-toplevel): fatal: not a git repository (or any parent up to mount point /)
Stopping at filesystem boundary (GIT_DISCOVERY_ACROSS_FILESYSTEM not set).

[2025-05-26 15:36:48.472] [GIT          ] [/home/bhavya/.config/hypr/matt] git rev-parse --show-toplevel • not a git repository (or any parent up to mount point /) • Stopping at filesystem boundary (GIT_DISCOVERY_ACROSS_FILESYSTEM not set). [10ms]

2025-05-26 21:07:01.462 [info] [2025-05-26 15:37:00.961] Warning(/usr/bin/git -c core.quotepath=false -c color.ui=false rev-parse --show-toplevel): fatal: not a git repository (or any parent up to mount point /)
Stopping at filesystem boundary (GIT_DISCOVERY_ACROSS_FILESYSTEM not set).

[2025-05-26 15:37:00.961] [GIT          ] [/home/bhavya/.config/hypr] git rev-parse --show-toplevel • not a git repository (or any parent up to mount point /) • Stopping at filesystem boundary (GIT_DISCOVERY_ACROSS_FILESYSTEM not set). [10ms]

2025-05-26 21:07:18.863 [info] [2025-05-26 15:37:18.362] Warning(/usr/bin/git -c core.quotepath=false -c color.ui=false rev-parse --show-toplevel): fatal: not a git repository (or any parent up to mount point /)
Stopping at filesystem boundary (GIT_DISCOVERY_ACROSS_FILESYSTEM not set).

[2025-05-26 15:37:18.362] [GIT          ] [/home/bhavya/.config/hypr] git rev-parse --show-toplevel • not a git repository (or any parent up to mount point /) • Stopping at filesystem boundary (GIT_DISCOVERY_ACROSS_FILESYSTEM not set). [18ms]

