2025-05-27 06:55:38.059 [info] (Client) Pylance async client (2025.5.1) started with python extension (2025.6.1)
2025-05-27 06:55:38.928 [info] [Info  - 6:55:38 AM] (28237) Server root directory: file:///home/bhavya/.vscode/extensions/ms-python.vscode-pylance-2025.5.1/dist
2025-05-27 06:55:38.928 [info] [Info  - 6:55:38 AM] (28237) Pylance language server 2025.5.1 (pyright version 1.1.400, commit b962ffc2) starting
2025-05-27 06:55:38.933 [info] [Info  - 6:55:38 AM] (28237) Starting service instance "hypr" for workspace "/home/bhavya/.config/hypr"
2025-05-27 06:55:38.989 [info] [Info  - 6:55:38 AM] (28237) Setting environmentName for service "hypr": "Python 3.13.3"
2025-05-27 06:55:38.990 [info] [Info  - 6:55:38 AM] (28237) Setting pythonPath for service "hypr": "/bin/python"
2025-05-27 06:55:38.990 [info] [Info  - 6:55:38 AM] (28237) No include entries specified; assuming /home/bhavya/.config/hypr
2025-05-27 06:55:38.990 [info] [Info  - 6:55:38 AM] (28237) Auto-excluding **/node_modules
2025-05-27 06:55:38.990 [info] [Info  - 6:55:38 AM] (28237) Auto-excluding **/__pycache__
2025-05-27 06:55:38.990 [info] [Info  - 6:55:38 AM] (28237) Auto-excluding **/.*
2025-05-27 06:55:39.013 [info] [Info  - 6:55:39 AM] (28237) Assuming Python version 3.13.3.final.0
2025-05-27 06:55:39.070 [info] [Info  - 6:55:39 AM] (28237) No source files found.
2025-05-27 06:55:39.089 [info] [Info  - 6:55:39 AM] (28237) Setting environmentName for service "hypr": "Python 3.13.3"
2025-05-27 06:55:39.089 [info] [Info  - 6:55:39 AM] (28237) Setting pythonPath for service "hypr": "/bin/python"
2025-05-27 06:55:39.089 [info] [Info  - 6:55:39 AM] (28237) No include entries specified; assuming /home/bhavya/.config/hypr
2025-05-27 06:55:39.089 [info] [Info  - 6:55:39 AM] (28237) Auto-excluding **/node_modules
2025-05-27 06:55:39.089 [info] [Info  - 6:55:39 AM] (28237) Auto-excluding **/__pycache__
2025-05-27 06:55:39.090 [info] [Info  - 6:55:39 AM] (28237) Auto-excluding **/.*
2025-05-27 06:55:39.112 [info] [Info  - 6:55:39 AM] (28237) Assuming Python version 3.13.3.final.0
2025-05-27 06:55:39.163 [info] [Info  - 6:55:39 AM] (28237) No source files found.
2025-05-27 06:55:39.172 [info] [Info  - 6:55:39 AM] (28237) Setting environmentName for service "hypr": "Python 3.13.3"
2025-05-27 06:55:39.172 [info] [Info  - 6:55:39 AM] (28237) Setting pythonPath for service "hypr": "/bin/python"
2025-05-27 06:55:39.172 [info] [Info  - 6:55:39 AM] (28237) No include entries specified; assuming /home/bhavya/.config/hypr
2025-05-27 06:55:39.172 [info] [Info  - 6:55:39 AM] (28237) Auto-excluding **/node_modules
2025-05-27 06:55:39.172 [info] [Info  - 6:55:39 AM] (28237) Auto-excluding **/__pycache__
2025-05-27 06:55:39.172 [info] [Info  - 6:55:39 AM] (28237) Auto-excluding **/.*
2025-05-27 06:55:39.200 [info] [Info  - 6:55:39 AM] (28237) Assuming Python version 3.13.3.final.0
2025-05-27 06:55:39.248 [info] [Info  - 6:55:39 AM] (28237) No source files found.
2025-05-27 06:55:39.592 [info] [Info  - 6:55:39 AM] (28237) BG: Priority queue background worker(2) root directory: file:///home/bhavya/.vscode/extensions/ms-python.vscode-pylance-2025.5.1/dist
2025-05-27 06:55:39.593 [info] [Info  - 6:55:39 AM] (28237) BG: Priority queue background worker(2) started
