2025-05-26 20:54:10.433 [info] Reading sessions from keychain...
2025-05-26 20:54:10.433 [info] Getting sessions for all scopes...
2025-05-26 20:54:10.433 [info] Getting sessions for all scopes...
2025-05-26 20:54:10.433 [info] Getting sessions for all scopes...
2025-05-26 20:54:10.433 [info] Getting sessions for all scopes...
2025-05-26 20:54:10.433 [info] Getting sessions for all scopes...
2025-05-26 20:54:10.433 [info] Getting sessions for all scopes...
2025-05-26 20:54:10.433 [info] Getting sessions for all scopes...
2025-05-26 20:54:10.686 [info] Got stored sessions!
2025-05-26 20:54:10.687 [info] Got 1 verified sessions.
2025-05-26 20:54:10.687 [info] Got 1 sessions for ...
2025-05-26 20:54:10.687 [info] Got 1 sessions for ...
2025-05-26 20:54:10.687 [info] Got 1 sessions for ...
2025-05-26 20:54:10.687 [info] Got 1 sessions for ...
2025-05-26 20:54:10.687 [info] Got 1 sessions for ...
2025-05-26 20:54:10.687 [info] Got 1 sessions for ...
2025-05-26 20:54:10.687 [info] Got 1 sessions for ...
2025-05-26 20:54:10.719 [info] Getting sessions for all scopes...
2025-05-26 20:54:10.719 [info] Got 1 sessions for ...
2025-05-26 20:54:10.719 [info] Getting sessions for all scopes...
2025-05-26 20:54:10.719 [info] Got 1 sessions for ...
2025-05-26 20:54:10.719 [info] Getting sessions for all scopes...
2025-05-26 20:54:10.719 [info] Got 1 sessions for ...
2025-05-26 20:54:10.719 [info] Getting sessions for all scopes...
2025-05-26 20:54:10.719 [info] Got 1 sessions for ...
2025-05-26 20:54:10.720 [info] Getting sessions for all scopes...
2025-05-26 20:54:10.720 [info] Got 1 sessions for ...
2025-05-26 20:54:10.720 [info] Getting sessions for all scopes...
2025-05-26 20:54:10.720 [info] Got 1 sessions for ...
2025-05-26 20:54:11.041 [info] Getting sessions for all scopes...
2025-05-26 20:54:11.041 [info] Got 1 sessions for ...
2025-05-26 20:54:11.043 [info] Getting sessions for user:email...
2025-05-26 20:54:11.043 [info] Got 1 sessions for user:email...
2025-05-26 20:54:11.256 [info] Getting sessions for all scopes...
2025-05-26 20:54:11.256 [info] Got 1 sessions for ...
2025-05-26 20:54:11.257 [info] Getting sessions for all scopes...
2025-05-26 20:54:11.257 [info] Got 1 sessions for ...
2025-05-26 20:54:11.268 [info] Getting sessions for all scopes...
2025-05-26 20:54:11.268 [info] Got 1 sessions for ...
2025-05-26 20:54:12.836 [info] Getting sessions for all scopes...
2025-05-26 20:54:12.836 [info] Got 1 sessions for ...
2025-05-26 20:54:12.837 [info] Getting sessions for all scopes...
2025-05-26 20:54:12.837 [info] Got 1 sessions for ...
2025-05-26 20:54:13.114 [info] Getting sessions for all scopes...
2025-05-26 20:54:13.114 [info] Got 1 sessions for ...
2025-05-26 20:54:13.284 [info] Getting sessions for read:user,repo,user:email...
2025-05-26 20:54:13.284 [info] Got 0 sessions for read:user,repo,user:email...
2025-05-26 20:54:13.294 [info] Getting sessions for project,read:org,read:user,repo,user:email,workflow...
2025-05-26 20:54:13.294 [info] Got 0 sessions for project,read:org,read:user,repo,user:email,workflow...
2025-05-26 20:54:13.448 [info] Getting sessions for read:user,repo,user:email,workflow...
2025-05-26 20:54:13.448 [info] Got 0 sessions for read:user,repo,user:email,workflow...
2025-05-26 20:54:13.534 [info] Getting sessions for read:user,repo,user:email...
2025-05-26 20:54:13.534 [info] Got 0 sessions for read:user,repo,user:email...
2025-05-26 20:54:13.567 [info] Getting sessions for read:user,repo,user:email,workflow...
2025-05-26 20:54:13.567 [info] Got 0 sessions for read:user,repo,user:email,workflow...
2025-05-26 20:54:41.049 [info] Getting sessions for all scopes...
2025-05-26 20:54:41.049 [info] Got 1 sessions for ...
2025-05-26 20:56:04.242 [info] Reading sessions from keychain...
2025-05-26 20:56:04.242 [info] Getting sessions for all scopes...
2025-05-26 20:56:04.242 [info] Getting sessions for all scopes...
2025-05-26 20:56:04.242 [info] Getting sessions for all scopes...
2025-05-26 20:56:04.242 [info] Got stored sessions!
2025-05-26 20:56:04.242 [info] Got 1 verified sessions.
2025-05-26 20:56:04.242 [info] Got 1 sessions for ...
2025-05-26 20:56:04.242 [info] Got 1 sessions for ...
2025-05-26 20:56:04.242 [info] Got 1 sessions for ...
2025-05-26 20:56:04.242 [info] Getting sessions for all scopes...
2025-05-26 20:56:04.242 [info] Got 1 sessions for ...
2025-05-26 20:56:04.242 [info] Getting sessions for all scopes...
2025-05-26 20:56:04.242 [info] Got 1 sessions for ...
2025-05-26 20:56:04.242 [info] Getting sessions for all scopes...
2025-05-26 20:56:04.242 [info] Got 1 sessions for ...
2025-05-26 20:56:04.242 [info] Getting sessions for all scopes...
2025-05-26 20:56:04.242 [info] Got 1 sessions for ...
2025-05-26 20:56:04.242 [info] Getting sessions for all scopes...
2025-05-26 20:56:04.242 [info] Got 1 sessions for ...
2025-05-26 20:56:04.242 [info] Getting sessions for all scopes...
2025-05-26 20:56:04.242 [info] Got 1 sessions for ...
2025-05-26 20:56:04.242 [info] Getting sessions for all scopes...
2025-05-26 20:56:04.242 [info] Got 1 sessions for ...
2025-05-26 20:56:04.242 [info] Getting sessions for all scopes...
2025-05-26 20:56:04.242 [info] Got 1 sessions for ...
2025-05-26 20:56:04.242 [info] Getting sessions for all scopes...
2025-05-26 20:56:04.242 [info] Got 1 sessions for ...
2025-05-26 20:56:04.242 [info] Getting sessions for all scopes...
2025-05-26 20:56:04.242 [info] Got 1 sessions for ...
2025-05-26 20:56:04.242 [info] Getting sessions for all scopes...
2025-05-26 20:56:04.242 [info] Got 1 sessions for ...
2025-05-26 20:56:04.242 [info] Getting sessions for all scopes...
2025-05-26 20:56:04.242 [info] Got 1 sessions for ...
2025-05-26 20:56:04.242 [info] Getting sessions for user:email...
2025-05-26 20:56:04.242 [info] Got 1 sessions for user:email...
2025-05-26 20:56:04.242 [info] Getting sessions for all scopes...
2025-05-26 20:56:04.242 [info] Got 1 sessions for ...
2025-05-26 20:56:04.242 [info] Getting sessions for all scopes...
2025-05-26 20:56:04.242 [info] Got 1 sessions for ...
2025-05-26 20:56:04.242 [info] Getting sessions for all scopes...
2025-05-26 20:56:04.242 [info] Got 1 sessions for ...
2025-05-26 20:56:04.242 [info] Getting sessions for all scopes...
2025-05-26 20:56:04.242 [info] Got 1 sessions for ...
2025-05-26 20:56:06.376 [info] Getting sessions for all scopes...
2025-05-26 20:56:06.376 [info] Got 1 sessions for ...
2025-05-26 20:56:06.376 [info] Getting sessions for all scopes...
2025-05-26 20:56:06.377 [info] Got 1 sessions for ...
2025-05-26 20:56:06.742 [info] Getting sessions for read:user,repo,user:email...
2025-05-26 20:56:06.742 [info] Got 0 sessions for read:user,repo,user:email...
2025-05-26 20:56:06.743 [info] Getting sessions for project,read:org,read:user,repo,user:email,workflow...
2025-05-26 20:56:06.743 [info] Got 0 sessions for project,read:org,read:user,repo,user:email,workflow...
2025-05-26 20:56:07.136 [info] Getting sessions for read:user,repo,user:email,workflow...
2025-05-26 20:56:07.136 [info] Got 0 sessions for read:user,repo,user:email,workflow...
2025-05-26 20:56:07.318 [info] Getting sessions for read:user,repo,user:email...
2025-05-26 20:56:07.318 [info] Got 0 sessions for read:user,repo,user:email...
2025-05-26 20:56:07.319 [info] Getting sessions for all scopes...
2025-05-26 20:56:07.319 [info] Got 1 sessions for ...
2025-05-26 20:56:07.327 [info] Getting sessions for read:user,repo,user:email,workflow...
2025-05-26 20:56:07.327 [info] Got 0 sessions for read:user,repo,user:email,workflow...
