2025-05-27 07:11:27.481 [info] Reading sessions from keychain...
2025-05-27 07:11:27.481 [info] Getting sessions for all scopes...
2025-05-27 07:11:27.481 [info] Getting sessions for all scopes...
2025-05-27 07:11:27.481 [info] Getting sessions for all scopes...
2025-05-27 07:11:27.481 [info] Getting sessions for all scopes...
2025-05-27 07:11:27.481 [info] Getting sessions for all scopes...
2025-05-27 07:11:27.481 [info] Getting sessions for all scopes...
2025-05-27 07:11:27.481 [info] Getting sessions for all scopes...
2025-05-27 07:11:27.536 [info] Got stored sessions!
2025-05-27 07:11:27.536 [info] Got 2 verified sessions.
2025-05-27 07:11:27.536 [info] Got 2 sessions for ...
2025-05-27 07:11:27.536 [info] Got 2 sessions for ...
2025-05-27 07:11:27.536 [info] Got 2 sessions for ...
2025-05-27 07:11:27.536 [info] Got 2 sessions for ...
2025-05-27 07:11:27.536 [info] Got 2 sessions for ...
2025-05-27 07:11:27.536 [info] Got 2 sessions for ...
2025-05-27 07:11:27.536 [info] Got 2 sessions for ...
2025-05-27 07:11:27.577 [info] Getting sessions for all scopes...
2025-05-27 07:11:27.577 [info] Got 2 sessions for ...
2025-05-27 07:11:27.583 [info] Getting sessions for all scopes...
2025-05-27 07:11:27.583 [info] Got 2 sessions for ...
2025-05-27 07:11:27.583 [info] Getting sessions for all scopes...
2025-05-27 07:11:27.583 [info] Got 2 sessions for ...
2025-05-27 07:11:27.583 [info] Getting sessions for all scopes...
2025-05-27 07:11:27.583 [info] Got 2 sessions for ...
2025-05-27 07:11:27.583 [info] Getting sessions for all scopes...
2025-05-27 07:11:27.583 [info] Got 2 sessions for ...
2025-05-27 07:11:27.583 [info] Getting sessions for all scopes...
2025-05-27 07:11:27.583 [info] Got 2 sessions for ...
2025-05-27 07:11:28.014 [info] Getting sessions for all scopes...
2025-05-27 07:11:28.014 [info] Got 2 sessions for ...
2025-05-27 07:11:28.044 [info] Getting sessions for user:email...
2025-05-27 07:11:28.044 [info] Got 1 sessions for user:email...
2025-05-27 07:11:28.252 [info] Getting sessions for all scopes...
2025-05-27 07:11:28.252 [info] Got 2 sessions for ...
2025-05-27 07:11:28.253 [info] Getting sessions for all scopes...
2025-05-27 07:11:28.253 [info] Got 2 sessions for ...
2025-05-27 07:11:28.414 [info] Getting sessions for all scopes...
2025-05-27 07:11:28.414 [info] Got 2 sessions for ...
2025-05-27 07:11:28.430 [info] Getting sessions for all scopes...
2025-05-27 07:11:28.430 [info] Got 2 sessions for ...
2025-05-27 07:11:30.054 [info] Getting sessions for read:user,repo,user:email...
2025-05-27 07:11:30.054 [info] Got 0 sessions for read:user,repo,user:email...
2025-05-27 07:11:30.055 [info] Getting sessions for project,read:org,read:user,repo,user:email,workflow...
2025-05-27 07:11:30.055 [info] Got 0 sessions for project,read:org,read:user,repo,user:email,workflow...
2025-05-27 07:11:30.199 [info] Getting sessions for read:user,repo,user:email,workflow...
2025-05-27 07:11:30.199 [info] Got 1 sessions for read:user,repo,user:email,workflow...
