2025-05-26 22:48:49.544 [info] [main] Log level: Info
2025-05-26 22:48:49.544 [info] [main] Validating found git in: "git"
2025-05-26 22:48:49.544 [info] [main] Using git "2.49.0" from "git"
2025-05-26 22:48:49.544 [info] [Model][doInitialScan] Initial repository scan started
2025-05-26 22:48:49.544 [info] > git rev-parse --show-toplevel [1384ms]
2025-05-26 22:48:49.544 [info] fatal: not a git repository (or any parent up to mount point /)
Stopping at filesystem boundary (GIT_DISCOVERY_ACROSS_FILESYSTEM not set).
2025-05-26 22:48:49.544 [info] > git rev-parse --show-toplevel [163ms]
2025-05-26 22:48:49.544 [info] fatal: not a git repository (or any parent up to mount point /)
Stopping at filesystem boundary (GIT_DISCOVERY_ACROSS_FILESYSTEM not set).
2025-05-26 22:48:49.561 [info] > git rev-parse --show-toplevel [78ms]
2025-05-26 22:48:49.561 [info] fatal: not a git repository (or any parent up to mount point /)
Stopping at filesystem boundary (GIT_DISCOVERY_ACROSS_FILESYSTEM not set).
2025-05-26 22:48:49.616 [info] > git rev-parse --show-toplevel [13ms]
2025-05-26 22:48:49.616 [info] fatal: not a git repository (or any parent up to mount point /)
Stopping at filesystem boundary (GIT_DISCOVERY_ACROSS_FILESYSTEM not set).
2025-05-26 22:48:49.657 [info] > git rev-parse --show-toplevel [8ms]
2025-05-26 22:48:49.657 [info] fatal: not a git repository (or any parent up to mount point /)
Stopping at filesystem boundary (GIT_DISCOVERY_ACROSS_FILESYSTEM not set).
2025-05-26 22:48:49.702 [info] > git rev-parse --show-toplevel [4ms]
2025-05-26 22:48:49.702 [info] fatal: not a git repository (or any parent up to mount point /)
Stopping at filesystem boundary (GIT_DISCOVERY_ACROSS_FILESYSTEM not set).
2025-05-26 22:48:49.732 [info] > git rev-parse --show-toplevel [16ms]
2025-05-26 22:48:49.732 [info] fatal: not a git repository (or any parent up to mount point /)
Stopping at filesystem boundary (GIT_DISCOVERY_ACROSS_FILESYSTEM not set).
2025-05-26 22:48:49.750 [info] > git rev-parse --show-toplevel [10ms]
2025-05-26 22:48:49.750 [info] fatal: not a git repository (or any parent up to mount point /)
Stopping at filesystem boundary (GIT_DISCOVERY_ACROSS_FILESYSTEM not set).
2025-05-26 22:48:49.768 [info] > git rev-parse --show-toplevel [6ms]
2025-05-26 22:48:49.768 [info] fatal: not a git repository (or any parent up to mount point /)
Stopping at filesystem boundary (GIT_DISCOVERY_ACROSS_FILESYSTEM not set).
2025-05-26 22:48:49.770 [info] [Model][doInitialScan] Initial repository scan completed - repositories (0), closed repositories (0), parent repositories (0), unsafe repositories (0)
2025-05-26 22:48:49.918 [info] > git rev-parse --show-toplevel [14ms]
2025-05-26 22:48:49.918 [info] fatal: not a git repository (or any parent up to mount point /)
Stopping at filesystem boundary (GIT_DISCOVERY_ACROSS_FILESYSTEM not set).
2025-05-26 22:48:50.730 [info] > git rev-parse --show-toplevel [4ms]
2025-05-26 22:48:50.730 [info] fatal: not a git repository (or any parent up to mount point /)
Stopping at filesystem boundary (GIT_DISCOVERY_ACROSS_FILESYSTEM not set).
2025-05-26 22:49:40.421 [info] [main] Log level: Info
2025-05-26 22:49:40.421 [info] [main] Validating found git in: "git"
2025-05-26 22:49:40.421 [info] [main] Using git "2.49.0" from "git"
2025-05-26 22:49:40.421 [info] [Model][doInitialScan] Initial repository scan started
2025-05-26 22:49:40.421 [info] > git rev-parse --show-toplevel [252ms]
2025-05-26 22:49:40.421 [info] fatal: not a git repository (or any parent up to mount point /)
Stopping at filesystem boundary (GIT_DISCOVERY_ACROSS_FILESYSTEM not set).
2025-05-26 22:49:40.421 [info] [Model][doInitialScan] Initial repository scan completed - repositories (0), closed repositories (0), parent repositories (0), unsafe repositories (0)
2025-05-26 22:49:47.705 [info] > git rev-parse --show-toplevel [3ms]
2025-05-26 22:49:47.705 [info] fatal: not a git repository (or any parent up to mount point /)
Stopping at filesystem boundary (GIT_DISCOVERY_ACROSS_FILESYSTEM not set).
2025-05-26 22:51:06.145 [info] > git rev-parse --show-toplevel [3ms]
2025-05-26 22:51:06.145 [info] fatal: not a git repository (or any parent up to mount point /)
Stopping at filesystem boundary (GIT_DISCOVERY_ACROSS_FILESYSTEM not set).
2025-05-26 22:51:39.953 [info] > git rev-parse --show-toplevel [6ms]
2025-05-26 22:51:39.953 [info] fatal: not a git repository (or any parent up to mount point /)
Stopping at filesystem boundary (GIT_DISCOVERY_ACROSS_FILESYSTEM not set).
2025-05-26 22:51:48.885 [info] > git rev-parse --show-toplevel [5ms]
2025-05-26 22:51:48.885 [info] fatal: not a git repository (or any parent up to mount point /)
Stopping at filesystem boundary (GIT_DISCOVERY_ACROSS_FILESYSTEM not set).
2025-05-26 22:51:49.692 [info] > git rev-parse --show-toplevel [5ms]
2025-05-26 22:51:49.692 [info] fatal: not a git repository (or any parent up to mount point /)
Stopping at filesystem boundary (GIT_DISCOVERY_ACROSS_FILESYSTEM not set).
2025-05-26 22:51:50.695 [info] > git rev-parse --show-toplevel [6ms]
2025-05-26 22:51:50.695 [info] fatal: not a git repository (or any parent up to mount point /)
Stopping at filesystem boundary (GIT_DISCOVERY_ACROSS_FILESYSTEM not set).
2025-05-26 22:51:51.521 [info] > git rev-parse --show-toplevel [4ms]
2025-05-26 22:51:51.521 [info] fatal: not a git repository (or any parent up to mount point /)
Stopping at filesystem boundary (GIT_DISCOVERY_ACROSS_FILESYSTEM not set).
2025-05-26 22:51:53.456 [info] > git rev-parse --show-toplevel [5ms]
2025-05-26 22:51:53.456 [info] fatal: not a git repository (or any parent up to mount point /)
Stopping at filesystem boundary (GIT_DISCOVERY_ACROSS_FILESYSTEM not set).
2025-05-26 22:52:09.501 [info] > git rev-parse --show-toplevel [3ms]
2025-05-26 22:52:09.501 [info] fatal: not a git repository (or any parent up to mount point /)
Stopping at filesystem boundary (GIT_DISCOVERY_ACROSS_FILESYSTEM not set).
2025-05-26 22:52:31.463 [info] > git rev-parse --show-toplevel [5ms]
2025-05-26 22:52:31.464 [info] fatal: not a git repository (or any parent up to mount point /)
Stopping at filesystem boundary (GIT_DISCOVERY_ACROSS_FILESYSTEM not set).
