2025-05-27 06:55:36.765 [info] GitLens v17.1.1 activating in Visual Studio Code (1.100.2) on the desktop; language='en', logLevel='warn', defaultDateLocale='null' (7e947851f0e3ba4c83a0cac448eb219c0c7f63e20c23126fdf5ab2ae15547421|f8eb2b7e-53f7-4888-baf9-120a992fc2b51748309132404)
To enable debug logging, set `"gitlens.outputLevel": "debug"` or run "GitLens: Enable Debug Logging" from the Command Palette
[2025-05-27 01:25:36.554] Warning(/usr/bin/git -c core.quotepath=false -c color.ui=false rev-parse --show-toplevel): fatal: not a git repository (or any parent up to mount point /)
Stopping at filesystem boundary (GIT_DISCOVERY_ACROSS_FILESYSTEM not set).

[2025-05-27 01:25:36.555] [GIT          ] [/home/bhavya/.config/hypr] git rev-parse --show-toplevel • not a git repository (or any parent up to mount point /) • Stopping at filesystem boundary (GIT_DISCOVERY_ACROSS_FILESYSTEM not set). [97ms]

2025-05-27 06:55:37.492 [info] [2025-05-27 01:25:36.873] [            f] GitCodeLensProvider.provideCodeLenses(TextDocument(shellscript, dirty=false, file:///home/bhavya/.config/hypr/scripts/performance)) Warning(/usr/bin/git -c core.quotepath=false -c color.ui=false rev-parse --show-toplevel): fatal: not a git repository (or any parent up to mount point /)
Stopping at filesystem boundary (GIT_DISCOVERY_ACROSS_FILESYSTEM not set).

[2025-05-27 01:25:36.873] [GIT          ] [/home/bhavya/.config/hypr/scripts] git rev-parse --show-toplevel • not a git repository (or any parent up to mount point /) • Stopping at filesystem boundary (GIT_DISCOVERY_ACROSS_FILESYSTEM not set). [39ms]

2025-05-27 06:55:42.493 [info] [2025-05-27 01:25:42.251] Warning(/usr/bin/git -c core.quotepath=false -c color.ui=false rev-parse --show-toplevel): fatal: not a git repository (or any parent up to mount point /)
Stopping at filesystem boundary (GIT_DISCOVERY_ACROSS_FILESYSTEM not set).

[2025-05-27 01:25:42.251] [GIT          ] [/home/bhavya/.config/hypr/conf] git rev-parse --show-toplevel • not a git repository (or any parent up to mount point /) • Stopping at filesystem boundary (GIT_DISCOVERY_ACROSS_FILESYSTEM not set). [12ms]

2025-05-27 06:56:09.417 [info] [2025-05-27 01:26:08.916] Warning(/usr/bin/git -c core.quotepath=false -c color.ui=false rev-parse --show-toplevel): fatal: not a git repository (or any parent up to mount point /)
Stopping at filesystem boundary (GIT_DISCOVERY_ACROSS_FILESYSTEM not set).

[2025-05-27 01:26:08.917] [GIT          ] [/home/bhavya/.config/hypr/conf] git rev-parse --show-toplevel • not a git repository (or any parent up to mount point /) • Stopping at filesystem boundary (GIT_DISCOVERY_ACROSS_FILESYSTEM not set). [25ms]

2025-05-27 06:58:59.145 [info] [2025-05-27 01:28:58.645] Warning(/usr/bin/git -c core.quotepath=false -c color.ui=false rev-parse --show-toplevel): fatal: not a git repository (or any parent up to mount point /)
Stopping at filesystem boundary (GIT_DISCOVERY_ACROSS_FILESYSTEM not set).

[2025-05-27 01:28:58.646] [GIT          ] [/home/bhavya/.config/hypr/conf] git rev-parse --show-toplevel • not a git repository (or any parent up to mount point /) • Stopping at filesystem boundary (GIT_DISCOVERY_ACROSS_FILESYSTEM not set). [17ms]

2025-05-27 06:59:11.225 [info] [2025-05-27 01:29:10.724] Warning(/usr/bin/git -c core.quotepath=false -c color.ui=false rev-parse --show-toplevel): fatal: not a git repository (or any parent up to mount point /)
Stopping at filesystem boundary (GIT_DISCOVERY_ACROSS_FILESYSTEM not set).

[2025-05-27 01:29:10.725] [GIT          ] [/home/bhavya/.config/hypr] git rev-parse --show-toplevel • not a git repository (or any parent up to mount point /) • Stopping at filesystem boundary (GIT_DISCOVERY_ACROSS_FILESYSTEM not set). [25ms]

2025-05-27 06:59:39.159 [info] [2025-05-27 01:29:38.659] Warning(/usr/bin/git -c core.quotepath=false -c color.ui=false rev-parse --show-toplevel): fatal: not a git repository (or any parent up to mount point /)
Stopping at filesystem boundary (GIT_DISCOVERY_ACROSS_FILESYSTEM not set).

[2025-05-27 01:29:38.659] [GIT          ] [/home/bhavya/.config/hypr/scripts] git rev-parse --show-toplevel • not a git repository (or any parent up to mount point /) • Stopping at filesystem boundary (GIT_DISCOVERY_ACROSS_FILESYSTEM not set). [18ms]

2025-05-27 07:02:06.831 [info] [2025-05-27 01:32:06.331] Warning(/usr/bin/git -c core.quotepath=false -c color.ui=false rev-parse --show-toplevel): fatal: not a git repository (or any parent up to mount point /)
Stopping at filesystem boundary (GIT_DISCOVERY_ACROSS_FILESYSTEM not set).

[2025-05-27 01:32:06.332] [GIT          ] [/home/bhavya/.config/hypr/scripts/wallpaper] git rev-parse --show-toplevel • not a git repository (or any parent up to mount point /) • Stopping at filesystem boundary (GIT_DISCOVERY_ACROSS_FILESYSTEM not set). [17ms]

2025-05-27 07:03:07.281 [info] [2025-05-27 01:33:06.780] Warning(/usr/bin/git -c core.quotepath=false -c color.ui=false rev-parse --show-toplevel): fatal: not a git repository (or any parent up to mount point /)
Stopping at filesystem boundary (GIT_DISCOVERY_ACROSS_FILESYSTEM not set).

[2025-05-27 01:33:06.780] [GIT          ] [/home/bhavya/.config/hypr/theme] git rev-parse --show-toplevel • not a git repository (or any parent up to mount point /) • Stopping at filesystem boundary (GIT_DISCOVERY_ACROSS_FILESYSTEM not set). [21ms]

2025-05-27 07:03:24.724 [info] [2025-05-27 01:33:24.223] Warning(/usr/bin/git -c core.quotepath=false -c color.ui=false rev-parse --show-toplevel): fatal: not a git repository (or any parent up to mount point /)
Stopping at filesystem boundary (GIT_DISCOVERY_ACROSS_FILESYSTEM not set).

[2025-05-27 01:33:24.224] [GIT          ] [/home/bhavya/.config/hypr/theme/decorations] git rev-parse --show-toplevel • not a git repository (or any parent up to mount point /) • Stopping at filesystem boundary (GIT_DISCOVERY_ACROSS_FILESYSTEM not set). [18ms]

