2025-05-26 22:48:47.198 [info] Reading sessions from keychain...
2025-05-26 22:48:47.198 [info] Getting sessions for all scopes...
2025-05-26 22:48:47.198 [info] Getting sessions for all scopes...
2025-05-26 22:48:47.198 [info] Getting sessions for all scopes...
2025-05-26 22:48:47.198 [info] Getting sessions for all scopes...
2025-05-26 22:48:47.198 [info] Getting sessions for all scopes...
2025-05-26 22:48:47.198 [info] Getting sessions for all scopes...
2025-05-26 22:48:47.198 [info] Getting sessions for all scopes...
2025-05-26 22:48:47.198 [info] Got stored sessions!
2025-05-26 22:48:47.198 [info] Got 1 verified sessions.
2025-05-26 22:48:47.199 [info] Got 1 sessions for ...
2025-05-26 22:48:47.199 [info] Got 1 sessions for ...
2025-05-26 22:48:47.199 [info] Got 1 sessions for ...
2025-05-26 22:48:47.199 [info] Got 1 sessions for ...
2025-05-26 22:48:47.199 [info] Got 1 sessions for ...
2025-05-26 22:48:47.199 [info] Got 1 sessions for ...
2025-05-26 22:48:47.199 [info] Got 1 sessions for ...
2025-05-26 22:48:47.199 [info] Getting sessions for all scopes...
2025-05-26 22:48:47.199 [info] Got 1 sessions for ...
2025-05-26 22:48:47.199 [info] Getting sessions for all scopes...
2025-05-26 22:48:47.199 [info] Got 1 sessions for ...
2025-05-26 22:48:47.199 [info] Getting sessions for all scopes...
2025-05-26 22:48:47.199 [info] Got 1 sessions for ...
2025-05-26 22:48:47.199 [info] Getting sessions for all scopes...
2025-05-26 22:48:47.199 [info] Got 1 sessions for ...
2025-05-26 22:48:47.201 [info] Getting sessions for all scopes...
2025-05-26 22:48:47.201 [info] Got 1 sessions for ...
2025-05-26 22:48:47.201 [info] Getting sessions for all scopes...
2025-05-26 22:48:47.201 [info] Got 1 sessions for ...
2025-05-26 22:48:47.512 [info] Getting sessions for all scopes...
2025-05-26 22:48:47.512 [info] Got 1 sessions for ...
2025-05-26 22:48:47.540 [info] Getting sessions for user:email...
2025-05-26 22:48:47.540 [info] Got 1 sessions for user:email...
2025-05-26 22:48:47.566 [info] Getting sessions for all scopes...
2025-05-26 22:48:47.566 [info] Got 1 sessions for ...
2025-05-26 22:48:47.567 [info] Getting sessions for all scopes...
2025-05-26 22:48:47.567 [info] Got 1 sessions for ...
2025-05-26 22:48:47.603 [info] Getting sessions for all scopes...
2025-05-26 22:48:47.603 [info] Got 1 sessions for ...
2025-05-26 22:48:49.120 [info] Getting sessions for all scopes...
2025-05-26 22:48:49.120 [info] Got 1 sessions for ...
2025-05-26 22:48:49.192 [info] Getting sessions for all scopes...
2025-05-26 22:48:49.192 [info] Got 1 sessions for ...
2025-05-26 22:48:49.193 [info] Getting sessions for all scopes...
2025-05-26 22:48:49.193 [info] Got 1 sessions for ...
2025-05-26 22:48:49.465 [info] Getting sessions for read:user,repo,user:email...
2025-05-26 22:48:49.465 [info] Got 0 sessions for read:user,repo,user:email...
2025-05-26 22:48:49.507 [info] Getting sessions for project,read:org,read:user,repo,user:email,workflow...
2025-05-26 22:48:49.507 [info] Got 0 sessions for project,read:org,read:user,repo,user:email,workflow...
2025-05-26 22:48:49.654 [info] Getting sessions for read:user,repo,user:email,workflow...
2025-05-26 22:48:49.654 [info] Got 0 sessions for read:user,repo,user:email,workflow...
2025-05-26 22:48:49.733 [info] Getting sessions for read:user,repo,user:email...
2025-05-26 22:48:49.733 [info] Got 0 sessions for read:user,repo,user:email...
2025-05-26 22:48:49.763 [info] Getting sessions for read:user,repo,user:email,workflow...
2025-05-26 22:48:49.763 [info] Got 0 sessions for read:user,repo,user:email,workflow...
2025-05-26 22:49:32.042 [info] Reading sessions from keychain...
2025-05-26 22:49:32.045 [info] Getting sessions for all scopes...
2025-05-26 22:49:32.045 [info] Getting sessions for all scopes...
2025-05-26 22:49:32.045 [info] Getting sessions for all scopes...
2025-05-26 22:49:32.045 [info] Getting sessions for all scopes...
2025-05-26 22:49:32.045 [info] Getting sessions for all scopes...
2025-05-26 22:49:32.045 [info] Getting sessions for all scopes...
2025-05-26 22:49:32.046 [info] Getting sessions for all scopes...
2025-05-26 22:49:32.046 [info] Getting sessions for all scopes...
2025-05-26 22:49:32.089 [info] Got stored sessions!
2025-05-26 22:49:32.089 [info] Got 1 verified sessions.
2025-05-26 22:49:32.089 [info] Got 1 sessions for ...
2025-05-26 22:49:32.089 [info] Got 1 sessions for ...
2025-05-26 22:49:32.089 [info] Got 1 sessions for ...
2025-05-26 22:49:32.089 [info] Got 1 sessions for ...
2025-05-26 22:49:32.089 [info] Got 1 sessions for ...
2025-05-26 22:49:32.089 [info] Got 1 sessions for ...
2025-05-26 22:49:32.089 [info] Got 1 sessions for ...
2025-05-26 22:49:32.089 [info] Got 1 sessions for ...
2025-05-26 22:49:32.132 [info] Getting sessions for all scopes...
2025-05-26 22:49:32.132 [info] Got 1 sessions for ...
2025-05-26 22:49:32.132 [info] Getting sessions for all scopes...
2025-05-26 22:49:32.132 [info] Got 1 sessions for ...
2025-05-26 22:49:32.133 [info] Getting sessions for all scopes...
2025-05-26 22:49:32.133 [info] Got 1 sessions for ...
2025-05-26 22:49:32.133 [info] Getting sessions for all scopes...
2025-05-26 22:49:32.133 [info] Got 1 sessions for ...
2025-05-26 22:49:32.133 [info] Getting sessions for all scopes...
2025-05-26 22:49:32.133 [info] Got 1 sessions for ...
2025-05-26 22:49:32.133 [info] Getting sessions for all scopes...
2025-05-26 22:49:32.133 [info] Got 1 sessions for ...
2025-05-26 22:49:32.423 [info] Getting sessions for all scopes...
2025-05-26 22:49:32.423 [info] Got 1 sessions for ...
2025-05-26 22:49:32.428 [info] Getting sessions for user:email...
2025-05-26 22:49:32.429 [info] Got 1 sessions for user:email...
2025-05-26 22:49:33.159 [info] Getting sessions for all scopes...
2025-05-26 22:49:33.159 [info] Got 1 sessions for ...
2025-05-26 22:49:33.231 [info] Getting sessions for all scopes...
2025-05-26 22:49:33.231 [info] Got 1 sessions for ...
2025-05-26 22:49:33.530 [info] Getting sessions for read:user,repo,user:email...
2025-05-26 22:49:33.530 [info] Got 0 sessions for read:user,repo,user:email...
2025-05-26 22:49:33.530 [info] Getting sessions for project,read:org,read:user,repo,user:email,workflow...
2025-05-26 22:49:33.530 [info] Got 0 sessions for project,read:org,read:user,repo,user:email,workflow...
2025-05-26 22:49:33.552 [info] Getting sessions for read:user,repo,user:email,workflow...
2025-05-26 22:49:33.553 [info] Got 0 sessions for read:user,repo,user:email,workflow...
2025-05-26 22:49:33.554 [info] Getting sessions for read:user,repo,user:email...
2025-05-26 22:49:33.554 [info] Got 0 sessions for read:user,repo,user:email...
2025-05-26 22:49:33.555 [info] Getting sessions for read:user,repo,user:email,workflow...
2025-05-26 22:49:33.555 [info] Got 0 sessions for read:user,repo,user:email,workflow...
2025-05-26 22:49:34.068 [info] Getting sessions for all scopes...
2025-05-26 22:49:34.068 [info] Got 1 sessions for ...
2025-05-26 22:49:34.076 [info] Getting sessions for all scopes...
2025-05-26 22:49:34.076 [info] Got 1 sessions for ...
2025-05-26 22:49:40.051 [info] Getting sessions for all scopes...
2025-05-26 22:49:40.051 [info] Got 1 sessions for ...
