2025-05-26 22:48:49.690 [info] Experiment 'pythonRecommendTensorboardExt' is active
2025-05-26 22:48:49.690 [info] Experiment 'pythonTerminalEnvVarActivation' is active
2025-05-26 22:48:49.690 [info] Native locator: Refresh started
2025-05-26 22:48:49.727 [info] > pyenv which python
2025-05-26 22:48:49.727 [info] cwd: .
2025-05-26 22:48:49.847 [info] Active interpreter [/home/bhavya/.config/hypr]:  /bin/python
2025-05-26 22:48:49.848 [info] Native locator: Refresh finished in 212 ms
2025-05-26 22:48:50.042 [info] Discover tests for workspace name: hypr - uri: /home/bhavya/.config/hypr
2025-05-26 22:48:51.934 [info] Starting Pylance language server.
2025-05-26 22:49:40.469 [info] Experiment 'pythonRecommendTensorboardExt' is active
2025-05-26 22:49:40.469 [info] Experiment 'pythonTerminalEnvVarActivation' is active
2025-05-26 22:49:40.513 [info] Native locator: Refresh started
2025-05-26 22:49:40.514 [info] Native locator: Refresh started
2025-05-26 22:49:40.757 [info] Active interpreter [/home/bhavya/hypr_mine]:  /bin/python
2025-05-26 22:49:40.758 [info] Native locator: Refresh finished in 245 ms
2025-05-26 22:49:40.782 [info] > pyenv which python
2025-05-26 22:49:40.782 [info] cwd: .
2025-05-26 22:49:43.862 [info] Starting Pylance language server.
2025-05-26 22:51:06.353 [info] Discover tests for workspace name: hypr_mine - uri: /home/bhavya/hypr_mine/.vscode/settings.json
2025-05-26 22:51:06.925 [info] Discover tests for workspace name: hypr_mine - uri: /home/bhavya/hypr_mine/.vscode/settings.json
