2025-05-29 08:56:34.365 [info] Reading sessions from keychain...
2025-05-29 08:56:34.365 [info] Getting sessions for all scopes...
2025-05-29 08:56:34.365 [info] Getting sessions for all scopes...
2025-05-29 08:56:34.365 [info] Getting sessions for all scopes...
2025-05-29 08:56:34.365 [info] Getting sessions for all scopes...
2025-05-29 08:56:34.365 [info] Getting sessions for all scopes...
2025-05-29 08:56:34.365 [info] Getting sessions for all scopes...
2025-05-29 08:56:34.365 [info] Getting sessions for all scopes...
2025-05-29 08:56:34.848 [info] Got stored sessions!
2025-05-29 08:56:34.848 [info] Got 2 verified sessions.
2025-05-29 08:56:34.848 [info] Got 2 sessions for ...
2025-05-29 08:56:34.848 [info] Got 2 sessions for ...
2025-05-29 08:56:34.848 [info] Got 2 sessions for ...
2025-05-29 08:56:34.848 [info] Got 2 sessions for ...
2025-05-29 08:56:34.848 [info] Got 2 sessions for ...
2025-05-29 08:56:34.848 [info] Got 2 sessions for ...
2025-05-29 08:56:34.848 [info] Got 2 sessions for ...
2025-05-29 08:56:34.965 [info] Getting sessions for all scopes...
2025-05-29 08:56:34.965 [info] Got 2 sessions for ...
2025-05-29 08:56:34.966 [info] Getting sessions for all scopes...
2025-05-29 08:56:34.966 [info] Got 2 sessions for ...
2025-05-29 08:56:34.966 [info] Getting sessions for all scopes...
2025-05-29 08:56:34.966 [info] Got 2 sessions for ...
2025-05-29 08:56:34.966 [info] Getting sessions for all scopes...
2025-05-29 08:56:34.966 [info] Got 2 sessions for ...
2025-05-29 08:56:34.967 [info] Getting sessions for all scopes...
2025-05-29 08:56:34.967 [info] Got 2 sessions for ...
2025-05-29 08:56:34.967 [info] Getting sessions for all scopes...
2025-05-29 08:56:34.967 [info] Got 2 sessions for ...
2025-05-29 08:56:38.147 [info] Getting sessions for all scopes...
2025-05-29 08:56:38.147 [info] Got 2 sessions for ...
2025-05-29 08:56:38.171 [info] Getting sessions for user:email...
2025-05-29 08:56:38.171 [info] Got 1 sessions for user:email...
2025-05-29 08:56:38.216 [info] Getting sessions for all scopes...
2025-05-29 08:56:38.216 [info] Got 2 sessions for ...
2025-05-29 08:56:38.219 [info] Getting sessions for all scopes...
2025-05-29 08:56:38.219 [info] Got 2 sessions for ...
2025-05-29 08:56:38.237 [info] Getting sessions for all scopes...
2025-05-29 08:56:38.237 [info] Got 2 sessions for ...
2025-05-29 08:56:38.432 [info] Getting sessions for all scopes...
2025-05-29 08:56:38.432 [info] Got 2 sessions for ...
2025-05-29 08:56:38.432 [info] Getting sessions for all scopes...
2025-05-29 08:56:38.432 [info] Got 2 sessions for ...
2025-05-29 08:56:39.248 [info] Getting sessions for read:user,repo,user:email...
2025-05-29 08:56:39.248 [info] Got 0 sessions for read:user,repo,user:email...
2025-05-29 08:56:39.248 [info] Getting sessions for project,read:org,read:user,repo,user:email,workflow...
2025-05-29 08:56:39.248 [info] Got 0 sessions for project,read:org,read:user,repo,user:email,workflow...
2025-05-29 08:56:39.498 [info] Getting sessions for read:user,repo,user:email,workflow...
2025-05-29 08:56:39.498 [info] Got 1 sessions for read:user,repo,user:email,workflow...
