2025-05-26 23:29:15.430 [info] Reading sessions from keychain...
2025-05-26 23:29:15.430 [info] Getting sessions for all scopes...
2025-05-26 23:29:15.431 [info] Getting sessions for all scopes...
2025-05-26 23:29:15.431 [info] Got stored sessions!
2025-05-26 23:29:15.431 [info] Got 1 verified sessions.
2025-05-26 23:29:15.431 [info] Got 1 sessions for ...
2025-05-26 23:29:15.431 [info] Got 1 sessions for ...
2025-05-26 23:29:15.431 [info] Getting sessions for all scopes...
2025-05-26 23:29:15.431 [info] Got 1 sessions for ...
2025-05-26 23:29:15.431 [info] Getting sessions for all scopes...
2025-05-26 23:29:15.431 [info] Got 1 sessions for ...
2025-05-26 23:29:15.431 [info] Getting sessions for all scopes...
2025-05-26 23:29:15.431 [info] Got 1 sessions for ...
2025-05-26 23:29:15.431 [info] Getting sessions for all scopes...
2025-05-26 23:29:15.431 [info] Got 1 sessions for ...
2025-05-26 23:29:15.431 [info] Getting sessions for all scopes...
2025-05-26 23:29:15.431 [info] Got 1 sessions for ...
2025-05-26 23:29:15.431 [info] Getting sessions for all scopes...
2025-05-26 23:29:15.431 [info] Got 1 sessions for ...
2025-05-26 23:29:15.431 [info] Getting sessions for all scopes...
2025-05-26 23:29:15.431 [info] Got 1 sessions for ...
2025-05-26 23:29:15.431 [info] Getting sessions for all scopes...
2025-05-26 23:29:15.431 [info] Got 1 sessions for ...
2025-05-26 23:29:15.431 [info] Getting sessions for all scopes...
2025-05-26 23:29:15.431 [info] Got 1 sessions for ...
2025-05-26 23:29:15.431 [info] Getting sessions for all scopes...
2025-05-26 23:29:15.431 [info] Got 1 sessions for ...
2025-05-26 23:29:15.431 [info] Getting sessions for all scopes...
2025-05-26 23:29:15.431 [info] Got 1 sessions for ...
2025-05-26 23:29:15.880 [info] Getting sessions for all scopes...
2025-05-26 23:29:15.880 [info] Got 1 sessions for ...
2025-05-26 23:29:15.881 [info] Getting sessions for user:email...
2025-05-26 23:29:15.881 [info] Got 1 sessions for user:email...
2025-05-26 23:29:15.923 [info] Getting sessions for all scopes...
2025-05-26 23:29:15.923 [info] Got 1 sessions for ...
2025-05-26 23:29:15.925 [info] Getting sessions for all scopes...
2025-05-26 23:29:15.925 [info] Got 1 sessions for ...
2025-05-26 23:29:17.321 [info] Getting sessions for all scopes...
2025-05-26 23:29:17.321 [info] Got 1 sessions for ...
2025-05-26 23:29:17.388 [info] Getting sessions for all scopes...
2025-05-26 23:29:17.388 [info] Got 1 sessions for ...
2025-05-26 23:29:17.389 [info] Getting sessions for all scopes...
2025-05-26 23:29:17.389 [info] Got 1 sessions for ...
2025-05-26 23:29:17.692 [info] Getting sessions for all scopes...
2025-05-26 23:29:17.692 [info] Got 1 sessions for ...
2025-05-26 23:29:17.759 [info] Getting sessions for read:user,repo,user:email...
2025-05-26 23:29:17.759 [info] Got 0 sessions for read:user,repo,user:email...
2025-05-26 23:29:17.759 [info] Getting sessions for project,read:org,read:user,repo,user:email,workflow...
2025-05-26 23:29:17.759 [info] Got 0 sessions for project,read:org,read:user,repo,user:email,workflow...
2025-05-26 23:29:17.910 [info] Getting sessions for read:user,repo,user:email,workflow...
2025-05-26 23:29:17.910 [info] Got 0 sessions for read:user,repo,user:email,workflow...
2025-05-26 23:29:17.997 [info] Getting sessions for read:user,repo,user:email...
2025-05-26 23:29:17.997 [info] Got 0 sessions for read:user,repo,user:email...
2025-05-26 23:29:18.000 [info] Getting sessions for read:user,repo,user:email,workflow...
2025-05-26 23:29:18.000 [info] Got 0 sessions for read:user,repo,user:email,workflow...
2025-05-26 23:49:39.782 [info] Logging in with 'any' account...
2025-05-26 23:49:39.782 [info] Logging in for the following scopes: read:user repo user:email workflow
2025-05-26 23:49:39.785 [info] Trying without local server... (read:user repo user:email workflow)
2025-05-26 23:49:48.122 [info] Exchanging code for token...
2025-05-26 23:49:48.994 [info] Token exchange success!
2025-05-26 23:49:48.996 [info] Getting user info...
2025-05-26 23:49:49.558 [info] Got account info!
2025-05-26 23:49:49.559 [info] Storing 2 sessions...
2025-05-26 23:49:49.562 [info] Reading sessions from keychain...
2025-05-26 23:49:49.562 [info] Stored 2 sessions!
2025-05-26 23:49:49.562 [info] Login success!
2025-05-26 23:49:49.563 [info] Getting sessions for all scopes...
2025-05-26 23:49:49.565 [info] Getting sessions for user:email...
2025-05-26 23:49:49.565 [info] Getting sessions for all scopes...
2025-05-26 23:49:49.568 [info] Got stored sessions!
2025-05-26 23:49:49.568 [info] Got 2 verified sessions.
2025-05-26 23:49:49.569 [info] Got 2 sessions for ...
2025-05-26 23:49:49.569 [info] Got 1 sessions for user:email...
2025-05-26 23:49:49.569 [info] Got 2 sessions for ...
2025-05-26 23:49:49.569 [info] Getting sessions for all scopes...
2025-05-26 23:49:49.570 [info] Got 2 sessions for ...
2025-05-26 23:49:49.570 [info] Getting sessions for user:email...
2025-05-26 23:49:49.570 [info] Got 1 sessions for user:email...
2025-05-26 23:49:49.571 [info] Getting sessions for all scopes...
2025-05-26 23:49:49.571 [info] Got 2 sessions for ...
2025-05-26 23:49:49.572 [info] Getting sessions for all scopes...
2025-05-26 23:49:49.572 [info] Got 2 sessions for ...
2025-05-26 23:49:49.574 [info] Getting sessions for all scopes...
2025-05-26 23:49:49.574 [info] Got 2 sessions for ...
2025-05-26 23:49:49.577 [info] Getting sessions for project,read:org,read:user,repo,user:email,workflow...
2025-05-26 23:49:49.577 [info] Got 0 sessions for project,read:org,read:user,repo,user:email,workflow...
2025-05-26 23:49:49.577 [info] Getting sessions for read:user,repo,user:email...
2025-05-26 23:49:49.577 [info] Got 0 sessions for read:user,repo,user:email...
2025-05-26 23:49:49.584 [info] Getting sessions for read:user,repo,user:email,workflow...
2025-05-26 23:49:49.584 [info] Got 1 sessions for read:user,repo,user:email,workflow...
2025-05-26 23:49:49.584 [info] Getting sessions for read:user,repo,user:email...
2025-05-26 23:49:49.584 [info] Got 0 sessions for read:user,repo,user:email...
2025-05-26 23:49:49.677 [info] Getting sessions for read:user,repo,user:email...
2025-05-26 23:49:49.678 [info] Got 0 sessions for read:user,repo,user:email...
2025-05-26 23:49:49.680 [info] Getting sessions for read:user,repo,user:email...
2025-05-26 23:49:49.680 [info] Got 0 sessions for read:user,repo,user:email...
2025-05-26 23:49:49.682 [info] Getting sessions for read:user,repo,user:email...
2025-05-26 23:49:49.682 [info] Got 0 sessions for read:user,repo,user:email...
2025-05-26 23:49:59.032 [info] Getting sessions for all scopes...
2025-05-26 23:49:59.032 [info] Got 2 sessions for ...
2025-05-26 23:50:11.050 [info] Getting sessions for all scopes...
2025-05-26 23:50:11.050 [info] Got 2 sessions for ...
2025-05-26 23:50:18.443 [info] Getting sessions for all scopes...
2025-05-26 23:50:18.443 [info] Got 2 sessions for ...
2025-05-26 23:50:20.389 [info] Getting sessions for all scopes...
2025-05-26 23:50:20.389 [info] Got 2 sessions for ...
2025-05-27 03:40:44.214 [info] Logging in with 'any' account...
2025-05-27 03:40:44.214 [info] Logging in for the following scopes: read:user repo user:email
2025-05-27 03:40:44.216 [info] Trying without local server... (read:user repo user:email)
2025-05-27 03:41:12.151 [info] Getting sessions for all scopes...
2025-05-27 03:41:12.151 [info] Got 2 sessions for ...
2025-05-27 03:41:17.175 [info] Reading sessions from keychain...
2025-05-27 03:41:17.175 [info] Getting sessions for all scopes...
2025-05-27 03:41:17.175 [info] Getting sessions for all scopes...
2025-05-27 03:41:17.175 [info] Getting sessions for user:email...
2025-05-27 03:41:17.175 [info] Getting sessions for all scopes...
2025-05-27 03:41:17.175 [info] Got stored sessions!
2025-05-27 03:41:17.175 [info] Got 2 verified sessions.
2025-05-27 03:41:17.175 [info] Got 2 sessions for ...
2025-05-27 03:41:17.175 [info] Got 2 sessions for ...
2025-05-27 03:41:17.175 [info] Got 1 sessions for user:email...
2025-05-27 03:41:17.175 [info] Got 2 sessions for ...
2025-05-27 03:41:17.175 [info] Getting sessions for all scopes...
2025-05-27 03:41:17.175 [info] Got 2 sessions for ...
2025-05-27 03:41:19.609 [info] Getting sessions for read:user,repo,user:email...
2025-05-27 03:41:19.609 [info] Got 0 sessions for read:user,repo,user:email...
2025-05-27 03:41:19.610 [info] Getting sessions for project,read:org,read:user,repo,user:email,workflow...
2025-05-27 03:41:19.610 [info] Got 0 sessions for project,read:org,read:user,repo,user:email,workflow...
2025-05-27 03:41:19.833 [info] Getting sessions for read:user,repo,user:email,workflow...
2025-05-27 03:41:19.833 [info] Got 1 sessions for read:user,repo,user:email,workflow...
