2025-05-30 06:58:36.503 [info] Reading sessions from keychain...
2025-05-30 06:58:36.508 [info] Getting sessions for all scopes...
2025-05-30 06:58:36.508 [info] Getting sessions for all scopes...
2025-05-30 06:58:36.732 [info] Got stored sessions!
2025-05-30 06:58:36.732 [info] Got 4 verified sessions.
2025-05-30 06:58:36.732 [info] Got 4 sessions for ...
2025-05-30 06:58:36.732 [info] Got 4 sessions for ...
2025-05-30 06:58:36.743 [info] Getting sessions for all scopes...
2025-05-30 06:58:36.743 [info] Got 4 sessions for ...
2025-05-30 06:58:36.743 [info] Getting sessions for all scopes...
2025-05-30 06:58:36.743 [info] Got 4 sessions for ...
2025-05-30 06:58:36.743 [info] Getting sessions for all scopes...
2025-05-30 06:58:36.743 [info] Got 4 sessions for ...
2025-05-30 06:58:36.744 [info] Getting sessions for all scopes...
2025-05-30 06:58:36.744 [info] Got 4 sessions for ...
2025-05-30 06:58:36.744 [info] Getting sessions for all scopes...
2025-05-30 06:58:36.744 [info] Got 4 sessions for ...
2025-05-30 06:58:36.873 [info] Getting sessions for all scopes...
2025-05-30 06:58:36.873 [info] Got 4 sessions for ...
2025-05-30 06:58:36.873 [info] Getting sessions for all scopes...
2025-05-30 06:58:36.873 [info] Got 4 sessions for ...
2025-05-30 06:58:36.874 [info] Getting sessions for all scopes...
2025-05-30 06:58:36.874 [info] Got 4 sessions for ...
2025-05-30 06:58:36.874 [info] Getting sessions for all scopes...
2025-05-30 06:58:36.874 [info] Got 4 sessions for ...
2025-05-30 06:58:36.874 [info] Getting sessions for all scopes...
2025-05-30 06:58:36.874 [info] Got 4 sessions for ...
2025-05-30 06:58:36.874 [info] Getting sessions for all scopes...
2025-05-30 06:58:36.874 [info] Got 4 sessions for ...
2025-05-30 06:58:37.216 [info] Getting sessions for all scopes...
2025-05-30 06:58:37.216 [info] Got 4 sessions for ...
2025-05-30 06:58:37.217 [info] Getting sessions for user:email...
2025-05-30 06:58:37.217 [info] Got 1 sessions for user:email...
2025-05-30 06:58:37.278 [info] Getting sessions for all scopes...
2025-05-30 06:58:37.278 [info] Got 4 sessions for ...
2025-05-30 06:58:37.279 [info] Getting sessions for all scopes...
2025-05-30 06:58:37.279 [info] Got 4 sessions for ...
2025-05-30 06:58:37.336 [info] Getting sessions for all scopes...
2025-05-30 06:58:37.336 [info] Got 4 sessions for ...
2025-05-30 06:58:37.342 [info] Getting sessions for all scopes...
2025-05-30 06:58:37.342 [info] Got 4 sessions for ...
2025-05-30 06:58:38.896 [info] Getting sessions for all scopes...
2025-05-30 06:58:38.896 [info] Got 4 sessions for ...
