2025-05-30 05:52:03.141 [info] Reading sessions from keychain...
2025-05-30 05:52:03.141 [info] Getting sessions for all scopes...
2025-05-30 05:52:03.141 [info] Getting sessions for all scopes...
2025-05-30 05:52:03.142 [info] Getting sessions for all scopes...
2025-05-30 05:52:03.142 [info] Getting sessions for all scopes...
2025-05-30 05:52:03.142 [info] Getting sessions for all scopes...
2025-05-30 05:52:03.142 [info] Getting sessions for all scopes...
2025-05-30 05:52:03.142 [info] Getting sessions for all scopes...
2025-05-30 05:52:03.247 [info] Got stored sessions!
2025-05-30 05:52:03.247 [info] Got 2 verified sessions.
2025-05-30 05:52:03.247 [info] Got 2 sessions for ...
2025-05-30 05:52:03.247 [info] Got 2 sessions for ...
2025-05-30 05:52:03.247 [info] Got 2 sessions for ...
2025-05-30 05:52:03.247 [info] Got 2 sessions for ...
2025-05-30 05:52:03.247 [info] Got 2 sessions for ...
2025-05-30 05:52:03.247 [info] Got 2 sessions for ...
2025-05-30 05:52:03.247 [info] Got 2 sessions for ...
2025-05-30 05:52:03.293 [info] Getting sessions for all scopes...
2025-05-30 05:52:03.293 [info] Got 2 sessions for ...
2025-05-30 05:52:03.309 [info] Getting sessions for all scopes...
2025-05-30 05:52:03.309 [info] Got 2 sessions for ...
2025-05-30 05:52:03.309 [info] Getting sessions for all scopes...
2025-05-30 05:52:03.309 [info] Got 2 sessions for ...
2025-05-30 05:52:03.309 [info] Getting sessions for all scopes...
2025-05-30 05:52:03.309 [info] Got 2 sessions for ...
2025-05-30 05:52:03.310 [info] Getting sessions for all scopes...
2025-05-30 05:52:03.310 [info] Got 2 sessions for ...
2025-05-30 05:52:03.310 [info] Getting sessions for all scopes...
2025-05-30 05:52:03.310 [info] Got 2 sessions for ...
2025-05-30 05:52:03.817 [info] Getting sessions for all scopes...
2025-05-30 05:52:03.817 [info] Got 2 sessions for ...
2025-05-30 05:52:03.918 [info] Getting sessions for user:email...
2025-05-30 05:52:03.918 [info] Got 1 sessions for user:email...
2025-05-30 05:52:04.161 [info] Getting sessions for all scopes...
2025-05-30 05:52:04.161 [info] Got 2 sessions for ...
2025-05-30 05:52:04.182 [info] Getting sessions for all scopes...
2025-05-30 05:52:04.182 [info] Got 2 sessions for ...
2025-05-30 05:52:04.550 [info] Getting sessions for all scopes...
2025-05-30 05:52:04.551 [info] Got 2 sessions for ...
2025-05-30 05:52:06.049 [info] Getting sessions for all scopes...
2025-05-30 05:52:06.049 [info] Got 2 sessions for ...
2025-05-30 05:52:06.059 [info] Getting sessions for all scopes...
2025-05-30 05:52:06.059 [info] Got 2 sessions for ...
2025-05-30 05:52:06.529 [info] Getting sessions for read:user,repo,user:email...
2025-05-30 05:52:06.529 [info] Got 0 sessions for read:user,repo,user:email...
2025-05-30 05:52:06.529 [info] Getting sessions for project,read:org,read:user,repo,user:email,workflow...
2025-05-30 05:52:06.529 [info] Got 0 sessions for project,read:org,read:user,repo,user:email,workflow...
2025-05-30 05:52:06.770 [info] Getting sessions for read:user,repo,user:email,workflow...
2025-05-30 05:52:06.770 [info] Got 1 sessions for read:user,repo,user:email,workflow...
2025-05-30 05:54:29.090 [info] Getting sessions for repo,workflow...
2025-05-30 05:54:29.090 [info] Got 0 sessions for repo,workflow...
2025-05-30 05:54:29.126 [info] Getting sessions for repo,workflow...
2025-05-30 05:54:29.126 [info] Got 0 sessions for repo,workflow...
2025-05-30 05:54:29.159 [info] Getting sessions for repo,workflow...
2025-05-30 05:54:29.159 [info] Got 0 sessions for repo,workflow...
2025-05-30 05:54:29.162 [info] Getting sessions for repo,workflow...
2025-05-30 05:54:29.162 [info] Got 0 sessions for repo,workflow...
2025-05-30 05:55:15.405 [info] Logging in with 'any' account...
2025-05-30 05:55:15.405 [info] Logging in for the following scopes: repo workflow
2025-05-30 05:55:15.408 [info] Trying without local server... (repo workflow)
2025-05-30 05:55:21.059 [info] Exchanging code for token...
2025-05-30 05:55:21.666 [info] Token exchange success!
2025-05-30 05:55:21.667 [info] Getting user info...
2025-05-30 05:55:22.203 [info] Got account info!
2025-05-30 05:55:22.203 [info] Storing 3 sessions...
2025-05-30 05:55:22.205 [info] Reading sessions from keychain...
2025-05-30 05:55:22.205 [info] Stored 3 sessions!
2025-05-30 05:55:22.205 [info] Login success!
2025-05-30 05:55:22.205 [info] Getting sessions for all scopes...
2025-05-30 05:55:22.206 [info] Getting sessions for user:email...
2025-05-30 05:55:22.206 [info] Getting sessions for all scopes...
2025-05-30 05:55:22.207 [info] Got stored sessions!
2025-05-30 05:55:22.207 [info] Got 3 verified sessions.
2025-05-30 05:55:22.207 [info] Got 3 sessions for ...
2025-05-30 05:55:22.207 [info] Got 1 sessions for user:email...
2025-05-30 05:55:22.207 [info] Got 3 sessions for ...
2025-05-30 05:55:22.208 [info] Getting sessions for all scopes...
2025-05-30 05:55:22.208 [info] Got 3 sessions for ...
2025-05-30 05:55:22.209 [info] Getting sessions for user:email...
2025-05-30 05:55:22.209 [info] Got 1 sessions for user:email...
2025-05-30 05:55:22.209 [info] Getting sessions for all scopes...
2025-05-30 05:55:22.209 [info] Got 3 sessions for ...
2025-05-30 05:55:22.210 [info] Getting sessions for all scopes...
2025-05-30 05:55:22.210 [info] Got 3 sessions for ...
2025-05-30 05:55:22.211 [info] Getting sessions for all scopes...
2025-05-30 05:55:22.211 [info] Got 3 sessions for ...
2025-05-30 05:55:22.212 [info] Getting sessions for read:user,repo,user:email,workflow...
2025-05-30 05:55:22.212 [info] Got 1 sessions for read:user,repo,user:email,workflow...
2025-05-30 05:55:22.212 [info] Getting sessions for read:user,repo,user:email...
2025-05-30 05:55:22.212 [info] Got 0 sessions for read:user,repo,user:email...
2025-05-30 05:55:22.218 [info] Getting sessions for read:user,repo,user:email...
2025-05-30 05:55:22.218 [info] Got 0 sessions for read:user,repo,user:email...
2025-05-30 05:55:22.219 [info] Getting sessions for read:user,repo,user:email...
2025-05-30 05:55:22.219 [info] Got 0 sessions for read:user,repo,user:email...
2025-05-30 05:55:22.220 [info] Getting sessions for read:user,repo,user:email...
2025-05-30 05:55:22.220 [info] Got 0 sessions for read:user,repo,user:email...
2025-05-30 05:55:22.221 [info] Getting sessions for read:user,repo,user:email...
2025-05-30 05:55:22.221 [info] Got 0 sessions for read:user,repo,user:email...
2025-05-30 05:56:55.416 [info] Getting sessions for all scopes...
2025-05-30 05:56:55.417 [info] Got 3 sessions for ...
2025-05-30 05:57:32.156 [info] Reading sessions from keychain...
2025-05-30 05:57:32.156 [info] Getting sessions for all scopes...
2025-05-30 05:57:32.156 [info] Getting sessions for all scopes...
2025-05-30 05:57:32.156 [info] Getting sessions for user:email...
2025-05-30 05:57:32.156 [info] Getting sessions for all scopes...
2025-05-30 05:57:32.156 [info] Got stored sessions!
2025-05-30 05:57:32.156 [info] Got 3 verified sessions.
2025-05-30 05:57:32.156 [info] Got 3 sessions for ...
2025-05-30 05:57:32.156 [info] Got 3 sessions for ...
2025-05-30 05:57:32.156 [info] Got 1 sessions for user:email...
2025-05-30 05:57:32.156 [info] Got 3 sessions for ...
2025-05-30 05:57:32.156 [info] Getting sessions for all scopes...
2025-05-30 05:57:32.156 [info] Got 3 sessions for ...
2025-05-30 05:57:32.156 [info] Getting sessions for repo,workflow...
2025-05-30 05:57:32.156 [info] Got 1 sessions for repo,workflow...
2025-05-30 05:57:32.738 [info] Getting sessions for repo,workflow...
2025-05-30 05:57:32.738 [info] Got 1 sessions for repo,workflow...
2025-05-30 05:57:35.135 [info] Getting sessions for read:user,repo,user:email...
2025-05-30 05:57:35.136 [info] Got 0 sessions for read:user,repo,user:email...
2025-05-30 05:57:35.136 [info] Getting sessions for project,read:org,read:user,repo,user:email,workflow...
2025-05-30 05:57:35.136 [info] Got 0 sessions for project,read:org,read:user,repo,user:email,workflow...
2025-05-30 05:57:35.286 [info] Getting sessions for read:user,repo,user:email,workflow...
2025-05-30 05:57:35.286 [info] Got 1 sessions for read:user,repo,user:email,workflow...
2025-05-30 05:57:35.584 [info] Getting sessions for repo,workflow...
2025-05-30 05:57:35.585 [info] Got 1 sessions for repo,workflow...
2025-05-30 05:57:35.613 [info] Getting sessions for repo,workflow...
2025-05-30 05:57:35.613 [info] Got 1 sessions for repo,workflow...
2025-05-30 05:57:35.621 [info] Getting sessions for repo,workflow...
2025-05-30 05:57:35.621 [info] Got 1 sessions for repo,workflow...
2025-05-30 05:57:35.623 [info] Getting sessions for repo,workflow...
2025-05-30 05:57:35.623 [info] Got 1 sessions for repo,workflow...
2025-05-30 06:05:28.145 [info] Logging in with 'any' account...
2025-05-30 06:05:28.145 [info] Logging in for the following scopes: read:user repo user:email
2025-05-30 06:05:28.148 [info] Trying without local server... (read:user repo user:email)
2025-05-30 06:05:33.890 [info] Exchanging code for token...
2025-05-30 06:05:34.359 [info] Token exchange success!
2025-05-30 06:05:34.360 [info] Getting user info...
2025-05-30 06:05:34.916 [info] Got account info!
2025-05-30 06:05:34.916 [info] Storing 4 sessions...
2025-05-30 06:05:34.920 [info] Reading sessions from keychain...
2025-05-30 06:05:34.920 [info] Stored 4 sessions!
2025-05-30 06:05:34.920 [info] Login success!
2025-05-30 06:05:34.921 [info] Getting sessions for all scopes...
2025-05-30 06:05:34.922 [info] Getting sessions for user:email...
2025-05-30 06:05:34.922 [info] Getting sessions for all scopes...
2025-05-30 06:05:34.924 [info] Got stored sessions!
2025-05-30 06:05:34.924 [info] Got 4 verified sessions.
2025-05-30 06:05:34.924 [info] Got 4 sessions for ...
2025-05-30 06:05:34.924 [info] Got 1 sessions for user:email...
2025-05-30 06:05:34.924 [info] Got 4 sessions for ...
2025-05-30 06:05:34.926 [info] Getting sessions for all scopes...
2025-05-30 06:05:34.926 [info] Got 4 sessions for ...
2025-05-30 06:05:34.926 [info] Getting sessions for user:email...
2025-05-30 06:05:34.926 [info] Got 1 sessions for user:email...
2025-05-30 06:05:34.927 [info] Getting sessions for all scopes...
2025-05-30 06:05:34.927 [info] Got 4 sessions for ...
2025-05-30 06:05:34.932 [info] Getting sessions for all scopes...
2025-05-30 06:05:34.932 [info] Got 4 sessions for ...
2025-05-30 06:05:34.935 [info] Getting sessions for all scopes...
2025-05-30 06:05:34.935 [info] Got 4 sessions for ...
2025-05-30 06:05:34.938 [info] Getting sessions for read:user,repo,user:email,workflow...
2025-05-30 06:05:34.938 [info] Got 1 sessions for read:user,repo,user:email,workflow...
2025-05-30 06:05:34.938 [info] Getting sessions for read:user,repo,user:email...
2025-05-30 06:05:34.938 [info] Got 1 sessions for read:user,repo,user:email...
2025-05-30 06:05:34.941 [info] Getting sessions for read:user,repo,user:email...
2025-05-30 06:05:34.941 [info] Got 1 sessions for read:user,repo,user:email...
2025-05-30 06:05:34.943 [info] Getting sessions for read:user,repo,user:email...
2025-05-30 06:05:34.943 [info] Got 1 sessions for read:user,repo,user:email...
2025-05-30 06:05:34.945 [info] Getting sessions for read:user,repo,user:email...
2025-05-30 06:05:34.945 [info] Got 1 sessions for read:user,repo,user:email...
2025-05-30 06:05:34.946 [info] Getting sessions for read:user,repo,user:email...
2025-05-30 06:05:34.946 [info] Got 1 sessions for read:user,repo,user:email...
2025-05-30 06:05:34.948 [info] Getting sessions for read:user,repo,user:email...
2025-05-30 06:05:34.948 [info] Got 1 sessions for read:user,repo,user:email...
2025-05-30 06:05:34.949 [info] Getting sessions for read:user,repo,user:email...
2025-05-30 06:05:34.949 [info] Got 1 sessions for read:user,repo,user:email...
