2025-05-27 06:24:45.797 [info] GitLens v17.1.1 activating in Visual Studio Code (1.100.2) on the desktop; language='en', logLevel='warn', defaultDateLocale='null' (7e947851f0e3ba4c83a0cac448eb219c0c7f63e20c23126fdf5ab2ae15547421|511a9925-3d52-4745-af78-75e27d0a74881748307281024)
To enable debug logging, set `"gitlens.outputLevel": "debug"` or run "GitLens: Enable Debug Logging" from the Command Palette
[2025-05-27 00:54:45.641] Warning(/usr/bin/git -c core.quotepath=false -c color.ui=false rev-parse --show-toplevel): fatal: not a git repository (or any parent up to mount point /)
Stopping at filesystem boundary (GIT_DISCOVERY_ACROSS_FILESYSTEM not set).

[2025-05-27 00:54:45.642] [GIT          ] [/home/bhavya/.config/hypr] git rev-parse --show-toplevel • not a git repository (or any parent up to mount point /) • Stopping at filesystem boundary (GIT_DISCOVERY_ACROSS_FILESYSTEM not set). [41ms]

2025-05-27 06:25:21.628 [info] [2025-05-27 00:55:21.127] Warning(/usr/bin/git -c core.quotepath=false -c color.ui=false rev-parse --show-toplevel): fatal: not a git repository (or any parent up to mount point /)
Stopping at filesystem boundary (GIT_DISCOVERY_ACROSS_FILESYSTEM not set).

[2025-05-27 00:55:21.127] [GIT          ] [/home/bhavya/.config/hypr/conf] git rev-parse --show-toplevel • not a git repository (or any parent up to mount point /) • Stopping at filesystem boundary (GIT_DISCOVERY_ACROSS_FILESYSTEM not set). [18ms]

2025-05-27 06:29:35.521 [info] [2025-05-27 00:59:35.020] Warning(/usr/bin/git -c core.quotepath=false -c color.ui=false rev-parse --show-toplevel): fatal: not a git repository (or any parent up to mount point /)
Stopping at filesystem boundary (GIT_DISCOVERY_ACROSS_FILESYSTEM not set).

[2025-05-27 00:59:35.021] [GIT          ] [/home/bhavya/.config/hypr/conf] git rev-parse --show-toplevel • not a git repository (or any parent up to mount point /) • Stopping at filesystem boundary (GIT_DISCOVERY_ACROSS_FILESYSTEM not set). [18ms]

2025-05-27 06:36:31.470 [info] [2025-05-27 01:06:30.969] Warning(/usr/bin/git -c core.quotepath=false -c color.ui=false rev-parse --show-toplevel): fatal: not a git repository (or any parent up to mount point /)
Stopping at filesystem boundary (GIT_DISCOVERY_ACROSS_FILESYSTEM not set).

[2025-05-27 01:06:30.970] [GIT          ] [/home/bhavya/.config/hypr/scripts/wallpaper] git rev-parse --show-toplevel • not a git repository (or any parent up to mount point /) • Stopping at filesystem boundary (GIT_DISCOVERY_ACROSS_FILESYSTEM not set). [22ms]

2025-05-27 06:37:18.902 [info] [2025-05-27 01:07:18.402] Warning(/usr/bin/git -c core.quotepath=false -c color.ui=false rev-parse --show-toplevel): fatal: not a git repository (or any parent up to mount point /)
Stopping at filesystem boundary (GIT_DISCOVERY_ACROSS_FILESYSTEM not set).

[2025-05-27 01:07:18.402] [GIT          ] [/home/bhavya/.config/hypr/scripts] git rev-parse --show-toplevel • not a git repository (or any parent up to mount point /) • Stopping at filesystem boundary (GIT_DISCOVERY_ACROSS_FILESYSTEM not set). [20ms]

2025-05-27 06:41:37.499 [info] [2025-05-27 01:11:36.998] Warning(/usr/bin/git -c core.quotepath=false -c color.ui=false rev-parse --show-toplevel): fatal: not a git repository (or any parent up to mount point /)
Stopping at filesystem boundary (GIT_DISCOVERY_ACROSS_FILESYSTEM not set).

[2025-05-27 01:11:36.999] [GIT          ] [/home/bhavya/.config/hypr/scripts] git rev-parse --show-toplevel • not a git repository (or any parent up to mount point /) • Stopping at filesystem boundary (GIT_DISCOVERY_ACROSS_FILESYSTEM not set). [17ms]

2025-05-27 06:44:06.406 [info] [2025-05-27 01:14:05.906] Warning(/usr/bin/git -c core.quotepath=false -c color.ui=false rev-parse --show-toplevel): fatal: not a git repository (or any parent up to mount point /)
Stopping at filesystem boundary (GIT_DISCOVERY_ACROSS_FILESYSTEM not set).

[2025-05-27 01:14:05.906] [GIT          ] [/home/bhavya/.config/hypr/scripts/screenshot] git rev-parse --show-toplevel • not a git repository (or any parent up to mount point /) • Stopping at filesystem boundary (GIT_DISCOVERY_ACROSS_FILESYSTEM not set). [21ms]

2025-05-27 06:44:15.702 [info] [2025-05-27 01:14:15.203] Warning(/usr/bin/git -c core.quotepath=false -c color.ui=false rev-parse --show-toplevel): fatal: not a git repository (or any parent up to mount point /)
Stopping at filesystem boundary (GIT_DISCOVERY_ACROSS_FILESYSTEM not set).

[2025-05-27 01:14:15.203] [GIT          ] [/home/bhavya/.config/hypr/scripts/screenshot] git rev-parse --show-toplevel • not a git repository (or any parent up to mount point /) • Stopping at filesystem boundary (GIT_DISCOVERY_ACROSS_FILESYSTEM not set). [19ms]

2025-05-27 06:53:21.858 [info] [2025-05-27 01:23:21.357] Warning(/usr/bin/git -c core.quotepath=false -c color.ui=false rev-parse --show-toplevel): fatal: not a git repository (or any parent up to mount point /)
Stopping at filesystem boundary (GIT_DISCOVERY_ACROSS_FILESYSTEM not set).

[2025-05-27 01:23:21.358] [GIT          ] [/home/bhavya/.config/hypr/scripts] git rev-parse --show-toplevel • not a git repository (or any parent up to mount point /) • Stopping at filesystem boundary (GIT_DISCOVERY_ACROSS_FILESYSTEM not set). [18ms]

