[2025-05-26 20:56:03.798] Starting Git Graph ...
[2025-05-26 20:56:03.874] Using git (version: 2.49.0)
[2025-05-26 20:56:03.884] Started Git Graph - Ready to use!
[2025-05-26 20:56:03.884] Searching workspace for new repos ...
[2025-05-26 20:56:03.890] > git rev-parse --show-toplevel
[2025-05-26 20:56:04.175] Completed searching workspace for new repos
[2025-05-26 20:56:04.181] Successfully set Visual Studio Code Context "git-graph:codiconsSupported" to "true"
[2025-05-26 20:56:40.716] > git rev-parse --show-toplevel
[2025-05-26 20:56:52.697] > git rev-parse --show-toplevel
[2025-05-26 20:56:52.704] > git rev-parse --show-toplevel
[2025-05-26 20:56:52.712] > git rev-parse --show-toplevel
[2025-05-26 20:56:52.719] > git rev-parse --show-toplevel
[2025-05-26 20:57:02.583] > git rev-parse --show-toplevel
[2025-05-26 20:57:02.598] > git rev-parse --show-toplevel
[2025-05-26 20:57:02.615] > git rev-parse --show-toplevel
[2025-05-26 20:57:02.630] > git rev-parse --show-toplevel
[2025-05-26 20:57:02.645] > git rev-parse --show-toplevel
[2025-05-26 20:57:02.661] > git rev-parse --show-toplevel
[2025-05-26 20:57:02.676] > git rev-parse --show-toplevel
[2025-05-26 20:57:12.177] > git rev-parse --show-toplevel
[2025-05-26 20:59:10.781] > git rev-parse --show-toplevel
