2025-05-30 05:52:01.496 [info] ComputeTargetPlatform: linux-x64
2025-05-30 05:52:02.014 [info] Deleted marked for removal extension from disk ms-python.vscode-python-envs /home/bhavya/.vscode/extensions/ms-python.vscode-python-envs-0.3.11461009-linux-x64
2025-05-30 05:52:03.647 [info] ComputeTargetPlatform: linux-x64
2025-05-30 05:52:12.596 [info] Getting Manifest... bradlc.vscode-tailwindcss
2025-05-30 05:52:12.598 [info] Getting Manifest... ms-python.vscode-python-envs
2025-05-30 05:52:17.970 [info] Installing extension: bradlc.vscode-tailwindcss {"productVersion":{"version":"1.100.2","date":"2025-05-14T21:47:40.416Z"},"pinned":false,"operation":3,"isApplicationScoped":false,"profileLocation":{"$mid":1,"external":"vscode-userdata:/home/bhavya/.vscode/extensions/extensions.json","path":"/home/bhavya/.vscode/extensions/extensions.json","scheme":"vscode-userdata"}}
2025-05-30 05:52:17.972 [info] Installing extension: ms-python.vscode-python-envs {"installPreReleaseVersion":true,"productVersion":{"version":"1.100.2","date":"2025-05-14T21:47:40.416Z"},"pinned":false,"operation":3,"isApplicationScoped":false,"profileLocation":{"$mid":1,"external":"vscode-userdata:/home/bhavya/.vscode/extensions/extensions.json","path":"/home/bhavya/.vscode/extensions/extensions.json","scheme":"vscode-userdata"}}
2025-05-30 05:52:25.427 [info] Extension signature verification result for bradlc.vscode-tailwindcss: Success. Internal Code: 0. Executed: true. Duration: 1270ms.
2025-05-30 05:52:25.544 [info] Extension signature verification result for ms-python.vscode-python-envs: Success. Internal Code: 0. Executed: true. Duration: 1312ms.
2025-05-30 05:52:25.547 [info] Extracted extension to file:///home/bhavya/.vscode/extensions/bradlc.vscode-tailwindcss-0.14.20: bradlc.vscode-tailwindcss
2025-05-30 05:52:25.567 [info] Renamed to /home/bhavya/.vscode/extensions/bradlc.vscode-tailwindcss-0.14.20
2025-05-30 05:52:25.589 [info] Marked extension as removed bradlc.vscode-tailwindcss-0.14.19
2025-05-30 05:52:25.635 [info] Extension installed successfully: bradlc.vscode-tailwindcss vscode-userdata:/home/bhavya/.vscode/extensions/extensions.json
2025-05-30 05:52:25.765 [info] Extracted extension to file:///home/bhavya/.vscode/extensions/ms-python.vscode-python-envs-0.3.11491748-linux-x64: ms-python.vscode-python-envs
2025-05-30 05:52:25.781 [info] Renamed to /home/bhavya/.vscode/extensions/ms-python.vscode-python-envs-0.3.11491748-linux-x64
2025-05-30 05:52:25.813 [info] Marked extension as removed ms-python.vscode-python-envs-0.3.11481010-linux-x64
2025-05-30 05:52:25.830 [info] Extension installed successfully: ms-python.vscode-python-envs vscode-userdata:/home/bhavya/.vscode/extensions/extensions.json
2025-05-30 05:56:47.111 [info] Getting Manifest... asvetliakov.vscode-neovim
2025-05-30 05:56:47.243 [info] Installing extension: asvetliakov.vscode-neovim {"isMachineScoped":false,"installPreReleaseVersion":false,"pinned":false,"profileLocation":{"$mid":1,"external":"vscode-userdata:/home/bhavya/.vscode/extensions/extensions.json","path":"/home/bhavya/.vscode/extensions/extensions.json","scheme":"vscode-userdata"},"isApplicationScoped":false,"productVersion":{"version":"1.100.2","date":"2025-05-14T21:47:40.416Z"}}
2025-05-30 05:56:54.651 [info] Extension signature verification result for asvetliakov.vscode-neovim: Success. Internal Code: 0. Executed: true. Duration: 1268ms.
2025-05-30 05:56:54.739 [info] Extracted extension to file:///home/bhavya/.vscode/extensions/asvetliakov.vscode-neovim-1.18.22: asvetliakov.vscode-neovim
2025-05-30 05:56:54.758 [info] Renamed to /home/bhavya/.vscode/extensions/asvetliakov.vscode-neovim-1.18.22
2025-05-30 05:56:54.879 [info] Extension installed successfully: asvetliakov.vscode-neovim vscode-userdata:/home/bhavya/.vscode/extensions/extensions.json
