2025-05-27 06:13:51.479 [info] Reading sessions from keychain...
2025-05-27 06:13:51.479 [info] Getting sessions for all scopes...
2025-05-27 06:13:51.479 [info] Getting sessions for all scopes...
2025-05-27 06:13:51.479 [info] Getting sessions for all scopes...
2025-05-27 06:13:51.479 [info] Getting sessions for all scopes...
2025-05-27 06:13:51.479 [info] Getting sessions for all scopes...
2025-05-27 06:13:51.479 [info] Getting sessions for all scopes...
2025-05-27 06:13:51.479 [info] Getting sessions for all scopes...
2025-05-27 06:13:51.709 [info] Got stored sessions!
2025-05-27 06:13:51.709 [info] Got 2 verified sessions.
2025-05-27 06:13:51.709 [info] Got 2 sessions for ...
2025-05-27 06:13:51.709 [info] Got 2 sessions for ...
2025-05-27 06:13:51.709 [info] Got 2 sessions for ...
2025-05-27 06:13:51.709 [info] Got 2 sessions for ...
2025-05-27 06:13:51.709 [info] Got 2 sessions for ...
2025-05-27 06:13:51.709 [info] Got 2 sessions for ...
2025-05-27 06:13:51.709 [info] Got 2 sessions for ...
2025-05-27 06:13:51.715 [info] Getting sessions for all scopes...
2025-05-27 06:13:51.715 [info] Got 2 sessions for ...
2025-05-27 06:13:51.716 [info] Getting sessions for all scopes...
2025-05-27 06:13:51.716 [info] Got 2 sessions for ...
2025-05-27 06:13:51.716 [info] Getting sessions for all scopes...
2025-05-27 06:13:51.716 [info] Got 2 sessions for ...
2025-05-27 06:13:51.717 [info] Getting sessions for all scopes...
2025-05-27 06:13:51.717 [info] Got 2 sessions for ...
2025-05-27 06:13:51.717 [info] Getting sessions for all scopes...
2025-05-27 06:13:51.717 [info] Got 2 sessions for ...
2025-05-27 06:13:51.717 [info] Getting sessions for all scopes...
2025-05-27 06:13:51.717 [info] Got 2 sessions for ...
2025-05-27 06:13:51.796 [info] Getting sessions for all scopes...
2025-05-27 06:13:51.796 [info] Got 2 sessions for ...
2025-05-27 06:13:52.143 [info] Getting sessions for all scopes...
2025-05-27 06:13:52.143 [info] Got 2 sessions for ...
2025-05-27 06:13:52.143 [info] Getting sessions for user:email...
2025-05-27 06:13:52.143 [info] Got 1 sessions for user:email...
2025-05-27 06:13:52.511 [info] Getting sessions for all scopes...
2025-05-27 06:13:52.511 [info] Got 2 sessions for ...
2025-05-27 06:13:52.513 [info] Getting sessions for all scopes...
2025-05-27 06:13:52.513 [info] Got 2 sessions for ...
2025-05-27 06:13:52.581 [info] Getting sessions for all scopes...
2025-05-27 06:13:52.581 [info] Got 2 sessions for ...
2025-05-27 06:13:52.587 [info] Getting sessions for all scopes...
2025-05-27 06:13:52.587 [info] Got 2 sessions for ...
2025-05-27 06:13:52.611 [info] Getting sessions for all scopes...
2025-05-27 06:13:52.611 [info] Got 2 sessions for ...
2025-05-27 06:13:54.315 [info] Getting sessions for read:user,repo,user:email...
2025-05-27 06:13:54.315 [info] Got 0 sessions for read:user,repo,user:email...
2025-05-27 06:13:54.315 [info] Getting sessions for project,read:org,read:user,repo,user:email,workflow...
2025-05-27 06:13:54.315 [info] Got 0 sessions for project,read:org,read:user,repo,user:email,workflow...
2025-05-27 06:13:54.487 [info] Getting sessions for read:user,repo,user:email,workflow...
2025-05-27 06:13:54.487 [info] Got 1 sessions for read:user,repo,user:email,workflow...
