2025-05-26 23:29:17.952 [info] [2025-05-26 17:59:17.756] [        116ms] [/home/bhavya/hypr_mine] git rev-parse --show-toplevel • FAILED
2025-05-26 23:29:17.952 [info] 
Error: fatal: not a git repository (or any parent up to mount point /)
Stopping at filesystem boundary (GIT_DISCOVERY_ACROSS_FILESYSTEM not set).

2025-05-26 23:29:47.310 [info] [2025-05-26 17:59:47.310] [         19ms] [/home/bhavya/hypr_mine] git rev-parse --show-toplevel • FAILED
2025-05-26 23:29:47.310 [info] 
Error: fatal: not a git repository (or any parent up to mount point /)
Stopping at filesystem boundary (GIT_DISCOVERY_ACROSS_FILESYSTEM not set).

2025-05-26 23:32:44.253 [info] [2025-05-26 18:02:44.253] [         21ms] [/home/bhavya/hypr_mine] git rev-parse --show-toplevel • FAILED
2025-05-26 23:32:44.253 [info] 
Error: fatal: not a git repository (or any parent up to mount point /)
Stopping at filesystem boundary (GIT_DISCOVERY_ACROSS_FILESYSTEM not set).

2025-05-26 23:32:56.120 [info] [2025-05-26 18:02:56.120] [         45ms] [/home/bhavya/hypr_mine] git rev-parse --show-toplevel • FAILED
2025-05-26 23:32:56.120 [info] 
Error: fatal: not a git repository (or any parent up to mount point /)
Stopping at filesystem boundary (GIT_DISCOVERY_ACROSS_FILESYSTEM not set).

2025-05-26 23:43:37.785 [info] [2025-05-26 18:13:37.785] [         17ms] [/home/bhavya/hypr_mine] git rev-parse --show-toplevel • FAILED
2025-05-26 23:43:37.785 [info] 
Error: fatal: not a git repository (or any parent up to mount point /)
Stopping at filesystem boundary (GIT_DISCOVERY_ACROSS_FILESYSTEM not set).

2025-05-26 23:43:41.853 [info] [2025-05-26 18:13:41.853] [         16ms] [/home/bhavya/hypr_mine] git rev-parse --show-toplevel • FAILED
2025-05-26 23:43:41.853 [info] 
Error: fatal: not a git repository (or any parent up to mount point /)
Stopping at filesystem boundary (GIT_DISCOVERY_ACROSS_FILESYSTEM not set).

2025-05-27 00:21:59.075 [info] [2025-05-26 18:51:59.075] [         17ms] [/home/bhavya/hypr_mine/conf] git rev-parse --show-toplevel • FAILED
2025-05-27 00:21:59.075 [info] 
Error: fatal: not a git repository (or any parent up to mount point /)
Stopping at filesystem boundary (GIT_DISCOVERY_ACROSS_FILESYSTEM not set).

2025-05-27 00:22:07.272 [info] [2025-05-26 18:52:07.272] [         16ms] [/home/bhavya/hypr_mine/conf/monitors] git rev-parse --show-toplevel • FAILED
2025-05-27 00:22:07.272 [info] 
Error: fatal: not a git repository (or any parent up to mount point /)
Stopping at filesystem boundary (GIT_DISCOVERY_ACROSS_FILESYSTEM not set).

2025-05-27 00:22:11.233 [info] [2025-05-26 18:52:11.233] [         17ms] [/home/bhavya/hypr_mine/conf/monitors] git rev-parse --show-toplevel • FAILED
2025-05-27 00:22:11.233 [info] 
Error: fatal: not a git repository (or any parent up to mount point /)
Stopping at filesystem boundary (GIT_DISCOVERY_ACROSS_FILESYSTEM not set).

2025-05-27 00:22:12.380 [info] [2025-05-26 18:52:12.380] [         18ms] [/home/bhavya/hypr_mine/conf/monitors] git rev-parse --show-toplevel • FAILED
2025-05-27 00:22:12.380 [info] 
Error: fatal: not a git repository (or any parent up to mount point /)
Stopping at filesystem boundary (GIT_DISCOVERY_ACROSS_FILESYSTEM not set).

2025-05-27 00:22:13.531 [info] [2025-05-26 18:52:13.531] [         17ms] [/home/bhavya/hypr_mine/conf/monitors] git rev-parse --show-toplevel • FAILED
2025-05-27 00:22:13.531 [info] 
Error: fatal: not a git repository (or any parent up to mount point /)
Stopping at filesystem boundary (GIT_DISCOVERY_ACROSS_FILESYSTEM not set).

2025-05-27 00:22:14.284 [info] [2025-05-26 18:52:14.284] [         16ms] [/home/bhavya/hypr_mine/conf/monitors] git rev-parse --show-toplevel • FAILED
2025-05-27 00:22:14.284 [info] 
Error: fatal: not a git repository (or any parent up to mount point /)
Stopping at filesystem boundary (GIT_DISCOVERY_ACROSS_FILESYSTEM not set).

2025-05-27 00:22:15.101 [info] [2025-05-26 18:52:15.101] [         16ms] [/home/bhavya/hypr_mine/conf/monitors] git rev-parse --show-toplevel • FAILED
2025-05-27 00:22:15.101 [info] 
Error: fatal: not a git repository (or any parent up to mount point /)
Stopping at filesystem boundary (GIT_DISCOVERY_ACROSS_FILESYSTEM not set).

2025-05-27 00:22:32.402 [info] [2025-05-26 18:52:32.402] [         16ms] [/home/bhavya/hypr_mine/conf] git rev-parse --show-toplevel • FAILED
2025-05-27 00:22:32.402 [info] 
Error: fatal: not a git repository (or any parent up to mount point /)
Stopping at filesystem boundary (GIT_DISCOVERY_ACROSS_FILESYSTEM not set).

2025-05-27 00:23:58.615 [info] [2025-05-26 18:53:58.615] [         15ms] [/home/bhavya/hypr_mine/conf] git rev-parse --show-toplevel • FAILED
2025-05-27 00:23:58.615 [info] 
Error: fatal: not a git repository (or any parent up to mount point /)
Stopping at filesystem boundary (GIT_DISCOVERY_ACROSS_FILESYSTEM not set).

2025-05-27 00:24:33.481 [info] [2025-05-26 18:54:33.481] [         17ms] [/home/bhavya/hypr_mine/conf] git rev-parse --show-toplevel • FAILED
2025-05-27 00:24:33.481 [info] 
Error: fatal: not a git repository (or any parent up to mount point /)
Stopping at filesystem boundary (GIT_DISCOVERY_ACROSS_FILESYSTEM not set).

2025-05-27 00:24:51.560 [info] [2025-05-26 18:54:51.560] [         16ms] [/home/bhavya/hypr_mine/matt/configs] git rev-parse --show-toplevel • FAILED
2025-05-27 00:24:51.560 [info] 
Error: fatal: not a git repository (or any parent up to mount point /)
Stopping at filesystem boundary (GIT_DISCOVERY_ACROSS_FILESYSTEM not set).

2025-05-27 00:25:18.513 [info] [2025-05-26 18:55:18.513] [         16ms] [/home/bhavya/hypr_mine/conf/monitors] git rev-parse --show-toplevel • FAILED
2025-05-27 00:25:18.513 [info] 
Error: fatal: not a git repository (or any parent up to mount point /)
Stopping at filesystem boundary (GIT_DISCOVERY_ACROSS_FILESYSTEM not set).

2025-05-27 00:25:24.685 [info] [2025-05-26 18:55:24.685] [         16ms] [/home/bhavya/hypr_mine/conf/monitors] git rev-parse --show-toplevel • FAILED
2025-05-27 00:25:24.685 [info] 
Error: fatal: not a git repository (or any parent up to mount point /)
Stopping at filesystem boundary (GIT_DISCOVERY_ACROSS_FILESYSTEM not set).

2025-05-27 00:25:31.460 [info] [2025-05-26 18:55:31.460] [         16ms] [/home/bhavya/hypr_mine/conf/monitors] git rev-parse --show-toplevel • FAILED
2025-05-27 00:25:31.460 [info] 
Error: fatal: not a git repository (or any parent up to mount point /)
Stopping at filesystem boundary (GIT_DISCOVERY_ACROSS_FILESYSTEM not set).

2025-05-27 00:25:59.194 [info] [2025-05-26 18:55:59.194] [         15ms] [/home/bhavya/hypr_mine/conf] git rev-parse --show-toplevel • FAILED
2025-05-27 00:25:59.195 [info] 
Error: fatal: not a git repository (or any parent up to mount point /)
Stopping at filesystem boundary (GIT_DISCOVERY_ACROSS_FILESYSTEM not set).

2025-05-27 00:26:25.001 [info] [2025-05-26 18:56:25.001] [         17ms] [/home/bhavya/hypr_mine/conf] git rev-parse --show-toplevel • FAILED
2025-05-27 00:26:25.001 [info] 
Error: fatal: not a git repository (or any parent up to mount point /)
Stopping at filesystem boundary (GIT_DISCOVERY_ACROSS_FILESYSTEM not set).

2025-05-27 00:26:26.877 [info] [2025-05-26 18:56:26.876] [         17ms] [/home/bhavya/hypr_mine/conf] git rev-parse --show-toplevel • FAILED
2025-05-27 00:26:26.877 [info] 
Error: fatal: not a git repository (or any parent up to mount point /)
Stopping at filesystem boundary (GIT_DISCOVERY_ACROSS_FILESYSTEM not set).

2025-05-27 00:26:36.137 [info] [2025-05-26 18:56:36.137] [         17ms] [/home/bhavya/hypr_mine/conf] git rev-parse --show-toplevel • FAILED
2025-05-27 00:26:36.137 [info] 
Error: fatal: not a git repository (or any parent up to mount point /)
Stopping at filesystem boundary (GIT_DISCOVERY_ACROSS_FILESYSTEM not set).

2025-05-27 00:26:41.272 [info] [2025-05-26 18:56:41.272] [         18ms] [/home/bhavya/hypr_mine/conf/workspaces] git rev-parse --show-toplevel • FAILED
2025-05-27 00:26:41.272 [info] 
Error: fatal: not a git repository (or any parent up to mount point /)
Stopping at filesystem boundary (GIT_DISCOVERY_ACROSS_FILESYSTEM not set).

2025-05-27 00:27:51.826 [info] [2025-05-26 18:57:51.826] [         15ms] [/home/bhavya/hypr_mine/matt/plugins] git rev-parse --show-toplevel • FAILED
2025-05-27 00:27:51.826 [info] 
Error: fatal: not a git repository (or any parent up to mount point /)
Stopping at filesystem boundary (GIT_DISCOVERY_ACROSS_FILESYSTEM not set).

2025-05-27 00:28:08.431 [info] [2025-05-26 18:58:08.431] [         16ms] [/home/bhavya/hypr_mine/matt/plugins] git rev-parse --show-toplevel • FAILED
2025-05-27 00:28:08.431 [info] 
Error: fatal: not a git repository (or any parent up to mount point /)
Stopping at filesystem boundary (GIT_DISCOVERY_ACROSS_FILESYSTEM not set).

2025-05-27 00:28:22.346 [info] [2025-05-26 18:58:22.346] [          9ms] [/home/bhavya/hypr_mine/matt/configs] git rev-parse --show-toplevel • FAILED
2025-05-27 00:28:22.346 [info] 
Error: fatal: not a git repository (or any parent up to mount point /)
Stopping at filesystem boundary (GIT_DISCOVERY_ACROSS_FILESYSTEM not set).

2025-05-27 00:28:28.476 [info] [2025-05-26 18:58:28.476] [         16ms] [/home/bhavya/hypr_mine/matt/configs] git rev-parse --show-toplevel • FAILED
2025-05-27 00:28:28.476 [info] 
Error: fatal: not a git repository (or any parent up to mount point /)
Stopping at filesystem boundary (GIT_DISCOVERY_ACROSS_FILESYSTEM not set).

2025-05-27 00:28:30.382 [info] [2025-05-26 18:58:30.382] [         10ms] [/home/bhavya/hypr_mine/matt/configs] git rev-parse --show-toplevel • FAILED
2025-05-27 00:28:30.382 [info] 
Error: fatal: not a git repository (or any parent up to mount point /)
Stopping at filesystem boundary (GIT_DISCOVERY_ACROSS_FILESYSTEM not set).

2025-05-27 00:28:32.145 [info] [2025-05-26 18:58:32.145] [         11ms] [/home/bhavya/hypr_mine/matt/configs] git rev-parse --show-toplevel • FAILED
2025-05-27 00:28:32.145 [info] 
Error: fatal: not a git repository (or any parent up to mount point /)
Stopping at filesystem boundary (GIT_DISCOVERY_ACROSS_FILESYSTEM not set).

2025-05-27 00:28:35.659 [info] [2025-05-26 18:58:35.659] [         15ms] [/home/bhavya/hypr_mine/matt/configs] git rev-parse --show-toplevel • FAILED
2025-05-27 00:28:35.659 [info] 
Error: fatal: not a git repository (or any parent up to mount point /)
Stopping at filesystem boundary (GIT_DISCOVERY_ACROSS_FILESYSTEM not set).

2025-05-27 00:28:50.776 [info] [2025-05-26 18:58:50.776] [         15ms] [/home/bhavya/hypr_mine/matt/configs] git rev-parse --show-toplevel • FAILED
2025-05-27 00:28:50.776 [info] 
Error: fatal: not a git repository (or any parent up to mount point /)
Stopping at filesystem boundary (GIT_DISCOVERY_ACROSS_FILESYSTEM not set).

2025-05-27 00:37:29.359 [info] [2025-05-26 19:07:29.359] [         10ms] [/home/bhavya/hypr_mine/matt/plugins] git rev-parse --show-toplevel • FAILED
2025-05-27 00:37:29.359 [info] 
Error: fatal: not a git repository (or any parent up to mount point /)
Stopping at filesystem boundary (GIT_DISCOVERY_ACROSS_FILESYSTEM not set).

2025-05-27 00:37:35.129 [info] [2025-05-26 19:07:35.129] [         16ms] [/home/bhavya/hypr_mine/matt/plugins] git rev-parse --show-toplevel • FAILED
2025-05-27 00:37:35.129 [info] 
Error: fatal: not a git repository (or any parent up to mount point /)
Stopping at filesystem boundary (GIT_DISCOVERY_ACROSS_FILESYSTEM not set).

2025-05-27 00:37:40.514 [info] [2025-05-26 19:07:40.514] [         16ms] [/home/bhavya/hypr_mine/matt/plugins] git rev-parse --show-toplevel • FAILED
2025-05-27 00:37:40.515 [info] 
Error: fatal: not a git repository (or any parent up to mount point /)
Stopping at filesystem boundary (GIT_DISCOVERY_ACROSS_FILESYSTEM not set).

2025-05-27 00:37:49.114 [info] [2025-05-26 19:07:49.114] [         17ms] [/home/bhavya/hypr_mine/matt/plugins] git rev-parse --show-toplevel • FAILED
2025-05-27 00:37:49.114 [info] 
Error: fatal: not a git repository (or any parent up to mount point /)
Stopping at filesystem boundary (GIT_DISCOVERY_ACROSS_FILESYSTEM not set).

2025-05-27 00:38:00.758 [info] [2025-05-26 19:08:00.758] [         14ms] [/home/bhavya/hypr_mine/matt/theme] git rev-parse --show-toplevel • FAILED
2025-05-27 00:38:00.758 [info] 
Error: fatal: not a git repository (or any parent up to mount point /)
Stopping at filesystem boundary (GIT_DISCOVERY_ACROSS_FILESYSTEM not set).

2025-05-27 00:45:23.842 [info] [2025-05-26 19:15:23.842] [         16ms] [/home/bhavya/hypr_mine/conf] git rev-parse --show-toplevel • FAILED
2025-05-27 00:45:23.842 [info] 
Error: fatal: not a git repository (or any parent up to mount point /)
Stopping at filesystem boundary (GIT_DISCOVERY_ACROSS_FILESYSTEM not set).

2025-05-27 00:45:45.832 [info] [2025-05-26 19:15:45.832] [         18ms] [/home/bhavya/hypr_mine/conf] git rev-parse --show-toplevel • FAILED
2025-05-27 00:45:45.832 [info] 
Error: fatal: not a git repository (or any parent up to mount point /)
Stopping at filesystem boundary (GIT_DISCOVERY_ACROSS_FILESYSTEM not set).

2025-05-27 00:45:49.185 [info] [2025-05-26 19:15:49.185] [         16ms] [/home/bhavya/hypr_mine/conf] git rev-parse --show-toplevel • FAILED
2025-05-27 00:45:49.185 [info] 
Error: fatal: not a git repository (or any parent up to mount point /)
Stopping at filesystem boundary (GIT_DISCOVERY_ACROSS_FILESYSTEM not set).

2025-05-27 00:45:52.148 [info] [2025-05-26 19:15:52.147] [         17ms] [/home/bhavya/hypr_mine/conf] git rev-parse --show-toplevel • FAILED
2025-05-27 00:45:52.148 [info] 
Error: fatal: not a git repository (or any parent up to mount point /)
Stopping at filesystem boundary (GIT_DISCOVERY_ACROSS_FILESYSTEM not set).

2025-05-27 00:46:09.342 [info] [2025-05-26 19:16:09.342] [         16ms] [/home/bhavya/hypr_mine/conf/windows] git rev-parse --show-toplevel • FAILED
2025-05-27 00:46:09.342 [info] 
Error: fatal: not a git repository (or any parent up to mount point /)
Stopping at filesystem boundary (GIT_DISCOVERY_ACROSS_FILESYSTEM not set).

2025-05-27 00:46:17.050 [info] [2025-05-26 19:16:17.050] [         17ms] [/home/bhavya/hypr_mine/conf/windows] git rev-parse --show-toplevel • FAILED
2025-05-27 00:46:17.050 [info] 
Error: fatal: not a git repository (or any parent up to mount point /)
Stopping at filesystem boundary (GIT_DISCOVERY_ACROSS_FILESYSTEM not set).

2025-05-27 00:46:18.176 [info] [2025-05-26 19:16:18.176] [         15ms] [/home/bhavya/hypr_mine/conf/windows] git rev-parse --show-toplevel • FAILED
2025-05-27 00:46:18.176 [info] 
Error: fatal: not a git repository (or any parent up to mount point /)
Stopping at filesystem boundary (GIT_DISCOVERY_ACROSS_FILESYSTEM not set).

2025-05-27 00:46:18.889 [info] [2025-05-26 19:16:18.889] [         15ms] [/home/bhavya/hypr_mine/conf/windows] git rev-parse --show-toplevel • FAILED
2025-05-27 00:46:18.889 [info] 
Error: fatal: not a git repository (or any parent up to mount point /)
Stopping at filesystem boundary (GIT_DISCOVERY_ACROSS_FILESYSTEM not set).

2025-05-27 00:46:19.566 [info] [2025-05-26 19:16:19.566] [         16ms] [/home/bhavya/hypr_mine/conf/windows] git rev-parse --show-toplevel • FAILED
2025-05-27 00:46:19.566 [info] 
Error: fatal: not a git repository (or any parent up to mount point /)
Stopping at filesystem boundary (GIT_DISCOVERY_ACROSS_FILESYSTEM not set).

2025-05-27 00:46:22.177 [info] [2025-05-26 19:16:22.177] [         15ms] [/home/bhavya/hypr_mine/conf/windows] git rev-parse --show-toplevel • FAILED
2025-05-27 00:46:22.177 [info] 
Error: fatal: not a git repository (or any parent up to mount point /)
Stopping at filesystem boundary (GIT_DISCOVERY_ACROSS_FILESYSTEM not set).

2025-05-27 00:46:25.178 [info] [2025-05-26 19:16:25.178] [         18ms] [/home/bhavya/hypr_mine/conf/windows] git rev-parse --show-toplevel • FAILED
2025-05-27 00:46:25.178 [info] 
Error: fatal: not a git repository (or any parent up to mount point /)
Stopping at filesystem boundary (GIT_DISCOVERY_ACROSS_FILESYSTEM not set).

2025-05-27 00:46:26.437 [info] [2025-05-26 19:16:26.437] [         16ms] [/home/bhavya/hypr_mine/conf/windows] git rev-parse --show-toplevel • FAILED
2025-05-27 00:46:26.437 [info] 
Error: fatal: not a git repository (or any parent up to mount point /)
Stopping at filesystem boundary (GIT_DISCOVERY_ACROSS_FILESYSTEM not set).

2025-05-27 00:46:27.525 [info] [2025-05-26 19:16:27.525] [         17ms] [/home/bhavya/hypr_mine/conf/windows] git rev-parse --show-toplevel • FAILED
2025-05-27 00:46:27.525 [info] 
Error: fatal: not a git repository (or any parent up to mount point /)
Stopping at filesystem boundary (GIT_DISCOVERY_ACROSS_FILESYSTEM not set).

2025-05-27 00:48:16.051 [info] [2025-05-26 19:18:16.051] [         17ms] [/home/bhavya/hypr_mine/conf/environments] git rev-parse --show-toplevel • FAILED
2025-05-27 00:48:16.051 [info] 
Error: fatal: not a git repository (or any parent up to mount point /)
Stopping at filesystem boundary (GIT_DISCOVERY_ACROSS_FILESYSTEM not set).

2025-05-27 00:48:17.922 [info] [2025-05-26 19:18:17.922] [         16ms] [/home/bhavya/hypr_mine/conf/environments] git rev-parse --show-toplevel • FAILED
2025-05-27 00:48:17.922 [info] 
Error: fatal: not a git repository (or any parent up to mount point /)
Stopping at filesystem boundary (GIT_DISCOVERY_ACROSS_FILESYSTEM not set).

2025-05-27 00:48:24.027 [info] [2025-05-26 19:18:24.027] [         18ms] [/home/bhavya/hypr_mine/conf/environments] git rev-parse --show-toplevel • FAILED
2025-05-27 00:48:24.027 [info] 
Error: fatal: not a git repository (or any parent up to mount point /)
Stopping at filesystem boundary (GIT_DISCOVERY_ACROSS_FILESYSTEM not set).

2025-05-27 00:50:38.408 [info] [2025-05-26 19:20:38.408] [         17ms] [/home/bhavya/hypr_mine/matt] git rev-parse --show-toplevel • FAILED
2025-05-27 00:50:38.408 [info] 
Error: fatal: not a git repository (or any parent up to mount point /)
Stopping at filesystem boundary (GIT_DISCOVERY_ACROSS_FILESYSTEM not set).

2025-05-27 00:51:49.552 [info] [2025-05-26 19:21:49.552] [         15ms] [/home/bhavya/hypr_mine/conf] git rev-parse --show-toplevel • FAILED
2025-05-27 00:51:49.552 [info] 
Error: fatal: not a git repository (or any parent up to mount point /)
Stopping at filesystem boundary (GIT_DISCOVERY_ACROSS_FILESYSTEM not set).

2025-05-27 00:52:05.801 [info] [2025-05-26 19:22:05.801] [         15ms] [/home/bhavya/hypr_mine/conf] git rev-parse --show-toplevel • FAILED
2025-05-27 00:52:05.801 [info] 
Error: fatal: not a git repository (or any parent up to mount point /)
Stopping at filesystem boundary (GIT_DISCOVERY_ACROSS_FILESYSTEM not set).

2025-05-27 00:56:43.125 [info] [2025-05-26 19:26:43.125] [         17ms] [/home/bhavya/hypr_mine/matt/scripts/autostart] git rev-parse --show-toplevel • FAILED
2025-05-27 00:56:43.125 [info] 
Error: fatal: not a git repository (or any parent up to mount point /)
Stopping at filesystem boundary (GIT_DISCOVERY_ACROSS_FILESYSTEM not set).

2025-05-27 00:56:52.031 [info] [2025-05-26 19:26:52.031] [         16ms] [/home/bhavya/hypr_mine/matt/scripts/autostart] git rev-parse --show-toplevel • FAILED
2025-05-27 00:56:52.031 [info] 
Error: fatal: not a git repository (or any parent up to mount point /)
Stopping at filesystem boundary (GIT_DISCOVERY_ACROSS_FILESYSTEM not set).

2025-05-27 00:57:37.795 [info] [2025-05-26 19:27:37.795] [         17ms] [/home/bhavya/hypr_mine/conf] git rev-parse --show-toplevel • FAILED
2025-05-27 00:57:37.795 [info] 
Error: fatal: not a git repository (or any parent up to mount point /)
Stopping at filesystem boundary (GIT_DISCOVERY_ACROSS_FILESYSTEM not set).

2025-05-27 00:59:54.347 [info] [2025-05-26 19:29:54.347] [         16ms] [/home/bhavya/hypr_mine/scripts] git rev-parse --show-toplevel • FAILED
2025-05-27 00:59:54.347 [info] 
Error: fatal: not a git repository (or any parent up to mount point /)
Stopping at filesystem boundary (GIT_DISCOVERY_ACROSS_FILESYSTEM not set).

2025-05-27 01:02:16.815 [info] [2025-05-26 19:32:16.815] [         16ms] [/home/bhavya/hypr_mine/conf/windows] git rev-parse --show-toplevel • FAILED
2025-05-27 01:02:16.815 [info] 
Error: fatal: not a git repository (or any parent up to mount point /)
Stopping at filesystem boundary (GIT_DISCOVERY_ACROSS_FILESYSTEM not set).

2025-05-27 01:02:19.431 [info] [2025-05-26 19:32:19.431] [         16ms] [/home/bhavya/hypr_mine/conf/windows] git rev-parse --show-toplevel • FAILED
2025-05-27 01:02:19.431 [info] 
Error: fatal: not a git repository (or any parent up to mount point /)
Stopping at filesystem boundary (GIT_DISCOVERY_ACROSS_FILESYSTEM not set).

2025-05-27 01:02:48.909 [info] [2025-05-26 19:32:48.909] [         21ms] [/home/bhavya/hypr_mine/matt/theme] git rev-parse --show-toplevel • FAILED
2025-05-27 01:02:48.909 [info] 
Error: fatal: not a git repository (or any parent up to mount point /)
Stopping at filesystem boundary (GIT_DISCOVERY_ACROSS_FILESYSTEM not set).

2025-05-27 01:02:52.391 [info] [2025-05-26 19:32:52.391] [         16ms] [/home/bhavya/hypr_mine/matt/theme] git rev-parse --show-toplevel • FAILED
2025-05-27 01:02:52.391 [info] 
Error: fatal: not a git repository (or any parent up to mount point /)
Stopping at filesystem boundary (GIT_DISCOVERY_ACROSS_FILESYSTEM not set).

2025-05-27 01:02:54.752 [info] [2025-05-26 19:32:54.752] [         16ms] [/home/bhavya/hypr_mine/matt/theme] git rev-parse --show-toplevel • FAILED
2025-05-27 01:02:54.752 [info] 
Error: fatal: not a git repository (or any parent up to mount point /)
Stopping at filesystem boundary (GIT_DISCOVERY_ACROSS_FILESYSTEM not set).

2025-05-27 01:03:18.483 [info] [2025-05-26 19:33:18.483] [         16ms] [/home/bhavya/hypr_mine/matt/theme] git rev-parse --show-toplevel • FAILED
2025-05-27 01:03:18.483 [info] 
Error: fatal: not a git repository (or any parent up to mount point /)
Stopping at filesystem boundary (GIT_DISCOVERY_ACROSS_FILESYSTEM not set).

2025-05-27 01:03:34.275 [info] [2025-05-26 19:33:34.275] [         16ms] [/home/bhavya/hypr_mine/conf/decorations] git rev-parse --show-toplevel • FAILED
2025-05-27 01:03:34.275 [info] 
Error: fatal: not a git repository (or any parent up to mount point /)
Stopping at filesystem boundary (GIT_DISCOVERY_ACROSS_FILESYSTEM not set).

2025-05-27 01:03:38.031 [info] [2025-05-26 19:33:38.031] [         16ms] [/home/bhavya/hypr_mine/conf/decorations] git rev-parse --show-toplevel • FAILED
2025-05-27 01:03:38.031 [info] 
Error: fatal: not a git repository (or any parent up to mount point /)
Stopping at filesystem boundary (GIT_DISCOVERY_ACROSS_FILESYSTEM not set).

2025-05-27 01:03:39.449 [info] [2025-05-26 19:33:39.449] [         16ms] [/home/bhavya/hypr_mine/conf/decorations] git rev-parse --show-toplevel • FAILED
2025-05-27 01:03:39.449 [info] 
Error: fatal: not a git repository (or any parent up to mount point /)
Stopping at filesystem boundary (GIT_DISCOVERY_ACROSS_FILESYSTEM not set).

2025-05-27 01:03:41.883 [info] [2025-05-26 19:33:41.883] [         16ms] [/home/bhavya/hypr_mine/conf/decorations] git rev-parse --show-toplevel • FAILED
2025-05-27 01:03:41.883 [info] 
Error: fatal: not a git repository (or any parent up to mount point /)
Stopping at filesystem boundary (GIT_DISCOVERY_ACROSS_FILESYSTEM not set).

2025-05-27 01:03:42.896 [info] [2025-05-26 19:33:42.896] [         16ms] [/home/bhavya/hypr_mine/conf/decorations] git rev-parse --show-toplevel • FAILED
2025-05-27 01:03:42.897 [info] 
Error: fatal: not a git repository (or any parent up to mount point /)
Stopping at filesystem boundary (GIT_DISCOVERY_ACROSS_FILESYSTEM not set).

2025-05-27 01:03:43.857 [info] [2025-05-26 19:33:43.857] [         18ms] [/home/bhavya/hypr_mine/conf/decorations] git rev-parse --show-toplevel • FAILED
2025-05-27 01:03:43.857 [info] 
Error: fatal: not a git repository (or any parent up to mount point /)
Stopping at filesystem boundary (GIT_DISCOVERY_ACROSS_FILESYSTEM not set).

2025-05-27 01:03:45.117 [info] [2025-05-26 19:33:45.117] [         16ms] [/home/bhavya/hypr_mine/conf/decorations] git rev-parse --show-toplevel • FAILED
2025-05-27 01:03:45.117 [info] 
Error: fatal: not a git repository (or any parent up to mount point /)
Stopping at filesystem boundary (GIT_DISCOVERY_ACROSS_FILESYSTEM not set).

2025-05-27 01:04:04.815 [info] [2025-05-26 19:34:04.815] [         17ms] [/home/bhavya/hypr_mine/matt/scripts] git rev-parse --show-toplevel • FAILED
2025-05-27 01:04:04.815 [info] 
Error: fatal: not a git repository (or any parent up to mount point /)
Stopping at filesystem boundary (GIT_DISCOVERY_ACROSS_FILESYSTEM not set).

2025-05-27 01:04:15.330 [info] [2025-05-26 19:34:15.330] [         11ms] [/home/bhavya/hypr_mine/matt/scripts] git rev-parse --show-toplevel • FAILED
2025-05-27 01:04:15.330 [info] 
Error: fatal: not a git repository (or any parent up to mount point /)
Stopping at filesystem boundary (GIT_DISCOVERY_ACROSS_FILESYSTEM not set).

2025-05-27 01:04:25.125 [info] [2025-05-26 19:34:25.125] [         16ms] [/home/bhavya/hypr_mine/matt/scripts] git rev-parse --show-toplevel • FAILED
2025-05-27 01:04:25.125 [info] 
Error: fatal: not a git repository (or any parent up to mount point /)
Stopping at filesystem boundary (GIT_DISCOVERY_ACROSS_FILESYSTEM not set).

2025-05-27 01:04:31.905 [info] [2025-05-26 19:34:31.905] [         17ms] [/home/bhavya/hypr_mine/matt/scripts] git rev-parse --show-toplevel • FAILED
2025-05-27 01:04:31.905 [info] 
Error: fatal: not a git repository (or any parent up to mount point /)
Stopping at filesystem boundary (GIT_DISCOVERY_ACROSS_FILESYSTEM not set).

2025-05-27 01:04:33.586 [info] [2025-05-26 19:34:33.586] [         17ms] [/home/bhavya/hypr_mine/matt/scripts] git rev-parse --show-toplevel • FAILED
2025-05-27 01:04:33.586 [info] 
Error: fatal: not a git repository (or any parent up to mount point /)
Stopping at filesystem boundary (GIT_DISCOVERY_ACROSS_FILESYSTEM not set).

2025-05-27 01:05:13.906 [info] [2025-05-26 19:35:13.906] [         16ms] [/home/bhavya/hypr_mine/matt/configs] git rev-parse --show-toplevel • FAILED
2025-05-27 01:05:13.906 [info] 
Error: fatal: not a git repository (or any parent up to mount point /)
Stopping at filesystem boundary (GIT_DISCOVERY_ACROSS_FILESYSTEM not set).

2025-05-27 01:07:45.476 [info] [2025-05-26 19:37:45.476] [         14ms] [/home/bhavya/hypr_mine/theme] git rev-parse --show-toplevel • FAILED
2025-05-27 01:07:45.476 [info] 
Error: fatal: not a git repository (or any parent up to mount point /)
Stopping at filesystem boundary (GIT_DISCOVERY_ACROSS_FILESYSTEM not set).

2025-05-27 01:08:00.750 [info] [2025-05-26 19:38:00.750] [         19ms] [/home/bhavya/hypr_mine/matt] git rev-parse --show-toplevel • FAILED
2025-05-27 01:08:00.750 [info] 
Error: fatal: not a git repository (or any parent up to mount point /)
Stopping at filesystem boundary (GIT_DISCOVERY_ACROSS_FILESYSTEM not set).

2025-05-27 01:08:25.051 [info] [2025-05-26 19:38:25.051] [         11ms] [/home/bhavya/hypr_mine/theme] git rev-parse --show-toplevel • FAILED
2025-05-27 01:08:25.051 [info] 
Error: fatal: not a git repository (or any parent up to mount point /)
Stopping at filesystem boundary (GIT_DISCOVERY_ACROSS_FILESYSTEM not set).

2025-05-27 01:08:36.699 [info] [2025-05-26 19:38:36.699] [         15ms] [/home/bhavya/hypr_mine/theme] git rev-parse --show-toplevel • FAILED
2025-05-27 01:08:36.699 [info] 
Error: fatal: not a git repository (or any parent up to mount point /)
Stopping at filesystem boundary (GIT_DISCOVERY_ACROSS_FILESYSTEM not set).

2025-05-27 01:12:47.860 [info] [2025-05-26 19:42:47.860] [         19ms] [/home/bhavya/hypr_mine/theme] git rev-parse --show-toplevel • FAILED
2025-05-27 01:12:47.860 [info] 
Error: fatal: not a git repository (or any parent up to mount point /)
Stopping at filesystem boundary (GIT_DISCOVERY_ACROSS_FILESYSTEM not set).

2025-05-27 01:13:02.303 [info] [2025-05-26 19:43:02.303] [         10ms] [/home/bhavya/hypr_mine/theme] git rev-parse --show-toplevel • FAILED
2025-05-27 01:13:02.304 [info] 
Error: fatal: not a git repository (or any parent up to mount point /)
Stopping at filesystem boundary (GIT_DISCOVERY_ACROSS_FILESYSTEM not set).

2025-05-27 01:14:39.461 [info] [2025-05-26 19:44:39.461] [         17ms] [/home/bhavya/hypr_mine/conf] git rev-parse --show-toplevel • FAILED
2025-05-27 01:14:39.461 [info] 
Error: fatal: not a git repository (or any parent up to mount point /)
Stopping at filesystem boundary (GIT_DISCOVERY_ACROSS_FILESYSTEM not set).

2025-05-27 01:15:11.940 [info] [2025-05-26 19:45:11.940] [         17ms] [/home/bhavya/hypr_mine/conf] git rev-parse --show-toplevel • FAILED
2025-05-27 01:15:11.941 [info] 
Error: fatal: not a git repository (or any parent up to mount point /)
Stopping at filesystem boundary (GIT_DISCOVERY_ACROSS_FILESYSTEM not set).

2025-05-27 01:15:14.973 [info] [2025-05-26 19:45:14.973] [         16ms] [/home/bhavya/hypr_mine/conf/windowrules] git rev-parse --show-toplevel • FAILED
2025-05-27 01:15:14.973 [info] 
Error: fatal: not a git repository (or any parent up to mount point /)
Stopping at filesystem boundary (GIT_DISCOVERY_ACROSS_FILESYSTEM not set).

2025-05-27 01:16:22.977 [info] [2025-05-26 19:46:22.977] [         16ms] [/home/bhavya/hypr_mine/conf/layouts] git rev-parse --show-toplevel • FAILED
2025-05-27 01:16:22.977 [info] 
Error: fatal: not a git repository (or any parent up to mount point /)
Stopping at filesystem boundary (GIT_DISCOVERY_ACROSS_FILESYSTEM not set).

2025-05-27 01:16:27.793 [info] [2025-05-26 19:46:27.793] [         15ms] [/home/bhavya/hypr_mine/conf/layouts] git rev-parse --show-toplevel • FAILED
2025-05-27 01:16:27.793 [info] 
Error: fatal: not a git repository (or any parent up to mount point /)
Stopping at filesystem boundary (GIT_DISCOVERY_ACROSS_FILESYSTEM not set).

2025-05-27 01:17:35.723 [info] [2025-05-26 19:47:35.723] [         16ms] [/home/bhavya/hypr_mine/conf/animations] git rev-parse --show-toplevel • FAILED
2025-05-27 01:17:35.723 [info] 
Error: fatal: not a git repository (or any parent up to mount point /)
Stopping at filesystem boundary (GIT_DISCOVERY_ACROSS_FILESYSTEM not set).

2025-05-27 01:17:39.121 [info] [2025-05-26 19:47:39.121] [         16ms] [/home/bhavya/hypr_mine/conf/animations] git rev-parse --show-toplevel • FAILED
2025-05-27 01:17:39.122 [info] 
Error: fatal: not a git repository (or any parent up to mount point /)
Stopping at filesystem boundary (GIT_DISCOVERY_ACROSS_FILESYSTEM not set).

2025-05-27 01:17:41.441 [info] [2025-05-26 19:47:41.441] [         17ms] [/home/bhavya/hypr_mine/conf/animations] git rev-parse --show-toplevel • FAILED
2025-05-27 01:17:41.441 [info] 
Error: fatal: not a git repository (or any parent up to mount point /)
Stopping at filesystem boundary (GIT_DISCOVERY_ACROSS_FILESYSTEM not set).

2025-05-27 01:17:45.098 [info] [2025-05-26 19:47:45.098] [         11ms] [/home/bhavya/hypr_mine/conf/animations] git rev-parse --show-toplevel • FAILED
2025-05-27 01:17:45.098 [info] 
Error: fatal: not a git repository (or any parent up to mount point /)
Stopping at filesystem boundary (GIT_DISCOVERY_ACROSS_FILESYSTEM not set).

2025-05-27 01:17:46.931 [info] [2025-05-26 19:47:46.931] [         11ms] [/home/bhavya/hypr_mine/conf/animations] git rev-parse --show-toplevel • FAILED
2025-05-27 01:17:46.931 [info] 
Error: fatal: not a git repository (or any parent up to mount point /)
Stopping at filesystem boundary (GIT_DISCOVERY_ACROSS_FILESYSTEM not set).

2025-05-27 01:18:44.491 [info] [2025-05-26 19:48:44.491] [         16ms] [/home/bhavya/hypr_mine/conf/animations] git rev-parse --show-toplevel • FAILED
2025-05-27 01:18:44.491 [info] 
Error: fatal: not a git repository (or any parent up to mount point /)
Stopping at filesystem boundary (GIT_DISCOVERY_ACROSS_FILESYSTEM not set).

2025-05-27 01:20:13.108 [info] [2025-05-26 19:50:13.108] [         16ms] [/home/bhavya/hypr_mine/theme] git rev-parse --show-toplevel • FAILED
2025-05-27 01:20:13.108 [info] 
Error: fatal: not a git repository (or any parent up to mount point /)
Stopping at filesystem boundary (GIT_DISCOVERY_ACROSS_FILESYSTEM not set).

2025-05-27 01:20:39.891 [info] [2025-05-26 19:50:39.891] [         18ms] [/home/bhavya/hypr_mine/theme/animations] git rev-parse --show-toplevel • FAILED
2025-05-27 01:20:39.891 [info] 
Error: fatal: not a git repository (or any parent up to mount point /)
Stopping at filesystem boundary (GIT_DISCOVERY_ACROSS_FILESYSTEM not set).

2025-05-27 01:20:43.080 [info] [2025-05-26 19:50:43.080] [         17ms] [/home/bhavya/hypr_mine/theme/animations] git rev-parse --show-toplevel • FAILED
2025-05-27 01:20:43.080 [info] 
Error: fatal: not a git repository (or any parent up to mount point /)
Stopping at filesystem boundary (GIT_DISCOVERY_ACROSS_FILESYSTEM not set).

2025-05-27 01:20:46.712 [info] [2025-05-26 19:50:46.712] [         17ms] [/home/bhavya/hypr_mine/theme/animations] git rev-parse --show-toplevel • FAILED
2025-05-27 01:20:46.712 [info] 
Error: fatal: not a git repository (or any parent up to mount point /)
Stopping at filesystem boundary (GIT_DISCOVERY_ACROSS_FILESYSTEM not set).

2025-05-27 01:20:51.216 [info] [2025-05-26 19:50:51.216] [         17ms] [/home/bhavya/hypr_mine/theme/animations] git rev-parse --show-toplevel • FAILED
2025-05-27 01:20:51.217 [info] 
Error: fatal: not a git repository (or any parent up to mount point /)
Stopping at filesystem boundary (GIT_DISCOVERY_ACROSS_FILESYSTEM not set).

2025-05-27 01:20:52.049 [info] [2025-05-26 19:50:52.049] [         17ms] [/home/bhavya/hypr_mine/theme/animations] git rev-parse --show-toplevel • FAILED
2025-05-27 01:20:52.049 [info] 
Error: fatal: not a git repository (or any parent up to mount point /)
Stopping at filesystem boundary (GIT_DISCOVERY_ACROSS_FILESYSTEM not set).

2025-05-27 01:20:58.482 [info] [2025-05-26 19:50:58.482] [         17ms] [/home/bhavya/hypr_mine/theme/animations] git rev-parse --show-toplevel • FAILED
2025-05-27 01:20:58.482 [info] 
Error: fatal: not a git repository (or any parent up to mount point /)
Stopping at filesystem boundary (GIT_DISCOVERY_ACROSS_FILESYSTEM not set).

2025-05-27 01:21:02.208 [info] [2025-05-26 19:51:02.208] [         17ms] [/home/bhavya/hypr_mine/theme/animations] git rev-parse --show-toplevel • FAILED
2025-05-27 01:21:02.208 [info] 
Error: fatal: not a git repository (or any parent up to mount point /)
Stopping at filesystem boundary (GIT_DISCOVERY_ACROSS_FILESYSTEM not set).

2025-05-27 01:21:06.427 [info] [2025-05-26 19:51:06.427] [         17ms] [/home/bhavya/hypr_mine/theme/animations] git rev-parse --show-toplevel • FAILED
2025-05-27 01:21:06.427 [info] 
Error: fatal: not a git repository (or any parent up to mount point /)
Stopping at filesystem boundary (GIT_DISCOVERY_ACROSS_FILESYSTEM not set).

2025-05-27 01:22:22.842 [info] [2025-05-26 19:52:22.842] [         16ms] [/home/bhavya/hypr_mine/theme] git rev-parse --show-toplevel • FAILED
2025-05-27 01:22:22.842 [info] 
Error: fatal: not a git repository (or any parent up to mount point /)
Stopping at filesystem boundary (GIT_DISCOVERY_ACROSS_FILESYSTEM not set).

2025-05-27 01:45:12.986 [info] [2025-05-26 20:15:12.986] [         15ms] [/home/bhavya/hypr_mine/theme/windows] git rev-parse --show-toplevel • FAILED
2025-05-27 01:45:12.986 [info] 
Error: fatal: not a git repository (or any parent up to mount point /)
Stopping at filesystem boundary (GIT_DISCOVERY_ACROSS_FILESYSTEM not set).

2025-05-27 01:46:34.199 [info] [2025-05-26 20:16:34.199] [         16ms] [/home/bhavya/hypr_mine/theme] git rev-parse --show-toplevel • FAILED
2025-05-27 01:46:34.199 [info] 
Error: fatal: not a git repository (or any parent up to mount point /)
Stopping at filesystem boundary (GIT_DISCOVERY_ACROSS_FILESYSTEM not set).

2025-05-27 01:47:44.233 [info] [2025-05-26 20:17:44.233] [         16ms] [/home/bhavya/hypr_mine/theme/windows] git rev-parse --show-toplevel • FAILED
2025-05-27 01:47:44.233 [info] 
Error: fatal: not a git repository (or any parent up to mount point /)
Stopping at filesystem boundary (GIT_DISCOVERY_ACROSS_FILESYSTEM not set).

2025-05-27 01:47:51.157 [info] [2025-05-26 20:17:51.157] [         20ms] [/home/bhavya/hypr_mine/theme/windows] git rev-parse --show-toplevel • FAILED
2025-05-27 01:47:51.157 [info] 
Error: fatal: not a git repository (or any parent up to mount point /)
Stopping at filesystem boundary (GIT_DISCOVERY_ACROSS_FILESYSTEM not set).

2025-05-27 01:47:57.765 [info] [2025-05-26 20:17:57.765] [         21ms] [/home/bhavya/hypr_mine/theme/windows] git rev-parse --show-toplevel • FAILED
2025-05-27 01:47:57.765 [info] 
Error: fatal: not a git repository (or any parent up to mount point /)
Stopping at filesystem boundary (GIT_DISCOVERY_ACROSS_FILESYSTEM not set).

2025-05-27 01:48:03.519 [info] [2025-05-26 20:18:03.519] [         16ms] [/home/bhavya/hypr_mine/theme/windows] git rev-parse --show-toplevel • FAILED
2025-05-27 01:48:03.519 [info] 
Error: fatal: not a git repository (or any parent up to mount point /)
Stopping at filesystem boundary (GIT_DISCOVERY_ACROSS_FILESYSTEM not set).

2025-05-27 01:48:09.554 [info] [2025-05-26 20:18:09.554] [         19ms] [/home/bhavya/hypr_mine/theme/windows] git rev-parse --show-toplevel • FAILED
2025-05-27 01:48:09.554 [info] 
Error: fatal: not a git repository (or any parent up to mount point /)
Stopping at filesystem boundary (GIT_DISCOVERY_ACROSS_FILESYSTEM not set).

2025-05-27 01:48:24.122 [info] [2025-05-26 20:18:24.122] [         16ms] [/home/bhavya/hypr_mine/theme/windows] git rev-parse --show-toplevel • FAILED
2025-05-27 01:48:24.122 [info] 
Error: fatal: not a git repository (or any parent up to mount point /)
Stopping at filesystem boundary (GIT_DISCOVERY_ACROSS_FILESYSTEM not set).

2025-05-27 01:48:31.087 [info] [2025-05-26 20:18:31.087] [         17ms] [/home/bhavya/hypr_mine/theme/windows] git rev-parse --show-toplevel • FAILED
2025-05-27 01:48:31.087 [info] 
Error: fatal: not a git repository (or any parent up to mount point /)
Stopping at filesystem boundary (GIT_DISCOVERY_ACROSS_FILESYSTEM not set).

2025-05-27 01:48:37.321 [info] [2025-05-26 20:18:37.321] [         17ms] [/home/bhavya/hypr_mine/theme/windows] git rev-parse --show-toplevel • FAILED
2025-05-27 01:48:37.321 [info] 
Error: fatal: not a git repository (or any parent up to mount point /)
Stopping at filesystem boundary (GIT_DISCOVERY_ACROSS_FILESYSTEM not set).

2025-05-27 01:48:50.716 [info] [2025-05-26 20:18:50.716] [         17ms] [/home/bhavya/hypr_mine/theme/windows] git rev-parse --show-toplevel • FAILED
2025-05-27 01:48:50.716 [info] 
Error: fatal: not a git repository (or any parent up to mount point /)
Stopping at filesystem boundary (GIT_DISCOVERY_ACROSS_FILESYSTEM not set).

2025-05-27 01:49:00.257 [info] [2025-05-26 20:19:00.257] [          9ms] [/home/bhavya/hypr_mine/theme/windows] git rev-parse --show-toplevel • FAILED
2025-05-27 01:49:00.257 [info] 
Error: fatal: not a git repository (or any parent up to mount point /)
Stopping at filesystem boundary (GIT_DISCOVERY_ACROSS_FILESYSTEM not set).

2025-05-27 01:53:52.202 [info] [2025-05-26 20:23:52.202] [         11ms] [/home/bhavya/hypr_mine/theme/decorations] git rev-parse --show-toplevel • FAILED
2025-05-27 01:53:52.202 [info] 
Error: fatal: not a git repository (or any parent up to mount point /)
Stopping at filesystem boundary (GIT_DISCOVERY_ACROSS_FILESYSTEM not set).

2025-05-27 01:53:53.262 [info] [2025-05-26 20:23:53.262] [          9ms] [/home/bhavya/hypr_mine/theme/decorations] git rev-parse --show-toplevel • FAILED
2025-05-27 01:53:53.262 [info] 
Error: fatal: not a git repository (or any parent up to mount point /)
Stopping at filesystem boundary (GIT_DISCOVERY_ACROSS_FILESYSTEM not set).

2025-05-27 01:53:54.079 [info] [2025-05-26 20:23:54.079] [          9ms] [/home/bhavya/hypr_mine/theme/decorations] git rev-parse --show-toplevel • FAILED
2025-05-27 01:53:54.079 [info] 
Error: fatal: not a git repository (or any parent up to mount point /)
Stopping at filesystem boundary (GIT_DISCOVERY_ACROSS_FILESYSTEM not set).

2025-05-27 01:56:34.039 [info] [2025-05-26 20:26:34.039] [          9ms] [/home/bhavya/hypr_mine/scripts] git rev-parse --show-toplevel • FAILED
2025-05-27 01:56:34.039 [info] 
Error: fatal: not a git repository (or any parent up to mount point /)
Stopping at filesystem boundary (GIT_DISCOVERY_ACROSS_FILESYSTEM not set).

2025-05-27 02:01:51.113 [info] [2025-05-26 20:31:51.113] [         19ms] [/home/bhavya/hypr_mine/theme/decorations] git rev-parse --show-toplevel • FAILED
2025-05-27 02:01:51.113 [info] 
Error: fatal: not a git repository (or any parent up to mount point /)
Stopping at filesystem boundary (GIT_DISCOVERY_ACROSS_FILESYSTEM not set).

2025-05-27 02:06:48.737 [info] [2025-05-26 20:36:48.737] [         12ms] [/home/bhavya/hypr_mine] git rev-parse --show-toplevel • FAILED
2025-05-27 02:06:48.737 [info] 
Error: fatal: not a git repository (or any parent up to mount point /)
Stopping at filesystem boundary (GIT_DISCOVERY_ACROSS_FILESYSTEM not set).

2025-05-27 02:17:07.020 [info] [2025-05-26 20:47:07.020] [         18ms] [/home/bhavya/hypr_mine/matt/scripts] git rev-parse --show-toplevel • FAILED
2025-05-27 02:17:07.020 [info] 
Error: fatal: not a git repository (or any parent up to mount point /)
Stopping at filesystem boundary (GIT_DISCOVERY_ACROSS_FILESYSTEM not set).

2025-05-27 02:37:07.975 [info] [2025-05-26 21:07:07.975] [         20ms] [/home/bhavya/hypr_mine/conf/keybindings] git rev-parse --show-toplevel • FAILED
2025-05-27 02:37:07.975 [info] 
Error: fatal: not a git repository (or any parent up to mount point /)
Stopping at filesystem boundary (GIT_DISCOVERY_ACROSS_FILESYSTEM not set).

2025-05-27 02:37:12.027 [info] [2025-05-26 21:07:12.027] [         19ms] [/home/bhavya/hypr_mine/conf/keybindings] git rev-parse --show-toplevel • FAILED
2025-05-27 02:37:12.027 [info] 
Error: fatal: not a git repository (or any parent up to mount point /)
Stopping at filesystem boundary (GIT_DISCOVERY_ACROSS_FILESYSTEM not set).

2025-05-27 02:37:32.884 [info] [2025-05-26 21:07:32.884] [         20ms] [/home/bhavya/hypr_mine] git rev-parse --show-toplevel • FAILED
2025-05-27 02:37:32.884 [info] 
Error: fatal: not a git repository (or any parent up to mount point /)
Stopping at filesystem boundary (GIT_DISCOVERY_ACROSS_FILESYSTEM not set).

2025-05-27 02:48:50.821 [info] [2025-05-26 21:18:50.821] [         17ms] [/home/bhavya/hypr_mine/conf] git rev-parse --show-toplevel • FAILED
2025-05-27 02:48:50.821 [info] 
Error: fatal: not a git repository (or any parent up to mount point /)
Stopping at filesystem boundary (GIT_DISCOVERY_ACROSS_FILESYSTEM not set).

2025-05-27 02:56:30.593 [info] [2025-05-26 21:26:30.593] [         20ms] [/home/bhavya/hypr_mine/matt/scripts] git rev-parse --show-toplevel • FAILED
2025-05-27 02:56:30.593 [info] 
Error: fatal: not a git repository (or any parent up to mount point /)
Stopping at filesystem boundary (GIT_DISCOVERY_ACROSS_FILESYSTEM not set).

2025-05-27 02:56:41.420 [info] [2025-05-26 21:26:41.420] [         17ms] [/home/bhavya/hypr_mine/scripts] git rev-parse --show-toplevel • FAILED
2025-05-27 02:56:41.420 [info] 
Error: fatal: not a git repository (or any parent up to mount point /)
Stopping at filesystem boundary (GIT_DISCOVERY_ACROSS_FILESYSTEM not set).

2025-05-27 02:56:44.306 [info] [2025-05-26 21:26:44.306] [         19ms] [/home/bhavya/hypr_mine/scripts] git rev-parse --show-toplevel • FAILED
2025-05-27 02:56:44.307 [info] 
Error: fatal: not a git repository (or any parent up to mount point /)
Stopping at filesystem boundary (GIT_DISCOVERY_ACROSS_FILESYSTEM not set).

2025-05-27 02:56:45.641 [info] [2025-05-26 21:26:45.641] [         17ms] [/home/bhavya/hypr_mine/scripts] git rev-parse --show-toplevel • FAILED
2025-05-27 02:56:45.641 [info] 
Error: fatal: not a git repository (or any parent up to mount point /)
Stopping at filesystem boundary (GIT_DISCOVERY_ACROSS_FILESYSTEM not set).

2025-05-27 02:56:46.559 [info] [2025-05-26 21:26:46.559] [         17ms] [/home/bhavya/hypr_mine/scripts] git rev-parse --show-toplevel • FAILED
2025-05-27 02:56:46.559 [info] 
Error: fatal: not a git repository (or any parent up to mount point /)
Stopping at filesystem boundary (GIT_DISCOVERY_ACROSS_FILESYSTEM not set).

2025-05-27 02:56:49.088 [info] [2025-05-26 21:26:49.088] [         20ms] [/home/bhavya/hypr_mine/scripts/arch] git rev-parse --show-toplevel • FAILED
2025-05-27 02:56:49.088 [info] 
Error: fatal: not a git repository (or any parent up to mount point /)
Stopping at filesystem boundary (GIT_DISCOVERY_ACROSS_FILESYSTEM not set).

2025-05-27 02:56:56.793 [info] [2025-05-26 21:26:56.793] [         18ms] [/home/bhavya/hypr_mine/scripts/arch] git rev-parse --show-toplevel • FAILED
2025-05-27 02:56:56.793 [info] 
Error: fatal: not a git repository (or any parent up to mount point /)
Stopping at filesystem boundary (GIT_DISCOVERY_ACROSS_FILESYSTEM not set).

2025-05-27 02:57:06.834 [info] [2025-05-26 21:27:06.834] [         17ms] [/home/bhavya/hypr_mine/scripts/arch] git rev-parse --show-toplevel • FAILED
2025-05-27 02:57:06.834 [info] 
Error: fatal: not a git repository (or any parent up to mount point /)
Stopping at filesystem boundary (GIT_DISCOVERY_ACROSS_FILESYSTEM not set).

2025-05-27 02:57:12.909 [info] [2025-05-26 21:27:12.909] [         19ms] [/home/bhavya/hypr_mine/scripts/arch] git rev-parse --show-toplevel • FAILED
2025-05-27 02:57:12.909 [info] 
Error: fatal: not a git repository (or any parent up to mount point /)
Stopping at filesystem boundary (GIT_DISCOVERY_ACROSS_FILESYSTEM not set).

2025-05-27 02:57:23.002 [info] [2025-05-26 21:27:23.002] [         17ms] [/home/bhavya/hypr_mine/scripts/arch] git rev-parse --show-toplevel • FAILED
2025-05-27 02:57:23.002 [info] 
Error: fatal: not a git repository (or any parent up to mount point /)
Stopping at filesystem boundary (GIT_DISCOVERY_ACROSS_FILESYSTEM not set).

2025-05-27 02:57:32.581 [info] [2025-05-26 21:27:32.581] [         17ms] [/home/bhavya/hypr_mine/scripts/arch] git rev-parse --show-toplevel • FAILED
2025-05-27 02:57:32.581 [info] 
Error: fatal: not a git repository (or any parent up to mount point /)
Stopping at filesystem boundary (GIT_DISCOVERY_ACROSS_FILESYSTEM not set).

2025-05-27 02:57:50.535 [info] [2025-05-26 21:27:50.535] [         18ms] [/home/bhavya/hypr_mine/scripts/arch] git rev-parse --show-toplevel • FAILED
2025-05-27 02:57:50.535 [info] 
Error: fatal: not a git repository (or any parent up to mount point /)
Stopping at filesystem boundary (GIT_DISCOVERY_ACROSS_FILESYSTEM not set).

2025-05-27 02:59:45.676 [info] [2025-05-26 21:29:45.676] [         19ms] [/home/bhavya/hypr_mine/scripts] git rev-parse --show-toplevel • FAILED
2025-05-27 02:59:45.676 [info] 
Error: fatal: not a git repository (or any parent up to mount point /)
Stopping at filesystem boundary (GIT_DISCOVERY_ACROSS_FILESYSTEM not set).

2025-05-27 03:41:19.788 [info] [2025-05-26 22:11:19.607] [         94ms] [/home/bhavya/hypr_mine] git rev-parse --show-toplevel • FAILED
2025-05-27 03:41:19.788 [info] 
Error: fatal: not a git repository (or any parent up to mount point /)
Stopping at filesystem boundary (GIT_DISCOVERY_ACROSS_FILESYSTEM not set).

2025-05-27 03:41:19.982 [info] [2025-05-26 22:11:19.982] [         26ms] [/home/bhavya/hypr_mine/conf] git rev-parse --show-toplevel • FAILED
2025-05-27 03:41:19.982 [info] 
Error: fatal: not a git repository (or any parent up to mount point /)
Stopping at filesystem boundary (GIT_DISCOVERY_ACROSS_FILESYSTEM not set).

2025-05-27 03:41:19.982 [info] [2025-05-26 22:11:19.982] [         34ms] [/home/bhavya/hypr_mine/scripts] git rev-parse --show-toplevel • FAILED
2025-05-27 03:41:19.982 [info] 
Error: fatal: not a git repository (or any parent up to mount point /)
Stopping at filesystem boundary (GIT_DISCOVERY_ACROSS_FILESYSTEM not set).

2025-05-27 03:41:19.982 [info] [2025-05-26 22:11:19.982] [         41ms] [/home/bhavya/hypr_mine/conf/keybindings] git rev-parse --show-toplevel • FAILED
2025-05-27 03:41:19.982 [info] 
Error: fatal: not a git repository (or any parent up to mount point /)
Stopping at filesystem boundary (GIT_DISCOVERY_ACROSS_FILESYSTEM not set).

2025-05-27 03:41:19.983 [info] [2025-05-26 22:11:19.983] [         49ms] [/home/bhavya/hypr_mine] git rev-parse --show-toplevel • FAILED
2025-05-27 03:41:19.983 [info] 
Error: fatal: not a git repository (or any parent up to mount point /)
Stopping at filesystem boundary (GIT_DISCOVERY_ACROSS_FILESYSTEM not set).

2025-05-27 03:41:19.983 [info] [2025-05-26 22:11:19.983] [         58ms] [/home/bhavya/hypr_mine/matt/configs] git rev-parse --show-toplevel • FAILED
2025-05-27 03:41:19.983 [info] 
Error: fatal: not a git repository (or any parent up to mount point /)
Stopping at filesystem boundary (GIT_DISCOVERY_ACROSS_FILESYSTEM not set).

2025-05-27 03:55:19.969 [info] [2025-05-26 22:25:19.969] [         18ms] [/home/bhavya/hypr_mine/scripts] git rev-parse --show-toplevel • FAILED
2025-05-27 03:55:19.969 [info] 
Error: fatal: not a git repository (or any parent up to mount point /)
Stopping at filesystem boundary (GIT_DISCOVERY_ACROSS_FILESYSTEM not set).

2025-05-27 04:12:35.269 [info] [2025-05-26 22:42:35.269] [         16ms] [/home/bhavya/hypr_mine/scripts] git rev-parse --show-toplevel • FAILED
2025-05-27 04:12:35.269 [info] 
Error: fatal: not a git repository (or any parent up to mount point /)
Stopping at filesystem boundary (GIT_DISCOVERY_ACROSS_FILESYSTEM not set).

2025-05-27 04:12:39.844 [info] [2025-05-26 22:42:39.844] [         33ms] [/home/bhavya/hypr_mine/scripts] git rev-parse --show-toplevel • FAILED
2025-05-27 04:12:39.844 [info] 
Error: fatal: not a git repository (or any parent up to mount point /)
Stopping at filesystem boundary (GIT_DISCOVERY_ACROSS_FILESYSTEM not set).

2025-05-27 04:26:58.074 [info] [2025-05-26 22:56:58.074] [         20ms] [/home/bhavya/hypr_mine/scripts] git rev-parse --show-toplevel • FAILED
2025-05-27 04:26:58.074 [info] 
Error: fatal: not a git repository (or any parent up to mount point /)
Stopping at filesystem boundary (GIT_DISCOVERY_ACROSS_FILESYSTEM not set).

2025-05-27 04:29:17.489 [info] [2025-05-26 22:59:17.489] [         16ms] [/home/bhavya/hypr_mine/scripts] git rev-parse --show-toplevel • FAILED
2025-05-27 04:29:17.489 [info] 
Error: fatal: not a git repository (or any parent up to mount point /)
Stopping at filesystem boundary (GIT_DISCOVERY_ACROSS_FILESYSTEM not set).

2025-05-27 04:32:50.325 [info] [2025-05-26 23:02:50.325] [         16ms] [/home/bhavya/hypr_mine/scripts] git rev-parse --show-toplevel • FAILED
2025-05-27 04:32:50.325 [info] 
Error: fatal: not a git repository (or any parent up to mount point /)
Stopping at filesystem boundary (GIT_DISCOVERY_ACROSS_FILESYSTEM not set).

2025-05-27 04:38:26.789 [info] [2025-05-26 23:08:26.789] [         27ms] [/home/bhavya/hypr_mine/scripts] git rev-parse --show-toplevel • FAILED
2025-05-27 04:38:26.789 [info] 
Error: fatal: not a git repository (or any parent up to mount point /)
Stopping at filesystem boundary (GIT_DISCOVERY_ACROSS_FILESYSTEM not set).

2025-05-27 04:39:58.013 [info] [2025-05-26 23:09:58.013] [         17ms] [/home/bhavya/hypr_mine/scripts] git rev-parse --show-toplevel • FAILED
2025-05-27 04:39:58.013 [info] 
Error: fatal: not a git repository (or any parent up to mount point /)
Stopping at filesystem boundary (GIT_DISCOVERY_ACROSS_FILESYSTEM not set).

2025-05-27 04:40:25.366 [info] [2025-05-26 23:10:25.366] [         21ms] [/home/bhavya/hypr_mine/scripts] git rev-parse --show-toplevel • FAILED
2025-05-27 04:40:25.366 [info] 
Error: fatal: not a git repository (or any parent up to mount point /)
Stopping at filesystem boundary (GIT_DISCOVERY_ACROSS_FILESYSTEM not set).

2025-05-27 04:41:00.104 [info] [2025-05-26 23:11:00.104] [         15ms] [/home/bhavya/hypr_mine/scripts] git rev-parse --show-toplevel • FAILED
2025-05-27 04:41:00.104 [info] 
Error: fatal: not a git repository (or any parent up to mount point /)
Stopping at filesystem boundary (GIT_DISCOVERY_ACROSS_FILESYSTEM not set).

2025-05-27 04:41:01.301 [info] [2025-05-26 23:11:01.301] [         19ms] [/home/bhavya/hypr_mine/scripts] git rev-parse --show-toplevel • FAILED
2025-05-27 04:41:01.301 [info] 
Error: fatal: not a git repository (or any parent up to mount point /)
Stopping at filesystem boundary (GIT_DISCOVERY_ACROSS_FILESYSTEM not set).

2025-05-27 04:43:51.988 [info] [2025-05-26 23:13:51.988] [         15ms] [/home/bhavya/hypr_mine/scripts] git rev-parse --show-toplevel • FAILED
2025-05-27 04:43:51.989 [info] 
Error: fatal: not a git repository (or any parent up to mount point /)
Stopping at filesystem boundary (GIT_DISCOVERY_ACROSS_FILESYSTEM not set).

2025-05-27 04:48:27.498 [info] [2025-05-26 23:18:27.498] [         15ms] [/home/bhavya/hypr_mine/scripts] git rev-parse --show-toplevel • FAILED
2025-05-27 04:48:27.498 [info] 
Error: fatal: not a git repository (or any parent up to mount point /)
Stopping at filesystem boundary (GIT_DISCOVERY_ACROSS_FILESYSTEM not set).

2025-05-27 04:49:21.529 [info] [2025-05-26 23:19:21.529] [         15ms] [/home/bhavya/hypr_mine/scripts] git rev-parse --show-toplevel • FAILED
2025-05-27 04:49:21.529 [info] 
Error: fatal: not a git repository (or any parent up to mount point /)
Stopping at filesystem boundary (GIT_DISCOVERY_ACROSS_FILESYSTEM not set).

2025-05-27 04:50:55.869 [info] [2025-05-26 23:20:55.869] [         17ms] [/home/bhavya/hypr_mine/scripts] git rev-parse --show-toplevel • FAILED
2025-05-27 04:50:55.869 [info] 
Error: fatal: not a git repository (or any parent up to mount point /)
Stopping at filesystem boundary (GIT_DISCOVERY_ACROSS_FILESYSTEM not set).

2025-05-27 04:54:04.064 [info] [2025-05-26 23:24:04.064] [         15ms] [/home/bhavya/hypr_mine/scripts] git rev-parse --show-toplevel • FAILED
2025-05-27 04:54:04.064 [info] 
Error: fatal: not a git repository (or any parent up to mount point /)
Stopping at filesystem boundary (GIT_DISCOVERY_ACROSS_FILESYSTEM not set).

2025-05-27 04:54:20.698 [info] [2025-05-26 23:24:20.698] [         22ms] [/home/bhavya/hypr_mine/scripts] git rev-parse --show-toplevel • FAILED
2025-05-27 04:54:20.698 [info] 
Error: fatal: not a git repository (or any parent up to mount point /)
Stopping at filesystem boundary (GIT_DISCOVERY_ACROSS_FILESYSTEM not set).

2025-05-27 04:54:30.610 [info] [2025-05-26 23:24:30.610] [         31ms] [/home/bhavya/hypr_mine/scripts] git rev-parse --show-toplevel • FAILED
2025-05-27 04:54:30.610 [info] 
Error: fatal: not a git repository (or any parent up to mount point /)
Stopping at filesystem boundary (GIT_DISCOVERY_ACROSS_FILESYSTEM not set).

2025-05-27 04:54:45.040 [info] [2025-05-26 23:24:45.040] [         19ms] [/home/bhavya/hypr_mine/scripts] git rev-parse --show-toplevel • FAILED
2025-05-27 04:54:45.040 [info] 
Error: fatal: not a git repository (or any parent up to mount point /)
Stopping at filesystem boundary (GIT_DISCOVERY_ACROSS_FILESYSTEM not set).

2025-05-27 04:54:45.760 [info] [2025-05-26 23:24:45.760] [         29ms] [/home/bhavya/hypr_mine/scripts] git rev-parse --show-toplevel • FAILED
2025-05-27 04:54:45.760 [info] 
Error: fatal: not a git repository (or any parent up to mount point /)
Stopping at filesystem boundary (GIT_DISCOVERY_ACROSS_FILESYSTEM not set).

2025-05-27 04:55:16.442 [info] [2025-05-26 23:25:16.442] [         16ms] [/home/bhavya/hypr_mine/scripts] git rev-parse --show-toplevel • FAILED
2025-05-27 04:55:16.442 [info] 
Error: fatal: not a git repository (or any parent up to mount point /)
Stopping at filesystem boundary (GIT_DISCOVERY_ACROSS_FILESYSTEM not set).

2025-05-27 05:03:03.456 [info] [2025-05-26 23:33:03.456] [         31ms] [/home/bhavya/hypr_mine/scripts] git rev-parse --show-toplevel • FAILED
2025-05-27 05:03:03.456 [info] 
Error: fatal: not a git repository (or any parent up to mount point /)
Stopping at filesystem boundary (GIT_DISCOVERY_ACROSS_FILESYSTEM not set).

2025-05-27 05:05:12.920 [info] [2025-05-26 23:35:12.920] [         17ms] [/home/bhavya/hypr_mine/scripts] git rev-parse --show-toplevel • FAILED
2025-05-27 05:05:12.920 [info] 
Error: fatal: not a git repository (or any parent up to mount point /)
Stopping at filesystem boundary (GIT_DISCOVERY_ACROSS_FILESYSTEM not set).

2025-05-27 05:20:18.881 [info] [2025-05-26 23:50:18.881] [         15ms] [/home/bhavya/hypr_mine] git rev-parse --show-toplevel • FAILED
2025-05-27 05:20:18.881 [info] 
Error: fatal: not a git repository (or any parent up to mount point /)
Stopping at filesystem boundary (GIT_DISCOVERY_ACROSS_FILESYSTEM not set).

2025-05-27 05:30:23.509 [info] [2025-05-27 00:00:23.508] [         17ms] [/home/bhavya/hypr_mine/scripts] git rev-parse --show-toplevel • FAILED
2025-05-27 05:30:23.509 [info] 
Error: fatal: not a git repository (or any parent up to mount point /)
Stopping at filesystem boundary (GIT_DISCOVERY_ACROSS_FILESYSTEM not set).

2025-05-27 05:33:44.599 [info] [2025-05-27 00:03:44.599] [         31ms] [/home/bhavya/hypr_mine/scripts] git rev-parse --show-toplevel • FAILED
2025-05-27 05:33:44.599 [info] 
Error: fatal: not a git repository (or any parent up to mount point /)
Stopping at filesystem boundary (GIT_DISCOVERY_ACROSS_FILESYSTEM not set).

2025-05-27 05:33:53.562 [info] [2025-05-27 00:03:53.562] [          8ms] [/home/bhavya/hypr_mine/scripts/wallpaper] git rev-parse --show-toplevel • FAILED
2025-05-27 05:33:53.562 [info] 
Error: fatal: not a git repository (or any parent up to mount point /)
Stopping at filesystem boundary (GIT_DISCOVERY_ACROSS_FILESYSTEM not set).

2025-05-27 05:35:34.568 [info] [2025-05-27 00:05:34.568] [         17ms] [/home/bhavya/hypr_mine/conf] git rev-parse --show-toplevel • FAILED
2025-05-27 05:35:34.568 [info] 
Error: fatal: not a git repository (or any parent up to mount point /)
Stopping at filesystem boundary (GIT_DISCOVERY_ACROSS_FILESYSTEM not set).

2025-05-27 05:37:00.527 [info] [2025-05-27 00:07:00.527] [         17ms] [/home/bhavya/hypr_mine] git rev-parse --show-toplevel • FAILED
2025-05-27 05:37:00.527 [info] 
Error: fatal: not a git repository (or any parent up to mount point /)
Stopping at filesystem boundary (GIT_DISCOVERY_ACROSS_FILESYSTEM not set).

2025-05-27 05:37:37.082 [info] [2025-05-27 00:07:37.082] [         17ms] [/home/bhavya/hypr_mine/matt/scripts/autostart] git rev-parse --show-toplevel • FAILED
2025-05-27 05:37:37.082 [info] 
Error: fatal: not a git repository (or any parent up to mount point /)
Stopping at filesystem boundary (GIT_DISCOVERY_ACROSS_FILESYSTEM not set).

2025-05-27 05:37:43.375 [info] [2025-05-27 00:07:43.375] [          9ms] [/home/bhavya/hypr_mine/matt/scripts/autostart] git rev-parse --show-toplevel • FAILED
2025-05-27 05:37:43.375 [info] 
Error: fatal: not a git repository (or any parent up to mount point /)
Stopping at filesystem boundary (GIT_DISCOVERY_ACROSS_FILESYSTEM not set).

2025-05-27 05:37:56.543 [info] [2025-05-27 00:07:56.543] [         23ms] [/home/bhavya/hypr_mine/conf] git rev-parse --show-toplevel • FAILED
2025-05-27 05:37:56.543 [info] 
Error: fatal: not a git repository (or any parent up to mount point /)
Stopping at filesystem boundary (GIT_DISCOVERY_ACROSS_FILESYSTEM not set).

2025-05-27 05:38:47.862 [info] [2025-05-27 00:08:47.862] [         16ms] [/home/bhavya/hypr_mine/scripts] git rev-parse --show-toplevel • FAILED
2025-05-27 05:38:47.862 [info] 
Error: fatal: not a git repository (or any parent up to mount point /)
Stopping at filesystem boundary (GIT_DISCOVERY_ACROSS_FILESYSTEM not set).

2025-05-27 05:40:28.878 [info] [2025-05-27 00:10:28.878] [         17ms] [/home/bhavya/hypr_mine/matt/scripts] git rev-parse --show-toplevel • FAILED
2025-05-27 05:40:28.878 [info] 
Error: fatal: not a git repository (or any parent up to mount point /)
Stopping at filesystem boundary (GIT_DISCOVERY_ACROSS_FILESYSTEM not set).

2025-05-27 05:47:24.739 [info] [2025-05-27 00:17:24.739] [         16ms] [/home/bhavya/hypr_mine] git rev-parse --show-toplevel • FAILED
2025-05-27 05:47:24.739 [info] 
Error: fatal: not a git repository (or any parent up to mount point /)
Stopping at filesystem boundary (GIT_DISCOVERY_ACROSS_FILESYSTEM not set).

2025-05-27 05:47:44.108 [info] [2025-05-27 00:17:44.108] [         18ms] [/home/bhavya/hypr_mine/matt] git rev-parse --show-toplevel • FAILED
2025-05-27 05:47:44.108 [info] 
Error: fatal: not a git repository (or any parent up to mount point /)
Stopping at filesystem boundary (GIT_DISCOVERY_ACROSS_FILESYSTEM not set).

2025-05-27 05:47:56.632 [info] [2025-05-27 00:17:56.632] [         17ms] [/home/bhavya/hypr_mine] git rev-parse --show-toplevel • FAILED
2025-05-27 05:47:56.632 [info] 
Error: fatal: not a git repository (or any parent up to mount point /)
Stopping at filesystem boundary (GIT_DISCOVERY_ACROSS_FILESYSTEM not set).

2025-05-27 05:49:25.186 [info] [2025-05-27 00:19:25.186] [         18ms] [/home/bhavya/hypr_mine] git rev-parse --show-toplevel • FAILED
2025-05-27 05:49:25.186 [info] 
Error: fatal: not a git repository (or any parent up to mount point /)
Stopping at filesystem boundary (GIT_DISCOVERY_ACROSS_FILESYSTEM not set).

2025-05-27 05:49:29.265 [info] [2025-05-27 00:19:29.265] [         18ms] [/home/bhavya/hypr_mine/matt] git rev-parse --show-toplevel • FAILED
2025-05-27 05:49:29.265 [info] 
Error: fatal: not a git repository (or any parent up to mount point /)
Stopping at filesystem boundary (GIT_DISCOVERY_ACROSS_FILESYSTEM not set).

2025-05-27 05:51:19.578 [info] [2025-05-27 00:21:19.578] [         16ms] [/home/bhavya/hypr_mine/matt] git rev-parse --show-toplevel • FAILED
2025-05-27 05:51:19.578 [info] 
Error: fatal: not a git repository (or any parent up to mount point /)
Stopping at filesystem boundary (GIT_DISCOVERY_ACROSS_FILESYSTEM not set).

2025-05-27 05:51:29.234 [info] [2025-05-27 00:21:29.234] [         11ms] [/home/bhavya/hypr_mine/matt] git rev-parse --show-toplevel • FAILED
2025-05-27 05:51:29.234 [info] 
Error: fatal: not a git repository (or any parent up to mount point /)
Stopping at filesystem boundary (GIT_DISCOVERY_ACROSS_FILESYSTEM not set).

2025-05-27 05:52:30.961 [info] [2025-05-27 00:22:30.961] [         17ms] [/home/bhavya/hypr_mine/matt/configs] git rev-parse --show-toplevel • FAILED
2025-05-27 05:52:30.961 [info] 
Error: fatal: not a git repository (or any parent up to mount point /)
Stopping at filesystem boundary (GIT_DISCOVERY_ACROSS_FILESYSTEM not set).

2025-05-27 05:52:41.307 [info] [2025-05-27 00:22:41.307] [         17ms] [/home/bhavya/hypr_mine/conf] git rev-parse --show-toplevel • FAILED
2025-05-27 05:52:41.307 [info] 
Error: fatal: not a git repository (or any parent up to mount point /)
Stopping at filesystem boundary (GIT_DISCOVERY_ACROSS_FILESYSTEM not set).

2025-05-27 05:55:59.188 [info] [2025-05-27 00:25:59.188] [         17ms] [/home/bhavya/hypr_mine/theme] git rev-parse --show-toplevel • FAILED
2025-05-27 05:55:59.188 [info] 
Error: fatal: not a git repository (or any parent up to mount point /)
Stopping at filesystem boundary (GIT_DISCOVERY_ACROSS_FILESYSTEM not set).

