2025-05-29 02:02:43 Loading main app package /tmp/.mount_ObsiditF7SSY/resources/obsidian.asar
2025-05-29 02:02:44 Checking for update using Github
2025-05-29 02:02:44 Success.
2025-05-29 02:02:44 Latest version is 1.8.10
2025-05-29 02:02:44 App is up to date.
2025-05-29 02:03:03 Loading main app package /tmp/.mount_ObsidiK3C5dy/resources/obsidian.asar
2025-05-29 02:03:04 Checking for update using Github
2025-05-29 02:03:04 Success.
2025-05-29 02:03:04 Latest version is 1.8.10
2025-05-29 02:03:04 App is up to date.
2025-05-29 02:04:18 Loading main app package /tmp/.mount_ObsiditonqLh/resources/obsidian.asar
2025-05-29 02:04:20 Checking for update using Github
2025-05-29 02:04:20 Success.
2025-05-29 02:04:20 Latest version is 1.8.10
2025-05-29 02:04:20 App is up to date.
2025-05-29 02:22:13 Loading main app package /tmp/.mount_obsidixvVZ5r/resources/obsidian.asar
2025-05-29 02:22:13 Checking for update using Github
2025-05-29 03:04:18 Checking for update using Github
2025-05-29 03:04:19 Success.
2025-05-29 03:04:19 Latest version is 1.8.10
2025-05-29 03:04:19 App is up to date.
2025-05-29 03:19:19 Loading main app package /tmp/.mount_obsidi2HLSbb/resources/obsidian.asar
2025-05-29 03:19:20 Checking for update using Github
2025-05-29 03:19:20 Success.
2025-05-29 03:19:20 Latest version is 1.8.10
2025-05-29 03:19:20 App is up to date.
2025-05-29 03:19:23 Loading main app package /tmp/.mount_obsidij1r2wn/resources/obsidian.asar
2025-05-29 03:19:24 Checking for update using Github
