2025-05-26 22:48:49.656 [info] GitLens v17.1.1 activating in Visual Studio Code (1.100.2) on the desktop; language='en', logLevel='warn', defaultDateLocale='null' (7e947851f0e3ba4c83a0cac448eb219c0c7f63e20c23126fdf5ab2ae15547421|d4720548-d239-4161-9e6e-1a8f392b6a421748279925554)
To enable debug logging, set `"gitlens.outputLevel": "debug"` or run "GitLens: Enable Debug Logging" from the Command Palette
[2025-05-26 17:18:49.402] Warning(/usr/bin/git -c core.quotepath=false -c color.ui=false rev-parse --show-toplevel): fatal: not a git repository (or any parent up to mount point /)
Stopping at filesystem boundary (GIT_DISCOVERY_ACROSS_FILESYSTEM not set).

[2025-05-26 17:18:49.402] [GIT          ] [/home/bhavya/.config/hypr] git rev-parse --show-toplevel • not a git repository (or any parent up to mount point /) • Stopping at filesystem boundary (GIT_DISCOVERY_ACROSS_FILESYSTEM not set). [121ms]
[2025-05-26 17:18:49.486] [            3] ProductConfigProvider.load 
FetchError: request to https://configs.gitkraken.dev/gitlens/product.json failed, reason: getaddrinfo EAI_AGAIN configs.gitkraken.dev
[2025-05-26 17:18:49.486] [            3] ProductConfigProvider.load 
FetchError: request to https://configs.gitkraken.dev/gitlens/product.json failed, reason: getaddrinfo EAI_AGAIN configs.gitkraken.dev

2025-05-26 22:48:50.062 [info] [2025-05-26 17:18:50.026] Warning(/usr/bin/git -c core.quotepath=false -c color.ui=false rev-parse --show-toplevel): fatal: not a git repository (or any parent up to mount point /)
Stopping at filesystem boundary (GIT_DISCOVERY_ACROSS_FILESYSTEM not set).

[2025-05-26 17:18:50.026] [GIT          ] [/home/bhavya/.config/hypr/ml4w] git rev-parse --show-toplevel • not a git repository (or any parent up to mount point /) • Stopping at filesystem boundary (GIT_DISCOVERY_ACROSS_FILESYSTEM not set). [14ms]

2025-05-26 22:48:51.062 [info] [2025-05-26 17:18:50.763] Warning(/usr/bin/git -c core.quotepath=false -c color.ui=false rev-parse --show-toplevel): fatal: not a git repository (or any parent up to mount point /)
Stopping at filesystem boundary (GIT_DISCOVERY_ACROSS_FILESYSTEM not set).

[2025-05-26 17:18:50.763] [GIT          ] [/home/bhavya/.config/hypr] git rev-parse --show-toplevel • not a git repository (or any parent up to mount point /) • Stopping at filesystem boundary (GIT_DISCOVERY_ACROSS_FILESYSTEM not set). [9ms]

2025-05-26 22:49:33.732 [info] GitLens v17.1.1 activating in Visual Studio Code (1.100.2) on the desktop; language='en', logLevel='warn', defaultDateLocale='null' (7e947851f0e3ba4c83a0cac448eb219c0c7f63e20c23126fdf5ab2ae15547421|524a2838-d808-4029-8df1-f57429d461011748279971007)
To enable debug logging, set `"gitlens.outputLevel": "debug"` or run "GitLens: Enable Debug Logging" from the Command Palette
[2025-05-26 17:19:33.545] [            3] ProductConfigProvider.load 
FetchError: request to https://configs.gitkraken.dev/gitlens/product.json failed, reason: getaddrinfo EAI_AGAIN configs.gitkraken.dev
[2025-05-26 17:19:33.545] [            3] ProductConfigProvider.load 
FetchError: request to https://configs.gitkraken.dev/gitlens/product.json failed, reason: getaddrinfo EAI_AGAIN configs.gitkraken.dev

2025-05-26 22:49:38.740 [info] [2025-05-26 17:19:38.301] Warning(/usr/bin/git -c core.quotepath=false -c color.ui=false rev-parse --show-toplevel): fatal: not a git repository (or any parent up to mount point /)
Stopping at filesystem boundary (GIT_DISCOVERY_ACROSS_FILESYSTEM not set).

[2025-05-26 17:19:38.302] [GIT          ] [/home/bhavya/hypr_mine] git rev-parse --show-toplevel • not a git repository (or any parent up to mount point /) • Stopping at filesystem boundary (GIT_DISCOVERY_ACROSS_FILESYSTEM not set). [15ms]

2025-05-26 22:49:48.216 [info] [2025-05-26 17:19:47.716] Warning(/usr/bin/git -c core.quotepath=false -c color.ui=false rev-parse --show-toplevel): fatal: not a git repository (or any parent up to mount point /)
Stopping at filesystem boundary (GIT_DISCOVERY_ACROSS_FILESYSTEM not set).

[2025-05-26 17:19:47.717] [GIT          ] [/home/bhavya/hypr_mine/hypr] git rev-parse --show-toplevel • not a git repository (or any parent up to mount point /) • Stopping at filesystem boundary (GIT_DISCOVERY_ACROSS_FILESYSTEM not set). [10ms]

2025-05-26 22:51:06.595 [info] [2025-05-26 17:21:06.094] Warning(/usr/bin/git -c core.quotepath=false -c color.ui=false rev-parse --show-toplevel): fatal: not a git repository (or any parent up to mount point /)
Stopping at filesystem boundary (GIT_DISCOVERY_ACROSS_FILESYSTEM not set).

[2025-05-26 17:21:06.095] [GIT          ] [/home/bhavya/hypr_mine/.vscode] git rev-parse --show-toplevel • not a git repository (or any parent up to mount point /) • Stopping at filesystem boundary (GIT_DISCOVERY_ACROSS_FILESYSTEM not set). [20ms]

2025-05-26 22:51:40.561 [info] [2025-05-26 17:21:40.060] Warning(/usr/bin/git -c core.quotepath=false -c color.ui=false rev-parse --show-toplevel): fatal: not a git repository (or any parent up to mount point /)
Stopping at filesystem boundary (GIT_DISCOVERY_ACROSS_FILESYSTEM not set).

[2025-05-26 17:21:40.060] [GIT          ] [/home/bhavya/hypr_mine/hypr] git rev-parse --show-toplevel • not a git repository (or any parent up to mount point /) • Stopping at filesystem boundary (GIT_DISCOVERY_ACROSS_FILESYSTEM not set). [16ms]

2025-05-26 22:51:50.209 [info] [2025-05-26 17:21:49.708] Warning(/usr/bin/git -c core.quotepath=false -c color.ui=false rev-parse --show-toplevel): fatal: not a git repository (or any parent up to mount point /)
Stopping at filesystem boundary (GIT_DISCOVERY_ACROSS_FILESYSTEM not set).

[2025-05-26 17:21:49.709] [GIT          ] [/home/bhavya/hypr_mine/hypr] git rev-parse --show-toplevel • not a git repository (or any parent up to mount point /) • Stopping at filesystem boundary (GIT_DISCOVERY_ACROSS_FILESYSTEM not set). [16ms]

