2025-05-26 22:48:49.656 [info] [2025-05-26 17:18:49.402] [        121ms] [/home/bhavya/.config/hypr] git rev-parse --show-toplevel • FAILED
2025-05-26 22:48:49.656 [info] 
Error: fatal: not a git repository (or any parent up to mount point /)
Stopping at filesystem boundary (GIT_DISCOVERY_ACROSS_FILESYSTEM not set).

2025-05-26 22:48:50.026 [info] [2025-05-26 17:18:50.026] [         14ms] [/home/bhavya/.config/hypr/ml4w] git rev-parse --show-toplevel • FAILED
2025-05-26 22:48:50.026 [info] 
Error: fatal: not a git repository (or any parent up to mount point /)
Stopping at filesystem boundary (GIT_DISCOVERY_ACROSS_FILESYSTEM not set).

2025-05-26 22:48:50.763 [info] [2025-05-26 17:18:50.763] [          9ms] [/home/bhavya/.config/hypr] git rev-parse --show-toplevel • FAILED
2025-05-26 22:48:50.763 [info] 
Error: fatal: not a git repository (or any parent up to mount point /)
Stopping at filesystem boundary (GIT_DISCOVERY_ACROSS_FILESYSTEM not set).

2025-05-26 22:49:38.305 [info] [2025-05-26 17:19:38.302] [         15ms] [/home/bhavya/hypr_mine] git rev-parse --show-toplevel • FAILED
2025-05-26 22:49:38.305 [info] 
Error: fatal: not a git repository (or any parent up to mount point /)
Stopping at filesystem boundary (GIT_DISCOVERY_ACROSS_FILESYSTEM not set).

2025-05-26 22:49:47.717 [info] [2025-05-26 17:19:47.717] [         10ms] [/home/bhavya/hypr_mine/hypr] git rev-parse --show-toplevel • FAILED
2025-05-26 22:49:47.717 [info] 
Error: fatal: not a git repository (or any parent up to mount point /)
Stopping at filesystem boundary (GIT_DISCOVERY_ACROSS_FILESYSTEM not set).

2025-05-26 22:51:06.095 [info] [2025-05-26 17:21:06.095] [         20ms] [/home/bhavya/hypr_mine/.vscode] git rev-parse --show-toplevel • FAILED
2025-05-26 22:51:06.095 [info] 
Error: fatal: not a git repository (or any parent up to mount point /)
Stopping at filesystem boundary (GIT_DISCOVERY_ACROSS_FILESYSTEM not set).

2025-05-26 22:51:40.060 [info] [2025-05-26 17:21:40.060] [         16ms] [/home/bhavya/hypr_mine/hypr] git rev-parse --show-toplevel • FAILED
2025-05-26 22:51:40.060 [info] 
Error: fatal: not a git repository (or any parent up to mount point /)
Stopping at filesystem boundary (GIT_DISCOVERY_ACROSS_FILESYSTEM not set).

2025-05-26 22:51:49.709 [info] [2025-05-26 17:21:49.709] [         16ms] [/home/bhavya/hypr_mine/hypr] git rev-parse --show-toplevel • FAILED
2025-05-26 22:51:49.709 [info] 
Error: fatal: not a git repository (or any parent up to mount point /)
Stopping at filesystem boundary (GIT_DISCOVERY_ACROSS_FILESYSTEM not set).

