2025-05-27 06:13:54.503 [info] GitLens v17.1.1 activating in Visual Studio Code (1.100.2) on the desktop; language='en', logLevel='warn', defaultDateLocale='null' (7e947851f0e3ba4c83a0cac448eb219c0c7f63e20c23126fdf5ab2ae15547421|e3e569a5-df81-43f6-95dd-903884d15ab21748306628618)
To enable debug logging, set `"gitlens.outputLevel": "debug"` or run "GitLens: Enable Debug Logging" from the Command Palette
[2025-05-27 00:43:54.313] Warning(/usr/bin/git -c core.quotepath=false -c color.ui=false rev-parse --show-toplevel): fatal: not a git repository (or any parent up to mount point /)
Stopping at filesystem boundary (GIT_DISCOVERY_ACROSS_FILESYSTEM not set).

[2025-05-27 00:43:54.313] [GIT          ] [/home/bhavya/hypr_mine] git rev-parse --show-toplevel • not a git repository (or any parent up to mount point /) • Stopping at filesystem boundary (GIT_DISCOVERY_ACROSS_FILESYSTEM not set). [94ms]

2025-05-27 06:13:55.268 [info] [2025-05-27 00:43:54.609] [            f] GitCodeLensProvider.provideCodeLenses(TextDocument(plaintext, dirty=false, file:///home/bhavya/hypr_mine/pyprland.toml)) Warning(/usr/bin/git -c core.quotepath=false -c color.ui=false rev-parse --show-toplevel): fatal: not a git repository (or any parent up to mount point /)
Stopping at filesystem boundary (GIT_DISCOVERY_ACROSS_FILESYSTEM not set).

[2025-05-27 00:43:54.609] [GIT          ] [/home/bhavya/hypr_mine] git rev-parse --show-toplevel • not a git repository (or any parent up to mount point /) • Stopping at filesystem boundary (GIT_DISCOVERY_ACROSS_FILESYSTEM not set). [42ms]

2025-05-27 06:14:30.486 [info] [2025-05-27 00:44:29.986] Warning(/usr/bin/git -c core.quotepath=false -c color.ui=false rev-parse --show-toplevel): fatal: not a git repository (or any parent up to mount point /)
Stopping at filesystem boundary (GIT_DISCOVERY_ACROSS_FILESYSTEM not set).

[2025-05-27 00:44:29.986] [GIT          ] [/home/bhavya/hypr_mine] git rev-parse --show-toplevel • not a git repository (or any parent up to mount point /) • Stopping at filesystem boundary (GIT_DISCOVERY_ACROSS_FILESYSTEM not set). [19ms]

2025-05-27 06:14:31.987 [info] [2025-05-27 00:44:31.584] Warning(/usr/bin/git -c core.quotepath=false -c color.ui=false rev-parse --show-toplevel): fatal: not a git repository (or any parent up to mount point /)
Stopping at filesystem boundary (GIT_DISCOVERY_ACROSS_FILESYSTEM not set).

[2025-05-27 00:44:31.584] [GIT          ] [/home/bhavya/hypr_mine] git rev-parse --show-toplevel • not a git repository (or any parent up to mount point /) • Stopping at filesystem boundary (GIT_DISCOVERY_ACROSS_FILESYSTEM not set). [18ms]

2025-05-27 06:15:04.131 [info] [2025-05-27 00:45:03.631] Warning(/usr/bin/git -c core.quotepath=false -c color.ui=false rev-parse --show-toplevel): fatal: not a git repository (or any parent up to mount point /)
Stopping at filesystem boundary (GIT_DISCOVERY_ACROSS_FILESYSTEM not set).

[2025-05-27 00:45:03.631] [GIT          ] [/home/bhavya/hypr_mine/.vscode] git rev-parse --show-toplevel • not a git repository (or any parent up to mount point /) • Stopping at filesystem boundary (GIT_DISCOVERY_ACROSS_FILESYSTEM not set). [19ms]

2025-05-27 06:17:37.553 [info] [2025-05-27 00:47:37.052] Warning(/usr/bin/git -c core.quotepath=false -c color.ui=false rev-parse --show-toplevel): fatal: not a git repository (or any parent up to mount point /)
Stopping at filesystem boundary (GIT_DISCOVERY_ACROSS_FILESYSTEM not set).

[2025-05-27 00:47:37.053] [GIT          ] [/home/bhavya/hypr_mine/conf] git rev-parse --show-toplevel • not a git repository (or any parent up to mount point /) • Stopping at filesystem boundary (GIT_DISCOVERY_ACROSS_FILESYSTEM not set). [16ms]

2025-05-27 06:18:34.863 [info] [2025-05-27 00:48:34.363] Warning(/usr/bin/git -c core.quotepath=false -c color.ui=false rev-parse --show-toplevel): fatal: not a git repository (or any parent up to mount point /)
Stopping at filesystem boundary (GIT_DISCOVERY_ACROSS_FILESYSTEM not set).

[2025-05-27 00:48:34.363] [GIT          ] [/home/bhavya/hypr_mine] git rev-parse --show-toplevel • not a git repository (or any parent up to mount point /) • Stopping at filesystem boundary (GIT_DISCOVERY_ACROSS_FILESYSTEM not set). [19ms]

2025-05-27 06:19:37.268 [info] [2025-05-27 00:49:36.768] Warning(/usr/bin/git -c core.quotepath=false -c color.ui=false rev-parse --show-toplevel): fatal: not a git repository (or any parent up to mount point /)
Stopping at filesystem boundary (GIT_DISCOVERY_ACROSS_FILESYSTEM not set).

[2025-05-27 00:49:36.768] [GIT          ] [/home/bhavya/hypr_mine/theme] git rev-parse --show-toplevel • not a git repository (or any parent up to mount point /) • Stopping at filesystem boundary (GIT_DISCOVERY_ACROSS_FILESYSTEM not set). [18ms]

2025-05-27 06:20:01.509 [info] [2025-05-27 00:50:01.009] Warning(/usr/bin/git -c core.quotepath=false -c color.ui=false rev-parse --show-toplevel): fatal: not a git repository (or any parent up to mount point /)
Stopping at filesystem boundary (GIT_DISCOVERY_ACROSS_FILESYSTEM not set).

[2025-05-27 00:50:01.009] [GIT          ] [/home/bhavya/hypr_mine/theme] git rev-parse --show-toplevel • not a git repository (or any parent up to mount point /) • Stopping at filesystem boundary (GIT_DISCOVERY_ACROSS_FILESYSTEM not set). [18ms]

2025-05-27 06:20:14.741 [info] [2025-05-27 00:50:14.241] Warning(/usr/bin/git -c core.quotepath=false -c color.ui=false rev-parse --show-toplevel): fatal: not a git repository (or any parent up to mount point /)
Stopping at filesystem boundary (GIT_DISCOVERY_ACROSS_FILESYSTEM not set).

[2025-05-27 00:50:14.241] [GIT          ] [/home/bhavya/hypr_mine/theme] git rev-parse --show-toplevel • not a git repository (or any parent up to mount point /) • Stopping at filesystem boundary (GIT_DISCOVERY_ACROSS_FILESYSTEM not set). [17ms]

