2025-05-27 06:13:54.503 [info] [2025-05-27 00:43:54.314] [         94ms] [/home/bhavya/hypr_mine] git rev-parse --show-toplevel • FAILED
2025-05-27 06:13:54.503 [info] 
Error: fatal: not a git repository (or any parent up to mount point /)
Stopping at filesystem boundary (GIT_DISCOVERY_ACROSS_FILESYSTEM not set).

2025-05-27 06:13:54.609 [info] [2025-05-27 00:43:54.609] [         42ms] [/home/bhavya/hypr_mine] git rev-parse --show-toplevel • FAILED
2025-05-27 06:13:54.609 [info] 
Error: fatal: not a git repository (or any parent up to mount point /)
Stopping at filesystem boundary (GIT_DISCOVERY_ACROSS_FILESYSTEM not set).

2025-05-27 06:14:29.986 [info] [2025-05-27 00:44:29.986] [         19ms] [/home/bhavya/hypr_mine] git rev-parse --show-toplevel • FAILED
2025-05-27 06:14:29.987 [info] 
Error: fatal: not a git repository (or any parent up to mount point /)
Stopping at filesystem boundary (GIT_DISCOVERY_ACROSS_FILESYSTEM not set).

2025-05-27 06:14:31.584 [info] [2025-05-27 00:44:31.584] [         18ms] [/home/bhavya/hypr_mine] git rev-parse --show-toplevel • FAILED
2025-05-27 06:14:31.584 [info] 
Error: fatal: not a git repository (or any parent up to mount point /)
Stopping at filesystem boundary (GIT_DISCOVERY_ACROSS_FILESYSTEM not set).

2025-05-27 06:15:03.632 [info] [2025-05-27 00:45:03.631] [         19ms] [/home/bhavya/hypr_mine/.vscode] git rev-parse --show-toplevel • FAILED
2025-05-27 06:15:03.632 [info] 
Error: fatal: not a git repository (or any parent up to mount point /)
Stopping at filesystem boundary (GIT_DISCOVERY_ACROSS_FILESYSTEM not set).

2025-05-27 06:17:37.053 [info] [2025-05-27 00:47:37.053] [         16ms] [/home/bhavya/hypr_mine/conf] git rev-parse --show-toplevel • FAILED
2025-05-27 06:17:37.053 [info] 
Error: fatal: not a git repository (or any parent up to mount point /)
Stopping at filesystem boundary (GIT_DISCOVERY_ACROSS_FILESYSTEM not set).

2025-05-27 06:18:34.363 [info] [2025-05-27 00:48:34.363] [         19ms] [/home/bhavya/hypr_mine] git rev-parse --show-toplevel • FAILED
2025-05-27 06:18:34.363 [info] 
Error: fatal: not a git repository (or any parent up to mount point /)
Stopping at filesystem boundary (GIT_DISCOVERY_ACROSS_FILESYSTEM not set).

2025-05-27 06:19:36.768 [info] [2025-05-27 00:49:36.768] [         18ms] [/home/bhavya/hypr_mine/theme] git rev-parse --show-toplevel • FAILED
2025-05-27 06:19:36.768 [info] 
Error: fatal: not a git repository (or any parent up to mount point /)
Stopping at filesystem boundary (GIT_DISCOVERY_ACROSS_FILESYSTEM not set).

2025-05-27 06:20:01.009 [info] [2025-05-27 00:50:01.009] [         18ms] [/home/bhavya/hypr_mine/theme] git rev-parse --show-toplevel • FAILED
2025-05-27 06:20:01.009 [info] 
Error: fatal: not a git repository (or any parent up to mount point /)
Stopping at filesystem boundary (GIT_DISCOVERY_ACROSS_FILESYSTEM not set).

2025-05-27 06:20:14.241 [info] [2025-05-27 00:50:14.241] [         17ms] [/home/bhavya/hypr_mine/theme] git rev-parse --show-toplevel • FAILED
2025-05-27 06:20:14.241 [info] 
Error: fatal: not a git repository (or any parent up to mount point /)
Stopping at filesystem boundary (GIT_DISCOVERY_ACROSS_FILESYSTEM not set).

