2025-05-27 06:55:36.812 [info] Starting Python Locator /home/bhavya/.vscode/extensions/ms-python.vscode-python-envs-0.3.11461009-linux-x64/python-env-tools/bin/pet server
2025-05-27 06:55:36.954 [info] Discovered env: /bin/python
2025-05-27 06:55:36.955 [info] Discovered env: /usr/bin/python
2025-05-27 06:55:36.955 [info] Env ("/sbin/python") in Path resolved as ResolvedPythonEnv { executable: "/sbin/python", prefix: "/usr", version: "3.13.3.final.0", is64_bit: true, symlinks: Some(["/sbin/python"]) } and reported as Some(GlobalPaths)
2025-05-27 06:55:36.955 [info] Discovered env: /sbin/python
2025-05-27 06:55:36.955 [info] Env ("/usr/sbin/python") in Path resolved as ResolvedPythonEnv { executable: "/usr/sbin/python", prefix: "/usr", version: "3.13.3.final.0", is64_bit: true, symlinks: Some(["/usr/sbin/python"]) } and reported as Some(GlobalPaths)
2025-05-27 06:55:36.956 [info] Discovered env: /usr/sbin/python
2025-05-27 06:55:36.957 [info] Env ("/sbin/python3") in Path resolved as ResolvedPythonEnv { executable: "/sbin/python3", prefix: "/usr", version: "3.13.3.final.0", is64_bit: true, symlinks: Some(["/sbin/python3"]) } and reported as Some(GlobalPaths)
2025-05-27 06:55:36.957 [info] Discovered env: /sbin/python3
2025-05-27 06:55:36.958 [info] Env ("/usr/sbin/python3") in Path resolved as ResolvedPythonEnv { executable: "/usr/sbin/python3", prefix: "/usr", version: "3.13.3.final.0", is64_bit: true, symlinks: Some(["/usr/sbin/python3"]) } and reported as Some(GlobalPaths)
2025-05-27 06:55:36.958 [info] Discovered env: /usr/sbin/python3
2025-05-27 06:55:36.959 [info] Env ("/sbin/python3.13") in Path resolved as ResolvedPythonEnv { executable: "/sbin/python3.13", prefix: "/usr", version: "3.13.3.final.0", is64_bit: true, symlinks: Some(["/sbin/python3.13"]) } and reported as Some(GlobalPaths)
2025-05-27 06:55:36.959 [info] Discovered env: /sbin/python3.13
2025-05-27 06:55:36.960 [info] Env ("/usr/sbin/python3.13") in Path resolved as ResolvedPythonEnv { executable: "/usr/sbin/python3.13", prefix: "/usr", version: "3.13.3.final.0", is64_bit: true, symlinks: Some(["/usr/sbin/python3.13"]) } and reported as Some(GlobalPaths)
2025-05-27 06:55:36.960 [info] Discovered env: /usr/sbin/python3.13
2025-05-27 06:55:36.960 [info] Locator Conda took 58.45732ms
2025-05-27 06:55:36.960 [info] Locator Homebrew took 268.863µs
2025-05-27 06:55:36.960 [info] Locator LinuxGlobal took 48.87872ms
2025-05-27 06:55:36.960 [info] Locator PipEnv took 77.098µs
2025-05-27 06:55:36.960 [info] Locator Pixi took 28.143µs
2025-05-27 06:55:36.960 [info] Locator Poetry took 955.967µs
2025-05-27 06:55:36.960 [info] Locator PyEnv took 166.975µs
2025-05-27 06:55:36.961 [info] Locator Venv took 58.662µs
2025-05-27 06:55:36.961 [info] Locator VirtualEnv took 131.429µs
2025-05-27 06:55:36.972 [info] Locator VirtualEnvWrapper took 352.107µs
2025-05-27 06:55:36.973 [info] Locator GlobalVirtualEnvs took 68.508µs
2025-05-27 06:55:36.973 [info] Locator Locators took 58.7148ms
2025-05-27 06:55:36.973 [info] Locator Path took 81.458295ms
2025-05-27 06:55:36.973 [info] Locator Workspaces took 1.849014ms
2025-05-27 06:55:36.977 [info] Telemetry:  {"event":"RefreshPerformance","data":{"refreshPerformance":{"total":81,"breakdown":{"GlobalVirtualEnvs":0,"Locators":58,"Path":81,"Workspaces":1},"locators":{"Conda":58,"Homebrew":0,"LinuxGlobal":48,"PipEnv":0,"Pixi":0,"Poetry":0,"PyEnv":0,"Venv":0,"VirtualEnv":0,"VirtualEnvWrapper":0}}}}
2025-05-27 06:55:36.977 [info] Locator GlobalVirtualEnvs took 977ns
2025-05-27 06:55:36.977 [info] Locator Locators took 907ns
2025-05-27 06:55:36.977 [info] Locator Path took 908ns
2025-05-27 06:55:36.977 [info] Locator Workspaces took 455.322µs
2025-05-27 06:55:36.983 [info] Telemetry:  {"event":"RefreshPerformance","data":{"refreshPerformance":{"total":0,"breakdown":{"GlobalVirtualEnvs":0,"Locators":0,"Path":0,"Workspaces":0},"locators":{}}}}
2025-05-27 06:55:37.037 [info] Discovered env: /usr/bin/python
2025-05-27 06:55:37.042 [info] Discovered env: /bin/python
2025-05-27 06:55:37.042 [info] Env ("/usr/sbin/python") in Path resolved as ResolvedPythonEnv { executable: "/usr/sbin/python", prefix: "/usr", version: "3.13.3.final.0", is64_bit: true, symlinks: Some(["/usr/sbin/python"]) } and reported as Some(GlobalPaths)
2025-05-27 06:55:37.042 [info] Discovered env: /usr/sbin/python
2025-05-27 06:55:37.056 [info] Env ("/usr/sbin/python3") in Path resolved as ResolvedPythonEnv { executable: "/usr/sbin/python3", prefix: "/usr", version: "3.13.3.final.0", is64_bit: true, symlinks: Some(["/usr/sbin/python3"]) } and reported as Some(GlobalPaths)
2025-05-27 06:55:37.056 [info] Discovered env: /usr/sbin/python3
2025-05-27 06:55:37.060 [info] Env ("/sbin/python") in Path resolved as ResolvedPythonEnv { executable: "/sbin/python", prefix: "/usr", version: "3.13.3.final.0", is64_bit: true, symlinks: Some(["/sbin/python"]) } and reported as Some(GlobalPaths)
2025-05-27 06:55:37.060 [info] Discovered env: /sbin/python
2025-05-27 06:55:37.068 [info] Env ("/sbin/python3") in Path resolved as ResolvedPythonEnv { executable: "/sbin/python3", prefix: "/usr", version: "3.13.3.final.0", is64_bit: true, symlinks: Some(["/sbin/python3"]) } and reported as Some(GlobalPaths)
2025-05-27 06:55:37.070 [info] Discovered env: /sbin/python3
2025-05-27 06:55:37.072 [info] Env ("/usr/sbin/python3.13") in Path resolved as ResolvedPythonEnv { executable: "/usr/sbin/python3.13", prefix: "/usr", version: "3.13.3.final.0", is64_bit: true, symlinks: Some(["/usr/sbin/python3.13"]) } and reported as Some(GlobalPaths)
2025-05-27 06:55:37.072 [info] Discovered env: /usr/sbin/python3.13
2025-05-27 06:55:37.080 [info] Env ("/sbin/python3.13") in Path resolved as ResolvedPythonEnv { executable: "/sbin/python3.13", prefix: "/usr", version: "3.13.3.final.0", is64_bit: true, symlinks: Some(["/sbin/python3.13"]) } and reported as Some(GlobalPaths)
2025-05-27 06:55:37.081 [info] Discovered env: /sbin/python3.13
2025-05-27 06:55:37.081 [info] Locator Conda took 63.685077ms
2025-05-27 06:55:37.081 [info] Locator Homebrew took 59.08µs
2025-05-27 06:55:37.081 [info] Locator LinuxGlobal took 56.085522ms
2025-05-27 06:55:37.081 [info] Locator PipEnv took 43.787µs
2025-05-27 06:55:37.081 [info] Locator Pixi took 26.258µs
2025-05-27 06:55:37.081 [info] Locator Poetry took 149.796µs
2025-05-27 06:55:37.081 [info] Locator PyEnv took 120.256µs
2025-05-27 06:55:37.082 [info] Locator Venv took 71.441µs
2025-05-27 06:55:37.082 [info] Locator VirtualEnv took 94.416µs
2025-05-27 06:55:37.082 [info] Locator VirtualEnvWrapper took 19.414µs
2025-05-27 06:55:37.082 [info] Locator GlobalVirtualEnvs took 50.63µs
2025-05-27 06:55:37.082 [info] Locator Locators took 64.071682ms
2025-05-27 06:55:37.082 [info] Locator Path took 97.898154ms
2025-05-27 06:55:37.082 [info] Locator Workspaces took 1.654873ms
2025-05-27 06:55:37.083 [info] Conda not found, turning off conda features. Error: Conda not found
    at A (/home/bhavya/.vscode/extensions/ms-python.vscode-python-envs-0.3.11461009-linux-x64/dist/extension.js:2:503099)
    at D (/home/bhavya/.vscode/extensions/ms-python.vscode-python-envs-0.3.11461009-linux-x64/dist/extension.js:2:503224)
    at t.registerCondaFeatures (/home/bhavya/.vscode/extensions/ms-python.vscode-python-envs-0.3.11461009-linux-x64/dist/extension.js:2:520052)
    at async Promise.all (index 1)
    at Immediate.<anonymous> (/home/bhavya/.vscode/extensions/ms-python.vscode-python-envs-0.3.11461009-linux-x64/dist/extension.js:2:605680)
2025-05-27 06:55:37.083 [info] Telemetry:  {"event":"RefreshPerformance","data":{"refreshPerformance":{"total":98,"breakdown":{"GlobalVirtualEnvs":0,"Locators":64,"Path":97,"Workspaces":1},"locators":{"Conda":63,"Homebrew":0,"LinuxGlobal":56,"PipEnv":0,"Pixi":0,"Poetry":0,"PyEnv":0,"Venv":0,"VirtualEnv":0,"VirtualEnvWrapper":0}}}}
2025-05-27 06:55:37.127 [info] Discovered env: /bin/python
2025-05-27 06:55:37.135 [info] Discovered env: /usr/bin/python
2025-05-27 06:55:37.135 [info] Env ("/sbin/python") in Path resolved as ResolvedPythonEnv { executable: "/sbin/python", prefix: "/usr", version: "3.13.3.final.0", is64_bit: true, symlinks: Some(["/sbin/python"]) } and reported as Some(GlobalPaths)
2025-05-27 06:55:37.135 [info] Discovered env: /sbin/python
2025-05-27 06:55:37.136 [info] Env ("/usr/sbin/python") in Path resolved as ResolvedPythonEnv { executable: "/usr/sbin/python", prefix: "/usr", version: "3.13.3.final.0", is64_bit: true, symlinks: Some(["/usr/sbin/python"]) } and reported as Some(GlobalPaths)
2025-05-27 06:55:37.137 [info] Discovered env: /usr/sbin/python
2025-05-27 06:55:37.149 [info] Env ("/usr/sbin/python3") in Path resolved as ResolvedPythonEnv { executable: "/usr/sbin/python3", prefix: "/usr", version: "3.13.3.final.0", is64_bit: true, symlinks: Some(["/usr/sbin/python3"]) } and reported as Some(GlobalPaths)
2025-05-27 06:55:37.149 [info] Env ("/sbin/python3") in Path resolved as ResolvedPythonEnv { executable: "/sbin/python3", prefix: "/usr", version: "3.13.3.final.0", is64_bit: true, symlinks: Some(["/sbin/python3"]) } and reported as Some(GlobalPaths)
2025-05-27 06:55:37.149 [info] Discovered env: /usr/sbin/python3
2025-05-27 06:55:37.150 [info] Discovered env: /sbin/python3
2025-05-27 06:55:37.162 [info] Env ("/usr/sbin/python3.13") in Path resolved as ResolvedPythonEnv { executable: "/usr/sbin/python3.13", prefix: "/usr", version: "3.13.3.final.0", is64_bit: true, symlinks: Some(["/usr/sbin/python3.13"]) } and reported as Some(GlobalPaths)
2025-05-27 06:55:37.162 [info] Discovered env: /usr/sbin/python3.13
2025-05-27 06:55:37.163 [info] Env ("/sbin/python3.13") in Path resolved as ResolvedPythonEnv { executable: "/sbin/python3.13", prefix: "/usr", version: "3.13.3.final.0", is64_bit: true, symlinks: Some(["/sbin/python3.13"]) } and reported as Some(GlobalPaths)
2025-05-27 06:55:37.163 [info] Discovered env: /sbin/python3.13
2025-05-27 06:55:37.170 [info] Locator Conda took 58.117922ms
2025-05-27 06:55:37.170 [info] Locator Homebrew took 56.776µs
2025-05-27 06:55:37.170 [info] Locator LinuxGlobal took 47.100307ms
2025-05-27 06:55:37.171 [info] Locator PipEnv took 18.716µs
2025-05-27 06:55:37.171 [info] Locator Pixi took 39.666µs
2025-05-27 06:55:37.171 [info] Locator Poetry took 111.596µs
2025-05-27 06:55:37.171 [info] Locator PyEnv took 111.666µs
2025-05-27 06:55:37.171 [info] Locator Venv took 21.02µs
2025-05-27 06:55:37.171 [info] Locator VirtualEnv took 27.305µs
2025-05-27 06:55:37.171 [info] Locator VirtualEnvWrapper took 42.739µs
2025-05-27 06:55:37.171 [info] Locator GlobalVirtualEnvs took 55.309µs
2025-05-27 06:55:37.171 [info] Locator Locators took 58.649154ms
2025-05-27 06:55:37.171 [info] Locator Path took 84.958827ms
2025-05-27 06:55:37.171 [info] Locator Workspaces took 2.871744ms
2025-05-27 06:55:37.172 [info] Pyenv not found, turning off pyenv features.
2025-05-27 06:55:37.174 [info] Telemetry:  {"event":"RefreshPerformance","data":{"refreshPerformance":{"total":85,"breakdown":{"GlobalVirtualEnvs":0,"Locators":58,"Path":84,"Workspaces":2},"locators":{"Conda":58,"Homebrew":0,"LinuxGlobal":47,"PipEnv":0,"Pixi":0,"Poetry":0,"PyEnv":0,"Venv":0,"VirtualEnv":0,"VirtualEnvWrapper":0}}}}
2025-05-27 06:55:37.175 [info] Locator GlobalVirtualEnvs took 1.955µs
2025-05-27 06:55:37.176 [info] Locator Locators took 1.467µs
2025-05-27 06:55:37.176 [info] Locator Path took 1.467µs
2025-05-27 06:55:37.176 [info] Locator Workspaces took 567.338µs
2025-05-27 06:55:37.185 [info] Python API: Changed environment from undefined to Python 3.13.3 for: /home/bhavya/.config/hypr
2025-05-27 06:55:37.185 [info] Internal: Changed environment from undefined to Python 3.13.3 for: /home/bhavya/.config/hypr
2025-05-27 06:55:37.492 [info] Telemetry:  {"event":"RefreshPerformance","data":{"refreshPerformance":{"total":0,"breakdown":{"GlobalVirtualEnvs":0,"Locators":0,"Path":0,"Workspaces":0},"locators":{}}}}
2025-05-27 06:55:38.952 [info] Python API: Changed environment from undefined to Python 3.13.3 for: global
2025-05-27 06:55:38.952 [info] Internal: Changed environment from undefined to Python 3.13.3 for: global
2025-05-27 07:04:35.305 [info] Resolved Python Environment /bin/python
2025-05-27 07:04:35.346 [info] Resolved Python Environment /bin/python
2025-05-27 07:05:00.788 [info] Resolved Python Environment /bin/python
2025-05-27 07:05:00.803 [info] Resolved Python Environment /bin/python
2025-05-27 07:05:04.262 [info] Resolved Python Environment /bin/python
2025-05-27 07:05:04.278 [info] Resolved Python Environment /bin/python
2025-05-27 07:05:26.963 [info] Resolved Python Environment /bin/python
2025-05-27 07:05:26.977 [info] Resolved Python Environment /bin/python
2025-05-27 07:06:24.390 [info] Resolved Python Environment /bin/python
2025-05-27 07:06:24.403 [info] Resolved Python Environment /bin/python
2025-05-27 07:06:39.343 [info] Resolved Python Environment /bin/python
2025-05-27 07:06:39.357 [info] Resolved Python Environment /bin/python
2025-05-27 07:07:59.659 [info] Resolved Python Environment /bin/python
2025-05-27 07:07:59.672 [info] Resolved Python Environment /bin/python
2025-05-27 07:08:09.174 [info] Resolved Python Environment /bin/python
2025-05-27 07:08:09.189 [info] Resolved Python Environment /bin/python
2025-05-27 07:08:42.737 [info] Resolved Python Environment /bin/python
2025-05-27 07:08:42.750 [info] Resolved Python Environment /bin/python
