2025-05-26 22:48:47.207 [error] #1: https://api.github.com/copilot_internal/user - error GET Offline
2025-05-26 22:48:47.571 [error] #2: https://api.github.com/copilot_internal/user - error GET Offline
2025-05-26 22:48:47.571 [error] #3: https://api.github.com/copilot_internal/v2/token - error GET Offline
2025-05-26 22:48:48.386 [error] #4: https://marketplace.visualstudio.com/_apis/public/gallery/vscode/aaron-bond/better-comments/latest - error GET Offline
2025-05-26 22:48:48.386 [error] #5: https://marketplace.visualstudio.com/_apis/public/gallery/vscode/adpyke/codesnap/latest - error GET Offline
2025-05-26 22:48:48.387 [error] #6: https://marketplace.visualstudio.com/_apis/public/gallery/vscode/alefragnani/project-manager/latest - error GET Offline
2025-05-26 22:48:48.387 [error] #7: https://marketplace.visualstudio.com/_apis/public/gallery/vscode/aster/vscode-subtitles/latest - error GET Offline
2025-05-26 22:48:48.391 [error] #8: https://marketplace.visualstudio.com/_apis/public/gallery/vscode/batisteo/vscode-django/latest - error GET Offline
2025-05-26 22:48:48.391 [error] #9: https://marketplace.visualstudio.com/_apis/public/gallery/vscode/bierner/color-info/latest - error GET Offline
2025-05-26 22:48:48.393 [error] #10: https://marketplace.visualstudio.com/_apis/public/gallery/vscode/boyswan/glsl-literal/latest - error GET Offline
2025-05-26 22:48:48.393 [error] #11: https://marketplace.visualstudio.com/_apis/public/gallery/vscode/bradlc/vscode-tailwindcss/latest - error GET Offline
2025-05-26 22:48:48.393 [error] #12: https://marketplace.visualstudio.com/_apis/public/gallery/vscode/burkeholland/simple-react-snippets/latest - error GET Offline
2025-05-26 22:48:48.394 [error] #13: https://marketplace.visualstudio.com/_apis/public/gallery/vscode/c0der-himel/remove-console-log/latest - error GET Offline
2025-05-26 22:48:48.395 [error] #14: https://marketplace.visualstudio.com/_apis/public/gallery/vscode/c0der-himel/vscode-wev-dev-extension-pack/latest - error GET Offline
2025-05-26 22:48:48.397 [error] #16: https://marketplace.visualstudio.com/_apis/public/gallery/vscode/catppuccin/catppuccin-vsc-icons/latest - error GET Offline
2025-05-26 22:48:48.399 [error] #15: https://marketplace.visualstudio.com/_apis/public/gallery/vscode/catppuccin/catppuccin-vsc/latest - error GET Offline
2025-05-26 22:48:48.400 [error] #17: https://marketplace.visualstudio.com/_apis/public/gallery/vscode/charliermarsh/ruff/latest - error GET Offline
2025-05-26 22:48:48.401 [error] #18: https://marketplace.visualstudio.com/_apis/public/gallery/vscode/christian-kohler/npm-intellisense/latest - error GET Offline
2025-05-26 22:48:48.402 [error] #19: https://marketplace.visualstudio.com/_apis/public/gallery/vscode/christian-kohler/path-intellisense/latest - error GET Offline
2025-05-26 22:48:48.402 [error] #20: https://marketplace.visualstudio.com/_apis/public/gallery/vscode/clinyong/vscode-css-modules/latest - error GET Offline
2025-05-26 22:48:48.403 [error] #23: https://marketplace.visualstudio.com/_apis/public/gallery/vscode/donjayamanne/python-extension-pack/latest - error GET Offline
2025-05-26 22:48:48.404 [error] #22: https://marketplace.visualstudio.com/_apis/public/gallery/vscode/dbaeumer/vscode-eslint/latest - error GET Offline
2025-05-26 22:48:48.404 [error] #21: https://marketplace.visualstudio.com/_apis/public/gallery/vscode/danileao/css-variables-autocomplete/latest - error GET Offline
2025-05-26 22:48:48.405 [error] #24: https://marketplace.visualstudio.com/_apis/public/gallery/vscode/dsznajder/es7-react-js-snippets/latest - error GET Offline
2025-05-26 22:48:48.406 [error] #25: https://marketplace.visualstudio.com/_apis/public/gallery/vscode/eamodio/gitlens/latest - error GET Offline
2025-05-26 22:48:48.407 [error] #26: https://marketplace.visualstudio.com/_apis/public/gallery/vscode/ecmel/vscode-html-css/latest - error GET Offline
2025-05-26 22:48:48.408 [error] #28: https://marketplace.visualstudio.com/_apis/public/gallery/vscode/formulahendry/auto-close-tag/latest - error GET Offline
2025-05-26 22:48:48.409 [error] #27: https://marketplace.visualstudio.com/_apis/public/gallery/vscode/esbenp/prettier-vscode/latest - error GET Offline
2025-05-26 22:48:48.410 [error] #29: https://marketplace.visualstudio.com/_apis/public/gallery/vscode/formulahendry/auto-rename-tag/latest - error GET Offline
2025-05-26 22:48:48.411 [error] #30: https://marketplace.visualstudio.com/_apis/public/gallery/vscode/formulahendry/code-runner/latest - error GET Offline
2025-05-26 22:48:48.412 [error] #31: https://marketplace.visualstudio.com/_apis/public/gallery/vscode/franneck94/c-cpp-runner/latest - error GET Offline
2025-05-26 22:48:48.413 [error] #32: https://marketplace.visualstudio.com/_apis/public/gallery/vscode/github/vscode-github-actions/latest - error GET Offline
2025-05-26 22:48:48.414 [error] #36: https://marketplace.visualstudio.com/_apis/public/gallery/vscode/habeebarul/react-component-tree/latest - error GET Offline
2025-05-26 22:48:48.414 [error] #34: https://marketplace.visualstudio.com/_apis/public/gallery/vscode/golang/go/latest - error GET Offline
2025-05-26 22:48:48.415 [error] #35: https://marketplace.visualstudio.com/_apis/public/gallery/vscode/grapecity/gc-excelviewer/latest - error GET Offline
2025-05-26 22:48:48.415 [error] #33: https://marketplace.visualstudio.com/_apis/public/gallery/vscode/github/vscode-pull-request-github/latest - error GET Offline
2025-05-26 22:48:48.416 [error] #37: https://marketplace.visualstudio.com/_apis/public/gallery/vscode/hoangkimlai/ipython/latest - error GET Offline
2025-05-26 22:48:48.418 [error] #38: https://marketplace.visualstudio.com/_apis/public/gallery/vscode/ibm/output-colorizer/latest - error GET Offline
2025-05-26 22:48:48.419 [error] #39: https://marketplace.visualstudio.com/_apis/public/gallery/vscode/igorsbitnev/error-gutters/latest - error GET Offline
2025-05-26 22:48:48.421 [error] #42: https://marketplace.visualstudio.com/_apis/public/gallery/vscode/jeff-hykin/better-cpp-syntax/latest - error GET Offline
2025-05-26 22:48:48.422 [error] #44: https://marketplace.visualstudio.com/_apis/public/gallery/vscode/kevinrose/vsc-python-indent/latest - error GET Offline
2025-05-26 22:48:48.422 [error] #40: https://marketplace.visualstudio.com/_apis/public/gallery/vscode/jasonnutter/search-node-modules/latest - error GET Offline
2025-05-26 22:48:48.422 [error] #43: https://marketplace.visualstudio.com/_apis/public/gallery/vscode/jock/svg/latest - error GET Offline
2025-05-26 22:48:48.424 [error] #41: https://marketplace.visualstudio.com/_apis/public/gallery/vscode/jawandarajbir/react-vscode-extension-pack/latest - error GET Offline
2025-05-26 22:48:48.425 [error] #45: https://marketplace.visualstudio.com/_apis/public/gallery/vscode/kisstkondoros/vscode-gutter-preview/latest - error GET Offline
2025-05-26 22:48:48.426 [error] #46: https://marketplace.visualstudio.com/_apis/public/gallery/vscode/magicstack/magicpython/latest - error GET Offline
2025-05-26 22:48:48.428 [error] #47: https://marketplace.visualstudio.com/_apis/public/gallery/vscode/mechatroner/rainbow-csv/latest - error GET Offline
2025-05-26 22:48:48.428 [error] #48: https://marketplace.visualstudio.com/_apis/public/gallery/vscode/meganrogge/template-string-converter/latest - error GET Offline
2025-05-26 22:48:48.433 [error] #49: https://marketplace.visualstudio.com/_apis/public/gallery/vscode/mgmcdermott/vscode-language-babel/latest - error GET Offline
2025-05-26 22:48:48.435 [error] #52: https://marketplace.visualstudio.com/_apis/public/gallery/vscode/ms-edgedevtools/vscode-edge-devtools/latest - error GET Offline
2025-05-26 22:48:48.437 [error] #50: https://marketplace.visualstudio.com/_apis/public/gallery/vscode/mhutchie/git-graph/latest - error GET Offline
2025-05-26 22:48:48.437 [error] #51: https://marketplace.visualstudio.com/_apis/public/gallery/vscode/mikestead/dotenv/latest - error GET Offline
2025-05-26 22:48:48.438 [error] #53: https://marketplace.visualstudio.com/_apis/public/gallery/vscode/ms-python/black-formatter/latest - error GET Offline
2025-05-26 22:48:48.439 [error] #54: https://marketplace.visualstudio.com/_apis/public/gallery/vscode/ms-python/debugpy/latest - error GET Offline
2025-05-26 22:48:48.441 [error] #55: https://marketplace.visualstudio.com/_apis/public/gallery/vscode/ms-python/isort/latest - error GET Offline
2025-05-26 22:48:48.442 [error] #57: https://marketplace.visualstudio.com/_apis/public/gallery/vscode/ms-python/vscode-pylance/latest - error GET Offline
2025-05-26 22:48:48.442 [error] #58: https://marketplace.visualstudio.com/_apis/public/gallery/vscode/ms-python/vscode-python-envs/latest - error GET Offline
2025-05-26 22:48:48.446 [error] #56: https://marketplace.visualstudio.com/_apis/public/gallery/vscode/ms-python/python/latest - error GET Offline
2025-05-26 22:48:48.447 [error] #60: https://marketplace.visualstudio.com/_apis/public/gallery/vscode/ms-toolsai/jupyter/latest - error GET Offline
2025-05-26 22:48:48.448 [error] #61: https://marketplace.visualstudio.com/_apis/public/gallery/vscode/ms-toolsai/jupyter-keymap/latest - error GET Offline
2025-05-26 22:48:48.449 [error] #66: https://marketplace.visualstudio.com/_apis/public/gallery/vscode/ms-vscode-remote/remote-ssh/latest - error GET Offline
2025-05-26 22:48:48.450 [error] #59: https://marketplace.visualstudio.com/_apis/public/gallery/vscode/ms-toolsai/datawrangler/latest - error GET Offline
2025-05-26 22:48:48.450 [error] #67: https://marketplace.visualstudio.com/_apis/public/gallery/vscode/ms-vscode-remote/remote-ssh-edit/latest - error GET Offline
2025-05-26 22:48:48.451 [error] #62: https://marketplace.visualstudio.com/_apis/public/gallery/vscode/ms-toolsai/jupyter-renderers/latest - error GET Offline
2025-05-26 22:48:48.451 [error] #64: https://marketplace.visualstudio.com/_apis/public/gallery/vscode/ms-toolsai/vscode-jupyter-powertoys/latest - error GET Offline
2025-05-26 22:48:48.453 [error] #63: https://marketplace.visualstudio.com/_apis/public/gallery/vscode/ms-toolsai/vscode-jupyter-cell-tags/latest - error GET Offline
2025-05-26 22:48:48.453 [error] #65: https://marketplace.visualstudio.com/_apis/public/gallery/vscode/ms-toolsai/vscode-jupyter-slideshow/latest - error GET Offline
2025-05-26 22:48:48.454 [error] #68: https://marketplace.visualstudio.com/_apis/public/gallery/vscode/ms-vscode-remote/remote-wsl/latest - error GET Offline
2025-05-26 22:48:48.454 [error] #69: https://marketplace.visualstudio.com/_apis/public/gallery/vscode/ms-vscode/cmake-tools/latest - error GET Offline
2025-05-26 22:48:48.457 [error] #84: https://marketplace.visualstudio.com/_apis/public/gallery/vscode/slevesque/shader/latest - error GET Offline
2025-05-26 22:48:48.459 [error] #77: https://marketplace.visualstudio.com/_apis/public/gallery/vscode/njpwerner/autodocstring/latest - error GET Offline
2025-05-26 22:48:48.460 [error] #70: https://marketplace.visualstudio.com/_apis/public/gallery/vscode/ms-vscode/cpptools/latest - error GET Offline
2025-05-26 22:48:48.460 [error] #75: https://marketplace.visualstudio.com/_apis/public/gallery/vscode/msrvida/vscode-sanddance/latest - error GET Offline
2025-05-26 22:48:48.461 [error] #71: https://marketplace.visualstudio.com/_apis/public/gallery/vscode/ms-vscode/cpptools-extension-pack/latest - error GET Offline
2025-05-26 22:48:48.462 [error] #73: https://marketplace.visualstudio.com/_apis/public/gallery/vscode/ms-vscode/live-server/latest - error GET Offline
2025-05-26 22:48:48.463 [error] #76: https://marketplace.visualstudio.com/_apis/public/gallery/vscode/naumovs/color-highlight/latest - error GET Offline
2025-05-26 22:48:48.463 [error] #74: https://marketplace.visualstudio.com/_apis/public/gallery/vscode/ms-vscode/remote-explorer/latest - error GET Offline
2025-05-26 22:48:48.464 [error] #72: https://marketplace.visualstudio.com/_apis/public/gallery/vscode/ms-vscode/cpptools-themes/latest - error GET Offline
2025-05-26 22:48:48.465 [error] #78: https://marketplace.visualstudio.com/_apis/public/gallery/vscode/percy/vscode-pydata-viewer/latest - error GET Offline
2025-05-26 22:48:48.465 [error] #79: https://marketplace.visualstudio.com/_apis/public/gallery/vscode/qwtel/sqlite-viewer/latest - error GET Offline
2025-05-26 22:48:48.467 [error] #80: https://marketplace.visualstudio.com/_apis/public/gallery/vscode/raczzalan/webgl-glsl-editor/latest - error GET Offline
2025-05-26 22:48:48.468 [error] #81: https://marketplace.visualstudio.com/_apis/public/gallery/vscode/samplavigne/p5-vscode/latest - error GET Offline
2025-05-26 22:48:48.468 [error] #82: https://marketplace.visualstudio.com/_apis/public/gallery/vscode/sburg/vscode-javascript-booster/latest - error GET Offline
2025-05-26 22:48:48.469 [error] #83: https://marketplace.visualstudio.com/_apis/public/gallery/vscode/shardulm94/trailing-spaces/latest - error GET Offline
2025-05-26 22:48:48.469 [error] #85: https://marketplace.visualstudio.com/_apis/public/gallery/vscode/slightc/pip-manager/latest - error GET Offline
2025-05-26 22:48:48.470 [error] #111: https://www.vscode-unpkg.net/_gallery/alefragnani/project-manager/latest - error GET Offline
2025-05-26 22:48:48.470 [error] #110: https://www.vscode-unpkg.net/_gallery/adpyke/codesnap/latest - error GET Offline
2025-05-26 22:48:48.472 [error] #109: https://www.vscode-unpkg.net/_gallery/aaron-bond/better-comments/latest - error GET Offline
2025-05-26 22:48:48.472 [error] #86: https://marketplace.visualstudio.com/_apis/public/gallery/vscode/solnurkarim/html-to-css-autocompletion/latest - error GET Offline
2025-05-26 22:48:48.473 [error] #87: https://marketplace.visualstudio.com/_apis/public/gallery/vscode/sporiley/css-auto-prefix/latest - error GET Offline
2025-05-26 22:48:48.475 [error] #88: https://marketplace.visualstudio.com/_apis/public/gallery/vscode/steoates/autoimport/latest - error GET Offline
2025-05-26 22:48:48.475 [error] #89: https://marketplace.visualstudio.com/_apis/public/gallery/vscode/streetsidesoftware/code-spell-checker/latest - error GET Offline
2025-05-26 22:48:48.476 [error] #90: https://marketplace.visualstudio.com/_apis/public/gallery/vscode/styled-components/vscode-styled-components/latest - error GET Offline
2025-05-26 22:48:48.478 [error] #91: https://marketplace.visualstudio.com/_apis/public/gallery/vscode/tobermory/es6-string-html/latest - error GET Offline
2025-05-26 22:48:48.479 [error] #99: https://marketplace.visualstudio.com/_apis/public/gallery/vscode/voldemortensen/rainbow-tags/latest - error GET Offline
2025-05-26 22:48:48.480 [error] #93: https://marketplace.visualstudio.com/_apis/public/gallery/vscode/twxs/cmake/latest - error GET Offline
2025-05-26 22:48:48.480 [error] #100: https://marketplace.visualstudio.com/_apis/public/gallery/vscode/vunguyentuan/vscode-css-variables/latest - error GET Offline
2025-05-26 22:48:48.481 [error] #101: https://marketplace.visualstudio.com/_apis/public/gallery/vscode/wayou/vscode-todo-highlight/latest - error GET Offline
2025-05-26 22:48:48.482 [error] #102: https://marketplace.visualstudio.com/_apis/public/gallery/vscode/wholroyd/jinja/latest - error GET Offline
2025-05-26 22:48:48.483 [error] #103: https://marketplace.visualstudio.com/_apis/public/gallery/vscode/wix/vscode-import-cost/latest - error GET Offline
2025-05-26 22:48:48.483 [error] #96: https://marketplace.visualstudio.com/_apis/public/gallery/vscode/vincaslt/highlight-matching-tag/latest - error GET Offline
2025-05-26 22:48:48.484 [error] #97: https://marketplace.visualstudio.com/_apis/public/gallery/vscode/visualstudioexptteam/intellicode-api-usage-examples/latest - error GET Offline
2025-05-26 22:48:48.485 [error] #92: https://marketplace.visualstudio.com/_apis/public/gallery/vscode/tomoki1207/pdf/latest - error GET Offline
2025-05-26 22:48:48.485 [error] #94: https://marketplace.visualstudio.com/_apis/public/gallery/vscode/usernamehw/errorlens/latest - error GET Offline
2025-05-26 22:48:48.486 [error] #95: https://marketplace.visualstudio.com/_apis/public/gallery/vscode/vadimcn/vscode-lldb/latest - error GET Offline
2025-05-26 22:48:48.488 [error] #98: https://marketplace.visualstudio.com/_apis/public/gallery/vscode/visualstudioexptteam/vscodeintellicode/latest - error GET Offline
2025-05-26 22:48:48.488 [error] #104: https://marketplace.visualstudio.com/_apis/public/gallery/vscode/xabikos/javascriptsnippets/latest - error GET Offline
2025-05-26 22:48:48.489 [error] #105: https://marketplace.visualstudio.com/_apis/public/gallery/vscode/xabikos/reactsnippets/latest - error GET Offline
2025-05-26 22:48:48.491 [error] #112: https://www.vscode-unpkg.net/_gallery/aster/vscode-subtitles/latest - error GET Offline
2025-05-26 22:48:48.492 [error] #114: https://www.vscode-unpkg.net/_gallery/bierner/color-info/latest - error GET Offline
2025-05-26 22:48:48.492 [error] #115: https://www.vscode-unpkg.net/_gallery/boyswan/glsl-literal/latest - error GET Offline
2025-05-26 22:48:48.493 [error] #113: https://www.vscode-unpkg.net/_gallery/batisteo/vscode-django/latest - error GET Offline
2025-05-26 22:48:48.494 [error] #116: https://www.vscode-unpkg.net/_gallery/bradlc/vscode-tailwindcss/latest - error GET Offline
2025-05-26 22:48:48.495 [error] #117: https://www.vscode-unpkg.net/_gallery/burkeholland/simple-react-snippets/latest - error GET Offline
2025-05-26 22:48:48.495 [error] #107: https://marketplace.visualstudio.com/_apis/public/gallery/vscode/zignd/html-css-class-completion/latest - error GET Offline
2025-05-26 22:48:48.495 [error] #106: https://marketplace.visualstudio.com/_apis/public/gallery/vscode/yzhang/markdown-all-in-one/latest - error GET Offline
2025-05-26 22:48:48.496 [error] #108: https://marketplace.visualstudio.com/_apis/public/gallery/vscode/zitup/classnametocss/latest - error GET Offline
2025-05-26 22:48:48.496 [error] #118: https://www.vscode-unpkg.net/_gallery/c0der-himel/remove-console-log/latest - error GET Offline
2025-05-26 22:48:48.496 [error] #121: https://www.vscode-unpkg.net/_gallery/catppuccin/catppuccin-vsc/latest - error GET Offline
2025-05-26 22:48:48.497 [error] #119: https://www.vscode-unpkg.net/_gallery/c0der-himel/vscode-wev-dev-extension-pack/latest - error GET Offline
2025-05-26 22:48:48.498 [error] #122: https://www.vscode-unpkg.net/_gallery/charliermarsh/ruff/latest - error GET Offline
2025-05-26 22:48:48.499 [error] #120: https://www.vscode-unpkg.net/_gallery/catppuccin/catppuccin-vsc-icons/latest - error GET Offline
2025-05-26 22:48:48.499 [error] #123: https://www.vscode-unpkg.net/_gallery/christian-kohler/npm-intellisense/latest - error GET Offline
2025-05-26 22:48:48.499 [error] #126: https://www.vscode-unpkg.net/_gallery/donjayamanne/python-extension-pack/latest - error GET Offline
2025-05-26 22:48:48.500 [error] #127: https://www.vscode-unpkg.net/_gallery/dbaeumer/vscode-eslint/latest - error GET Offline
2025-05-26 22:48:48.500 [error] #124: https://www.vscode-unpkg.net/_gallery/christian-kohler/path-intellisense/latest - error GET Offline
2025-05-26 22:48:48.501 [error] #129: https://www.vscode-unpkg.net/_gallery/dsznajder/es7-react-js-snippets/latest - error GET Offline
2025-05-26 22:48:48.501 [error] #125: https://www.vscode-unpkg.net/_gallery/clinyong/vscode-css-modules/latest - error GET Offline
2025-05-26 22:48:48.501 [error] #128: https://www.vscode-unpkg.net/_gallery/danileao/css-variables-autocomplete/latest - error GET Offline
2025-05-26 22:48:48.505 [error] #130: https://www.vscode-unpkg.net/_gallery/eamodio/gitlens/latest - error GET Offline
2025-05-26 22:48:48.506 [error] #136: https://www.vscode-unpkg.net/_gallery/franneck94/c-cpp-runner/latest - error GET Offline
2025-05-26 22:48:48.506 [error] #135: https://www.vscode-unpkg.net/_gallery/formulahendry/code-runner/latest - error GET Offline
2025-05-26 22:48:48.506 [error] #132: https://www.vscode-unpkg.net/_gallery/formulahendry/auto-close-tag/latest - error GET Offline
2025-05-26 22:48:48.507 [error] #138: https://www.vscode-unpkg.net/_gallery/habeebarul/react-component-tree/latest - error GET Offline
2025-05-26 22:48:48.507 [error] #133: https://www.vscode-unpkg.net/_gallery/esbenp/prettier-vscode/latest - error GET Offline
2025-05-26 22:48:48.507 [error] #131: https://www.vscode-unpkg.net/_gallery/ecmel/vscode-html-css/latest - error GET Offline
2025-05-26 22:48:48.508 [error] #137: https://www.vscode-unpkg.net/_gallery/github/vscode-github-actions/latest - error GET Offline
2025-05-26 22:48:48.508 [error] #134: https://www.vscode-unpkg.net/_gallery/formulahendry/auto-rename-tag/latest - error GET Offline
2025-05-26 22:48:48.508 [error] #139: https://www.vscode-unpkg.net/_gallery/golang/go/latest - error GET Offline
2025-05-26 22:48:48.509 [error] #140: https://www.vscode-unpkg.net/_gallery/grapecity/gc-excelviewer/latest - error GET Offline
2025-05-26 22:48:48.509 [error] #142: https://www.vscode-unpkg.net/_gallery/hoangkimlai/ipython/latest - error GET Offline
2025-05-26 22:48:48.510 [error] #141: https://www.vscode-unpkg.net/_gallery/github/vscode-pull-request-github/latest - error GET Offline
2025-05-26 22:48:48.510 [error] #145: https://www.vscode-unpkg.net/_gallery/jeff-hykin/better-cpp-syntax/latest - error GET Offline
2025-05-26 22:48:48.511 [error] #143: https://www.vscode-unpkg.net/_gallery/ibm/output-colorizer/latest - error GET Offline
2025-05-26 22:48:48.511 [error] #144: https://www.vscode-unpkg.net/_gallery/igorsbitnev/error-gutters/latest - error GET Offline
2025-05-26 22:48:48.546 [error] #146: https://www.vscode-unpkg.net/_gallery/kevinrose/vsc-python-indent/latest - error GET Offline
2025-05-26 22:48:48.546 [error] #148: https://www.vscode-unpkg.net/_gallery/jock/svg/latest - error GET Offline
2025-05-26 22:48:48.546 [error] #153: https://www.vscode-unpkg.net/_gallery/meganrogge/template-string-converter/latest - error GET Offline
2025-05-26 22:48:48.547 [error] #151: https://www.vscode-unpkg.net/_gallery/magicstack/magicpython/latest - error GET Offline
2025-05-26 22:48:48.547 [error] #147: https://www.vscode-unpkg.net/_gallery/jasonnutter/search-node-modules/latest - error GET Offline
2025-05-26 22:48:48.547 [error] #152: https://www.vscode-unpkg.net/_gallery/mechatroner/rainbow-csv/latest - error GET Offline
2025-05-26 22:48:48.548 [error] #149: https://www.vscode-unpkg.net/_gallery/jawandarajbir/react-vscode-extension-pack/latest - error GET Offline
2025-05-26 22:48:48.550 [error] #150: https://www.vscode-unpkg.net/_gallery/kisstkondoros/vscode-gutter-preview/latest - error GET Offline
2025-05-26 22:48:48.550 [error] #154: https://www.vscode-unpkg.net/_gallery/mgmcdermott/vscode-language-babel/latest - error GET Offline
2025-05-26 22:48:48.551 [error] #155: https://www.vscode-unpkg.net/_gallery/ms-edgedevtools/vscode-edge-devtools/latest - error GET Offline
2025-05-26 22:48:48.551 [error] #159: https://www.vscode-unpkg.net/_gallery/ms-python/debugpy/latest - error GET Offline
2025-05-26 22:48:48.551 [error] #156: https://www.vscode-unpkg.net/_gallery/mhutchie/git-graph/latest - error GET Offline
2025-05-26 22:48:48.552 [error] #160: https://www.vscode-unpkg.net/_gallery/ms-python/isort/latest - error GET Offline
2025-05-26 22:48:48.552 [error] #157: https://www.vscode-unpkg.net/_gallery/mikestead/dotenv/latest - error GET Offline
2025-05-26 22:48:48.552 [error] #161: https://www.vscode-unpkg.net/_gallery/ms-python/vscode-pylance/latest - error GET Offline
2025-05-26 22:48:48.553 [error] #158: https://www.vscode-unpkg.net/_gallery/ms-python/black-formatter/latest - error GET Offline
2025-05-26 22:48:48.553 [error] #162: https://www.vscode-unpkg.net/_gallery/ms-python/vscode-python-envs/latest - error GET Offline
2025-05-26 22:48:48.553 [error] #164: https://www.vscode-unpkg.net/_gallery/ms-toolsai/jupyter/latest - error GET Offline
2025-05-26 22:48:48.554 [error] #163: https://www.vscode-unpkg.net/_gallery/ms-python/python/latest - error GET Offline
2025-05-26 22:48:48.554 [error] #165: https://www.vscode-unpkg.net/_gallery/ms-toolsai/jupyter-keymap/latest - error GET Offline
2025-05-26 22:48:48.555 [error] #166: https://www.vscode-unpkg.net/_gallery/ms-vscode-remote/remote-ssh/latest - error GET Offline
2025-05-26 22:48:48.555 [error] #168: https://www.vscode-unpkg.net/_gallery/ms-vscode-remote/remote-ssh-edit/latest - error GET Offline
2025-05-26 22:48:48.555 [error] #167: https://www.vscode-unpkg.net/_gallery/ms-toolsai/datawrangler/latest - error GET Offline
2025-05-26 22:48:48.556 [error] #173: https://www.vscode-unpkg.net/_gallery/ms-vscode-remote/remote-wsl/latest - error GET Offline
2025-05-26 22:48:48.556 [error] #169: https://www.vscode-unpkg.net/_gallery/ms-toolsai/jupyter-renderers/latest - error GET Offline
2025-05-26 22:48:48.556 [error] #172: https://www.vscode-unpkg.net/_gallery/ms-toolsai/vscode-jupyter-slideshow/latest - error GET Offline
2025-05-26 22:48:48.557 [error] #171: https://www.vscode-unpkg.net/_gallery/ms-toolsai/vscode-jupyter-cell-tags/latest - error GET Offline
2025-05-26 22:48:48.557 [error] #170: https://www.vscode-unpkg.net/_gallery/ms-toolsai/vscode-jupyter-powertoys/latest - error GET Offline
2025-05-26 22:48:48.557 [error] #174: https://www.vscode-unpkg.net/_gallery/ms-vscode/cmake-tools/latest - error GET Offline
2025-05-26 22:48:48.558 [error] #177: https://www.vscode-unpkg.net/_gallery/ms-vscode/cpptools/latest - error GET Offline
2025-05-26 22:48:48.558 [error] #175: https://www.vscode-unpkg.net/_gallery/slevesque/shader/latest - error GET Offline
2025-05-26 22:48:48.559 [error] #181: https://www.vscode-unpkg.net/_gallery/naumovs/color-highlight/latest - error GET Offline
2025-05-26 22:48:48.559 [error] #176: https://www.vscode-unpkg.net/_gallery/njpwerner/autodocstring/latest - error GET Offline
2025-05-26 22:48:48.559 [error] #179: https://www.vscode-unpkg.net/_gallery/ms-vscode/cpptools-extension-pack/latest - error GET Offline
2025-05-26 22:48:48.560 [error] #178: https://www.vscode-unpkg.net/_gallery/msrvida/vscode-sanddance/latest - error GET Offline
2025-05-26 22:48:48.560 [error] #180: https://www.vscode-unpkg.net/_gallery/ms-vscode/live-server/latest - error GET Offline
2025-05-26 22:48:48.561 [error] #184: https://www.vscode-unpkg.net/_gallery/percy/vscode-pydata-viewer/latest - error GET Offline
2025-05-26 22:48:48.561 [error] #182: https://www.vscode-unpkg.net/_gallery/ms-vscode/remote-explorer/latest - error GET Offline
2025-05-26 22:48:48.561 [error] #183: https://www.vscode-unpkg.net/_gallery/ms-vscode/cpptools-themes/latest - error GET Offline
2025-05-26 22:48:48.562 [error] #185: https://www.vscode-unpkg.net/_gallery/qwtel/sqlite-viewer/latest - error GET Offline
2025-05-26 22:48:48.562 [error] #193: https://www.vscode-unpkg.net/_gallery/steoates/autoimport/latest - error GET Offline
2025-05-26 22:48:48.562 [error] #194: https://www.vscode-unpkg.net/_gallery/streetsidesoftware/code-spell-checker/latest - error GET Offline
2025-05-26 22:48:48.562 [error] #190: https://www.vscode-unpkg.net/_gallery/slightc/pip-manager/latest - error GET Offline
2025-05-26 22:48:48.563 [error] #187: https://www.vscode-unpkg.net/_gallery/samplavigne/p5-vscode/latest - error GET Offline
2025-05-26 22:48:48.563 [error] #186: https://www.vscode-unpkg.net/_gallery/raczzalan/webgl-glsl-editor/latest - error GET Offline
2025-05-26 22:48:48.563 [error] #191: https://www.vscode-unpkg.net/_gallery/solnurkarim/html-to-css-autocompletion/latest - error GET Offline
2025-05-26 22:48:48.564 [error] #189: https://www.vscode-unpkg.net/_gallery/shardulm94/trailing-spaces/latest - error GET Offline
2025-05-26 22:48:48.564 [error] #192: https://www.vscode-unpkg.net/_gallery/sporiley/css-auto-prefix/latest - error GET Offline
2025-05-26 22:48:48.564 [error] #188: https://www.vscode-unpkg.net/_gallery/sburg/vscode-javascript-booster/latest - error GET Offline
2025-05-26 22:48:48.565 [error] #195: https://www.vscode-unpkg.net/_gallery/styled-components/vscode-styled-components/latest - error GET Offline
2025-05-26 22:48:48.565 [error] #198: https://www.vscode-unpkg.net/_gallery/twxs/cmake/latest - error GET Offline
2025-05-26 22:48:48.565 [error] #196: https://www.vscode-unpkg.net/_gallery/tobermory/es6-string-html/latest - error GET Offline
2025-05-26 22:48:48.565 [error] #197: https://www.vscode-unpkg.net/_gallery/voldemortensen/rainbow-tags/latest - error GET Offline
2025-05-26 22:48:48.566 [error] #202: https://www.vscode-unpkg.net/_gallery/wix/vscode-import-cost/latest - error GET Offline
2025-05-26 22:48:48.566 [error] #199: https://www.vscode-unpkg.net/_gallery/vunguyentuan/vscode-css-variables/latest - error GET Offline
2025-05-26 22:48:48.566 [error] #201: https://www.vscode-unpkg.net/_gallery/wholroyd/jinja/latest - error GET Offline
2025-05-26 22:48:48.567 [error] #200: https://www.vscode-unpkg.net/_gallery/wayou/vscode-todo-highlight/latest - error GET Offline
2025-05-26 22:48:48.567 [error] #203: https://www.vscode-unpkg.net/_gallery/vincaslt/highlight-matching-tag/latest - error GET Offline
2025-05-26 22:48:48.567 [error] #204: https://www.vscode-unpkg.net/_gallery/visualstudioexptteam/intellicode-api-usage-examples/latest - error GET Offline
2025-05-26 22:48:48.567 [error] #205: https://www.vscode-unpkg.net/_gallery/tomoki1207/pdf/latest - error GET Offline
2025-05-26 22:48:48.568 [error] #206: https://www.vscode-unpkg.net/_gallery/usernamehw/errorlens/latest - error GET Offline
2025-05-26 22:48:48.568 [error] #207: https://www.vscode-unpkg.net/_gallery/vadimcn/vscode-lldb/latest - error GET Offline
2025-05-26 22:48:48.569 [error] #208: https://www.vscode-unpkg.net/_gallery/visualstudioexptteam/vscodeintellicode/latest - error GET Offline
2025-05-26 22:48:48.569 [error] #209: https://www.vscode-unpkg.net/_gallery/xabikos/javascriptsnippets/latest - error GET Offline
2025-05-26 22:48:48.569 [error] #210: https://www.vscode-unpkg.net/_gallery/xabikos/reactsnippets/latest - error GET Offline
2025-05-26 22:48:48.570 [error] #211: https://www.vscode-unpkg.net/_gallery/zignd/html-css-class-completion/latest - error GET Offline
2025-05-26 22:48:48.570 [error] #212: https://www.vscode-unpkg.net/_gallery/yzhang/markdown-all-in-one/latest - error GET Offline
2025-05-26 22:48:48.570 [error] #213: https://www.vscode-unpkg.net/_gallery/zitup/classnametocss/latest - error GET Offline
2025-05-26 22:48:48.593 [error] #214: https://marketplace.visualstudio.com/_apis/public/gallery/extensionquery - error POST Offline
2025-05-26 22:49:32.178 [error] #1: https://api.github.com/copilot_internal/user - error GET Offline
2025-05-26 22:49:33.163 [error] #3: https://api.github.com/copilot_internal/v2/token - error GET Offline
2025-05-26 22:49:33.163 [error] #2: https://api.github.com/copilot_internal/user - error GET Offline
2025-05-26 22:49:33.791 [error] #4: https://marketplace.visualstudio.com/_apis/public/gallery/vscode/aaron-bond/better-comments/latest - error GET Offline
2025-05-26 22:49:33.792 [error] #5: https://marketplace.visualstudio.com/_apis/public/gallery/vscode/adpyke/codesnap/latest - error GET Offline
2025-05-26 22:49:33.792 [error] #6: https://marketplace.visualstudio.com/_apis/public/gallery/vscode/alefragnani/project-manager/latest - error GET Offline
2025-05-26 22:49:33.797 [error] #7: https://marketplace.visualstudio.com/_apis/public/gallery/vscode/aster/vscode-subtitles/latest - error GET Offline
2025-05-26 22:49:33.798 [error] #8: https://marketplace.visualstudio.com/_apis/public/gallery/vscode/batisteo/vscode-django/latest - error GET Offline
2025-05-26 22:49:33.800 [error] #11: https://marketplace.visualstudio.com/_apis/public/gallery/vscode/bradlc/vscode-tailwindcss/latest - error GET Offline
2025-05-26 22:49:33.800 [error] #14: https://marketplace.visualstudio.com/_apis/public/gallery/vscode/c0der-himel/vscode-wev-dev-extension-pack/latest - error GET Offline
2025-05-26 22:49:33.801 [error] #10: https://marketplace.visualstudio.com/_apis/public/gallery/vscode/boyswan/glsl-literal/latest - error GET Offline
2025-05-26 22:49:33.801 [error] #12: https://marketplace.visualstudio.com/_apis/public/gallery/vscode/burkeholland/simple-react-snippets/latest - error GET Offline
2025-05-26 22:49:33.804 [error] #13: https://marketplace.visualstudio.com/_apis/public/gallery/vscode/c0der-himel/remove-console-log/latest - error GET Offline
2025-05-26 22:49:33.804 [error] #9: https://marketplace.visualstudio.com/_apis/public/gallery/vscode/bierner/color-info/latest - error GET Offline
2025-05-26 22:49:33.805 [error] #15: https://marketplace.visualstudio.com/_apis/public/gallery/vscode/catppuccin/catppuccin-vsc/latest - error GET Offline
2025-05-26 22:49:33.806 [error] #17: https://marketplace.visualstudio.com/_apis/public/gallery/vscode/charliermarsh/ruff/latest - error GET Offline
2025-05-26 22:49:33.806 [error] #18: https://marketplace.visualstudio.com/_apis/public/gallery/vscode/christian-kohler/npm-intellisense/latest - error GET Offline
2025-05-26 22:49:33.807 [error] #19: https://marketplace.visualstudio.com/_apis/public/gallery/vscode/christian-kohler/path-intellisense/latest - error GET Offline
2025-05-26 22:49:33.807 [error] #20: https://marketplace.visualstudio.com/_apis/public/gallery/vscode/clinyong/vscode-css-modules/latest - error GET Offline
2025-05-26 22:49:33.808 [error] #16: https://marketplace.visualstudio.com/_apis/public/gallery/vscode/catppuccin/catppuccin-vsc-icons/latest - error GET Offline
2025-05-26 22:49:33.809 [error] #21: https://marketplace.visualstudio.com/_apis/public/gallery/vscode/danileao/css-variables-autocomplete/latest - error GET Offline
2025-05-26 22:49:33.809 [error] #23: https://marketplace.visualstudio.com/_apis/public/gallery/vscode/donjayamanne/python-extension-pack/latest - error GET Offline
2025-05-26 22:49:33.810 [error] #22: https://marketplace.visualstudio.com/_apis/public/gallery/vscode/dbaeumer/vscode-eslint/latest - error GET Offline
2025-05-26 22:49:33.811 [error] #24: https://marketplace.visualstudio.com/_apis/public/gallery/vscode/dsznajder/es7-react-js-snippets/latest - error GET Offline
2025-05-26 22:49:33.812 [error] #25: https://marketplace.visualstudio.com/_apis/public/gallery/vscode/eamodio/gitlens/latest - error GET Offline
2025-05-26 22:49:33.812 [error] #26: https://marketplace.visualstudio.com/_apis/public/gallery/vscode/ecmel/vscode-html-css/latest - error GET Offline
2025-05-26 22:49:33.814 [error] #27: https://marketplace.visualstudio.com/_apis/public/gallery/vscode/esbenp/prettier-vscode/latest - error GET Offline
2025-05-26 22:49:33.815 [error] #28: https://marketplace.visualstudio.com/_apis/public/gallery/vscode/formulahendry/auto-close-tag/latest - error GET Offline
2025-05-26 22:49:33.815 [error] #29: https://marketplace.visualstudio.com/_apis/public/gallery/vscode/formulahendry/auto-rename-tag/latest - error GET Offline
2025-05-26 22:49:33.816 [error] #30: https://marketplace.visualstudio.com/_apis/public/gallery/vscode/formulahendry/code-runner/latest - error GET Offline
2025-05-26 22:49:33.817 [error] #31: https://marketplace.visualstudio.com/_apis/public/gallery/vscode/franneck94/c-cpp-runner/latest - error GET Offline
2025-05-26 22:49:33.818 [error] #32: https://marketplace.visualstudio.com/_apis/public/gallery/vscode/github/vscode-github-actions/latest - error GET Offline
2025-05-26 22:49:33.818 [error] #34: https://marketplace.visualstudio.com/_apis/public/gallery/vscode/golang/go/latest - error GET Offline
2025-05-26 22:49:33.820 [error] #35: https://marketplace.visualstudio.com/_apis/public/gallery/vscode/grapecity/gc-excelviewer/latest - error GET Offline
2025-05-26 22:49:33.837 [error] #33: https://marketplace.visualstudio.com/_apis/public/gallery/vscode/github/vscode-pull-request-github/latest - error GET Offline
2025-05-26 22:49:33.838 [error] #38: https://marketplace.visualstudio.com/_apis/public/gallery/vscode/ibm/output-colorizer/latest - error GET Offline
2025-05-26 22:49:33.838 [error] #40: https://marketplace.visualstudio.com/_apis/public/gallery/vscode/jasonnutter/search-node-modules/latest - error GET Offline
2025-05-26 22:49:33.839 [error] #36: https://marketplace.visualstudio.com/_apis/public/gallery/vscode/habeebarul/react-component-tree/latest - error GET Offline
2025-05-26 22:49:33.840 [error] #37: https://marketplace.visualstudio.com/_apis/public/gallery/vscode/hoangkimlai/ipython/latest - error GET Offline
2025-05-26 22:49:33.841 [error] #39: https://marketplace.visualstudio.com/_apis/public/gallery/vscode/igorsbitnev/error-gutters/latest - error GET Offline
2025-05-26 22:49:33.846 [error] #41: https://marketplace.visualstudio.com/_apis/public/gallery/vscode/jawandarajbir/react-vscode-extension-pack/latest - error GET Offline
2025-05-26 22:49:33.849 [error] #42: https://marketplace.visualstudio.com/_apis/public/gallery/vscode/jeff-hykin/better-cpp-syntax/latest - error GET Offline
2025-05-26 22:49:33.853 [error] #46: https://marketplace.visualstudio.com/_apis/public/gallery/vscode/magicstack/magicpython/latest - error GET Offline
2025-05-26 22:49:33.855 [error] #44: https://marketplace.visualstudio.com/_apis/public/gallery/vscode/kevinrose/vsc-python-indent/latest - error GET Offline
2025-05-26 22:49:33.856 [error] #45: https://marketplace.visualstudio.com/_apis/public/gallery/vscode/kisstkondoros/vscode-gutter-preview/latest - error GET Offline
2025-05-26 22:49:33.856 [error] #48: https://marketplace.visualstudio.com/_apis/public/gallery/vscode/meganrogge/template-string-converter/latest - error GET Offline
2025-05-26 22:49:33.857 [error] #43: https://marketplace.visualstudio.com/_apis/public/gallery/vscode/jock/svg/latest - error GET Offline
2025-05-26 22:49:33.859 [error] #47: https://marketplace.visualstudio.com/_apis/public/gallery/vscode/mechatroner/rainbow-csv/latest - error GET Offline
2025-05-26 22:49:33.860 [error] #49: https://marketplace.visualstudio.com/_apis/public/gallery/vscode/mgmcdermott/vscode-language-babel/latest - error GET Offline
2025-05-26 22:49:33.860 [error] #54: https://marketplace.visualstudio.com/_apis/public/gallery/vscode/ms-python/debugpy/latest - error GET Offline
2025-05-26 22:49:33.861 [error] #55: https://marketplace.visualstudio.com/_apis/public/gallery/vscode/ms-python/isort/latest - error GET Offline
2025-05-26 22:49:33.861 [error] #52: https://marketplace.visualstudio.com/_apis/public/gallery/vscode/ms-edgedevtools/vscode-edge-devtools/latest - error GET Offline
2025-05-26 22:49:33.861 [error] #51: https://marketplace.visualstudio.com/_apis/public/gallery/vscode/mikestead/dotenv/latest - error GET Offline
2025-05-26 22:49:33.862 [error] #53: https://marketplace.visualstudio.com/_apis/public/gallery/vscode/ms-python/black-formatter/latest - error GET Offline
2025-05-26 22:49:33.862 [error] #56: https://marketplace.visualstudio.com/_apis/public/gallery/vscode/ms-python/python/latest - error GET Offline
2025-05-26 22:49:33.864 [error] #50: https://marketplace.visualstudio.com/_apis/public/gallery/vscode/mhutchie/git-graph/latest - error GET Offline
2025-05-26 22:49:33.864 [error] #57: https://marketplace.visualstudio.com/_apis/public/gallery/vscode/ms-python/vscode-pylance/latest - error GET Offline
2025-05-26 22:49:33.865 [error] #63: https://marketplace.visualstudio.com/_apis/public/gallery/vscode/ms-toolsai/vscode-jupyter-cell-tags/latest - error GET Offline
2025-05-26 22:49:33.866 [error] #75: https://marketplace.visualstudio.com/_apis/public/gallery/vscode/msrvida/vscode-sanddance/latest - error GET Offline
2025-05-26 22:49:33.866 [error] #65: https://marketplace.visualstudio.com/_apis/public/gallery/vscode/ms-toolsai/vscode-jupyter-slideshow/latest - error GET Offline
2025-05-26 22:49:33.867 [error] #60: https://marketplace.visualstudio.com/_apis/public/gallery/vscode/ms-toolsai/jupyter/latest - error GET Offline
2025-05-26 22:49:33.867 [error] #59: https://marketplace.visualstudio.com/_apis/public/gallery/vscode/ms-toolsai/datawrangler/latest - error GET Offline
2025-05-26 22:49:33.868 [error] #64: https://marketplace.visualstudio.com/_apis/public/gallery/vscode/ms-toolsai/vscode-jupyter-powertoys/latest - error GET Offline
2025-05-26 22:49:33.869 [error] #61: https://marketplace.visualstudio.com/_apis/public/gallery/vscode/ms-toolsai/jupyter-keymap/latest - error GET Offline
2025-05-26 22:49:33.870 [error] #62: https://marketplace.visualstudio.com/_apis/public/gallery/vscode/ms-toolsai/jupyter-renderers/latest - error GET Offline
2025-05-26 22:49:33.870 [error] #66: https://marketplace.visualstudio.com/_apis/public/gallery/vscode/ms-vscode-remote/remote-ssh/latest - error GET Offline
2025-05-26 22:49:33.872 [error] #58: https://marketplace.visualstudio.com/_apis/public/gallery/vscode/ms-python/vscode-python-envs/latest - error GET Offline
2025-05-26 22:49:33.873 [error] #67: https://marketplace.visualstudio.com/_apis/public/gallery/vscode/ms-vscode-remote/remote-ssh-edit/latest - error GET Offline
2025-05-26 22:49:33.874 [error] #68: https://marketplace.visualstudio.com/_apis/public/gallery/vscode/ms-vscode-remote/remote-wsl/latest - error GET Offline
2025-05-26 22:49:33.875 [error] #69: https://marketplace.visualstudio.com/_apis/public/gallery/vscode/ms-vscode/cmake-tools/latest - error GET Offline
2025-05-26 22:49:33.875 [error] #70: https://marketplace.visualstudio.com/_apis/public/gallery/vscode/ms-vscode/cpptools/latest - error GET Offline
2025-05-26 22:49:33.879 [error] #71: https://marketplace.visualstudio.com/_apis/public/gallery/vscode/ms-vscode/cpptools-extension-pack/latest - error GET Offline
2025-05-26 22:49:33.881 [error] #72: https://marketplace.visualstudio.com/_apis/public/gallery/vscode/ms-vscode/cpptools-themes/latest - error GET Offline
2025-05-26 22:49:33.881 [error] #73: https://marketplace.visualstudio.com/_apis/public/gallery/vscode/ms-vscode/live-server/latest - error GET Offline
2025-05-26 22:49:33.883 [error] #74: https://marketplace.visualstudio.com/_apis/public/gallery/vscode/ms-vscode/remote-explorer/latest - error GET Offline
2025-05-26 22:49:33.883 [error] #76: https://marketplace.visualstudio.com/_apis/public/gallery/vscode/naumovs/color-highlight/latest - error GET Offline
2025-05-26 22:49:33.884 [error] #109: https://www.vscode-unpkg.net/_gallery/aaron-bond/better-comments/latest - error GET Offline
2025-05-26 22:49:33.885 [error] #111: https://www.vscode-unpkg.net/_gallery/alefragnani/project-manager/latest - error GET Offline
2025-05-26 22:49:33.886 [error] #110: https://www.vscode-unpkg.net/_gallery/adpyke/codesnap/latest - error GET Offline
2025-05-26 22:49:33.896 [error] #77: https://marketplace.visualstudio.com/_apis/public/gallery/vscode/njpwerner/autodocstring/latest - error GET Offline
2025-05-26 22:49:33.897 [error] #78: https://marketplace.visualstudio.com/_apis/public/gallery/vscode/percy/vscode-pydata-viewer/latest - error GET Offline
2025-05-26 22:49:33.898 [error] #79: https://marketplace.visualstudio.com/_apis/public/gallery/vscode/qwtel/sqlite-viewer/latest - error GET Offline
2025-05-26 22:49:33.899 [error] #80: https://marketplace.visualstudio.com/_apis/public/gallery/vscode/raczzalan/webgl-glsl-editor/latest - error GET Offline
2025-05-26 22:49:33.900 [error] #81: https://marketplace.visualstudio.com/_apis/public/gallery/vscode/samplavigne/p5-vscode/latest - error GET Offline
2025-05-26 22:49:33.900 [error] #82: https://marketplace.visualstudio.com/_apis/public/gallery/vscode/sburg/vscode-javascript-booster/latest - error GET Offline
2025-05-26 22:49:33.901 [error] #83: https://marketplace.visualstudio.com/_apis/public/gallery/vscode/shardulm94/trailing-spaces/latest - error GET Offline
2025-05-26 22:49:33.901 [error] #112: https://www.vscode-unpkg.net/_gallery/aster/vscode-subtitles/latest - error GET Offline
2025-05-26 22:49:33.902 [error] #113: https://www.vscode-unpkg.net/_gallery/batisteo/vscode-django/latest - error GET Offline
2025-05-26 22:49:33.902 [error] #114: https://www.vscode-unpkg.net/_gallery/bradlc/vscode-tailwindcss/latest - error GET Offline
2025-05-26 22:49:33.903 [error] #115: https://www.vscode-unpkg.net/_gallery/c0der-himel/vscode-wev-dev-extension-pack/latest - error GET Offline
2025-05-26 22:49:33.903 [error] #116: https://www.vscode-unpkg.net/_gallery/boyswan/glsl-literal/latest - error GET Offline
2025-05-26 22:49:33.905 [error] #117: https://www.vscode-unpkg.net/_gallery/burkeholland/simple-react-snippets/latest - error GET Offline
2025-05-26 22:49:33.906 [error] #118: https://www.vscode-unpkg.net/_gallery/c0der-himel/remove-console-log/latest - error GET Offline
2025-05-26 22:49:33.906 [error] #119: https://www.vscode-unpkg.net/_gallery/bierner/color-info/latest - error GET Offline
2025-05-26 22:49:33.907 [error] #120: https://www.vscode-unpkg.net/_gallery/catppuccin/catppuccin-vsc/latest - error GET Offline
2025-05-26 22:49:33.907 [error] #121: https://www.vscode-unpkg.net/_gallery/charliermarsh/ruff/latest - error GET Offline
2025-05-26 22:49:33.907 [error] #122: https://www.vscode-unpkg.net/_gallery/christian-kohler/npm-intellisense/latest - error GET Offline
2025-05-26 22:49:33.908 [error] #123: https://www.vscode-unpkg.net/_gallery/christian-kohler/path-intellisense/latest - error GET Offline
2025-05-26 22:49:33.908 [error] #124: https://www.vscode-unpkg.net/_gallery/clinyong/vscode-css-modules/latest - error GET Offline
2025-05-26 22:49:33.908 [error] #125: https://www.vscode-unpkg.net/_gallery/catppuccin/catppuccin-vsc-icons/latest - error GET Offline
2025-05-26 22:49:33.909 [error] #126: https://www.vscode-unpkg.net/_gallery/danileao/css-variables-autocomplete/latest - error GET Offline
2025-05-26 22:49:33.909 [error] #127: https://www.vscode-unpkg.net/_gallery/donjayamanne/python-extension-pack/latest - error GET Offline
2025-05-26 22:49:33.909 [error] #128: https://www.vscode-unpkg.net/_gallery/dbaeumer/vscode-eslint/latest - error GET Offline
2025-05-26 22:49:33.910 [error] #129: https://www.vscode-unpkg.net/_gallery/dsznajder/es7-react-js-snippets/latest - error GET Offline
2025-05-26 22:49:33.910 [error] #130: https://www.vscode-unpkg.net/_gallery/eamodio/gitlens/latest - error GET Offline
2025-05-26 22:49:33.910 [error] #131: https://www.vscode-unpkg.net/_gallery/ecmel/vscode-html-css/latest - error GET Offline
2025-05-26 22:49:33.911 [error] #132: https://www.vscode-unpkg.net/_gallery/esbenp/prettier-vscode/latest - error GET Offline
2025-05-26 22:49:33.911 [error] #133: https://www.vscode-unpkg.net/_gallery/formulahendry/auto-close-tag/latest - error GET Offline
2025-05-26 22:49:33.911 [error] #134: https://www.vscode-unpkg.net/_gallery/formulahendry/auto-rename-tag/latest - error GET Offline
2025-05-26 22:49:33.912 [error] #135: https://www.vscode-unpkg.net/_gallery/formulahendry/code-runner/latest - error GET Offline
2025-05-26 22:49:33.912 [error] #136: https://www.vscode-unpkg.net/_gallery/franneck94/c-cpp-runner/latest - error GET Offline
2025-05-26 22:49:33.912 [error] #137: https://www.vscode-unpkg.net/_gallery/github/vscode-github-actions/latest - error GET Offline
2025-05-26 22:49:33.913 [error] #138: https://www.vscode-unpkg.net/_gallery/golang/go/latest - error GET Offline
2025-05-26 22:49:33.913 [error] #139: https://www.vscode-unpkg.net/_gallery/grapecity/gc-excelviewer/latest - error GET Offline
2025-05-26 22:49:33.914 [error] #84: https://marketplace.visualstudio.com/_apis/public/gallery/vscode/slevesque/shader/latest - error GET Offline
2025-05-26 22:49:33.914 [error] #85: https://marketplace.visualstudio.com/_apis/public/gallery/vscode/slightc/pip-manager/latest - error GET Offline
2025-05-26 22:49:33.915 [error] #86: https://marketplace.visualstudio.com/_apis/public/gallery/vscode/solnurkarim/html-to-css-autocompletion/latest - error GET Offline
2025-05-26 22:49:33.915 [error] #87: https://marketplace.visualstudio.com/_apis/public/gallery/vscode/sporiley/css-auto-prefix/latest - error GET Offline
2025-05-26 22:49:33.916 [error] #88: https://marketplace.visualstudio.com/_apis/public/gallery/vscode/steoates/autoimport/latest - error GET Offline
2025-05-26 22:49:33.917 [error] #89: https://marketplace.visualstudio.com/_apis/public/gallery/vscode/streetsidesoftware/code-spell-checker/latest - error GET Offline
2025-05-26 22:49:33.917 [error] #90: https://marketplace.visualstudio.com/_apis/public/gallery/vscode/styled-components/vscode-styled-components/latest - error GET Offline
2025-05-26 22:49:33.918 [error] #91: https://marketplace.visualstudio.com/_apis/public/gallery/vscode/tobermory/es6-string-html/latest - error GET Offline
2025-05-26 22:49:33.919 [error] #92: https://marketplace.visualstudio.com/_apis/public/gallery/vscode/tomoki1207/pdf/latest - error GET Offline
2025-05-26 22:49:33.919 [error] #93: https://marketplace.visualstudio.com/_apis/public/gallery/vscode/twxs/cmake/latest - error GET Offline
2025-05-26 22:49:33.920 [error] #94: https://marketplace.visualstudio.com/_apis/public/gallery/vscode/usernamehw/errorlens/latest - error GET Offline
2025-05-26 22:49:33.921 [error] #95: https://marketplace.visualstudio.com/_apis/public/gallery/vscode/vadimcn/vscode-lldb/latest - error GET Offline
2025-05-26 22:49:33.921 [error] #96: https://marketplace.visualstudio.com/_apis/public/gallery/vscode/vincaslt/highlight-matching-tag/latest - error GET Offline
2025-05-26 22:49:33.922 [error] #97: https://marketplace.visualstudio.com/_apis/public/gallery/vscode/visualstudioexptteam/intellicode-api-usage-examples/latest - error GET Offline
2025-05-26 22:49:33.922 [error] #98: https://marketplace.visualstudio.com/_apis/public/gallery/vscode/visualstudioexptteam/vscodeintellicode/latest - error GET Offline
2025-05-26 22:49:33.923 [error] #99: https://marketplace.visualstudio.com/_apis/public/gallery/vscode/voldemortensen/rainbow-tags/latest - error GET Offline
2025-05-26 22:49:33.924 [error] #100: https://marketplace.visualstudio.com/_apis/public/gallery/vscode/vunguyentuan/vscode-css-variables/latest - error GET Offline
2025-05-26 22:49:33.924 [error] #101: https://marketplace.visualstudio.com/_apis/public/gallery/vscode/wayou/vscode-todo-highlight/latest - error GET Offline
2025-05-26 22:49:33.925 [error] #102: https://marketplace.visualstudio.com/_apis/public/gallery/vscode/wholroyd/jinja/latest - error GET Offline
2025-05-26 22:49:33.925 [error] #103: https://marketplace.visualstudio.com/_apis/public/gallery/vscode/wix/vscode-import-cost/latest - error GET Offline
2025-05-26 22:49:33.926 [error] #104: https://marketplace.visualstudio.com/_apis/public/gallery/vscode/xabikos/javascriptsnippets/latest - error GET Offline
2025-05-26 22:49:33.927 [error] #105: https://marketplace.visualstudio.com/_apis/public/gallery/vscode/xabikos/reactsnippets/latest - error GET Offline
2025-05-26 22:49:33.927 [error] #106: https://marketplace.visualstudio.com/_apis/public/gallery/vscode/yzhang/markdown-all-in-one/latest - error GET Offline
2025-05-26 22:49:33.928 [error] #107: https://marketplace.visualstudio.com/_apis/public/gallery/vscode/zignd/html-css-class-completion/latest - error GET Offline
2025-05-26 22:49:33.929 [error] #108: https://marketplace.visualstudio.com/_apis/public/gallery/vscode/zitup/classnametocss/latest - error GET Offline
2025-05-26 22:49:33.930 [error] #140: https://www.vscode-unpkg.net/_gallery/github/vscode-pull-request-github/latest - error GET Offline
2025-05-26 22:49:33.930 [error] #141: https://www.vscode-unpkg.net/_gallery/ibm/output-colorizer/latest - error GET Offline
2025-05-26 22:49:33.931 [error] #142: https://www.vscode-unpkg.net/_gallery/jasonnutter/search-node-modules/latest - error GET Offline
2025-05-26 22:49:33.931 [error] #143: https://www.vscode-unpkg.net/_gallery/habeebarul/react-component-tree/latest - error GET Offline
2025-05-26 22:49:33.932 [error] #145: https://www.vscode-unpkg.net/_gallery/igorsbitnev/error-gutters/latest - error GET Offline
2025-05-26 22:49:33.932 [error] #144: https://www.vscode-unpkg.net/_gallery/hoangkimlai/ipython/latest - error GET Offline
2025-05-26 22:49:33.933 [error] #146: https://www.vscode-unpkg.net/_gallery/jawandarajbir/react-vscode-extension-pack/latest - error GET Offline
2025-05-26 22:49:33.934 [error] #147: https://www.vscode-unpkg.net/_gallery/jeff-hykin/better-cpp-syntax/latest - error GET Offline
2025-05-26 22:49:33.939 [error] #148: https://www.vscode-unpkg.net/_gallery/magicstack/magicpython/latest - error GET Offline
2025-05-26 22:49:33.944 [error] #149: https://www.vscode-unpkg.net/_gallery/kevinrose/vsc-python-indent/latest - error GET Offline
2025-05-26 22:49:33.944 [error] #154: https://www.vscode-unpkg.net/_gallery/mgmcdermott/vscode-language-babel/latest - error GET Offline
2025-05-26 22:49:33.945 [error] #155: https://www.vscode-unpkg.net/_gallery/ms-python/debugpy/latest - error GET Offline
2025-05-26 22:49:33.945 [error] #153: https://www.vscode-unpkg.net/_gallery/mechatroner/rainbow-csv/latest - error GET Offline
2025-05-26 22:49:33.946 [error] #151: https://www.vscode-unpkg.net/_gallery/meganrogge/template-string-converter/latest - error GET Offline
2025-05-26 22:49:33.946 [error] #152: https://www.vscode-unpkg.net/_gallery/jock/svg/latest - error GET Offline
2025-05-26 22:49:33.946 [error] #150: https://www.vscode-unpkg.net/_gallery/kisstkondoros/vscode-gutter-preview/latest - error GET Offline
2025-05-26 22:49:33.947 [error] #157: https://www.vscode-unpkg.net/_gallery/ms-edgedevtools/vscode-edge-devtools/latest - error GET Offline
2025-05-26 22:49:33.947 [error] #158: https://www.vscode-unpkg.net/_gallery/mikestead/dotenv/latest - error GET Offline
2025-05-26 22:49:33.953 [error] #156: https://www.vscode-unpkg.net/_gallery/ms-python/isort/latest - error GET Offline
2025-05-26 22:49:33.954 [error] #165: https://www.vscode-unpkg.net/_gallery/ms-toolsai/vscode-jupyter-slideshow/latest - error GET Offline
2025-05-26 22:49:33.954 [error] #159: https://www.vscode-unpkg.net/_gallery/ms-python/black-formatter/latest - error GET Offline
2025-05-26 22:49:33.955 [error] #166: https://www.vscode-unpkg.net/_gallery/ms-toolsai/jupyter/latest - error GET Offline
2025-05-26 22:49:33.995 [error] #161: https://www.vscode-unpkg.net/_gallery/mhutchie/git-graph/latest - error GET Offline
2025-05-26 22:49:33.996 [error] #160: https://www.vscode-unpkg.net/_gallery/ms-python/python/latest - error GET Offline
2025-05-26 22:49:33.996 [error] #163: https://www.vscode-unpkg.net/_gallery/ms-toolsai/vscode-jupyter-cell-tags/latest - error GET Offline
2025-05-26 22:49:33.997 [error] #164: https://www.vscode-unpkg.net/_gallery/msrvida/vscode-sanddance/latest - error GET Offline
2025-05-26 22:49:33.997 [error] #162: https://www.vscode-unpkg.net/_gallery/ms-python/vscode-pylance/latest - error GET Offline
2025-05-26 22:49:33.997 [error] #167: https://www.vscode-unpkg.net/_gallery/ms-toolsai/datawrangler/latest - error GET Offline
2025-05-26 22:49:33.997 [error] #169: https://www.vscode-unpkg.net/_gallery/ms-toolsai/jupyter-keymap/latest - error GET Offline
2025-05-26 22:49:33.998 [error] #168: https://www.vscode-unpkg.net/_gallery/ms-toolsai/vscode-jupyter-powertoys/latest - error GET Offline
2025-05-26 22:49:33.998 [error] #170: https://www.vscode-unpkg.net/_gallery/ms-toolsai/jupyter-renderers/latest - error GET Offline
2025-05-26 22:49:33.998 [error] #171: https://www.vscode-unpkg.net/_gallery/ms-vscode-remote/remote-ssh/latest - error GET Offline
2025-05-26 22:49:33.999 [error] #172: https://www.vscode-unpkg.net/_gallery/ms-python/vscode-python-envs/latest - error GET Offline
2025-05-26 22:49:33.999 [error] #173: https://www.vscode-unpkg.net/_gallery/ms-vscode-remote/remote-ssh-edit/latest - error GET Offline
2025-05-26 22:49:33.999 [error] #174: https://www.vscode-unpkg.net/_gallery/ms-vscode-remote/remote-wsl/latest - error GET Offline
2025-05-26 22:49:33.999 [error] #175: https://www.vscode-unpkg.net/_gallery/ms-vscode/cmake-tools/latest - error GET Offline
2025-05-26 22:49:34.000 [error] #176: https://www.vscode-unpkg.net/_gallery/ms-vscode/cpptools/latest - error GET Offline
2025-05-26 22:49:34.000 [error] #177: https://www.vscode-unpkg.net/_gallery/ms-vscode/cpptools-extension-pack/latest - error GET Offline
2025-05-26 22:49:34.000 [error] #178: https://www.vscode-unpkg.net/_gallery/ms-vscode/cpptools-themes/latest - error GET Offline
2025-05-26 22:49:34.001 [error] #180: https://www.vscode-unpkg.net/_gallery/ms-vscode/remote-explorer/latest - error GET Offline
2025-05-26 22:49:34.001 [error] #179: https://www.vscode-unpkg.net/_gallery/ms-vscode/live-server/latest - error GET Offline
2025-05-26 22:49:34.001 [error] #181: https://www.vscode-unpkg.net/_gallery/naumovs/color-highlight/latest - error GET Offline
2025-05-26 22:49:34.002 [error] #182: https://www.vscode-unpkg.net/_gallery/njpwerner/autodocstring/latest - error GET Offline
2025-05-26 22:49:34.002 [error] #183: https://www.vscode-unpkg.net/_gallery/percy/vscode-pydata-viewer/latest - error GET Offline
2025-05-26 22:49:34.002 [error] #184: https://www.vscode-unpkg.net/_gallery/qwtel/sqlite-viewer/latest - error GET Offline
2025-05-26 22:49:34.002 [error] #185: https://www.vscode-unpkg.net/_gallery/raczzalan/webgl-glsl-editor/latest - error GET Offline
2025-05-26 22:49:34.003 [error] #186: https://www.vscode-unpkg.net/_gallery/samplavigne/p5-vscode/latest - error GET Offline
2025-05-26 22:49:34.003 [error] #187: https://www.vscode-unpkg.net/_gallery/sburg/vscode-javascript-booster/latest - error GET Offline
2025-05-26 22:49:34.003 [error] #188: https://www.vscode-unpkg.net/_gallery/shardulm94/trailing-spaces/latest - error GET Offline
2025-05-26 22:49:34.004 [error] #189: https://www.vscode-unpkg.net/_gallery/slevesque/shader/latest - error GET Offline
2025-05-26 22:49:34.004 [error] #190: https://www.vscode-unpkg.net/_gallery/slightc/pip-manager/latest - error GET Offline
2025-05-26 22:49:34.004 [error] #191: https://www.vscode-unpkg.net/_gallery/solnurkarim/html-to-css-autocompletion/latest - error GET Offline
2025-05-26 22:49:34.005 [error] #192: https://www.vscode-unpkg.net/_gallery/sporiley/css-auto-prefix/latest - error GET Offline
2025-05-26 22:49:34.005 [error] #193: https://www.vscode-unpkg.net/_gallery/steoates/autoimport/latest - error GET Offline
2025-05-26 22:49:34.005 [error] #194: https://www.vscode-unpkg.net/_gallery/streetsidesoftware/code-spell-checker/latest - error GET Offline
2025-05-26 22:49:34.005 [error] #195: https://www.vscode-unpkg.net/_gallery/styled-components/vscode-styled-components/latest - error GET Offline
2025-05-26 22:49:34.006 [error] #196: https://www.vscode-unpkg.net/_gallery/tobermory/es6-string-html/latest - error GET Offline
2025-05-26 22:49:34.006 [error] #197: https://www.vscode-unpkg.net/_gallery/tomoki1207/pdf/latest - error GET Offline
2025-05-26 22:49:34.006 [error] #198: https://www.vscode-unpkg.net/_gallery/twxs/cmake/latest - error GET Offline
2025-05-26 22:49:34.007 [error] #199: https://www.vscode-unpkg.net/_gallery/usernamehw/errorlens/latest - error GET Offline
2025-05-26 22:49:34.007 [error] #200: https://www.vscode-unpkg.net/_gallery/vadimcn/vscode-lldb/latest - error GET Offline
2025-05-26 22:49:34.007 [error] #201: https://www.vscode-unpkg.net/_gallery/vincaslt/highlight-matching-tag/latest - error GET Offline
2025-05-26 22:49:34.008 [error] #202: https://www.vscode-unpkg.net/_gallery/visualstudioexptteam/intellicode-api-usage-examples/latest - error GET Offline
2025-05-26 22:49:34.010 [error] #203: https://www.vscode-unpkg.net/_gallery/visualstudioexptteam/vscodeintellicode/latest - error GET Offline
2025-05-26 22:49:34.010 [error] #204: https://www.vscode-unpkg.net/_gallery/voldemortensen/rainbow-tags/latest - error GET Offline
2025-05-26 22:49:34.011 [error] #205: https://www.vscode-unpkg.net/_gallery/vunguyentuan/vscode-css-variables/latest - error GET Offline
2025-05-26 22:49:34.011 [error] #207: https://www.vscode-unpkg.net/_gallery/wholroyd/jinja/latest - error GET Offline
2025-05-26 22:49:34.011 [error] #206: https://www.vscode-unpkg.net/_gallery/wayou/vscode-todo-highlight/latest - error GET Offline
2025-05-26 22:49:34.012 [error] #208: https://www.vscode-unpkg.net/_gallery/wix/vscode-import-cost/latest - error GET Offline
2025-05-26 22:49:34.012 [error] #209: https://www.vscode-unpkg.net/_gallery/xabikos/javascriptsnippets/latest - error GET Offline
2025-05-26 22:49:34.012 [error] #210: https://www.vscode-unpkg.net/_gallery/xabikos/reactsnippets/latest - error GET Offline
2025-05-26 22:49:34.013 [error] #213: https://www.vscode-unpkg.net/_gallery/zitup/classnametocss/latest - error GET Offline
2025-05-26 22:49:34.013 [error] #211: https://www.vscode-unpkg.net/_gallery/yzhang/markdown-all-in-one/latest - error GET Offline
2025-05-26 22:49:34.013 [error] #212: https://www.vscode-unpkg.net/_gallery/zignd/html-css-class-completion/latest - error GET Offline
2025-05-26 22:49:34.042 [error] #214: https://marketplace.visualstudio.com/_apis/public/gallery/extensionquery - error POST Offline
2025-05-26 22:59:34.097 [error] #217: https://main.vscode-cdn.net/extensions/chat.json - error GET Offline
2025-05-26 23:04:34.106 [error] #218: https://main.vscode-cdn.net/extensions/chat.json - error GET Offline
2025-05-26 23:09:34.113 [error] #219: https://main.vscode-cdn.net/extensions/chat.json - error GET Offline
