2025-05-26 22:48:45.823 [error] Error: The editor could not be opened because the file was not found.
    at wSe.gc (vscode-file://vscode-app/opt/visual-studio-code/resources/app/out/vs/workbench/workbench.desktop.main.js:2163:120185)
    at async wSe.setInput (vscode-file://vscode-app/opt/visual-studio-code/resources/app/out/vs/workbench/workbench.desktop.main.js:2163:119343)
    at async JHe.S (vscode-file://vscode-app/opt/visual-studio-code/resources/app/out/vs/workbench/workbench.desktop.main.js:685:19756)
    at async JHe.L (vscode-file://vscode-app/opt/visual-studio-code/resources/app/out/vs/workbench/workbench.desktop.main.js:685:18311)
    at async JHe.openEditor (vscode-file://vscode-app/opt/visual-studio-code/resources/app/out/vs/workbench/workbench.desktop.main.js:685:17393)
    at async vscode-file://vscode-app/opt/visual-studio-code/resources/app/out/vs/workbench/workbench.desktop.main.js:797:23342
2025-05-26 22:48:45.854 [info] Started local extension host with pid 2242.
2025-05-26 22:48:45.961 [info] ComputeTargetPlatform: linux-x64
2025-05-26 22:48:46.184 [warning] [twxs.cmake]: Cannot register 'cmake.cmakePath'. This property is already registered.
2025-05-26 22:48:47.207 [error] [chat entitlement] request: error Offline: Offline
2025-05-26 22:48:47.459 [error] [Extension Host] Failed to load message bundle for file /home/bhavya/.vscode/extensions/ms-edgedevtools.vscode-edge-devtools-2.1.8/out/extension
2025-05-26 22:48:47.460 [error] [Extension Host] Failed to load message bundle for file /home/bhavya/.vscode/extensions/ms-edgedevtools.vscode-edge-devtools-2.1.8/out/extension
2025-05-26 22:48:47.501 [error] [Extension Host] Failed to load message bundle for file /home/bhavya/.vscode/extensions/ms-edgedevtools.vscode-edge-devtools-2.1.8/out/extension
2025-05-26 22:48:47.504 [error] [Extension Host] Failed to load message bundle for file /home/bhavya/.vscode/extensions/ms-edgedevtools.vscode-edge-devtools-2.1.8/out/extension
2025-05-26 22:48:47.507 [error] [Extension Host] Failed to load message bundle for file /home/bhavya/.vscode/extensions/ms-edgedevtools.vscode-edge-devtools-2.1.8/out/extension
2025-05-26 22:48:47.508 [error] [Extension Host] Failed to load message bundle for file /home/bhavya/.vscode/extensions/ms-edgedevtools.vscode-edge-devtools-2.1.8/out/extension
2025-05-26 22:48:47.508 [error] [Extension Host] Failed to load message bundle for file /home/bhavya/.vscode/extensions/ms-edgedevtools.vscode-edge-devtools-2.1.8/out/extension
2025-05-26 22:48:47.508 [error] [Extension Host] Failed to load message bundle for file /home/bhavya/.vscode/extensions/ms-edgedevtools.vscode-edge-devtools-2.1.8/out/extension
2025-05-26 22:48:47.546 [info] Settings Sync: Token updated for the account bhauvae
2025-05-26 22:48:47.553 [info] Settings Sync: Account status changed from uninitialized to available
2025-05-26 22:48:47.571 [error] Failed to fetch entitlements Offline
2025-05-26 22:48:47.572 [error] Failed to fetch token entitlements Offline
2025-05-26 22:48:48.386 [error] Error while getting the latest version for the extension aaron-bond.better-comments from https://marketplace.visualstudio.com/_apis/public/gallery/vscode/{publisher}/{name}/latest. Trying the fallback https://www.vscode-unpkg.net/_gallery/{publisher}/{name}/latest Offline
2025-05-26 22:48:48.386 [error] Error while getting the latest version for the extension adpyke.codesnap from https://marketplace.visualstudio.com/_apis/public/gallery/vscode/{publisher}/{name}/latest. Trying the fallback https://www.vscode-unpkg.net/_gallery/{publisher}/{name}/latest Offline
2025-05-26 22:48:48.387 [error] Error while getting the latest version for the extension alefragnani.project-manager from https://marketplace.visualstudio.com/_apis/public/gallery/vscode/{publisher}/{name}/latest. Trying the fallback https://www.vscode-unpkg.net/_gallery/{publisher}/{name}/latest Offline
2025-05-26 22:48:48.388 [error] Error while getting the latest version for the extension aster.vscode-subtitles from https://marketplace.visualstudio.com/_apis/public/gallery/vscode/{publisher}/{name}/latest. Trying the fallback https://www.vscode-unpkg.net/_gallery/{publisher}/{name}/latest Offline
2025-05-26 22:48:48.391 [error] Error while getting the latest version for the extension batisteo.vscode-django from https://marketplace.visualstudio.com/_apis/public/gallery/vscode/{publisher}/{name}/latest. Trying the fallback https://www.vscode-unpkg.net/_gallery/{publisher}/{name}/latest Offline
2025-05-26 22:48:48.392 [error] Error while getting the latest version for the extension bierner.color-info from https://marketplace.visualstudio.com/_apis/public/gallery/vscode/{publisher}/{name}/latest. Trying the fallback https://www.vscode-unpkg.net/_gallery/{publisher}/{name}/latest Offline
2025-05-26 22:48:48.393 [error] Error while getting the latest version for the extension boyswan.glsl-literal from https://marketplace.visualstudio.com/_apis/public/gallery/vscode/{publisher}/{name}/latest. Trying the fallback https://www.vscode-unpkg.net/_gallery/{publisher}/{name}/latest Offline
2025-05-26 22:48:48.393 [error] Error while getting the latest version for the extension bradlc.vscode-tailwindcss from https://marketplace.visualstudio.com/_apis/public/gallery/vscode/{publisher}/{name}/latest. Trying the fallback https://www.vscode-unpkg.net/_gallery/{publisher}/{name}/latest Offline
2025-05-26 22:48:48.394 [error] Error while getting the latest version for the extension burkeholland.simple-react-snippets from https://marketplace.visualstudio.com/_apis/public/gallery/vscode/{publisher}/{name}/latest. Trying the fallback https://www.vscode-unpkg.net/_gallery/{publisher}/{name}/latest Offline
2025-05-26 22:48:48.394 [error] Error while getting the latest version for the extension c0der-himel.remove-console-log from https://marketplace.visualstudio.com/_apis/public/gallery/vscode/{publisher}/{name}/latest. Trying the fallback https://www.vscode-unpkg.net/_gallery/{publisher}/{name}/latest Offline
2025-05-26 22:48:48.395 [error] Error while getting the latest version for the extension c0der-himel.vscode-wev-dev-extension-pack from https://marketplace.visualstudio.com/_apis/public/gallery/vscode/{publisher}/{name}/latest. Trying the fallback https://www.vscode-unpkg.net/_gallery/{publisher}/{name}/latest Offline
2025-05-26 22:48:48.398 [error] Error while getting the latest version for the extension catppuccin.catppuccin-vsc-icons from https://marketplace.visualstudio.com/_apis/public/gallery/vscode/{publisher}/{name}/latest. Trying the fallback https://www.vscode-unpkg.net/_gallery/{publisher}/{name}/latest Offline
2025-05-26 22:48:48.399 [error] Error while getting the latest version for the extension catppuccin.catppuccin-vsc from https://marketplace.visualstudio.com/_apis/public/gallery/vscode/{publisher}/{name}/latest. Trying the fallback https://www.vscode-unpkg.net/_gallery/{publisher}/{name}/latest Offline
2025-05-26 22:48:48.400 [error] Error while getting the latest version for the extension charliermarsh.ruff from https://marketplace.visualstudio.com/_apis/public/gallery/vscode/{publisher}/{name}/latest. Trying the fallback https://www.vscode-unpkg.net/_gallery/{publisher}/{name}/latest Offline
2025-05-26 22:48:48.401 [error] Error while getting the latest version for the extension christian-kohler.npm-intellisense from https://marketplace.visualstudio.com/_apis/public/gallery/vscode/{publisher}/{name}/latest. Trying the fallback https://www.vscode-unpkg.net/_gallery/{publisher}/{name}/latest Offline
2025-05-26 22:48:48.402 [error] Error while getting the latest version for the extension christian-kohler.path-intellisense from https://marketplace.visualstudio.com/_apis/public/gallery/vscode/{publisher}/{name}/latest. Trying the fallback https://www.vscode-unpkg.net/_gallery/{publisher}/{name}/latest Offline
2025-05-26 22:48:48.402 [error] Error while getting the latest version for the extension clinyong.vscode-css-modules from https://marketplace.visualstudio.com/_apis/public/gallery/vscode/{publisher}/{name}/latest. Trying the fallback https://www.vscode-unpkg.net/_gallery/{publisher}/{name}/latest Offline
2025-05-26 22:48:48.403 [error] Error while getting the latest version for the extension donjayamanne.python-extension-pack from https://marketplace.visualstudio.com/_apis/public/gallery/vscode/{publisher}/{name}/latest. Trying the fallback https://www.vscode-unpkg.net/_gallery/{publisher}/{name}/latest Offline
2025-05-26 22:48:48.404 [error] Error while getting the latest version for the extension dbaeumer.vscode-eslint from https://marketplace.visualstudio.com/_apis/public/gallery/vscode/{publisher}/{name}/latest. Trying the fallback https://www.vscode-unpkg.net/_gallery/{publisher}/{name}/latest Offline
2025-05-26 22:48:48.405 [error] Error while getting the latest version for the extension danileao.css-variables-autocomplete from https://marketplace.visualstudio.com/_apis/public/gallery/vscode/{publisher}/{name}/latest. Trying the fallback https://www.vscode-unpkg.net/_gallery/{publisher}/{name}/latest Offline
2025-05-26 22:48:48.405 [error] Error while getting the latest version for the extension dsznajder.es7-react-js-snippets from https://marketplace.visualstudio.com/_apis/public/gallery/vscode/{publisher}/{name}/latest. Trying the fallback https://www.vscode-unpkg.net/_gallery/{publisher}/{name}/latest Offline
2025-05-26 22:48:48.406 [error] Error while getting the latest version for the extension eamodio.gitlens from https://marketplace.visualstudio.com/_apis/public/gallery/vscode/{publisher}/{name}/latest. Trying the fallback https://www.vscode-unpkg.net/_gallery/{publisher}/{name}/latest Offline
2025-05-26 22:48:48.407 [error] Error while getting the latest version for the extension ecmel.vscode-html-css from https://marketplace.visualstudio.com/_apis/public/gallery/vscode/{publisher}/{name}/latest. Trying the fallback https://www.vscode-unpkg.net/_gallery/{publisher}/{name}/latest Offline
2025-05-26 22:48:48.408 [error] Error while getting the latest version for the extension formulahendry.auto-close-tag from https://marketplace.visualstudio.com/_apis/public/gallery/vscode/{publisher}/{name}/latest. Trying the fallback https://www.vscode-unpkg.net/_gallery/{publisher}/{name}/latest Offline
2025-05-26 22:48:48.409 [error] Error while getting the latest version for the extension esbenp.prettier-vscode from https://marketplace.visualstudio.com/_apis/public/gallery/vscode/{publisher}/{name}/latest. Trying the fallback https://www.vscode-unpkg.net/_gallery/{publisher}/{name}/latest Offline
2025-05-26 22:48:48.410 [error] Error while getting the latest version for the extension formulahendry.auto-rename-tag from https://marketplace.visualstudio.com/_apis/public/gallery/vscode/{publisher}/{name}/latest. Trying the fallback https://www.vscode-unpkg.net/_gallery/{publisher}/{name}/latest Offline
2025-05-26 22:48:48.411 [error] Error while getting the latest version for the extension formulahendry.code-runner from https://marketplace.visualstudio.com/_apis/public/gallery/vscode/{publisher}/{name}/latest. Trying the fallback https://www.vscode-unpkg.net/_gallery/{publisher}/{name}/latest Offline
2025-05-26 22:48:48.412 [error] Error while getting the latest version for the extension franneck94.c-cpp-runner from https://marketplace.visualstudio.com/_apis/public/gallery/vscode/{publisher}/{name}/latest. Trying the fallback https://www.vscode-unpkg.net/_gallery/{publisher}/{name}/latest Offline
2025-05-26 22:48:48.413 [error] Error while getting the latest version for the extension github.vscode-github-actions from https://marketplace.visualstudio.com/_apis/public/gallery/vscode/{publisher}/{name}/latest. Trying the fallback https://www.vscode-unpkg.net/_gallery/{publisher}/{name}/latest Offline
2025-05-26 22:48:48.414 [error] Error while getting the latest version for the extension habeebarul.react-component-tree from https://marketplace.visualstudio.com/_apis/public/gallery/vscode/{publisher}/{name}/latest. Trying the fallback https://www.vscode-unpkg.net/_gallery/{publisher}/{name}/latest Offline
2025-05-26 22:48:48.414 [error] Error while getting the latest version for the extension golang.go from https://marketplace.visualstudio.com/_apis/public/gallery/vscode/{publisher}/{name}/latest. Trying the fallback https://www.vscode-unpkg.net/_gallery/{publisher}/{name}/latest Offline
2025-05-26 22:48:48.415 [error] Error while getting the latest version for the extension grapecity.gc-excelviewer from https://marketplace.visualstudio.com/_apis/public/gallery/vscode/{publisher}/{name}/latest. Trying the fallback https://www.vscode-unpkg.net/_gallery/{publisher}/{name}/latest Offline
2025-05-26 22:48:48.415 [error] Error while getting the latest version for the extension github.vscode-pull-request-github from https://marketplace.visualstudio.com/_apis/public/gallery/vscode/{publisher}/{name}/latest. Trying the fallback https://www.vscode-unpkg.net/_gallery/{publisher}/{name}/latest Offline
2025-05-26 22:48:48.416 [error] Error while getting the latest version for the extension hoangkimlai.ipython from https://marketplace.visualstudio.com/_apis/public/gallery/vscode/{publisher}/{name}/latest. Trying the fallback https://www.vscode-unpkg.net/_gallery/{publisher}/{name}/latest Offline
2025-05-26 22:48:48.418 [error] Error while getting the latest version for the extension ibm.output-colorizer from https://marketplace.visualstudio.com/_apis/public/gallery/vscode/{publisher}/{name}/latest. Trying the fallback https://www.vscode-unpkg.net/_gallery/{publisher}/{name}/latest Offline
2025-05-26 22:48:48.420 [error] Error while getting the latest version for the extension igorsbitnev.error-gutters from https://marketplace.visualstudio.com/_apis/public/gallery/vscode/{publisher}/{name}/latest. Trying the fallback https://www.vscode-unpkg.net/_gallery/{publisher}/{name}/latest Offline
2025-05-26 22:48:48.421 [error] Error while getting the latest version for the extension jeff-hykin.better-cpp-syntax from https://marketplace.visualstudio.com/_apis/public/gallery/vscode/{publisher}/{name}/latest. Trying the fallback https://www.vscode-unpkg.net/_gallery/{publisher}/{name}/latest Offline
2025-05-26 22:48:48.422 [error] Error while getting the latest version for the extension kevinrose.vsc-python-indent from https://marketplace.visualstudio.com/_apis/public/gallery/vscode/{publisher}/{name}/latest. Trying the fallback https://www.vscode-unpkg.net/_gallery/{publisher}/{name}/latest Offline
2025-05-26 22:48:48.422 [error] Error while getting the latest version for the extension jasonnutter.search-node-modules from https://marketplace.visualstudio.com/_apis/public/gallery/vscode/{publisher}/{name}/latest. Trying the fallback https://www.vscode-unpkg.net/_gallery/{publisher}/{name}/latest Offline
2025-05-26 22:48:48.423 [error] Error while getting the latest version for the extension jock.svg from https://marketplace.visualstudio.com/_apis/public/gallery/vscode/{publisher}/{name}/latest. Trying the fallback https://www.vscode-unpkg.net/_gallery/{publisher}/{name}/latest Offline
2025-05-26 22:48:48.424 [error] Error while getting the latest version for the extension jawandarajbir.react-vscode-extension-pack from https://marketplace.visualstudio.com/_apis/public/gallery/vscode/{publisher}/{name}/latest. Trying the fallback https://www.vscode-unpkg.net/_gallery/{publisher}/{name}/latest Offline
2025-05-26 22:48:48.425 [error] Error while getting the latest version for the extension kisstkondoros.vscode-gutter-preview from https://marketplace.visualstudio.com/_apis/public/gallery/vscode/{publisher}/{name}/latest. Trying the fallback https://www.vscode-unpkg.net/_gallery/{publisher}/{name}/latest Offline
2025-05-26 22:48:48.426 [error] Error while getting the latest version for the extension magicstack.magicpython from https://marketplace.visualstudio.com/_apis/public/gallery/vscode/{publisher}/{name}/latest. Trying the fallback https://www.vscode-unpkg.net/_gallery/{publisher}/{name}/latest Offline
2025-05-26 22:48:48.428 [error] Error while getting the latest version for the extension mechatroner.rainbow-csv from https://marketplace.visualstudio.com/_apis/public/gallery/vscode/{publisher}/{name}/latest. Trying the fallback https://www.vscode-unpkg.net/_gallery/{publisher}/{name}/latest Offline
2025-05-26 22:48:48.428 [error] Error while getting the latest version for the extension meganrogge.template-string-converter from https://marketplace.visualstudio.com/_apis/public/gallery/vscode/{publisher}/{name}/latest. Trying the fallback https://www.vscode-unpkg.net/_gallery/{publisher}/{name}/latest Offline
2025-05-26 22:48:48.433 [error] Error while getting the latest version for the extension mgmcdermott.vscode-language-babel from https://marketplace.visualstudio.com/_apis/public/gallery/vscode/{publisher}/{name}/latest. Trying the fallback https://www.vscode-unpkg.net/_gallery/{publisher}/{name}/latest Offline
2025-05-26 22:48:48.435 [error] Error while getting the latest version for the extension ms-edgedevtools.vscode-edge-devtools from https://marketplace.visualstudio.com/_apis/public/gallery/vscode/{publisher}/{name}/latest. Trying the fallback https://www.vscode-unpkg.net/_gallery/{publisher}/{name}/latest Offline
2025-05-26 22:48:48.437 [error] Error while getting the latest version for the extension mhutchie.git-graph from https://marketplace.visualstudio.com/_apis/public/gallery/vscode/{publisher}/{name}/latest. Trying the fallback https://www.vscode-unpkg.net/_gallery/{publisher}/{name}/latest Offline
2025-05-26 22:48:48.438 [error] Error while getting the latest version for the extension mikestead.dotenv from https://marketplace.visualstudio.com/_apis/public/gallery/vscode/{publisher}/{name}/latest. Trying the fallback https://www.vscode-unpkg.net/_gallery/{publisher}/{name}/latest Offline
2025-05-26 22:48:48.438 [error] Error while getting the latest version for the extension ms-python.black-formatter from https://marketplace.visualstudio.com/_apis/public/gallery/vscode/{publisher}/{name}/latest. Trying the fallback https://www.vscode-unpkg.net/_gallery/{publisher}/{name}/latest Offline
2025-05-26 22:48:48.439 [error] Error while getting the latest version for the extension ms-python.debugpy from https://marketplace.visualstudio.com/_apis/public/gallery/vscode/{publisher}/{name}/latest. Trying the fallback https://www.vscode-unpkg.net/_gallery/{publisher}/{name}/latest Offline
2025-05-26 22:48:48.441 [error] Error while getting the latest version for the extension ms-python.isort from https://marketplace.visualstudio.com/_apis/public/gallery/vscode/{publisher}/{name}/latest. Trying the fallback https://www.vscode-unpkg.net/_gallery/{publisher}/{name}/latest Offline
2025-05-26 22:48:48.442 [error] Error while getting the latest version for the extension ms-python.vscode-pylance from https://marketplace.visualstudio.com/_apis/public/gallery/vscode/{publisher}/{name}/latest. Trying the fallback https://www.vscode-unpkg.net/_gallery/{publisher}/{name}/latest Offline
2025-05-26 22:48:48.445 [error] Error while getting the latest version for the extension ms-python.vscode-python-envs from https://marketplace.visualstudio.com/_apis/public/gallery/vscode/{publisher}/{name}/latest. Trying the fallback https://www.vscode-unpkg.net/_gallery/{publisher}/{name}/latest Offline
2025-05-26 22:48:48.446 [error] Error while getting the latest version for the extension ms-python.python from https://marketplace.visualstudio.com/_apis/public/gallery/vscode/{publisher}/{name}/latest. Trying the fallback https://www.vscode-unpkg.net/_gallery/{publisher}/{name}/latest Offline
2025-05-26 22:48:48.448 [error] Error while getting the latest version for the extension ms-toolsai.jupyter from https://marketplace.visualstudio.com/_apis/public/gallery/vscode/{publisher}/{name}/latest. Trying the fallback https://www.vscode-unpkg.net/_gallery/{publisher}/{name}/latest Offline
2025-05-26 22:48:48.449 [error] Error while getting the latest version for the extension ms-toolsai.jupyter-keymap from https://marketplace.visualstudio.com/_apis/public/gallery/vscode/{publisher}/{name}/latest. Trying the fallback https://www.vscode-unpkg.net/_gallery/{publisher}/{name}/latest Offline
2025-05-26 22:48:48.449 [error] Error while getting the latest version for the extension ms-vscode-remote.remote-ssh from https://marketplace.visualstudio.com/_apis/public/gallery/vscode/{publisher}/{name}/latest. Trying the fallback https://www.vscode-unpkg.net/_gallery/{publisher}/{name}/latest Offline
2025-05-26 22:48:48.450 [error] Error while getting the latest version for the extension ms-toolsai.datawrangler from https://marketplace.visualstudio.com/_apis/public/gallery/vscode/{publisher}/{name}/latest. Trying the fallback https://www.vscode-unpkg.net/_gallery/{publisher}/{name}/latest Offline
2025-05-26 22:48:48.450 [error] Error while getting the latest version for the extension ms-vscode-remote.remote-ssh-edit from https://marketplace.visualstudio.com/_apis/public/gallery/vscode/{publisher}/{name}/latest. Trying the fallback https://www.vscode-unpkg.net/_gallery/{publisher}/{name}/latest Offline
2025-05-26 22:48:48.451 [error] Error while getting the latest version for the extension ms-toolsai.jupyter-renderers from https://marketplace.visualstudio.com/_apis/public/gallery/vscode/{publisher}/{name}/latest. Trying the fallback https://www.vscode-unpkg.net/_gallery/{publisher}/{name}/latest Offline
2025-05-26 22:48:48.451 [error] Error while getting the latest version for the extension ms-toolsai.vscode-jupyter-powertoys from https://marketplace.visualstudio.com/_apis/public/gallery/vscode/{publisher}/{name}/latest. Trying the fallback https://www.vscode-unpkg.net/_gallery/{publisher}/{name}/latest Offline
2025-05-26 22:48:48.453 [error] Error while getting the latest version for the extension ms-toolsai.vscode-jupyter-cell-tags from https://marketplace.visualstudio.com/_apis/public/gallery/vscode/{publisher}/{name}/latest. Trying the fallback https://www.vscode-unpkg.net/_gallery/{publisher}/{name}/latest Offline
2025-05-26 22:48:48.453 [error] Error while getting the latest version for the extension ms-toolsai.vscode-jupyter-slideshow from https://marketplace.visualstudio.com/_apis/public/gallery/vscode/{publisher}/{name}/latest. Trying the fallback https://www.vscode-unpkg.net/_gallery/{publisher}/{name}/latest Offline
2025-05-26 22:48:48.454 [error] Error while getting the latest version for the extension ms-vscode-remote.remote-wsl from https://marketplace.visualstudio.com/_apis/public/gallery/vscode/{publisher}/{name}/latest. Trying the fallback https://www.vscode-unpkg.net/_gallery/{publisher}/{name}/latest Offline
2025-05-26 22:48:48.455 [error] Error while getting the latest version for the extension ms-vscode.cmake-tools from https://marketplace.visualstudio.com/_apis/public/gallery/vscode/{publisher}/{name}/latest. Trying the fallback https://www.vscode-unpkg.net/_gallery/{publisher}/{name}/latest Offline
2025-05-26 22:48:48.458 [error] Error while getting the latest version for the extension slevesque.shader from https://marketplace.visualstudio.com/_apis/public/gallery/vscode/{publisher}/{name}/latest. Trying the fallback https://www.vscode-unpkg.net/_gallery/{publisher}/{name}/latest Offline
2025-05-26 22:48:48.459 [error] Error while getting the latest version for the extension njpwerner.autodocstring from https://marketplace.visualstudio.com/_apis/public/gallery/vscode/{publisher}/{name}/latest. Trying the fallback https://www.vscode-unpkg.net/_gallery/{publisher}/{name}/latest Offline
2025-05-26 22:48:48.460 [error] Error while getting the latest version for the extension ms-vscode.cpptools from https://marketplace.visualstudio.com/_apis/public/gallery/vscode/{publisher}/{name}/latest. Trying the fallback https://www.vscode-unpkg.net/_gallery/{publisher}/{name}/latest Offline
2025-05-26 22:48:48.461 [error] Error while getting the latest version for the extension msrvida.vscode-sanddance from https://marketplace.visualstudio.com/_apis/public/gallery/vscode/{publisher}/{name}/latest. Trying the fallback https://www.vscode-unpkg.net/_gallery/{publisher}/{name}/latest Offline
2025-05-26 22:48:48.461 [error] Error while getting the latest version for the extension ms-vscode.cpptools-extension-pack from https://marketplace.visualstudio.com/_apis/public/gallery/vscode/{publisher}/{name}/latest. Trying the fallback https://www.vscode-unpkg.net/_gallery/{publisher}/{name}/latest Offline
2025-05-26 22:48:48.462 [error] Error while getting the latest version for the extension ms-vscode.live-server from https://marketplace.visualstudio.com/_apis/public/gallery/vscode/{publisher}/{name}/latest. Trying the fallback https://www.vscode-unpkg.net/_gallery/{publisher}/{name}/latest Offline
2025-05-26 22:48:48.463 [error] Error while getting the latest version for the extension naumovs.color-highlight from https://marketplace.visualstudio.com/_apis/public/gallery/vscode/{publisher}/{name}/latest. Trying the fallback https://www.vscode-unpkg.net/_gallery/{publisher}/{name}/latest Offline
2025-05-26 22:48:48.464 [error] Error while getting the latest version for the extension ms-vscode.remote-explorer from https://marketplace.visualstudio.com/_apis/public/gallery/vscode/{publisher}/{name}/latest. Trying the fallback https://www.vscode-unpkg.net/_gallery/{publisher}/{name}/latest Offline
2025-05-26 22:48:48.465 [error] Error while getting the latest version for the extension ms-vscode.cpptools-themes from https://marketplace.visualstudio.com/_apis/public/gallery/vscode/{publisher}/{name}/latest. Trying the fallback https://www.vscode-unpkg.net/_gallery/{publisher}/{name}/latest Offline
2025-05-26 22:48:48.465 [error] Error while getting the latest version for the extension percy.vscode-pydata-viewer from https://marketplace.visualstudio.com/_apis/public/gallery/vscode/{publisher}/{name}/latest. Trying the fallback https://www.vscode-unpkg.net/_gallery/{publisher}/{name}/latest Offline
2025-05-26 22:48:48.466 [error] Error while getting the latest version for the extension qwtel.sqlite-viewer from https://marketplace.visualstudio.com/_apis/public/gallery/vscode/{publisher}/{name}/latest. Trying the fallback https://www.vscode-unpkg.net/_gallery/{publisher}/{name}/latest Offline
2025-05-26 22:48:48.467 [error] Error while getting the latest version for the extension raczzalan.webgl-glsl-editor from https://marketplace.visualstudio.com/_apis/public/gallery/vscode/{publisher}/{name}/latest. Trying the fallback https://www.vscode-unpkg.net/_gallery/{publisher}/{name}/latest Offline
2025-05-26 22:48:48.468 [error] Error while getting the latest version for the extension samplavigne.p5-vscode from https://marketplace.visualstudio.com/_apis/public/gallery/vscode/{publisher}/{name}/latest. Trying the fallback https://www.vscode-unpkg.net/_gallery/{publisher}/{name}/latest Offline
2025-05-26 22:48:48.468 [error] Error while getting the latest version for the extension sburg.vscode-javascript-booster from https://marketplace.visualstudio.com/_apis/public/gallery/vscode/{publisher}/{name}/latest. Trying the fallback https://www.vscode-unpkg.net/_gallery/{publisher}/{name}/latest Offline
2025-05-26 22:48:48.469 [error] Error while getting the latest version for the extension shardulm94.trailing-spaces from https://marketplace.visualstudio.com/_apis/public/gallery/vscode/{publisher}/{name}/latest. Trying the fallback https://www.vscode-unpkg.net/_gallery/{publisher}/{name}/latest Offline
2025-05-26 22:48:48.469 [error] Error while getting the latest version for the extension slightc.pip-manager from https://marketplace.visualstudio.com/_apis/public/gallery/vscode/{publisher}/{name}/latest. Trying the fallback https://www.vscode-unpkg.net/_gallery/{publisher}/{name}/latest Offline
2025-05-26 22:48:48.470 [error] Error while getting the latest version for the extension alefragnani.project-manager. Offline
2025-05-26 22:48:48.470 [error] Error while getting the latest version for the extension adpyke.codesnap. Offline
2025-05-26 22:48:48.472 [error] Error while getting the latest version for the extension aaron-bond.better-comments. Offline
2025-05-26 22:48:48.473 [error] Error while getting the latest version for the extension solnurkarim.html-to-css-autocompletion from https://marketplace.visualstudio.com/_apis/public/gallery/vscode/{publisher}/{name}/latest. Trying the fallback https://www.vscode-unpkg.net/_gallery/{publisher}/{name}/latest Offline
2025-05-26 22:48:48.473 [error] Error while getting the latest version for the extension sporiley.css-auto-prefix from https://marketplace.visualstudio.com/_apis/public/gallery/vscode/{publisher}/{name}/latest. Trying the fallback https://www.vscode-unpkg.net/_gallery/{publisher}/{name}/latest Offline
2025-05-26 22:48:48.475 [error] Error while getting the latest version for the extension steoates.autoimport from https://marketplace.visualstudio.com/_apis/public/gallery/vscode/{publisher}/{name}/latest. Trying the fallback https://www.vscode-unpkg.net/_gallery/{publisher}/{name}/latest Offline
2025-05-26 22:48:48.476 [error] Error while getting the latest version for the extension streetsidesoftware.code-spell-checker from https://marketplace.visualstudio.com/_apis/public/gallery/vscode/{publisher}/{name}/latest. Trying the fallback https://www.vscode-unpkg.net/_gallery/{publisher}/{name}/latest Offline
2025-05-26 22:48:48.476 [error] Error while getting the latest version for the extension styled-components.vscode-styled-components from https://marketplace.visualstudio.com/_apis/public/gallery/vscode/{publisher}/{name}/latest. Trying the fallback https://www.vscode-unpkg.net/_gallery/{publisher}/{name}/latest Offline
2025-05-26 22:48:48.478 [error] Error while getting the latest version for the extension tobermory.es6-string-html from https://marketplace.visualstudio.com/_apis/public/gallery/vscode/{publisher}/{name}/latest. Trying the fallback https://www.vscode-unpkg.net/_gallery/{publisher}/{name}/latest Offline
2025-05-26 22:48:48.479 [error] Error while getting the latest version for the extension voldemortensen.rainbow-tags from https://marketplace.visualstudio.com/_apis/public/gallery/vscode/{publisher}/{name}/latest. Trying the fallback https://www.vscode-unpkg.net/_gallery/{publisher}/{name}/latest Offline
2025-05-26 22:48:48.480 [error] Error while getting the latest version for the extension twxs.cmake from https://marketplace.visualstudio.com/_apis/public/gallery/vscode/{publisher}/{name}/latest. Trying the fallback https://www.vscode-unpkg.net/_gallery/{publisher}/{name}/latest Offline
2025-05-26 22:48:48.480 [error] Error while getting the latest version for the extension vunguyentuan.vscode-css-variables from https://marketplace.visualstudio.com/_apis/public/gallery/vscode/{publisher}/{name}/latest. Trying the fallback https://www.vscode-unpkg.net/_gallery/{publisher}/{name}/latest Offline
2025-05-26 22:48:48.481 [error] Error while getting the latest version for the extension wayou.vscode-todo-highlight from https://marketplace.visualstudio.com/_apis/public/gallery/vscode/{publisher}/{name}/latest. Trying the fallback https://www.vscode-unpkg.net/_gallery/{publisher}/{name}/latest Offline
2025-05-26 22:48:48.482 [error] Error while getting the latest version for the extension wholroyd.jinja from https://marketplace.visualstudio.com/_apis/public/gallery/vscode/{publisher}/{name}/latest. Trying the fallback https://www.vscode-unpkg.net/_gallery/{publisher}/{name}/latest Offline
2025-05-26 22:48:48.483 [error] Error while getting the latest version for the extension wix.vscode-import-cost from https://marketplace.visualstudio.com/_apis/public/gallery/vscode/{publisher}/{name}/latest. Trying the fallback https://www.vscode-unpkg.net/_gallery/{publisher}/{name}/latest Offline
2025-05-26 22:48:48.484 [error] Error while getting the latest version for the extension vincaslt.highlight-matching-tag from https://marketplace.visualstudio.com/_apis/public/gallery/vscode/{publisher}/{name}/latest. Trying the fallback https://www.vscode-unpkg.net/_gallery/{publisher}/{name}/latest Offline
2025-05-26 22:48:48.485 [error] Error while getting the latest version for the extension visualstudioexptteam.intellicode-api-usage-examples from https://marketplace.visualstudio.com/_apis/public/gallery/vscode/{publisher}/{name}/latest. Trying the fallback https://www.vscode-unpkg.net/_gallery/{publisher}/{name}/latest Offline
2025-05-26 22:48:48.485 [error] Error while getting the latest version for the extension tomoki1207.pdf from https://marketplace.visualstudio.com/_apis/public/gallery/vscode/{publisher}/{name}/latest. Trying the fallback https://www.vscode-unpkg.net/_gallery/{publisher}/{name}/latest Offline
2025-05-26 22:48:48.485 [error] Error while getting the latest version for the extension usernamehw.errorlens from https://marketplace.visualstudio.com/_apis/public/gallery/vscode/{publisher}/{name}/latest. Trying the fallback https://www.vscode-unpkg.net/_gallery/{publisher}/{name}/latest Offline
2025-05-26 22:48:48.487 [error] Error while getting the latest version for the extension vadimcn.vscode-lldb from https://marketplace.visualstudio.com/_apis/public/gallery/vscode/{publisher}/{name}/latest. Trying the fallback https://www.vscode-unpkg.net/_gallery/{publisher}/{name}/latest Offline
2025-05-26 22:48:48.488 [error] Error while getting the latest version for the extension visualstudioexptteam.vscodeintellicode from https://marketplace.visualstudio.com/_apis/public/gallery/vscode/{publisher}/{name}/latest. Trying the fallback https://www.vscode-unpkg.net/_gallery/{publisher}/{name}/latest Offline
2025-05-26 22:48:48.488 [error] Error while getting the latest version for the extension xabikos.javascriptsnippets from https://marketplace.visualstudio.com/_apis/public/gallery/vscode/{publisher}/{name}/latest. Trying the fallback https://www.vscode-unpkg.net/_gallery/{publisher}/{name}/latest Offline
2025-05-26 22:48:48.489 [error] Error while getting the latest version for the extension xabikos.reactsnippets from https://marketplace.visualstudio.com/_apis/public/gallery/vscode/{publisher}/{name}/latest. Trying the fallback https://www.vscode-unpkg.net/_gallery/{publisher}/{name}/latest Offline
2025-05-26 22:48:48.491 [error] Error while getting the latest version for the extension aster.vscode-subtitles. Offline
2025-05-26 22:48:48.492 [error] Error while getting the latest version for the extension bierner.color-info. Offline
2025-05-26 22:48:48.492 [error] Error while getting the latest version for the extension boyswan.glsl-literal. Offline
2025-05-26 22:48:48.493 [error] Error while getting the latest version for the extension batisteo.vscode-django. Offline
2025-05-26 22:48:48.494 [error] Error while getting the latest version for the extension bradlc.vscode-tailwindcss. Offline
2025-05-26 22:48:48.495 [error] Error while getting the latest version for the extension burkeholland.simple-react-snippets. Offline
2025-05-26 22:48:48.495 [error] Error while getting the latest version for the extension zignd.html-css-class-completion from https://marketplace.visualstudio.com/_apis/public/gallery/vscode/{publisher}/{name}/latest. Trying the fallback https://www.vscode-unpkg.net/_gallery/{publisher}/{name}/latest Offline
2025-05-26 22:48:48.496 [error] Error while getting the latest version for the extension yzhang.markdown-all-in-one from https://marketplace.visualstudio.com/_apis/public/gallery/vscode/{publisher}/{name}/latest. Trying the fallback https://www.vscode-unpkg.net/_gallery/{publisher}/{name}/latest Offline
2025-05-26 22:48:48.496 [error] Error while getting the latest version for the extension zitup.classnametocss from https://marketplace.visualstudio.com/_apis/public/gallery/vscode/{publisher}/{name}/latest. Trying the fallback https://www.vscode-unpkg.net/_gallery/{publisher}/{name}/latest Offline
2025-05-26 22:48:48.496 [error] Error while getting the latest version for the extension c0der-himel.remove-console-log. Offline
2025-05-26 22:48:48.497 [error] Error while getting the latest version for the extension catppuccin.catppuccin-vsc. Offline
2025-05-26 22:48:48.498 [error] Error while getting the latest version for the extension c0der-himel.vscode-wev-dev-extension-pack. Offline
2025-05-26 22:48:48.498 [error] Error while getting the latest version for the extension charliermarsh.ruff. Offline
2025-05-26 22:48:48.499 [error] Error while getting the latest version for the extension catppuccin.catppuccin-vsc-icons. Offline
2025-05-26 22:48:48.499 [error] Error while getting the latest version for the extension christian-kohler.npm-intellisense. Offline
2025-05-26 22:48:48.500 [error] Error while getting the latest version for the extension donjayamanne.python-extension-pack. Offline
2025-05-26 22:48:48.500 [error] Error while getting the latest version for the extension dbaeumer.vscode-eslint. Offline
2025-05-26 22:48:48.500 [error] Error while getting the latest version for the extension christian-kohler.path-intellisense. Offline
2025-05-26 22:48:48.501 [error] Error while getting the latest version for the extension dsznajder.es7-react-js-snippets. Offline
2025-05-26 22:48:48.501 [error] Error while getting the latest version for the extension clinyong.vscode-css-modules. Offline
2025-05-26 22:48:48.503 [error] Error while getting the latest version for the extension danileao.css-variables-autocomplete. Offline
2025-05-26 22:48:48.505 [error] Error while getting the latest version for the extension eamodio.gitlens. Offline
2025-05-26 22:48:48.506 [error] Error while getting the latest version for the extension franneck94.c-cpp-runner. Offline
2025-05-26 22:48:48.506 [error] Error while getting the latest version for the extension formulahendry.code-runner. Offline
2025-05-26 22:48:48.507 [error] Error while getting the latest version for the extension formulahendry.auto-close-tag. Offline
2025-05-26 22:48:48.507 [error] Error while getting the latest version for the extension habeebarul.react-component-tree. Offline
2025-05-26 22:48:48.507 [error] Error while getting the latest version for the extension esbenp.prettier-vscode. Offline
2025-05-26 22:48:48.508 [error] Error while getting the latest version for the extension ecmel.vscode-html-css. Offline
2025-05-26 22:48:48.508 [error] Error while getting the latest version for the extension github.vscode-github-actions. Offline
2025-05-26 22:48:48.508 [error] Error while getting the latest version for the extension formulahendry.auto-rename-tag. Offline
2025-05-26 22:48:48.509 [error] Error while getting the latest version for the extension golang.go. Offline
2025-05-26 22:48:48.509 [error] Error while getting the latest version for the extension grapecity.gc-excelviewer. Offline
2025-05-26 22:48:48.510 [error] Error while getting the latest version for the extension hoangkimlai.ipython. Offline
2025-05-26 22:48:48.510 [error] Error while getting the latest version for the extension github.vscode-pull-request-github. Offline
2025-05-26 22:48:48.510 [error] Error while getting the latest version for the extension jeff-hykin.better-cpp-syntax. Offline
2025-05-26 22:48:48.511 [error] Error while getting the latest version for the extension ibm.output-colorizer. Offline
2025-05-26 22:48:48.511 [error] Error while getting the latest version for the extension igorsbitnev.error-gutters. Offline
2025-05-26 22:48:48.546 [error] Error while getting the latest version for the extension kevinrose.vsc-python-indent. Offline
2025-05-26 22:48:48.546 [error] Error while getting the latest version for the extension jock.svg. Offline
2025-05-26 22:48:48.547 [error] Error while getting the latest version for the extension meganrogge.template-string-converter. Offline
2025-05-26 22:48:48.547 [error] Error while getting the latest version for the extension magicstack.magicpython. Offline
2025-05-26 22:48:48.547 [error] Error while getting the latest version for the extension jasonnutter.search-node-modules. Offline
2025-05-26 22:48:48.548 [error] Error while getting the latest version for the extension mechatroner.rainbow-csv. Offline
2025-05-26 22:48:48.550 [error] Error while getting the latest version for the extension jawandarajbir.react-vscode-extension-pack. Offline
2025-05-26 22:48:48.550 [error] Error while getting the latest version for the extension kisstkondoros.vscode-gutter-preview. Offline
2025-05-26 22:48:48.550 [error] Error while getting the latest version for the extension mgmcdermott.vscode-language-babel. Offline
2025-05-26 22:48:48.551 [error] Error while getting the latest version for the extension ms-edgedevtools.vscode-edge-devtools. Offline
2025-05-26 22:48:48.551 [error] Error while getting the latest version for the extension ms-python.debugpy. Offline
2025-05-26 22:48:48.551 [error] Error while getting the latest version for the extension mhutchie.git-graph. Offline
2025-05-26 22:48:48.552 [error] Error while getting the latest version for the extension ms-python.isort. Offline
2025-05-26 22:48:48.552 [error] Error while getting the latest version for the extension mikestead.dotenv. Offline
2025-05-26 22:48:48.552 [error] Error while getting the latest version for the extension ms-python.vscode-pylance. Offline
2025-05-26 22:48:48.553 [error] Error while getting the latest version for the extension ms-python.black-formatter. Offline
2025-05-26 22:48:48.553 [error] Error while getting the latest version for the extension ms-python.vscode-python-envs. Offline
2025-05-26 22:48:48.554 [error] Error while getting the latest version for the extension ms-toolsai.jupyter. Offline
2025-05-26 22:48:48.554 [error] Error while getting the latest version for the extension ms-python.python. Offline
2025-05-26 22:48:48.554 [error] Error while getting the latest version for the extension ms-toolsai.jupyter-keymap. Offline
2025-05-26 22:48:48.555 [error] Error while getting the latest version for the extension ms-vscode-remote.remote-ssh. Offline
2025-05-26 22:48:48.555 [error] Error while getting the latest version for the extension ms-vscode-remote.remote-ssh-edit. Offline
2025-05-26 22:48:48.555 [error] Error while getting the latest version for the extension ms-toolsai.datawrangler. Offline
2025-05-26 22:48:48.556 [error] Error while getting the latest version for the extension ms-vscode-remote.remote-wsl. Offline
2025-05-26 22:48:48.556 [error] Error while getting the latest version for the extension ms-toolsai.jupyter-renderers. Offline
2025-05-26 22:48:48.557 [error] Error while getting the latest version for the extension ms-toolsai.vscode-jupyter-slideshow. Offline
2025-05-26 22:48:48.557 [error] Error while getting the latest version for the extension ms-toolsai.vscode-jupyter-cell-tags. Offline
2025-05-26 22:48:48.557 [error] Error while getting the latest version for the extension ms-toolsai.vscode-jupyter-powertoys. Offline
2025-05-26 22:48:48.558 [error] Error while getting the latest version for the extension ms-vscode.cmake-tools. Offline
2025-05-26 22:48:48.558 [error] Error while getting the latest version for the extension ms-vscode.cpptools. Offline
2025-05-26 22:48:48.558 [error] Error while getting the latest version for the extension slevesque.shader. Offline
2025-05-26 22:48:48.559 [error] Error while getting the latest version for the extension naumovs.color-highlight. Offline
2025-05-26 22:48:48.559 [error] Error while getting the latest version for the extension njpwerner.autodocstring. Offline
2025-05-26 22:48:48.560 [error] Error while getting the latest version for the extension ms-vscode.cpptools-extension-pack. Offline
2025-05-26 22:48:48.560 [error] Error while getting the latest version for the extension msrvida.vscode-sanddance. Offline
2025-05-26 22:48:48.561 [error] Error while getting the latest version for the extension ms-vscode.live-server. Offline
2025-05-26 22:48:48.561 [error] Error while getting the latest version for the extension percy.vscode-pydata-viewer. Offline
2025-05-26 22:48:48.561 [error] Error while getting the latest version for the extension ms-vscode.remote-explorer. Offline
2025-05-26 22:48:48.562 [error] Error while getting the latest version for the extension ms-vscode.cpptools-themes. Offline
2025-05-26 22:48:48.562 [error] Error while getting the latest version for the extension qwtel.sqlite-viewer. Offline
2025-05-26 22:48:48.562 [error] Error while getting the latest version for the extension steoates.autoimport. Offline
2025-05-26 22:48:48.562 [error] Error while getting the latest version for the extension streetsidesoftware.code-spell-checker. Offline
2025-05-26 22:48:48.563 [error] Error while getting the latest version for the extension slightc.pip-manager. Offline
2025-05-26 22:48:48.563 [error] Error while getting the latest version for the extension samplavigne.p5-vscode. Offline
2025-05-26 22:48:48.563 [error] Error while getting the latest version for the extension raczzalan.webgl-glsl-editor. Offline
2025-05-26 22:48:48.563 [error] Error while getting the latest version for the extension solnurkarim.html-to-css-autocompletion. Offline
2025-05-26 22:48:48.564 [error] Error while getting the latest version for the extension shardulm94.trailing-spaces. Offline
2025-05-26 22:48:48.564 [error] Error while getting the latest version for the extension sporiley.css-auto-prefix. Offline
2025-05-26 22:48:48.564 [error] Error while getting the latest version for the extension sburg.vscode-javascript-booster. Offline
2025-05-26 22:48:48.565 [error] Error while getting the latest version for the extension styled-components.vscode-styled-components. Offline
2025-05-26 22:48:48.565 [error] Error while getting the latest version for the extension twxs.cmake. Offline
2025-05-26 22:48:48.565 [error] Error while getting the latest version for the extension tobermory.es6-string-html. Offline
2025-05-26 22:48:48.565 [error] Error while getting the latest version for the extension voldemortensen.rainbow-tags. Offline
2025-05-26 22:48:48.566 [error] Error while getting the latest version for the extension wix.vscode-import-cost. Offline
2025-05-26 22:48:48.566 [error] Error while getting the latest version for the extension vunguyentuan.vscode-css-variables. Offline
2025-05-26 22:48:48.566 [error] Error while getting the latest version for the extension wholroyd.jinja. Offline
2025-05-26 22:48:48.567 [error] Error while getting the latest version for the extension wayou.vscode-todo-highlight. Offline
2025-05-26 22:48:48.567 [error] Error while getting the latest version for the extension vincaslt.highlight-matching-tag. Offline
2025-05-26 22:48:48.567 [error] Error while getting the latest version for the extension visualstudioexptteam.intellicode-api-usage-examples. Offline
2025-05-26 22:48:48.567 [error] Error while getting the latest version for the extension tomoki1207.pdf. Offline
2025-05-26 22:48:48.568 [error] Error while getting the latest version for the extension usernamehw.errorlens. Offline
2025-05-26 22:48:48.568 [error] Error while getting the latest version for the extension vadimcn.vscode-lldb. Offline
2025-05-26 22:48:48.569 [error] Error while getting the latest version for the extension visualstudioexptteam.vscodeintellicode. Offline
2025-05-26 22:48:48.569 [error] Error while getting the latest version for the extension xabikos.javascriptsnippets. Offline
2025-05-26 22:48:48.569 [error] Error while getting the latest version for the extension xabikos.reactsnippets. Offline
2025-05-26 22:48:48.570 [error] Error while getting the latest version for the extension zignd.html-css-class-completion. Offline
2025-05-26 22:48:48.570 [error] Error while getting the latest version for the extension yzhang.markdown-all-in-one. Offline
2025-05-26 22:48:48.570 [error] Error while getting the latest version for the extension zitup.classnametocss. Offline
2025-05-26 22:48:48.744 [info] [perf] Render performance baseline is 135ms
2025-05-26 22:48:50.504 [error] request to https://configs.gitkraken.dev/gitlens/product.json failed, reason: getaddrinfo EAI_AGAIN configs.gitkraken.dev
2025-05-26 22:49:31.312 [info] Started local extension host with pid 3568.
2025-05-26 22:49:31.364 [info] ComputeTargetPlatform: linux-x64
2025-05-26 22:49:31.681 [info] ChatSessionStore: Migrating 0 chat sessions from storage service to file system
2025-05-26 22:49:32.178 [error] [chat entitlement] request: error Offline: Offline
2025-05-26 22:49:32.407 [error] [Extension Host] Failed to load message bundle for file /home/bhavya/.vscode/extensions/ms-edgedevtools.vscode-edge-devtools-2.1.8/out/extension
2025-05-26 22:49:32.459 [error] [Extension Host] Failed to load message bundle for file /home/bhavya/.vscode/extensions/ms-edgedevtools.vscode-edge-devtools-2.1.8/out/extension
2025-05-26 22:49:32.459 [error] [Extension Host] Failed to load message bundle for file /home/bhavya/.vscode/extensions/ms-edgedevtools.vscode-edge-devtools-2.1.8/out/extension
2025-05-26 22:49:32.460 [error] [Extension Host] Failed to load message bundle for file /home/bhavya/.vscode/extensions/ms-edgedevtools.vscode-edge-devtools-2.1.8/out/extension
2025-05-26 22:49:32.460 [error] [Extension Host] Failed to load message bundle for file /home/bhavya/.vscode/extensions/ms-edgedevtools.vscode-edge-devtools-2.1.8/out/extension
2025-05-26 22:49:32.460 [error] [Extension Host] Failed to load message bundle for file /home/bhavya/.vscode/extensions/ms-edgedevtools.vscode-edge-devtools-2.1.8/out/extension
2025-05-26 22:49:32.460 [error] [Extension Host] Failed to load message bundle for file /home/bhavya/.vscode/extensions/ms-edgedevtools.vscode-edge-devtools-2.1.8/out/extension
2025-05-26 22:49:32.461 [error] [Extension Host] Failed to load message bundle for file /home/bhavya/.vscode/extensions/ms-edgedevtools.vscode-edge-devtools-2.1.8/out/extension
2025-05-26 22:49:32.513 [info] Settings Sync: Token updated for the account bhauvae
2025-05-26 22:49:32.580 [info] Settings Sync: Account status changed from uninitialized to available
2025-05-26 22:49:33.163 [error] Failed to fetch token entitlements Offline
2025-05-26 22:49:33.163 [error] Failed to fetch entitlements Offline
2025-05-26 22:49:33.791 [error] Error while getting the latest version for the extension aaron-bond.better-comments from https://marketplace.visualstudio.com/_apis/public/gallery/vscode/{publisher}/{name}/latest. Trying the fallback https://www.vscode-unpkg.net/_gallery/{publisher}/{name}/latest Offline
2025-05-26 22:49:33.792 [error] Error while getting the latest version for the extension adpyke.codesnap from https://marketplace.visualstudio.com/_apis/public/gallery/vscode/{publisher}/{name}/latest. Trying the fallback https://www.vscode-unpkg.net/_gallery/{publisher}/{name}/latest Offline
2025-05-26 22:49:33.793 [error] Error while getting the latest version for the extension alefragnani.project-manager from https://marketplace.visualstudio.com/_apis/public/gallery/vscode/{publisher}/{name}/latest. Trying the fallback https://www.vscode-unpkg.net/_gallery/{publisher}/{name}/latest Offline
2025-05-26 22:49:33.797 [error] Error while getting the latest version for the extension aster.vscode-subtitles from https://marketplace.visualstudio.com/_apis/public/gallery/vscode/{publisher}/{name}/latest. Trying the fallback https://www.vscode-unpkg.net/_gallery/{publisher}/{name}/latest Offline
2025-05-26 22:49:33.799 [error] Error while getting the latest version for the extension batisteo.vscode-django from https://marketplace.visualstudio.com/_apis/public/gallery/vscode/{publisher}/{name}/latest. Trying the fallback https://www.vscode-unpkg.net/_gallery/{publisher}/{name}/latest Offline
2025-05-26 22:49:33.800 [error] Error while getting the latest version for the extension bradlc.vscode-tailwindcss from https://marketplace.visualstudio.com/_apis/public/gallery/vscode/{publisher}/{name}/latest. Trying the fallback https://www.vscode-unpkg.net/_gallery/{publisher}/{name}/latest Offline
2025-05-26 22:49:33.801 [error] Error while getting the latest version for the extension c0der-himel.vscode-wev-dev-extension-pack from https://marketplace.visualstudio.com/_apis/public/gallery/vscode/{publisher}/{name}/latest. Trying the fallback https://www.vscode-unpkg.net/_gallery/{publisher}/{name}/latest Offline
2025-05-26 22:49:33.801 [error] Error while getting the latest version for the extension boyswan.glsl-literal from https://marketplace.visualstudio.com/_apis/public/gallery/vscode/{publisher}/{name}/latest. Trying the fallback https://www.vscode-unpkg.net/_gallery/{publisher}/{name}/latest Offline
2025-05-26 22:49:33.802 [error] Error while getting the latest version for the extension burkeholland.simple-react-snippets from https://marketplace.visualstudio.com/_apis/public/gallery/vscode/{publisher}/{name}/latest. Trying the fallback https://www.vscode-unpkg.net/_gallery/{publisher}/{name}/latest Offline
2025-05-26 22:49:33.804 [error] Error while getting the latest version for the extension c0der-himel.remove-console-log from https://marketplace.visualstudio.com/_apis/public/gallery/vscode/{publisher}/{name}/latest. Trying the fallback https://www.vscode-unpkg.net/_gallery/{publisher}/{name}/latest Offline
2025-05-26 22:49:33.804 [error] Error while getting the latest version for the extension bierner.color-info from https://marketplace.visualstudio.com/_apis/public/gallery/vscode/{publisher}/{name}/latest. Trying the fallback https://www.vscode-unpkg.net/_gallery/{publisher}/{name}/latest Offline
2025-05-26 22:49:33.805 [error] Error while getting the latest version for the extension catppuccin.catppuccin-vsc from https://marketplace.visualstudio.com/_apis/public/gallery/vscode/{publisher}/{name}/latest. Trying the fallback https://www.vscode-unpkg.net/_gallery/{publisher}/{name}/latest Offline
2025-05-26 22:49:33.806 [error] Error while getting the latest version for the extension charliermarsh.ruff from https://marketplace.visualstudio.com/_apis/public/gallery/vscode/{publisher}/{name}/latest. Trying the fallback https://www.vscode-unpkg.net/_gallery/{publisher}/{name}/latest Offline
2025-05-26 22:49:33.806 [error] Error while getting the latest version for the extension christian-kohler.npm-intellisense from https://marketplace.visualstudio.com/_apis/public/gallery/vscode/{publisher}/{name}/latest. Trying the fallback https://www.vscode-unpkg.net/_gallery/{publisher}/{name}/latest Offline
2025-05-26 22:49:33.807 [error] Error while getting the latest version for the extension christian-kohler.path-intellisense from https://marketplace.visualstudio.com/_apis/public/gallery/vscode/{publisher}/{name}/latest. Trying the fallback https://www.vscode-unpkg.net/_gallery/{publisher}/{name}/latest Offline
2025-05-26 22:49:33.807 [error] Error while getting the latest version for the extension clinyong.vscode-css-modules from https://marketplace.visualstudio.com/_apis/public/gallery/vscode/{publisher}/{name}/latest. Trying the fallback https://www.vscode-unpkg.net/_gallery/{publisher}/{name}/latest Offline
2025-05-26 22:49:33.808 [error] Error while getting the latest version for the extension catppuccin.catppuccin-vsc-icons from https://marketplace.visualstudio.com/_apis/public/gallery/vscode/{publisher}/{name}/latest. Trying the fallback https://www.vscode-unpkg.net/_gallery/{publisher}/{name}/latest Offline
2025-05-26 22:49:33.809 [error] Error while getting the latest version for the extension danileao.css-variables-autocomplete from https://marketplace.visualstudio.com/_apis/public/gallery/vscode/{publisher}/{name}/latest. Trying the fallback https://www.vscode-unpkg.net/_gallery/{publisher}/{name}/latest Offline
2025-05-26 22:49:33.809 [error] Error while getting the latest version for the extension donjayamanne.python-extension-pack from https://marketplace.visualstudio.com/_apis/public/gallery/vscode/{publisher}/{name}/latest. Trying the fallback https://www.vscode-unpkg.net/_gallery/{publisher}/{name}/latest Offline
2025-05-26 22:49:33.811 [error] Error while getting the latest version for the extension dbaeumer.vscode-eslint from https://marketplace.visualstudio.com/_apis/public/gallery/vscode/{publisher}/{name}/latest. Trying the fallback https://www.vscode-unpkg.net/_gallery/{publisher}/{name}/latest Offline
2025-05-26 22:49:33.811 [error] Error while getting the latest version for the extension dsznajder.es7-react-js-snippets from https://marketplace.visualstudio.com/_apis/public/gallery/vscode/{publisher}/{name}/latest. Trying the fallback https://www.vscode-unpkg.net/_gallery/{publisher}/{name}/latest Offline
2025-05-26 22:49:33.812 [error] Error while getting the latest version for the extension eamodio.gitlens from https://marketplace.visualstudio.com/_apis/public/gallery/vscode/{publisher}/{name}/latest. Trying the fallback https://www.vscode-unpkg.net/_gallery/{publisher}/{name}/latest Offline
2025-05-26 22:49:33.813 [error] Error while getting the latest version for the extension ecmel.vscode-html-css from https://marketplace.visualstudio.com/_apis/public/gallery/vscode/{publisher}/{name}/latest. Trying the fallback https://www.vscode-unpkg.net/_gallery/{publisher}/{name}/latest Offline
2025-05-26 22:49:33.814 [error] Error while getting the latest version for the extension esbenp.prettier-vscode from https://marketplace.visualstudio.com/_apis/public/gallery/vscode/{publisher}/{name}/latest. Trying the fallback https://www.vscode-unpkg.net/_gallery/{publisher}/{name}/latest Offline
2025-05-26 22:49:33.815 [error] Error while getting the latest version for the extension formulahendry.auto-close-tag from https://marketplace.visualstudio.com/_apis/public/gallery/vscode/{publisher}/{name}/latest. Trying the fallback https://www.vscode-unpkg.net/_gallery/{publisher}/{name}/latest Offline
2025-05-26 22:49:33.815 [error] Error while getting the latest version for the extension formulahendry.auto-rename-tag from https://marketplace.visualstudio.com/_apis/public/gallery/vscode/{publisher}/{name}/latest. Trying the fallback https://www.vscode-unpkg.net/_gallery/{publisher}/{name}/latest Offline
2025-05-26 22:49:33.816 [error] Error while getting the latest version for the extension formulahendry.code-runner from https://marketplace.visualstudio.com/_apis/public/gallery/vscode/{publisher}/{name}/latest. Trying the fallback https://www.vscode-unpkg.net/_gallery/{publisher}/{name}/latest Offline
2025-05-26 22:49:33.817 [error] Error while getting the latest version for the extension franneck94.c-cpp-runner from https://marketplace.visualstudio.com/_apis/public/gallery/vscode/{publisher}/{name}/latest. Trying the fallback https://www.vscode-unpkg.net/_gallery/{publisher}/{name}/latest Offline
2025-05-26 22:49:33.818 [error] Error while getting the latest version for the extension github.vscode-github-actions from https://marketplace.visualstudio.com/_apis/public/gallery/vscode/{publisher}/{name}/latest. Trying the fallback https://www.vscode-unpkg.net/_gallery/{publisher}/{name}/latest Offline
2025-05-26 22:49:33.819 [error] Error while getting the latest version for the extension golang.go from https://marketplace.visualstudio.com/_apis/public/gallery/vscode/{publisher}/{name}/latest. Trying the fallback https://www.vscode-unpkg.net/_gallery/{publisher}/{name}/latest Offline
2025-05-26 22:49:33.820 [error] Error while getting the latest version for the extension grapecity.gc-excelviewer from https://marketplace.visualstudio.com/_apis/public/gallery/vscode/{publisher}/{name}/latest. Trying the fallback https://www.vscode-unpkg.net/_gallery/{publisher}/{name}/latest Offline
2025-05-26 22:49:33.837 [error] Error while getting the latest version for the extension github.vscode-pull-request-github from https://marketplace.visualstudio.com/_apis/public/gallery/vscode/{publisher}/{name}/latest. Trying the fallback https://www.vscode-unpkg.net/_gallery/{publisher}/{name}/latest Offline
2025-05-26 22:49:33.838 [error] Error while getting the latest version for the extension ibm.output-colorizer from https://marketplace.visualstudio.com/_apis/public/gallery/vscode/{publisher}/{name}/latest. Trying the fallback https://www.vscode-unpkg.net/_gallery/{publisher}/{name}/latest Offline
2025-05-26 22:49:33.839 [error] Error while getting the latest version for the extension jasonnutter.search-node-modules from https://marketplace.visualstudio.com/_apis/public/gallery/vscode/{publisher}/{name}/latest. Trying the fallback https://www.vscode-unpkg.net/_gallery/{publisher}/{name}/latest Offline
2025-05-26 22:49:33.839 [error] Error while getting the latest version for the extension habeebarul.react-component-tree from https://marketplace.visualstudio.com/_apis/public/gallery/vscode/{publisher}/{name}/latest. Trying the fallback https://www.vscode-unpkg.net/_gallery/{publisher}/{name}/latest Offline
2025-05-26 22:49:33.840 [error] Error while getting the latest version for the extension hoangkimlai.ipython from https://marketplace.visualstudio.com/_apis/public/gallery/vscode/{publisher}/{name}/latest. Trying the fallback https://www.vscode-unpkg.net/_gallery/{publisher}/{name}/latest Offline
2025-05-26 22:49:33.841 [error] Error while getting the latest version for the extension igorsbitnev.error-gutters from https://marketplace.visualstudio.com/_apis/public/gallery/vscode/{publisher}/{name}/latest. Trying the fallback https://www.vscode-unpkg.net/_gallery/{publisher}/{name}/latest Offline
2025-05-26 22:49:33.846 [error] Error while getting the latest version for the extension jawandarajbir.react-vscode-extension-pack from https://marketplace.visualstudio.com/_apis/public/gallery/vscode/{publisher}/{name}/latest. Trying the fallback https://www.vscode-unpkg.net/_gallery/{publisher}/{name}/latest Offline
2025-05-26 22:49:33.850 [error] Error while getting the latest version for the extension jeff-hykin.better-cpp-syntax from https://marketplace.visualstudio.com/_apis/public/gallery/vscode/{publisher}/{name}/latest. Trying the fallback https://www.vscode-unpkg.net/_gallery/{publisher}/{name}/latest Offline
2025-05-26 22:49:33.853 [error] Error while getting the latest version for the extension magicstack.magicpython from https://marketplace.visualstudio.com/_apis/public/gallery/vscode/{publisher}/{name}/latest. Trying the fallback https://www.vscode-unpkg.net/_gallery/{publisher}/{name}/latest Offline
2025-05-26 22:49:33.855 [error] Error while getting the latest version for the extension kevinrose.vsc-python-indent from https://marketplace.visualstudio.com/_apis/public/gallery/vscode/{publisher}/{name}/latest. Trying the fallback https://www.vscode-unpkg.net/_gallery/{publisher}/{name}/latest Offline
2025-05-26 22:49:33.856 [error] Error while getting the latest version for the extension kisstkondoros.vscode-gutter-preview from https://marketplace.visualstudio.com/_apis/public/gallery/vscode/{publisher}/{name}/latest. Trying the fallback https://www.vscode-unpkg.net/_gallery/{publisher}/{name}/latest Offline
2025-05-26 22:49:33.857 [error] Error while getting the latest version for the extension meganrogge.template-string-converter from https://marketplace.visualstudio.com/_apis/public/gallery/vscode/{publisher}/{name}/latest. Trying the fallback https://www.vscode-unpkg.net/_gallery/{publisher}/{name}/latest Offline
2025-05-26 22:49:33.857 [error] Error while getting the latest version for the extension jock.svg from https://marketplace.visualstudio.com/_apis/public/gallery/vscode/{publisher}/{name}/latest. Trying the fallback https://www.vscode-unpkg.net/_gallery/{publisher}/{name}/latest Offline
2025-05-26 22:49:33.859 [error] Error while getting the latest version for the extension mechatroner.rainbow-csv from https://marketplace.visualstudio.com/_apis/public/gallery/vscode/{publisher}/{name}/latest. Trying the fallback https://www.vscode-unpkg.net/_gallery/{publisher}/{name}/latest Offline
2025-05-26 22:49:33.860 [error] Error while getting the latest version for the extension mgmcdermott.vscode-language-babel from https://marketplace.visualstudio.com/_apis/public/gallery/vscode/{publisher}/{name}/latest. Trying the fallback https://www.vscode-unpkg.net/_gallery/{publisher}/{name}/latest Offline
2025-05-26 22:49:33.860 [error] Error while getting the latest version for the extension ms-python.debugpy from https://marketplace.visualstudio.com/_apis/public/gallery/vscode/{publisher}/{name}/latest. Trying the fallback https://www.vscode-unpkg.net/_gallery/{publisher}/{name}/latest Offline
2025-05-26 22:49:33.861 [error] Error while getting the latest version for the extension ms-python.isort from https://marketplace.visualstudio.com/_apis/public/gallery/vscode/{publisher}/{name}/latest. Trying the fallback https://www.vscode-unpkg.net/_gallery/{publisher}/{name}/latest Offline
2025-05-26 22:49:33.861 [error] Error while getting the latest version for the extension ms-edgedevtools.vscode-edge-devtools from https://marketplace.visualstudio.com/_apis/public/gallery/vscode/{publisher}/{name}/latest. Trying the fallback https://www.vscode-unpkg.net/_gallery/{publisher}/{name}/latest Offline
2025-05-26 22:49:33.861 [error] Error while getting the latest version for the extension mikestead.dotenv from https://marketplace.visualstudio.com/_apis/public/gallery/vscode/{publisher}/{name}/latest. Trying the fallback https://www.vscode-unpkg.net/_gallery/{publisher}/{name}/latest Offline
2025-05-26 22:49:33.862 [error] Error while getting the latest version for the extension ms-python.black-formatter from https://marketplace.visualstudio.com/_apis/public/gallery/vscode/{publisher}/{name}/latest. Trying the fallback https://www.vscode-unpkg.net/_gallery/{publisher}/{name}/latest Offline
2025-05-26 22:49:33.862 [error] Error while getting the latest version for the extension ms-python.python from https://marketplace.visualstudio.com/_apis/public/gallery/vscode/{publisher}/{name}/latest. Trying the fallback https://www.vscode-unpkg.net/_gallery/{publisher}/{name}/latest Offline
2025-05-26 22:49:33.864 [error] Error while getting the latest version for the extension mhutchie.git-graph from https://marketplace.visualstudio.com/_apis/public/gallery/vscode/{publisher}/{name}/latest. Trying the fallback https://www.vscode-unpkg.net/_gallery/{publisher}/{name}/latest Offline
2025-05-26 22:49:33.865 [error] Error while getting the latest version for the extension ms-python.vscode-pylance from https://marketplace.visualstudio.com/_apis/public/gallery/vscode/{publisher}/{name}/latest. Trying the fallback https://www.vscode-unpkg.net/_gallery/{publisher}/{name}/latest Offline
2025-05-26 22:49:33.866 [error] Error while getting the latest version for the extension ms-toolsai.vscode-jupyter-cell-tags from https://marketplace.visualstudio.com/_apis/public/gallery/vscode/{publisher}/{name}/latest. Trying the fallback https://www.vscode-unpkg.net/_gallery/{publisher}/{name}/latest Offline
2025-05-26 22:49:33.866 [error] Error while getting the latest version for the extension msrvida.vscode-sanddance from https://marketplace.visualstudio.com/_apis/public/gallery/vscode/{publisher}/{name}/latest. Trying the fallback https://www.vscode-unpkg.net/_gallery/{publisher}/{name}/latest Offline
2025-05-26 22:49:33.866 [error] Error while getting the latest version for the extension ms-toolsai.vscode-jupyter-slideshow from https://marketplace.visualstudio.com/_apis/public/gallery/vscode/{publisher}/{name}/latest. Trying the fallback https://www.vscode-unpkg.net/_gallery/{publisher}/{name}/latest Offline
2025-05-26 22:49:33.867 [error] Error while getting the latest version for the extension ms-toolsai.jupyter from https://marketplace.visualstudio.com/_apis/public/gallery/vscode/{publisher}/{name}/latest. Trying the fallback https://www.vscode-unpkg.net/_gallery/{publisher}/{name}/latest Offline
2025-05-26 22:49:33.867 [error] Error while getting the latest version for the extension ms-toolsai.datawrangler from https://marketplace.visualstudio.com/_apis/public/gallery/vscode/{publisher}/{name}/latest. Trying the fallback https://www.vscode-unpkg.net/_gallery/{publisher}/{name}/latest Offline
2025-05-26 22:49:33.868 [error] Error while getting the latest version for the extension ms-toolsai.vscode-jupyter-powertoys from https://marketplace.visualstudio.com/_apis/public/gallery/vscode/{publisher}/{name}/latest. Trying the fallback https://www.vscode-unpkg.net/_gallery/{publisher}/{name}/latest Offline
2025-05-26 22:49:33.869 [error] Error while getting the latest version for the extension ms-toolsai.jupyter-keymap from https://marketplace.visualstudio.com/_apis/public/gallery/vscode/{publisher}/{name}/latest. Trying the fallback https://www.vscode-unpkg.net/_gallery/{publisher}/{name}/latest Offline
2025-05-26 22:49:33.870 [error] Error while getting the latest version for the extension ms-toolsai.jupyter-renderers from https://marketplace.visualstudio.com/_apis/public/gallery/vscode/{publisher}/{name}/latest. Trying the fallback https://www.vscode-unpkg.net/_gallery/{publisher}/{name}/latest Offline
2025-05-26 22:49:33.870 [error] Error while getting the latest version for the extension ms-vscode-remote.remote-ssh from https://marketplace.visualstudio.com/_apis/public/gallery/vscode/{publisher}/{name}/latest. Trying the fallback https://www.vscode-unpkg.net/_gallery/{publisher}/{name}/latest Offline
2025-05-26 22:49:33.873 [error] Error while getting the latest version for the extension ms-python.vscode-python-envs from https://marketplace.visualstudio.com/_apis/public/gallery/vscode/{publisher}/{name}/latest. Trying the fallback https://www.vscode-unpkg.net/_gallery/{publisher}/{name}/latest Offline
2025-05-26 22:49:33.874 [error] Error while getting the latest version for the extension ms-vscode-remote.remote-ssh-edit from https://marketplace.visualstudio.com/_apis/public/gallery/vscode/{publisher}/{name}/latest. Trying the fallback https://www.vscode-unpkg.net/_gallery/{publisher}/{name}/latest Offline
2025-05-26 22:49:33.874 [error] Error while getting the latest version for the extension ms-vscode-remote.remote-wsl from https://marketplace.visualstudio.com/_apis/public/gallery/vscode/{publisher}/{name}/latest. Trying the fallback https://www.vscode-unpkg.net/_gallery/{publisher}/{name}/latest Offline
2025-05-26 22:49:33.875 [error] Error while getting the latest version for the extension ms-vscode.cmake-tools from https://marketplace.visualstudio.com/_apis/public/gallery/vscode/{publisher}/{name}/latest. Trying the fallback https://www.vscode-unpkg.net/_gallery/{publisher}/{name}/latest Offline
2025-05-26 22:49:33.876 [error] Error while getting the latest version for the extension ms-vscode.cpptools from https://marketplace.visualstudio.com/_apis/public/gallery/vscode/{publisher}/{name}/latest. Trying the fallback https://www.vscode-unpkg.net/_gallery/{publisher}/{name}/latest Offline
2025-05-26 22:49:33.879 [error] Error while getting the latest version for the extension ms-vscode.cpptools-extension-pack from https://marketplace.visualstudio.com/_apis/public/gallery/vscode/{publisher}/{name}/latest. Trying the fallback https://www.vscode-unpkg.net/_gallery/{publisher}/{name}/latest Offline
2025-05-26 22:49:33.881 [error] Error while getting the latest version for the extension ms-vscode.cpptools-themes from https://marketplace.visualstudio.com/_apis/public/gallery/vscode/{publisher}/{name}/latest. Trying the fallback https://www.vscode-unpkg.net/_gallery/{publisher}/{name}/latest Offline
2025-05-26 22:49:33.882 [error] Error while getting the latest version for the extension ms-vscode.live-server from https://marketplace.visualstudio.com/_apis/public/gallery/vscode/{publisher}/{name}/latest. Trying the fallback https://www.vscode-unpkg.net/_gallery/{publisher}/{name}/latest Offline
2025-05-26 22:49:33.883 [error] Error while getting the latest version for the extension ms-vscode.remote-explorer from https://marketplace.visualstudio.com/_apis/public/gallery/vscode/{publisher}/{name}/latest. Trying the fallback https://www.vscode-unpkg.net/_gallery/{publisher}/{name}/latest Offline
2025-05-26 22:49:33.884 [error] Error while getting the latest version for the extension naumovs.color-highlight from https://marketplace.visualstudio.com/_apis/public/gallery/vscode/{publisher}/{name}/latest. Trying the fallback https://www.vscode-unpkg.net/_gallery/{publisher}/{name}/latest Offline
2025-05-26 22:49:33.885 [error] Error while getting the latest version for the extension aaron-bond.better-comments. Offline
2025-05-26 22:49:33.885 [error] Error while getting the latest version for the extension alefragnani.project-manager. Offline
2025-05-26 22:49:33.886 [error] Error while getting the latest version for the extension adpyke.codesnap. Offline
2025-05-26 22:49:33.896 [error] Error while getting the latest version for the extension njpwerner.autodocstring from https://marketplace.visualstudio.com/_apis/public/gallery/vscode/{publisher}/{name}/latest. Trying the fallback https://www.vscode-unpkg.net/_gallery/{publisher}/{name}/latest Offline
2025-05-26 22:49:33.897 [error] Error while getting the latest version for the extension percy.vscode-pydata-viewer from https://marketplace.visualstudio.com/_apis/public/gallery/vscode/{publisher}/{name}/latest. Trying the fallback https://www.vscode-unpkg.net/_gallery/{publisher}/{name}/latest Offline
2025-05-26 22:49:33.898 [error] Error while getting the latest version for the extension qwtel.sqlite-viewer from https://marketplace.visualstudio.com/_apis/public/gallery/vscode/{publisher}/{name}/latest. Trying the fallback https://www.vscode-unpkg.net/_gallery/{publisher}/{name}/latest Offline
2025-05-26 22:49:33.899 [error] Error while getting the latest version for the extension raczzalan.webgl-glsl-editor from https://marketplace.visualstudio.com/_apis/public/gallery/vscode/{publisher}/{name}/latest. Trying the fallback https://www.vscode-unpkg.net/_gallery/{publisher}/{name}/latest Offline
2025-05-26 22:49:33.900 [error] Error while getting the latest version for the extension samplavigne.p5-vscode from https://marketplace.visualstudio.com/_apis/public/gallery/vscode/{publisher}/{name}/latest. Trying the fallback https://www.vscode-unpkg.net/_gallery/{publisher}/{name}/latest Offline
2025-05-26 22:49:33.900 [error] Error while getting the latest version for the extension sburg.vscode-javascript-booster from https://marketplace.visualstudio.com/_apis/public/gallery/vscode/{publisher}/{name}/latest. Trying the fallback https://www.vscode-unpkg.net/_gallery/{publisher}/{name}/latest Offline
2025-05-26 22:49:33.901 [error] Error while getting the latest version for the extension shardulm94.trailing-spaces from https://marketplace.visualstudio.com/_apis/public/gallery/vscode/{publisher}/{name}/latest. Trying the fallback https://www.vscode-unpkg.net/_gallery/{publisher}/{name}/latest Offline
2025-05-26 22:49:33.902 [error] Error while getting the latest version for the extension aster.vscode-subtitles. Offline
2025-05-26 22:49:33.902 [error] Error while getting the latest version for the extension batisteo.vscode-django. Offline
2025-05-26 22:49:33.903 [error] Error while getting the latest version for the extension bradlc.vscode-tailwindcss. Offline
2025-05-26 22:49:33.903 [error] Error while getting the latest version for the extension c0der-himel.vscode-wev-dev-extension-pack. Offline
2025-05-26 22:49:33.903 [error] Error while getting the latest version for the extension boyswan.glsl-literal. Offline
2025-05-26 22:49:33.906 [error] Error while getting the latest version for the extension burkeholland.simple-react-snippets. Offline
2025-05-26 22:49:33.906 [error] Error while getting the latest version for the extension c0der-himel.remove-console-log. Offline
2025-05-26 22:49:33.906 [error] Error while getting the latest version for the extension bierner.color-info. Offline
2025-05-26 22:49:33.907 [error] Error while getting the latest version for the extension catppuccin.catppuccin-vsc. Offline
2025-05-26 22:49:33.907 [error] Error while getting the latest version for the extension charliermarsh.ruff. Offline
2025-05-26 22:49:33.907 [error] Error while getting the latest version for the extension christian-kohler.npm-intellisense. Offline
2025-05-26 22:49:33.908 [error] Error while getting the latest version for the extension christian-kohler.path-intellisense. Offline
2025-05-26 22:49:33.908 [error] Error while getting the latest version for the extension clinyong.vscode-css-modules. Offline
2025-05-26 22:49:33.909 [error] Error while getting the latest version for the extension catppuccin.catppuccin-vsc-icons. Offline
2025-05-26 22:49:33.909 [error] Error while getting the latest version for the extension danileao.css-variables-autocomplete. Offline
2025-05-26 22:49:33.909 [error] Error while getting the latest version for the extension donjayamanne.python-extension-pack. Offline
2025-05-26 22:49:33.910 [error] Error while getting the latest version for the extension dbaeumer.vscode-eslint. Offline
2025-05-26 22:49:33.910 [error] Error while getting the latest version for the extension dsznajder.es7-react-js-snippets. Offline
2025-05-26 22:49:33.910 [error] Error while getting the latest version for the extension eamodio.gitlens. Offline
2025-05-26 22:49:33.911 [error] Error while getting the latest version for the extension ecmel.vscode-html-css. Offline
2025-05-26 22:49:33.911 [error] Error while getting the latest version for the extension esbenp.prettier-vscode. Offline
2025-05-26 22:49:33.911 [error] Error while getting the latest version for the extension formulahendry.auto-close-tag. Offline
2025-05-26 22:49:33.912 [error] Error while getting the latest version for the extension formulahendry.auto-rename-tag. Offline
2025-05-26 22:49:33.912 [error] Error while getting the latest version for the extension formulahendry.code-runner. Offline
2025-05-26 22:49:33.912 [error] Error while getting the latest version for the extension franneck94.c-cpp-runner. Offline
2025-05-26 22:49:33.913 [error] Error while getting the latest version for the extension github.vscode-github-actions. Offline
2025-05-26 22:49:33.913 [error] Error while getting the latest version for the extension golang.go. Offline
2025-05-26 22:49:33.913 [error] Error while getting the latest version for the extension grapecity.gc-excelviewer. Offline
2025-05-26 22:49:33.914 [error] Error while getting the latest version for the extension slevesque.shader from https://marketplace.visualstudio.com/_apis/public/gallery/vscode/{publisher}/{name}/latest. Trying the fallback https://www.vscode-unpkg.net/_gallery/{publisher}/{name}/latest Offline
2025-05-26 22:49:33.914 [error] Error while getting the latest version for the extension slightc.pip-manager from https://marketplace.visualstudio.com/_apis/public/gallery/vscode/{publisher}/{name}/latest. Trying the fallback https://www.vscode-unpkg.net/_gallery/{publisher}/{name}/latest Offline
2025-05-26 22:49:33.915 [error] Error while getting the latest version for the extension solnurkarim.html-to-css-autocompletion from https://marketplace.visualstudio.com/_apis/public/gallery/vscode/{publisher}/{name}/latest. Trying the fallback https://www.vscode-unpkg.net/_gallery/{publisher}/{name}/latest Offline
2025-05-26 22:49:33.916 [error] Error while getting the latest version for the extension sporiley.css-auto-prefix from https://marketplace.visualstudio.com/_apis/public/gallery/vscode/{publisher}/{name}/latest. Trying the fallback https://www.vscode-unpkg.net/_gallery/{publisher}/{name}/latest Offline
2025-05-26 22:49:33.916 [error] Error while getting the latest version for the extension steoates.autoimport from https://marketplace.visualstudio.com/_apis/public/gallery/vscode/{publisher}/{name}/latest. Trying the fallback https://www.vscode-unpkg.net/_gallery/{publisher}/{name}/latest Offline
2025-05-26 22:49:33.917 [error] Error while getting the latest version for the extension streetsidesoftware.code-spell-checker from https://marketplace.visualstudio.com/_apis/public/gallery/vscode/{publisher}/{name}/latest. Trying the fallback https://www.vscode-unpkg.net/_gallery/{publisher}/{name}/latest Offline
2025-05-26 22:49:33.918 [error] Error while getting the latest version for the extension styled-components.vscode-styled-components from https://marketplace.visualstudio.com/_apis/public/gallery/vscode/{publisher}/{name}/latest. Trying the fallback https://www.vscode-unpkg.net/_gallery/{publisher}/{name}/latest Offline
2025-05-26 22:49:33.918 [error] Error while getting the latest version for the extension tobermory.es6-string-html from https://marketplace.visualstudio.com/_apis/public/gallery/vscode/{publisher}/{name}/latest. Trying the fallback https://www.vscode-unpkg.net/_gallery/{publisher}/{name}/latest Offline
2025-05-26 22:49:33.919 [error] Error while getting the latest version for the extension tomoki1207.pdf from https://marketplace.visualstudio.com/_apis/public/gallery/vscode/{publisher}/{name}/latest. Trying the fallback https://www.vscode-unpkg.net/_gallery/{publisher}/{name}/latest Offline
2025-05-26 22:49:33.920 [error] Error while getting the latest version for the extension twxs.cmake from https://marketplace.visualstudio.com/_apis/public/gallery/vscode/{publisher}/{name}/latest. Trying the fallback https://www.vscode-unpkg.net/_gallery/{publisher}/{name}/latest Offline
2025-05-26 22:49:33.920 [error] Error while getting the latest version for the extension usernamehw.errorlens from https://marketplace.visualstudio.com/_apis/public/gallery/vscode/{publisher}/{name}/latest. Trying the fallback https://www.vscode-unpkg.net/_gallery/{publisher}/{name}/latest Offline
2025-05-26 22:49:33.921 [error] Error while getting the latest version for the extension vadimcn.vscode-lldb from https://marketplace.visualstudio.com/_apis/public/gallery/vscode/{publisher}/{name}/latest. Trying the fallback https://www.vscode-unpkg.net/_gallery/{publisher}/{name}/latest Offline
2025-05-26 22:49:33.921 [error] Error while getting the latest version for the extension vincaslt.highlight-matching-tag from https://marketplace.visualstudio.com/_apis/public/gallery/vscode/{publisher}/{name}/latest. Trying the fallback https://www.vscode-unpkg.net/_gallery/{publisher}/{name}/latest Offline
2025-05-26 22:49:33.922 [error] Error while getting the latest version for the extension visualstudioexptteam.intellicode-api-usage-examples from https://marketplace.visualstudio.com/_apis/public/gallery/vscode/{publisher}/{name}/latest. Trying the fallback https://www.vscode-unpkg.net/_gallery/{publisher}/{name}/latest Offline
2025-05-26 22:49:33.922 [error] Error while getting the latest version for the extension visualstudioexptteam.vscodeintellicode from https://marketplace.visualstudio.com/_apis/public/gallery/vscode/{publisher}/{name}/latest. Trying the fallback https://www.vscode-unpkg.net/_gallery/{publisher}/{name}/latest Offline
2025-05-26 22:49:33.923 [error] Error while getting the latest version for the extension voldemortensen.rainbow-tags from https://marketplace.visualstudio.com/_apis/public/gallery/vscode/{publisher}/{name}/latest. Trying the fallback https://www.vscode-unpkg.net/_gallery/{publisher}/{name}/latest Offline
2025-05-26 22:49:33.924 [error] Error while getting the latest version for the extension vunguyentuan.vscode-css-variables from https://marketplace.visualstudio.com/_apis/public/gallery/vscode/{publisher}/{name}/latest. Trying the fallback https://www.vscode-unpkg.net/_gallery/{publisher}/{name}/latest Offline
2025-05-26 22:49:33.924 [error] Error while getting the latest version for the extension wayou.vscode-todo-highlight from https://marketplace.visualstudio.com/_apis/public/gallery/vscode/{publisher}/{name}/latest. Trying the fallback https://www.vscode-unpkg.net/_gallery/{publisher}/{name}/latest Offline
2025-05-26 22:49:33.925 [error] Error while getting the latest version for the extension wholroyd.jinja from https://marketplace.visualstudio.com/_apis/public/gallery/vscode/{publisher}/{name}/latest. Trying the fallback https://www.vscode-unpkg.net/_gallery/{publisher}/{name}/latest Offline
2025-05-26 22:49:33.926 [error] Error while getting the latest version for the extension wix.vscode-import-cost from https://marketplace.visualstudio.com/_apis/public/gallery/vscode/{publisher}/{name}/latest. Trying the fallback https://www.vscode-unpkg.net/_gallery/{publisher}/{name}/latest Offline
2025-05-26 22:49:33.926 [error] Error while getting the latest version for the extension xabikos.javascriptsnippets from https://marketplace.visualstudio.com/_apis/public/gallery/vscode/{publisher}/{name}/latest. Trying the fallback https://www.vscode-unpkg.net/_gallery/{publisher}/{name}/latest Offline
2025-05-26 22:49:33.927 [error] Error while getting the latest version for the extension xabikos.reactsnippets from https://marketplace.visualstudio.com/_apis/public/gallery/vscode/{publisher}/{name}/latest. Trying the fallback https://www.vscode-unpkg.net/_gallery/{publisher}/{name}/latest Offline
2025-05-26 22:49:33.928 [error] Error while getting the latest version for the extension yzhang.markdown-all-in-one from https://marketplace.visualstudio.com/_apis/public/gallery/vscode/{publisher}/{name}/latest. Trying the fallback https://www.vscode-unpkg.net/_gallery/{publisher}/{name}/latest Offline
2025-05-26 22:49:33.929 [error] Error while getting the latest version for the extension zignd.html-css-class-completion from https://marketplace.visualstudio.com/_apis/public/gallery/vscode/{publisher}/{name}/latest. Trying the fallback https://www.vscode-unpkg.net/_gallery/{publisher}/{name}/latest Offline
2025-05-26 22:49:33.930 [error] Error while getting the latest version for the extension zitup.classnametocss from https://marketplace.visualstudio.com/_apis/public/gallery/vscode/{publisher}/{name}/latest. Trying the fallback https://www.vscode-unpkg.net/_gallery/{publisher}/{name}/latest Offline
2025-05-26 22:49:33.930 [error] Error while getting the latest version for the extension github.vscode-pull-request-github. Offline
2025-05-26 22:49:33.931 [error] Error while getting the latest version for the extension ibm.output-colorizer. Offline
2025-05-26 22:49:33.931 [error] Error while getting the latest version for the extension jasonnutter.search-node-modules. Offline
2025-05-26 22:49:33.931 [error] Error while getting the latest version for the extension habeebarul.react-component-tree. Offline
2025-05-26 22:49:33.932 [error] Error while getting the latest version for the extension igorsbitnev.error-gutters. Offline
2025-05-26 22:49:33.932 [error] Error while getting the latest version for the extension hoangkimlai.ipython. Offline
2025-05-26 22:49:33.933 [error] Error while getting the latest version for the extension jawandarajbir.react-vscode-extension-pack. Offline
2025-05-26 22:49:33.934 [error] Error while getting the latest version for the extension jeff-hykin.better-cpp-syntax. Offline
2025-05-26 22:49:33.939 [error] Error while getting the latest version for the extension magicstack.magicpython. Offline
2025-05-26 22:49:33.944 [error] Error while getting the latest version for the extension kevinrose.vsc-python-indent. Offline
2025-05-26 22:49:33.945 [error] Error while getting the latest version for the extension mgmcdermott.vscode-language-babel. Offline
2025-05-26 22:49:33.945 [error] Error while getting the latest version for the extension ms-python.debugpy. Offline
2025-05-26 22:49:33.945 [error] Error while getting the latest version for the extension mechatroner.rainbow-csv. Offline
2025-05-26 22:49:33.946 [error] Error while getting the latest version for the extension meganrogge.template-string-converter. Offline
2025-05-26 22:49:33.946 [error] Error while getting the latest version for the extension jock.svg. Offline
2025-05-26 22:49:33.947 [error] Error while getting the latest version for the extension kisstkondoros.vscode-gutter-preview. Offline
2025-05-26 22:49:33.947 [error] Error while getting the latest version for the extension ms-edgedevtools.vscode-edge-devtools. Offline
2025-05-26 22:49:33.947 [error] Error while getting the latest version for the extension mikestead.dotenv. Offline
2025-05-26 22:49:33.954 [error] Error while getting the latest version for the extension ms-python.isort. Offline
2025-05-26 22:49:33.954 [error] Error while getting the latest version for the extension ms-toolsai.vscode-jupyter-slideshow. Offline
2025-05-26 22:49:33.954 [error] Error while getting the latest version for the extension ms-python.black-formatter. Offline
2025-05-26 22:49:33.955 [error] Error while getting the latest version for the extension ms-toolsai.jupyter. Offline
2025-05-26 22:49:33.996 [error] Error while getting the latest version for the extension mhutchie.git-graph. Offline
2025-05-26 22:49:33.996 [error] Error while getting the latest version for the extension ms-python.python. Offline
2025-05-26 22:49:33.996 [error] Error while getting the latest version for the extension ms-toolsai.vscode-jupyter-cell-tags. Offline
2025-05-26 22:49:33.997 [error] Error while getting the latest version for the extension msrvida.vscode-sanddance. Offline
2025-05-26 22:49:33.997 [error] Error while getting the latest version for the extension ms-python.vscode-pylance. Offline
2025-05-26 22:49:33.997 [error] Error while getting the latest version for the extension ms-toolsai.datawrangler. Offline
2025-05-26 22:49:33.997 [error] Error while getting the latest version for the extension ms-toolsai.jupyter-keymap. Offline
2025-05-26 22:49:33.998 [error] Error while getting the latest version for the extension ms-toolsai.vscode-jupyter-powertoys. Offline
2025-05-26 22:49:33.998 [error] Error while getting the latest version for the extension ms-toolsai.jupyter-renderers. Offline
2025-05-26 22:49:33.998 [error] Error while getting the latest version for the extension ms-vscode-remote.remote-ssh. Offline
2025-05-26 22:49:33.999 [error] Error while getting the latest version for the extension ms-python.vscode-python-envs. Offline
2025-05-26 22:49:33.999 [error] Error while getting the latest version for the extension ms-vscode-remote.remote-ssh-edit. Offline
2025-05-26 22:49:33.999 [error] Error while getting the latest version for the extension ms-vscode-remote.remote-wsl. Offline
2025-05-26 22:49:34.000 [error] Error while getting the latest version for the extension ms-vscode.cmake-tools. Offline
2025-05-26 22:49:34.000 [error] Error while getting the latest version for the extension ms-vscode.cpptools. Offline
2025-05-26 22:49:34.000 [error] Error while getting the latest version for the extension ms-vscode.cpptools-extension-pack. Offline
2025-05-26 22:49:34.000 [error] Error while getting the latest version for the extension ms-vscode.cpptools-themes. Offline
2025-05-26 22:49:34.001 [error] Error while getting the latest version for the extension ms-vscode.remote-explorer. Offline
2025-05-26 22:49:34.001 [error] Error while getting the latest version for the extension ms-vscode.live-server. Offline
2025-05-26 22:49:34.001 [error] Error while getting the latest version for the extension naumovs.color-highlight. Offline
2025-05-26 22:49:34.002 [error] Error while getting the latest version for the extension njpwerner.autodocstring. Offline
2025-05-26 22:49:34.002 [error] Error while getting the latest version for the extension percy.vscode-pydata-viewer. Offline
2025-05-26 22:49:34.002 [error] Error while getting the latest version for the extension qwtel.sqlite-viewer. Offline
2025-05-26 22:49:34.003 [error] Error while getting the latest version for the extension raczzalan.webgl-glsl-editor. Offline
2025-05-26 22:49:34.003 [error] Error while getting the latest version for the extension samplavigne.p5-vscode. Offline
2025-05-26 22:49:34.003 [error] Error while getting the latest version for the extension sburg.vscode-javascript-booster. Offline
2025-05-26 22:49:34.004 [error] Error while getting the latest version for the extension shardulm94.trailing-spaces. Offline
2025-05-26 22:49:34.004 [error] Error while getting the latest version for the extension slevesque.shader. Offline
2025-05-26 22:49:34.004 [error] Error while getting the latest version for the extension slightc.pip-manager. Offline
2025-05-26 22:49:34.004 [error] Error while getting the latest version for the extension solnurkarim.html-to-css-autocompletion. Offline
2025-05-26 22:49:34.005 [error] Error while getting the latest version for the extension sporiley.css-auto-prefix. Offline
2025-05-26 22:49:34.005 [error] Error while getting the latest version for the extension steoates.autoimport. Offline
2025-05-26 22:49:34.005 [error] Error while getting the latest version for the extension streetsidesoftware.code-spell-checker. Offline
2025-05-26 22:49:34.006 [error] Error while getting the latest version for the extension styled-components.vscode-styled-components. Offline
2025-05-26 22:49:34.006 [error] Error while getting the latest version for the extension tobermory.es6-string-html. Offline
2025-05-26 22:49:34.006 [error] Error while getting the latest version for the extension tomoki1207.pdf. Offline
2025-05-26 22:49:34.006 [error] Error while getting the latest version for the extension twxs.cmake. Offline
2025-05-26 22:49:34.007 [error] Error while getting the latest version for the extension usernamehw.errorlens. Offline
2025-05-26 22:49:34.007 [error] Error while getting the latest version for the extension vadimcn.vscode-lldb. Offline
2025-05-26 22:49:34.007 [error] Error while getting the latest version for the extension vincaslt.highlight-matching-tag. Offline
2025-05-26 22:49:34.008 [error] Error while getting the latest version for the extension visualstudioexptteam.intellicode-api-usage-examples. Offline
2025-05-26 22:49:34.010 [error] Error while getting the latest version for the extension visualstudioexptteam.vscodeintellicode. Offline
2025-05-26 22:49:34.010 [error] Error while getting the latest version for the extension voldemortensen.rainbow-tags. Offline
2025-05-26 22:49:34.011 [error] Error while getting the latest version for the extension vunguyentuan.vscode-css-variables. Offline
2025-05-26 22:49:34.011 [error] Error while getting the latest version for the extension wholroyd.jinja. Offline
2025-05-26 22:49:34.011 [error] Error while getting the latest version for the extension wayou.vscode-todo-highlight. Offline
2025-05-26 22:49:34.012 [error] Error while getting the latest version for the extension wix.vscode-import-cost. Offline
2025-05-26 22:49:34.012 [error] Error while getting the latest version for the extension xabikos.javascriptsnippets. Offline
2025-05-26 22:49:34.012 [error] Error while getting the latest version for the extension xabikos.reactsnippets. Offline
2025-05-26 22:49:34.013 [error] Error while getting the latest version for the extension zitup.classnametocss. Offline
2025-05-26 22:49:34.013 [error] Error while getting the latest version for the extension yzhang.markdown-all-in-one. Offline
2025-05-26 22:49:34.013 [error] Error while getting the latest version for the extension zignd.html-css-class-completion. Offline
2025-05-26 22:49:34.324 [info] [perf] Render performance baseline is 132ms
2025-05-26 22:49:34.555 [error] request to https://configs.gitkraken.dev/gitlens/product.json failed, reason: getaddrinfo EAI_AGAIN configs.gitkraken.dev
2025-05-26 22:49:38.380 [warning] [twxs.cmake]: Cannot register 'cmake.cmakePath'. This property is already registered.
2025-05-26 22:59:34.098 [warning] Failed to fetch chat participant registry Offline
2025-05-26 23:04:34.107 [warning] Failed to fetch chat participant registry Offline
2025-05-26 23:09:34.113 [warning] Failed to fetch chat participant registry Offline
