2025-05-27 07:11:20.502 [info] Reading sessions from keychain...
2025-05-27 07:11:20.502 [info] Getting sessions for all scopes...
2025-05-27 07:11:20.502 [info] Getting sessions for all scopes...
2025-05-27 07:11:20.521 [info] Getting sessions for all scopes...
2025-05-27 07:11:20.521 [info] Getting sessions for all scopes...
2025-05-27 07:11:20.521 [info] Getting sessions for all scopes...
2025-05-27 07:11:20.521 [info] Getting sessions for all scopes...
2025-05-27 07:11:20.521 [info] Getting sessions for all scopes...
2025-05-27 07:11:20.603 [info] Got stored sessions!
2025-05-27 07:11:20.603 [info] Got 2 verified sessions.
2025-05-27 07:11:20.603 [info] Got 2 sessions for ...
2025-05-27 07:11:20.603 [info] Got 2 sessions for ...
2025-05-27 07:11:20.603 [info] Got 2 sessions for ...
2025-05-27 07:11:20.603 [info] Got 2 sessions for ...
2025-05-27 07:11:20.603 [info] Got 2 sessions for ...
2025-05-27 07:11:20.603 [info] Got 2 sessions for ...
2025-05-27 07:11:20.603 [info] Got 2 sessions for ...
2025-05-27 07:11:20.612 [info] Getting sessions for all scopes...
2025-05-27 07:11:20.612 [info] Got 2 sessions for ...
2025-05-27 07:11:20.612 [info] Getting sessions for all scopes...
2025-05-27 07:11:20.612 [info] Got 2 sessions for ...
2025-05-27 07:11:20.612 [info] Getting sessions for all scopes...
2025-05-27 07:11:20.612 [info] Got 2 sessions for ...
2025-05-27 07:11:20.612 [info] Getting sessions for all scopes...
2025-05-27 07:11:20.613 [info] Got 2 sessions for ...
2025-05-27 07:11:20.613 [info] Getting sessions for all scopes...
2025-05-27 07:11:20.613 [info] Got 2 sessions for ...
2025-05-27 07:11:20.613 [info] Getting sessions for all scopes...
2025-05-27 07:11:20.613 [info] Got 2 sessions for ...
