2025-05-27 06:24:45.143 [info] Reading sessions from keychain...
2025-05-27 06:24:45.143 [info] Getting sessions for all scopes...
2025-05-27 06:24:45.143 [info] Getting sessions for all scopes...
2025-05-27 06:24:45.143 [info] Getting sessions for all scopes...
2025-05-27 06:24:45.143 [info] Getting sessions for all scopes...
2025-05-27 06:24:45.143 [info] Getting sessions for all scopes...
2025-05-27 06:24:45.143 [info] Getting sessions for all scopes...
2025-05-27 06:24:45.143 [info] Getting sessions for all scopes...
2025-05-27 06:24:45.143 [info] Got stored sessions!
2025-05-27 06:24:45.143 [info] Got 2 verified sessions.
2025-05-27 06:24:45.143 [info] Got 2 sessions for ...
2025-05-27 06:24:45.143 [info] Got 2 sessions for ...
2025-05-27 06:24:45.143 [info] Got 2 sessions for ...
2025-05-27 06:24:45.143 [info] Got 2 sessions for ...
2025-05-27 06:24:45.143 [info] Got 2 sessions for ...
2025-05-27 06:24:45.143 [info] Got 2 sessions for ...
2025-05-27 06:24:45.143 [info] Got 2 sessions for ...
2025-05-27 06:24:45.143 [info] Getting sessions for all scopes...
2025-05-27 06:24:45.143 [info] Got 2 sessions for ...
2025-05-27 06:24:45.143 [info] Getting sessions for all scopes...
2025-05-27 06:24:45.143 [info] Got 2 sessions for ...
2025-05-27 06:24:45.143 [info] Getting sessions for all scopes...
2025-05-27 06:24:45.143 [info] Got 2 sessions for ...
2025-05-27 06:24:45.143 [info] Getting sessions for all scopes...
2025-05-27 06:24:45.143 [info] Got 2 sessions for ...
2025-05-27 06:24:45.143 [info] Getting sessions for all scopes...
2025-05-27 06:24:45.143 [info] Got 2 sessions for ...
2025-05-27 06:24:45.143 [info] Getting sessions for all scopes...
2025-05-27 06:24:45.143 [info] Got 2 sessions for ...
2025-05-27 06:24:45.143 [info] Getting sessions for user:email...
2025-05-27 06:24:45.143 [info] Got 1 sessions for user:email...
2025-05-27 06:24:45.143 [info] Getting sessions for all scopes...
2025-05-27 06:24:45.143 [info] Got 2 sessions for ...
2025-05-27 06:24:45.143 [info] Getting sessions for all scopes...
2025-05-27 06:24:45.143 [info] Got 2 sessions for ...
2025-05-27 06:24:45.143 [info] Getting sessions for all scopes...
2025-05-27 06:24:45.143 [info] Got 2 sessions for ...
2025-05-27 06:24:45.143 [info] Getting sessions for all scopes...
2025-05-27 06:24:45.143 [info] Got 2 sessions for ...
2025-05-27 06:24:45.192 [info] Getting sessions for all scopes...
2025-05-27 06:24:45.192 [info] Got 2 sessions for ...
2025-05-27 06:24:45.221 [info] Getting sessions for all scopes...
2025-05-27 06:24:45.221 [info] Got 2 sessions for ...
2025-05-27 06:24:45.611 [info] Getting sessions for read:user,repo,user:email...
2025-05-27 06:24:45.611 [info] Got 0 sessions for read:user,repo,user:email...
2025-05-27 06:24:45.611 [info] Getting sessions for project,read:org,read:user,repo,user:email,workflow...
2025-05-27 06:24:45.611 [info] Got 0 sessions for project,read:org,read:user,repo,user:email,workflow...
2025-05-27 06:24:45.769 [info] Getting sessions for read:user,repo,user:email,workflow...
2025-05-27 06:24:45.769 [info] Got 1 sessions for read:user,repo,user:email,workflow...
