2025-05-30 06:58:37.404 [info] [main] Log level: Info
2025-05-30 06:58:37.404 [info] [main] Validating found git in: "git"
2025-05-30 06:58:37.404 [info] [main] Using git "2.49.0" from "git"
2025-05-30 06:58:37.404 [info] [Model][doInitialScan] Initial repository scan started
2025-05-30 06:58:37.404 [info] > git rev-parse --show-toplevel [2ms]
2025-05-30 06:58:37.404 [info] fatal: not a git repository (or any parent up to mount point /)
Stopping at filesystem boundary (GIT_DISCOVERY_ACROSS_FILESYSTEM not set).
2025-05-30 06:58:37.404 [info] > git rev-parse --show-toplevel [15ms]
2025-05-30 06:58:37.404 [info] fatal: not a git repository (or any parent up to mount point /)
Stopping at filesystem boundary (GIT_DISCOVERY_ACROSS_FILESYSTEM not set).
2025-05-30 06:58:37.404 [info] > git rev-parse --show-toplevel [1ms]
2025-05-30 06:58:37.404 [info] fatal: not a git repository (or any parent up to mount point /)
Stopping at filesystem boundary (GIT_DISCOVERY_ACROSS_FILESYSTEM not set).
2025-05-30 06:58:37.413 [info] > git rev-parse --show-toplevel [1ms]
2025-05-30 06:58:37.413 [info] fatal: not a git repository (or any parent up to mount point /)
Stopping at filesystem boundary (GIT_DISCOVERY_ACROSS_FILESYSTEM not set).
2025-05-30 06:58:37.420 [info] > git rev-parse --show-toplevel [1ms]
2025-05-30 06:58:37.420 [info] fatal: not a git repository (or any parent up to mount point /)
Stopping at filesystem boundary (GIT_DISCOVERY_ACROSS_FILESYSTEM not set).
2025-05-30 06:58:37.429 [info] > git rev-parse --show-toplevel [2ms]
2025-05-30 06:58:37.429 [info] fatal: not a git repository (or any parent up to mount point /)
Stopping at filesystem boundary (GIT_DISCOVERY_ACROSS_FILESYSTEM not set).
2025-05-30 06:58:37.436 [info] > git rev-parse --show-toplevel [1ms]
2025-05-30 06:58:37.436 [info] fatal: not a git repository (or any parent up to mount point /)
Stopping at filesystem boundary (GIT_DISCOVERY_ACROSS_FILESYSTEM not set).
2025-05-30 06:58:37.438 [info] [Model][doInitialScan] Initial repository scan completed - repositories (0), closed repositories (0), parent repositories (0), unsafe repositories (0)
