2025-05-26 20:54:11.522 [info] [main] Log level: Info
2025-05-26 20:54:11.522 [info] [main] Validating found git in: "git"
2025-05-26 20:54:11.522 [info] [main] Using git "2.49.0" from "git"
2025-05-26 20:54:11.522 [info] [Model][doInitialScan] Initial repository scan started
2025-05-26 20:54:11.522 [info] > git rev-parse --show-toplevel [5ms]
2025-05-26 20:54:11.522 [info] fatal: not a git repository (or any parent up to mount point /)
Stopping at filesystem boundary (GIT_DISCOVERY_ACROSS_FILESYSTEM not set).
2025-05-26 20:54:11.522 [info] > git rev-parse --show-toplevel [11ms]
2025-05-26 20:54:11.522 [info] fatal: not a git repository (or any parent up to mount point /)
Stopping at filesystem boundary (GIT_DISCOVERY_ACROSS_FILESYSTEM not set).
2025-05-26 20:54:11.523 [info] > git rev-parse --show-toplevel [10ms]
2025-05-26 20:54:11.523 [info] fatal: not a git repository (or any parent up to mount point /)
Stopping at filesystem boundary (GIT_DISCOVERY_ACROSS_FILESYSTEM not set).
2025-05-26 20:54:11.535 [info] > git rev-parse --show-toplevel [7ms]
2025-05-26 20:54:11.535 [info] fatal: not a git repository (or any parent up to mount point /)
Stopping at filesystem boundary (GIT_DISCOVERY_ACROSS_FILESYSTEM not set).
2025-05-26 20:54:11.537 [info] [Model][doInitialScan] Initial repository scan completed - repositories (0), closed repositories (0), parent repositories (0), unsafe repositories (0)
2025-05-26 20:54:13.204 [info] > git rev-parse --show-toplevel [258ms]
2025-05-26 20:54:13.204 [info] fatal: not a git repository (or any parent up to mount point /)
Stopping at filesystem boundary (GIT_DISCOVERY_ACROSS_FILESYSTEM not set).
2025-05-26 20:54:13.338 [info] > git rev-parse --show-toplevel [57ms]
2025-05-26 20:54:13.338 [info] fatal: not a git repository (or any parent up to mount point /)
Stopping at filesystem boundary (GIT_DISCOVERY_ACROSS_FILESYSTEM not set).
2025-05-26 20:54:40.992 [info] > git rev-parse --show-toplevel [8ms]
2025-05-26 20:54:40.992 [info] fatal: not a git repository (or any parent up to mount point /)
Stopping at filesystem boundary (GIT_DISCOVERY_ACROSS_FILESYSTEM not set).
2025-05-26 20:54:41.020 [info] > git rev-parse --show-toplevel [4ms]
2025-05-26 20:54:41.020 [info] fatal: not a git repository (or any parent up to mount point /)
Stopping at filesystem boundary (GIT_DISCOVERY_ACROSS_FILESYSTEM not set).
2025-05-26 20:56:06.709 [info] [main] Log level: Info
2025-05-26 20:56:06.709 [info] [main] Validating found git in: "git"
2025-05-26 20:56:06.709 [info] [main] Using git "2.49.0" from "git"
2025-05-26 20:56:06.709 [info] [Model][doInitialScan] Initial repository scan started
2025-05-26 20:56:06.709 [info] > git rev-parse --show-toplevel [1597ms]
2025-05-26 20:56:06.709 [info] fatal: not a git repository (or any parent up to mount point /)
Stopping at filesystem boundary (GIT_DISCOVERY_ACROSS_FILESYSTEM not set).
2025-05-26 20:56:06.739 [info] > git rev-parse --show-toplevel [263ms]
2025-05-26 20:56:06.739 [info] fatal: not a git repository (or any parent up to mount point /)
Stopping at filesystem boundary (GIT_DISCOVERY_ACROSS_FILESYSTEM not set).
2025-05-26 20:56:06.970 [info] > git rev-parse --show-toplevel [124ms]
2025-05-26 20:56:06.970 [info] fatal: not a git repository (or any parent up to mount point /)
Stopping at filesystem boundary (GIT_DISCOVERY_ACROSS_FILESYSTEM not set).
2025-05-26 20:56:07.155 [info] > git rev-parse --show-toplevel [72ms]
2025-05-26 20:56:07.155 [info] fatal: not a git repository (or any parent up to mount point /)
Stopping at filesystem boundary (GIT_DISCOVERY_ACROSS_FILESYSTEM not set).
2025-05-26 20:56:07.224 [info] > git rev-parse --show-toplevel [50ms]
2025-05-26 20:56:07.224 [info] fatal: not a git repository (or any parent up to mount point /)
Stopping at filesystem boundary (GIT_DISCOVERY_ACROSS_FILESYSTEM not set).
2025-05-26 20:56:07.286 [info] > git rev-parse --show-toplevel [17ms]
2025-05-26 20:56:07.286 [info] fatal: not a git repository (or any parent up to mount point /)
Stopping at filesystem boundary (GIT_DISCOVERY_ACROSS_FILESYSTEM not set).
2025-05-26 20:56:07.289 [info] [Model][doInitialScan] Initial repository scan completed - repositories (0), closed repositories (0), parent repositories (0), unsafe repositories (0)
2025-05-26 20:56:07.316 [info] > git rev-parse --show-toplevel [11ms]
2025-05-26 20:56:07.316 [info] fatal: not a git repository (or any parent up to mount point /)
Stopping at filesystem boundary (GIT_DISCOVERY_ACROSS_FILESYSTEM not set).
2025-05-26 20:57:57.878 [info] > git rev-parse --show-toplevel [3ms]
2025-05-26 20:57:57.878 [info] fatal: not a git repository (or any parent up to mount point /)
Stopping at filesystem boundary (GIT_DISCOVERY_ACROSS_FILESYSTEM not set).
2025-05-26 20:58:00.850 [info] > git rev-parse --show-toplevel [4ms]
2025-05-26 20:58:00.850 [info] fatal: not a git repository (or any parent up to mount point /)
Stopping at filesystem boundary (GIT_DISCOVERY_ACROSS_FILESYSTEM not set).
2025-05-26 20:58:03.340 [info] > git rev-parse --show-toplevel [4ms]
2025-05-26 20:58:03.340 [info] fatal: not a git repository (or any parent up to mount point /)
Stopping at filesystem boundary (GIT_DISCOVERY_ACROSS_FILESYSTEM not set).
2025-05-26 20:58:11.512 [info] > git rev-parse --show-toplevel [5ms]
2025-05-26 20:58:11.512 [info] fatal: not a git repository (or any parent up to mount point /)
Stopping at filesystem boundary (GIT_DISCOVERY_ACROSS_FILESYSTEM not set).
2025-05-26 20:58:16.224 [info] > git rev-parse --show-toplevel [9ms]
2025-05-26 20:58:16.224 [info] fatal: not a git repository (or any parent up to mount point /)
Stopping at filesystem boundary (GIT_DISCOVERY_ACROSS_FILESYSTEM not set).
2025-05-26 20:58:20.276 [info] > git rev-parse --show-toplevel [6ms]
2025-05-26 20:58:20.276 [info] fatal: not a git repository (or any parent up to mount point /)
Stopping at filesystem boundary (GIT_DISCOVERY_ACROSS_FILESYSTEM not set).
2025-05-26 20:58:27.342 [info] > git rev-parse --show-toplevel [3ms]
2025-05-26 20:58:27.342 [info] fatal: not a git repository (or any parent up to mount point /)
Stopping at filesystem boundary (GIT_DISCOVERY_ACROSS_FILESYSTEM not set).
2025-05-26 20:59:41.334 [info] > git rev-parse --show-toplevel [4ms]
2025-05-26 20:59:41.334 [info] fatal: not a git repository (or any parent up to mount point /)
Stopping at filesystem boundary (GIT_DISCOVERY_ACROSS_FILESYSTEM not set).
2025-05-26 21:01:04.374 [info] > git rev-parse --show-toplevel [8ms]
2025-05-26 21:01:04.374 [info] fatal: not a git repository (or any parent up to mount point /)
Stopping at filesystem boundary (GIT_DISCOVERY_ACROSS_FILESYSTEM not set).
2025-05-26 21:01:33.770 [info] > git rev-parse --show-toplevel [4ms]
2025-05-26 21:01:33.770 [info] fatal: not a git repository (or any parent up to mount point /)
Stopping at filesystem boundary (GIT_DISCOVERY_ACROSS_FILESYSTEM not set).
2025-05-26 21:01:54.996 [info] > git rev-parse --show-toplevel [4ms]
2025-05-26 21:01:54.996 [info] fatal: not a git repository (or any parent up to mount point /)
Stopping at filesystem boundary (GIT_DISCOVERY_ACROSS_FILESYSTEM not set).
2025-05-26 21:02:48.773 [info] > git rev-parse --show-toplevel [5ms]
2025-05-26 21:02:48.773 [info] fatal: not a git repository (or any parent up to mount point /)
Stopping at filesystem boundary (GIT_DISCOVERY_ACROSS_FILESYSTEM not set).
2025-05-26 21:02:54.026 [info] > git rev-parse --show-toplevel [6ms]
2025-05-26 21:02:54.026 [info] fatal: not a git repository (or any parent up to mount point /)
Stopping at filesystem boundary (GIT_DISCOVERY_ACROSS_FILESYSTEM not set).
2025-05-26 21:03:07.302 [info] > git rev-parse --show-toplevel [5ms]
2025-05-26 21:03:07.302 [info] fatal: not a git repository (or any parent up to mount point /)
Stopping at filesystem boundary (GIT_DISCOVERY_ACROSS_FILESYSTEM not set).
2025-05-26 21:03:09.211 [info] > git rev-parse --show-toplevel [4ms]
2025-05-26 21:03:09.211 [info] fatal: not a git repository (or any parent up to mount point /)
Stopping at filesystem boundary (GIT_DISCOVERY_ACROSS_FILESYSTEM not set).
2025-05-26 21:03:16.627 [info] > git rev-parse --show-toplevel [3ms]
2025-05-26 21:03:16.627 [info] fatal: not a git repository (or any parent up to mount point /)
Stopping at filesystem boundary (GIT_DISCOVERY_ACROSS_FILESYSTEM not set).
2025-05-26 21:03:25.155 [info] > git rev-parse --show-toplevel [5ms]
2025-05-26 21:03:25.155 [info] fatal: not a git repository (or any parent up to mount point /)
Stopping at filesystem boundary (GIT_DISCOVERY_ACROSS_FILESYSTEM not set).
2025-05-26 21:03:27.442 [info] > git rev-parse --show-toplevel [3ms]
2025-05-26 21:03:27.442 [info] fatal: not a git repository (or any parent up to mount point /)
Stopping at filesystem boundary (GIT_DISCOVERY_ACROSS_FILESYSTEM not set).
2025-05-26 21:03:47.334 [info] > git rev-parse --show-toplevel [3ms]
2025-05-26 21:03:47.335 [info] fatal: not a git repository (or any parent up to mount point /)
Stopping at filesystem boundary (GIT_DISCOVERY_ACROSS_FILESYSTEM not set).
2025-05-26 21:03:54.846 [info] > git rev-parse --show-toplevel [5ms]
2025-05-26 21:03:54.846 [info] fatal: not a git repository (or any parent up to mount point /)
Stopping at filesystem boundary (GIT_DISCOVERY_ACROSS_FILESYSTEM not set).
2025-05-26 21:04:03.466 [info] > git rev-parse --show-toplevel [4ms]
2025-05-26 21:04:03.466 [info] fatal: not a git repository (or any parent up to mount point /)
Stopping at filesystem boundary (GIT_DISCOVERY_ACROSS_FILESYSTEM not set).
2025-05-26 21:04:04.505 [info] > git rev-parse --show-toplevel [4ms]
2025-05-26 21:04:04.505 [info] fatal: not a git repository (or any parent up to mount point /)
Stopping at filesystem boundary (GIT_DISCOVERY_ACROSS_FILESYSTEM not set).
2025-05-26 21:04:16.052 [info] > git rev-parse --show-toplevel [4ms]
2025-05-26 21:04:16.052 [info] fatal: not a git repository (or any parent up to mount point /)
Stopping at filesystem boundary (GIT_DISCOVERY_ACROSS_FILESYSTEM not set).
2025-05-26 21:05:14.757 [info] > git rev-parse --show-toplevel [3ms]
2025-05-26 21:05:14.757 [info] fatal: not a git repository (or any parent up to mount point /)
Stopping at filesystem boundary (GIT_DISCOVERY_ACROSS_FILESYSTEM not set).
2025-05-26 21:05:28.456 [info] > git rev-parse --show-toplevel [4ms]
2025-05-26 21:05:28.456 [info] fatal: not a git repository (or any parent up to mount point /)
Stopping at filesystem boundary (GIT_DISCOVERY_ACROSS_FILESYSTEM not set).
2025-05-26 21:05:52.260 [info] > git rev-parse --show-toplevel [5ms]
2025-05-26 21:05:52.260 [info] fatal: not a git repository (or any parent up to mount point /)
Stopping at filesystem boundary (GIT_DISCOVERY_ACROSS_FILESYSTEM not set).
2025-05-26 21:05:59.459 [info] > git rev-parse --show-toplevel [3ms]
2025-05-26 21:05:59.459 [info] fatal: not a git repository (or any parent up to mount point /)
Stopping at filesystem boundary (GIT_DISCOVERY_ACROSS_FILESYSTEM not set).
2025-05-26 21:06:20.168 [info] > git rev-parse --show-toplevel [4ms]
2025-05-26 21:06:20.168 [info] fatal: not a git repository (or any parent up to mount point /)
Stopping at filesystem boundary (GIT_DISCOVERY_ACROSS_FILESYSTEM not set).
2025-05-26 21:06:41.499 [info] > git rev-parse --show-toplevel [4ms]
2025-05-26 21:06:41.499 [info] fatal: not a git repository (or any parent up to mount point /)
Stopping at filesystem boundary (GIT_DISCOVERY_ACROSS_FILESYSTEM not set).
2025-05-26 21:06:46.388 [info] > git rev-parse --show-toplevel [3ms]
2025-05-26 21:06:46.388 [info] fatal: not a git repository (or any parent up to mount point /)
Stopping at filesystem boundary (GIT_DISCOVERY_ACROSS_FILESYSTEM not set).
2025-05-26 21:06:48.428 [info] > git rev-parse --show-toplevel [4ms]
2025-05-26 21:06:48.428 [info] fatal: not a git repository (or any parent up to mount point /)
Stopping at filesystem boundary (GIT_DISCOVERY_ACROSS_FILESYSTEM not set).
2025-05-26 21:07:00.917 [info] > git rev-parse --show-toplevel [2ms]
2025-05-26 21:07:00.917 [info] fatal: not a git repository (or any parent up to mount point /)
Stopping at filesystem boundary (GIT_DISCOVERY_ACROSS_FILESYSTEM not set).
2025-05-26 21:07:03.285 [info] > git rev-parse --show-toplevel [2ms]
2025-05-26 21:07:03.285 [info] fatal: not a git repository (or any parent up to mount point /)
Stopping at filesystem boundary (GIT_DISCOVERY_ACROSS_FILESYSTEM not set).
2025-05-26 21:07:13.191 [info] > git rev-parse --show-toplevel [3ms]
2025-05-26 21:07:13.191 [info] fatal: not a git repository (or any parent up to mount point /)
Stopping at filesystem boundary (GIT_DISCOVERY_ACROSS_FILESYSTEM not set).
2025-05-26 21:07:18.327 [info] > git rev-parse --show-toplevel [6ms]
2025-05-26 21:07:18.328 [info] fatal: not a git repository (or any parent up to mount point /)
Stopping at filesystem boundary (GIT_DISCOVERY_ACROSS_FILESYSTEM not set).
2025-05-26 21:07:22.801 [info] > git rev-parse --show-toplevel [4ms]
2025-05-26 21:07:22.801 [info] fatal: not a git repository (or any parent up to mount point /)
Stopping at filesystem boundary (GIT_DISCOVERY_ACROSS_FILESYSTEM not set).
2025-05-26 21:07:31.807 [info] > git rev-parse --show-toplevel [4ms]
2025-05-26 21:07:31.807 [info] fatal: not a git repository (or any parent up to mount point /)
Stopping at filesystem boundary (GIT_DISCOVERY_ACROSS_FILESYSTEM not set).
2025-05-26 21:07:33.828 [info] > git rev-parse --show-toplevel [3ms]
2025-05-26 21:07:33.828 [info] fatal: not a git repository (or any parent up to mount point /)
Stopping at filesystem boundary (GIT_DISCOVERY_ACROSS_FILESYSTEM not set).
2025-05-26 21:07:38.432 [info] > git rev-parse --show-toplevel [4ms]
2025-05-26 21:07:38.432 [info] fatal: not a git repository (or any parent up to mount point /)
Stopping at filesystem boundary (GIT_DISCOVERY_ACROSS_FILESYSTEM not set).
