2025-05-26 23:29:17.958 [info] Starting Python Locator /home/bhavya/.vscode/extensions/ms-python.vscode-python-envs-0.3.11461009-linux-x64/python-env-tools/bin/pet server
2025-05-26 23:29:18.029 [info] Discovered env: /bin/python
2025-05-26 23:29:18.030 [info] Discovered env: /usr/bin/python
2025-05-26 23:29:18.050 [info] Env ("/usr/sbin/python") in Path resolved as ResolvedPythonEnv { executable: "/usr/sbin/python", prefix: "/usr", version: "3.13.3.final.0", is64_bit: true, symlinks: Some(["/usr/sbin/python"]) } and reported as Some(GlobalPaths)
2025-05-26 23:29:18.051 [info] Discovered env: /usr/sbin/python
2025-05-26 23:29:18.055 [info] Env ("/sbin/python") in Path resolved as ResolvedPythonEnv { executable: "/sbin/python", prefix: "/usr", version: "3.13.3.final.0", is64_bit: true, symlinks: Some(["/sbin/python"]) } and reported as Some(GlobalPaths)
2025-05-26 23:29:18.055 [info] Discovered env: /sbin/python
2025-05-26 23:29:18.065 [info] Env ("/usr/sbin/python3") in Path resolved as ResolvedPythonEnv { executable: "/usr/sbin/python3", prefix: "/usr", version: "3.13.3.final.0", is64_bit: true, symlinks: Some(["/usr/sbin/python3"]) } and reported as Some(GlobalPaths)
2025-05-26 23:29:18.067 [info] Discovered env: /usr/sbin/python3
2025-05-26 23:29:18.070 [info] Env ("/sbin/python3") in Path resolved as ResolvedPythonEnv { executable: "/sbin/python3", prefix: "/usr", version: "3.13.3.final.0", is64_bit: true, symlinks: Some(["/sbin/python3"]) } and reported as Some(GlobalPaths)
2025-05-26 23:29:18.070 [info] Discovered env: /sbin/python3
2025-05-26 23:29:18.078 [info] Env ("/usr/sbin/python3.13") in Path resolved as ResolvedPythonEnv { executable: "/usr/sbin/python3.13", prefix: "/usr", version: "3.13.3.final.0", is64_bit: true, symlinks: Some(["/usr/sbin/python3.13"]) } and reported as Some(GlobalPaths)
2025-05-26 23:29:18.078 [info] Discovered env: /usr/sbin/python3.13
2025-05-26 23:29:18.079 [info] Env ("/sbin/python3.13") in Path resolved as ResolvedPythonEnv { executable: "/sbin/python3.13", prefix: "/usr", version: "3.13.3.final.0", is64_bit: true, symlinks: Some(["/sbin/python3.13"]) } and reported as Some(GlobalPaths)
2025-05-26 23:29:18.079 [info] Discovered env: /sbin/python3.13
2025-05-26 23:29:18.079 [info] Locator Conda took 93.516433ms
2025-05-26 23:29:18.079 [info] Locator Homebrew took 265.194µs
2025-05-26 23:29:18.079 [info] Locator LinuxGlobal took 56.246994ms
2025-05-26 23:29:18.080 [info] Locator PipEnv took 28.923µs
2025-05-26 23:29:18.080 [info] Locator Pixi took 171.44µs
2025-05-26 23:29:18.080 [info] Locator Poetry took 763.306µs
2025-05-26 23:29:18.080 [info] Locator PyEnv took 841.271µs
2025-05-26 23:29:18.080 [info] Locator Venv took 21.796µs
2025-05-26 23:29:18.080 [info] Locator VirtualEnv took 23.403µs
2025-05-26 23:29:18.080 [info] Locator VirtualEnvWrapper took 30.529µs
2025-05-26 23:29:18.080 [info] Locator GlobalVirtualEnvs took 538.282µs
2025-05-26 23:29:18.080 [info] Locator Locators took 93.877267ms
2025-05-26 23:29:18.080 [info] Locator Path took 106.869522ms
2025-05-26 23:29:18.080 [info] Locator Workspaces took 2.335536ms
2025-05-26 23:29:18.086 [info] Telemetry:  {"event":"RefreshPerformance","data":{"refreshPerformance":{"total":106,"breakdown":{"GlobalVirtualEnvs":0,"Locators":93,"Path":106,"Workspaces":2},"locators":{"Conda":93,"Homebrew":0,"LinuxGlobal":56,"PipEnv":0,"Pixi":0,"Poetry":0,"PyEnv":0,"Venv":0,"VirtualEnv":0,"VirtualEnvWrapper":0}}}}
2025-05-26 23:29:18.086 [info] Locator GlobalVirtualEnvs took 978ns
2025-05-26 23:29:18.096 [info] Locator Locators took 1.886µs
2025-05-26 23:29:18.096 [info] Locator Path took 978ns
2025-05-26 23:29:18.096 [info] Locator Workspaces took 719.708µs
2025-05-26 23:29:18.102 [info] Telemetry:  {"event":"RefreshPerformance","data":{"refreshPerformance":{"total":1,"breakdown":{"GlobalVirtualEnvs":0,"Locators":0,"Path":0,"Workspaces":0},"locators":{}}}}
2025-05-26 23:29:18.138 [info] Discovered env: /bin/python
2025-05-26 23:29:18.139 [info] Discovered env: /usr/bin/python
2025-05-26 23:29:18.141 [info] Env ("/sbin/python") in Path resolved as ResolvedPythonEnv { executable: "/sbin/python", prefix: "/usr", version: "3.13.3.final.0", is64_bit: true, symlinks: Some(["/sbin/python"]) } and reported as Some(GlobalPaths)
2025-05-26 23:29:18.142 [info] Discovered env: /sbin/python
2025-05-26 23:29:18.147 [info] Env ("/usr/sbin/python") in Path resolved as ResolvedPythonEnv { executable: "/usr/sbin/python", prefix: "/usr", version: "3.13.3.final.0", is64_bit: true, symlinks: Some(["/usr/sbin/python"]) } and reported as Some(GlobalPaths)
2025-05-26 23:29:18.149 [info] Discovered env: /usr/sbin/python
2025-05-26 23:29:18.155 [info] Env ("/sbin/python3") in Path resolved as ResolvedPythonEnv { executable: "/sbin/python3", prefix: "/usr", version: "3.13.3.final.0", is64_bit: true, symlinks: Some(["/sbin/python3"]) } and reported as Some(GlobalPaths)
2025-05-26 23:29:18.156 [info] Discovered env: /sbin/python3
2025-05-26 23:29:18.163 [info] Env ("/usr/sbin/python3") in Path resolved as ResolvedPythonEnv { executable: "/usr/sbin/python3", prefix: "/usr", version: "3.13.3.final.0", is64_bit: true, symlinks: Some(["/usr/sbin/python3"]) } and reported as Some(GlobalPaths)
2025-05-26 23:29:18.163 [info] Discovered env: /usr/sbin/python3
2025-05-26 23:29:18.167 [info] Env ("/sbin/python3.13") in Path resolved as ResolvedPythonEnv { executable: "/sbin/python3.13", prefix: "/usr", version: "3.13.3.final.0", is64_bit: true, symlinks: Some(["/sbin/python3.13"]) } and reported as Some(GlobalPaths)
2025-05-26 23:29:18.167 [info] Discovered env: /sbin/python3.13
2025-05-26 23:29:18.171 [info] Env ("/usr/sbin/python3.13") in Path resolved as ResolvedPythonEnv { executable: "/usr/sbin/python3.13", prefix: "/usr", version: "3.13.3.final.0", is64_bit: true, symlinks: Some(["/usr/sbin/python3.13"]) } and reported as Some(GlobalPaths)
2025-05-26 23:29:18.171 [info] Discovered env: /usr/sbin/python3.13
2025-05-26 23:29:18.171 [info] Locator Conda took 52.395595ms
2025-05-26 23:29:18.171 [info] Locator Homebrew took 44.432µs
2025-05-26 23:29:18.171 [info] Locator LinuxGlobal took 33.140233ms
2025-05-26 23:29:18.171 [info] Locator PipEnv took 10.898µs
2025-05-26 23:29:18.171 [info] Locator Pixi took 17.186µs
2025-05-26 23:29:18.171 [info] Locator Poetry took 79.781µs
2025-05-26 23:29:18.171 [info] Locator PyEnv took 106.398µs
2025-05-26 23:29:18.171 [info] Locator Venv took 133.923µs
2025-05-26 23:29:18.171 [info] Locator VirtualEnv took 89.771µs
2025-05-26 23:29:18.171 [info] Locator VirtualEnvWrapper took 35.559µs
2025-05-26 23:29:18.172 [info] Locator GlobalVirtualEnvs took 70.21µs
2025-05-26 23:29:18.172 [info] Locator Locators took 52.842566ms
2025-05-26 23:29:18.172 [info] Locator Path took 68.684661ms
2025-05-26 23:29:18.172 [info] Locator Workspaces took 1.57306ms
2025-05-26 23:29:18.173 [info] Conda not found, turning off conda features. Error: Conda not found
    at A (/home/bhavya/.vscode/extensions/ms-python.vscode-python-envs-0.3.11461009-linux-x64/dist/extension.js:2:503099)
    at D (/home/bhavya/.vscode/extensions/ms-python.vscode-python-envs-0.3.11461009-linux-x64/dist/extension.js:2:503224)
    at t.registerCondaFeatures (/home/bhavya/.vscode/extensions/ms-python.vscode-python-envs-0.3.11461009-linux-x64/dist/extension.js:2:520052)
    at async Promise.all (index 1)
    at Immediate.<anonymous> (/home/bhavya/.vscode/extensions/ms-python.vscode-python-envs-0.3.11461009-linux-x64/dist/extension.js:2:605680)
2025-05-26 23:29:18.173 [info] Telemetry:  {"event":"RefreshPerformance","data":{"refreshPerformance":{"total":68,"breakdown":{"GlobalVirtualEnvs":0,"Locators":52,"Path":68,"Workspaces":1},"locators":{"Conda":52,"Homebrew":0,"LinuxGlobal":33,"PipEnv":0,"Pixi":0,"Poetry":0,"PyEnv":0,"Venv":0,"VirtualEnv":0,"VirtualEnvWrapper":0}}}}
2025-05-26 23:29:18.211 [info] Discovered env: /bin/python
2025-05-26 23:29:18.218 [info] Discovered env: /usr/bin/python
2025-05-26 23:29:18.222 [info] Env ("/usr/sbin/python") in Path resolved as ResolvedPythonEnv { executable: "/usr/sbin/python", prefix: "/usr", version: "3.13.3.final.0", is64_bit: true, symlinks: Some(["/usr/sbin/python"]) } and reported as Some(GlobalPaths)
2025-05-26 23:29:18.223 [info] Discovered env: /usr/sbin/python
2025-05-26 23:29:18.227 [info] Env ("/sbin/python") in Path resolved as ResolvedPythonEnv { executable: "/sbin/python", prefix: "/usr", version: "3.13.3.final.0", is64_bit: true, symlinks: Some(["/sbin/python"]) } and reported as Some(GlobalPaths)
2025-05-26 23:29:18.227 [info] Discovered env: /sbin/python
2025-05-26 23:29:18.232 [info] Env ("/usr/sbin/python3") in Path resolved as ResolvedPythonEnv { executable: "/usr/sbin/python3", prefix: "/usr", version: "3.13.3.final.0", is64_bit: true, symlinks: Some(["/usr/sbin/python3"]) } and reported as Some(GlobalPaths)
2025-05-26 23:29:18.233 [info] Discovered env: /usr/sbin/python3
2025-05-26 23:29:18.239 [info] Env ("/sbin/python3") in Path resolved as ResolvedPythonEnv { executable: "/sbin/python3", prefix: "/usr", version: "3.13.3.final.0", is64_bit: true, symlinks: Some(["/sbin/python3"]) } and reported as Some(GlobalPaths)
2025-05-26 23:29:18.240 [info] Discovered env: /sbin/python3
2025-05-26 23:29:18.244 [info] Env ("/usr/sbin/python3.13") in Path resolved as ResolvedPythonEnv { executable: "/usr/sbin/python3.13", prefix: "/usr", version: "3.13.3.final.0", is64_bit: true, symlinks: Some(["/usr/sbin/python3.13"]) } and reported as Some(GlobalPaths)
2025-05-26 23:29:18.245 [info] Discovered env: /usr/sbin/python3.13
2025-05-26 23:29:18.247 [info] Env ("/sbin/python3.13") in Path resolved as ResolvedPythonEnv { executable: "/sbin/python3.13", prefix: "/usr", version: "3.13.3.final.0", is64_bit: true, symlinks: Some(["/sbin/python3.13"]) } and reported as Some(GlobalPaths)
2025-05-26 23:29:18.247 [info] Discovered env: /sbin/python3.13
2025-05-26 23:29:18.248 [info] Locator Conda took 50.051549ms
2025-05-26 23:29:18.248 [info] Locator Homebrew took 59.87µs
2025-05-26 23:29:18.248 [info] Locator LinuxGlobal took 42.648172ms
2025-05-26 23:29:18.248 [info] Locator PipEnv took 17.814µs
2025-05-26 23:29:18.248 [info] Locator Pixi took 28.643µs
2025-05-26 23:29:18.248 [info] Locator Poetry took 107.306µs
2025-05-26 23:29:18.248 [info] Locator PyEnv took 178.564µs
2025-05-26 23:29:18.248 [info] Locator Venv took 49.811µs
2025-05-26 23:29:18.248 [info] Locator VirtualEnv took 154.532µs
2025-05-26 23:29:18.249 [info] Locator VirtualEnvWrapper took 33.394µs
2025-05-26 23:29:18.249 [info] Locator GlobalVirtualEnvs took 110.031µs
2025-05-26 23:29:18.249 [info] Locator Locators took 50.348808ms
2025-05-26 23:29:18.249 [info] Locator Path took 74.47914ms
2025-05-26 23:29:18.249 [info] Locator Workspaces took 2.593589ms
2025-05-26 23:29:18.249 [info] Pyenv not found, turning off pyenv features.
2025-05-26 23:29:18.252 [info] Telemetry:  {"event":"RefreshPerformance","data":{"refreshPerformance":{"total":74,"breakdown":{"GlobalVirtualEnvs":0,"Locators":50,"Path":74,"Workspaces":2},"locators":{"Conda":50,"Homebrew":0,"LinuxGlobal":42,"PipEnv":0,"Pixi":0,"Poetry":0,"PyEnv":0,"Venv":0,"VirtualEnv":0,"VirtualEnvWrapper":0}}}}
2025-05-26 23:29:18.253 [info] Locator GlobalVirtualEnvs took 1.467µs
2025-05-26 23:29:18.253 [info] Locator Locators took 1.397µs
2025-05-26 23:29:18.253 [info] Locator Path took 1.887µs
2025-05-26 23:29:18.253 [info] Locator Workspaces took 499.296µs
2025-05-26 23:29:18.260 [info] Python API: Changed environment from undefined to Python 3.13.3 for: /home/bhavya/hypr_mine
2025-05-26 23:29:18.260 [info] Internal: Changed environment from undefined to Python 3.13.3 for: /home/bhavya/hypr_mine
2025-05-26 23:29:18.260 [info] Telemetry:  {"event":"RefreshPerformance","data":{"refreshPerformance":{"total":0,"breakdown":{"GlobalVirtualEnvs":0,"Locators":0,"Path":0,"Workspaces":0},"locators":{}}}}
2025-05-26 23:29:20.853 [info] Python API: Changed environment from undefined to Python 3.13.3 for: global
2025-05-26 23:29:20.854 [info] Internal: Changed environment from undefined to Python 3.13.3 for: global
2025-05-27 00:25:42.416 [info] Locator GlobalVirtualEnvs took 1.885µs
2025-05-27 00:25:42.416 [info] Locator Locators took 1.956µs
2025-05-27 00:25:42.416 [info] Locator Path took 1.955µs
2025-05-27 00:25:42.416 [info] Locator Workspaces took 947.407µs
2025-05-27 00:25:42.417 [info] Telemetry:  {"event":"RefreshPerformance","data":{"refreshPerformance":{"total":1,"breakdown":{"GlobalVirtualEnvs":0,"Locators":0,"Path":0,"Workspaces":0},"locators":{}}}}
2025-05-27 00:28:48.185 [info] Locator GlobalVirtualEnvs took 1.467µs
2025-05-27 00:28:48.185 [info] Locator Locators took 2.445µs
2025-05-27 00:28:48.185 [info] Locator Path took 5.239µs
2025-05-27 00:28:48.186 [info] Locator Workspaces took 1.239699ms
2025-05-27 00:28:48.187 [info] Telemetry:  {"event":"RefreshPerformance","data":{"refreshPerformance":{"total":1,"breakdown":{"GlobalVirtualEnvs":0,"Locators":0,"Path":0,"Workspaces":1},"locators":{}}}}
2025-05-27 00:47:41.871 [info] Locator GlobalVirtualEnvs took 1.886µs
2025-05-27 00:47:41.872 [info] Locator Locators took 1.397µs
2025-05-27 00:47:41.872 [info] Locator Path took 2.374µs
2025-05-27 00:47:41.872 [info] Locator Workspaces took 1.178595ms
2025-05-27 00:47:41.873 [info] Telemetry:  {"event":"RefreshPerformance","data":{"refreshPerformance":{"total":1,"breakdown":{"GlobalVirtualEnvs":0,"Locators":0,"Path":0,"Workspaces":1},"locators":{}}}}
2025-05-27 00:48:31.380 [info] Locator GlobalVirtualEnvs took 1.397µs
2025-05-27 00:48:31.380 [info] Locator Locators took 1.467µs
2025-05-27 00:48:31.380 [info] Locator Path took 1.886µs
2025-05-27 00:48:31.380 [info] Locator Workspaces took 519.001µs
2025-05-27 00:48:31.381 [info] Telemetry:  {"event":"RefreshPerformance","data":{"refreshPerformance":{"total":0,"breakdown":{"GlobalVirtualEnvs":0,"Locators":0,"Path":0,"Workspaces":0},"locators":{}}}}
2025-05-27 00:48:32.393 [info] Locator GlobalVirtualEnvs took 1.886µs
2025-05-27 00:48:32.393 [info] Locator Locators took 1.397µs
2025-05-27 00:48:32.393 [info] Locator Path took 908ns
2025-05-27 00:48:32.393 [info] Locator Workspaces took 521.236µs
2025-05-27 00:48:32.394 [info] Telemetry:  {"event":"RefreshPerformance","data":{"refreshPerformance":{"total":0,"breakdown":{"GlobalVirtualEnvs":0,"Locators":0,"Path":0,"Workspaces":0},"locators":{}}}}
2025-05-27 00:48:40.032 [info] Locator GlobalVirtualEnvs took 1.886µs
2025-05-27 00:48:40.032 [info] Locator Locators took 1.886µs
2025-05-27 00:48:40.032 [info] Locator Path took 1.396µs
2025-05-27 00:48:40.032 [info] Locator Workspaces took 1.177897ms
2025-05-27 00:48:40.033 [info] Telemetry:  {"event":"RefreshPerformance","data":{"refreshPerformance":{"total":1,"breakdown":{"GlobalVirtualEnvs":0,"Locators":0,"Path":0,"Workspaces":1},"locators":{}}}}
2025-05-27 00:49:17.064 [info] Locator GlobalVirtualEnvs took 1.816µs
2025-05-27 00:49:17.065 [info] Locator Locators took 1.886µs
2025-05-27 00:49:17.065 [info] Locator Path took 1.886µs
2025-05-27 00:49:17.065 [info] Locator Workspaces took 1.279667ms
2025-05-27 00:49:17.066 [info] Telemetry:  {"event":"RefreshPerformance","data":{"refreshPerformance":{"total":1,"breakdown":{"GlobalVirtualEnvs":0,"Locators":0,"Path":0,"Workspaces":1},"locators":{}}}}
2025-05-27 00:54:41.111 [info] Locator GlobalVirtualEnvs took 1.956µs
2025-05-27 00:54:41.111 [info] Locator Locators took 1.816µs
2025-05-27 00:54:41.111 [info] Locator Path took 1.466µs
2025-05-27 00:54:41.111 [info] Locator Workspaces took 997.92µs
2025-05-27 00:54:41.112 [info] Telemetry:  {"event":"RefreshPerformance","data":{"refreshPerformance":{"total":1,"breakdown":{"GlobalVirtualEnvs":0,"Locators":0,"Path":0,"Workspaces":0},"locators":{}}}}
2025-05-27 00:56:28.763 [info] Locator GlobalVirtualEnvs took 3.772µs
2025-05-27 00:56:28.763 [info] Locator Locators took 1.955µs
2025-05-27 00:56:28.763 [info] Locator Path took 1.886µs
2025-05-27 00:56:28.764 [info] Locator Workspaces took 934.376µs
2025-05-27 00:56:28.764 [info] Telemetry:  {"event":"RefreshPerformance","data":{"refreshPerformance":{"total":1,"breakdown":{"GlobalVirtualEnvs":0,"Locators":0,"Path":0,"Workspaces":0},"locators":{}}}}
2025-05-27 01:17:25.606 [info] Locator GlobalVirtualEnvs took 2.374µs
2025-05-27 01:17:25.606 [info] Locator Locators took 2.375µs
2025-05-27 01:17:25.606 [info] Locator Path took 2.375µs
2025-05-27 01:17:25.606 [info] Locator Workspaces took 1.359461ms
2025-05-27 01:17:25.607 [info] Telemetry:  {"event":"RefreshPerformance","data":{"refreshPerformance":{"total":1,"breakdown":{"GlobalVirtualEnvs":0,"Locators":0,"Path":0,"Workspaces":1},"locators":{}}}}
2025-05-27 01:19:44.717 [info] Locator GlobalVirtualEnvs took 1.396µs
2025-05-27 01:19:44.717 [info] Locator Locators took 1.886µs
2025-05-27 01:19:44.717 [info] Locator Path took 1.886µs
2025-05-27 01:19:44.717 [info] Locator Workspaces took 927.353µs
2025-05-27 01:19:44.718 [info] Telemetry:  {"event":"RefreshPerformance","data":{"refreshPerformance":{"total":1,"breakdown":{"GlobalVirtualEnvs":0,"Locators":0,"Path":0,"Workspaces":0},"locators":{}}}}
2025-05-27 01:25:52.642 [info] Locator GlobalVirtualEnvs took 1.816µs
2025-05-27 01:25:52.642 [info] Locator Locators took 2.374µs
2025-05-27 01:25:52.642 [info] Locator Path took 2.375µs
2025-05-27 01:25:52.643 [info] Locator Workspaces took 1.14273ms
2025-05-27 01:25:52.643 [info] Telemetry:  {"event":"RefreshPerformance","data":{"refreshPerformance":{"total":1,"breakdown":{"GlobalVirtualEnvs":0,"Locators":0,"Path":0,"Workspaces":1},"locators":{}}}}
2025-05-27 01:42:30.373 [info] Locator GlobalVirtualEnvs took 1.955µs
2025-05-27 01:42:30.373 [info] Locator Locators took 3.353µs
2025-05-27 01:42:30.373 [info] Locator Path took 2.863µs
2025-05-27 01:42:30.373 [info] Locator Workspaces took 1.654748ms
2025-05-27 01:42:30.374 [info] Telemetry:  {"event":"RefreshPerformance","data":{"refreshPerformance":{"total":2,"breakdown":{"GlobalVirtualEnvs":0,"Locators":0,"Path":0,"Workspaces":1},"locators":{}}}}
2025-05-27 01:42:38.028 [info] Locator GlobalVirtualEnvs took 908ns
2025-05-27 01:42:38.028 [info] Locator Locators took 1.886µs
2025-05-27 01:42:38.028 [info] Locator Path took 1.955µs
2025-05-27 01:42:38.029 [info] Locator Workspaces took 1.232419ms
2025-05-27 01:42:38.029 [info] Telemetry:  {"event":"RefreshPerformance","data":{"refreshPerformance":{"total":1,"breakdown":{"GlobalVirtualEnvs":0,"Locators":0,"Path":0,"Workspaces":1},"locators":{}}}}
2025-05-27 01:45:19.232 [info] Locator GlobalVirtualEnvs took 1.886µs
2025-05-27 01:45:19.232 [info] Locator Locators took 2.374µs
2025-05-27 01:45:19.232 [info] Locator Path took 1.397µs
2025-05-27 01:45:19.232 [info] Locator Workspaces took 1.561302ms
2025-05-27 01:45:19.233 [info] Telemetry:  {"event":"RefreshPerformance","data":{"refreshPerformance":{"total":1,"breakdown":{"GlobalVirtualEnvs":0,"Locators":0,"Path":0,"Workspaces":1},"locators":{}}}}
2025-05-27 01:45:23.613 [info] Locator GlobalVirtualEnvs took 1.885µs
2025-05-27 01:45:23.613 [info] Locator Locators took 1.467µs
2025-05-27 01:45:23.613 [info] Locator Path took 1.955µs
2025-05-27 01:45:23.613 [info] Locator Workspaces took 1.306451ms
2025-05-27 01:45:23.614 [info] Telemetry:  {"event":"RefreshPerformance","data":{"refreshPerformance":{"total":1,"breakdown":{"GlobalVirtualEnvs":0,"Locators":0,"Path":0,"Workspaces":1},"locators":{}}}}
2025-05-27 01:45:27.470 [info] Locator GlobalVirtualEnvs took 1.816µs
2025-05-27 01:45:27.471 [info] Locator Locators took 1.886µs
2025-05-27 01:45:27.471 [info] Locator Path took 1.467µs
2025-05-27 01:45:27.471 [info] Locator Workspaces took 1.308197ms
2025-05-27 01:45:27.472 [info] Telemetry:  {"event":"RefreshPerformance","data":{"refreshPerformance":{"total":1,"breakdown":{"GlobalVirtualEnvs":0,"Locators":0,"Path":0,"Workspaces":1},"locators":{}}}}
2025-05-27 01:45:34.232 [info] Locator GlobalVirtualEnvs took 4.749µs
2025-05-27 01:45:34.232 [info] Locator Locators took 1.956µs
2025-05-27 01:45:34.233 [info] Locator Path took 1.397µs
2025-05-27 01:45:34.233 [info] Locator Workspaces took 1.269365ms
2025-05-27 01:45:34.234 [info] Telemetry:  {"event":"RefreshPerformance","data":{"refreshPerformance":{"total":1,"breakdown":{"GlobalVirtualEnvs":0,"Locators":0,"Path":0,"Workspaces":1},"locators":{}}}}
2025-05-27 01:45:54.879 [info] Locator GlobalVirtualEnvs took 1.816µs
2025-05-27 01:45:54.879 [info] Locator Locators took 1.886µs
2025-05-27 01:45:54.879 [info] Locator Path took 1.885µs
2025-05-27 01:45:54.879 [info] Locator Workspaces took 1.562979ms
2025-05-27 01:45:54.880 [info] Telemetry:  {"event":"RefreshPerformance","data":{"refreshPerformance":{"total":2,"breakdown":{"GlobalVirtualEnvs":0,"Locators":0,"Path":0,"Workspaces":1},"locators":{}}}}
2025-05-27 01:46:03.785 [info] Locator GlobalVirtualEnvs took 978ns
2025-05-27 01:46:03.786 [info] Locator Locators took 977ns
2025-05-27 01:46:03.786 [info] Locator Path took 1.886µs
2025-05-27 01:46:03.786 [info] Locator Workspaces took 1.110337ms
2025-05-27 01:46:03.786 [info] Telemetry:  {"event":"RefreshPerformance","data":{"refreshPerformance":{"total":1,"breakdown":{"GlobalVirtualEnvs":0,"Locators":0,"Path":0,"Workspaces":1},"locators":{}}}}
2025-05-27 01:47:41.693 [info] Locator GlobalVirtualEnvs took 1.467µs
2025-05-27 01:47:41.693 [info] Locator Locators took 3.772µs
2025-05-27 01:47:41.693 [info] Locator Path took 1.955µs
2025-05-27 01:47:41.693 [info] Locator Workspaces took 1.457099ms
2025-05-27 01:47:41.694 [info] Telemetry:  {"event":"RefreshPerformance","data":{"refreshPerformance":{"total":1,"breakdown":{"GlobalVirtualEnvs":0,"Locators":0,"Path":0,"Workspaces":1},"locators":{}}}}
2025-05-27 02:06:40.072 [info] Locator GlobalVirtualEnvs took 1.886µs
2025-05-27 02:06:40.072 [info] Locator Locators took 2.375µs
2025-05-27 02:06:40.072 [info] Locator Path took 2.305µs
2025-05-27 02:06:40.072 [info] Locator Workspaces took 1.219258ms
2025-05-27 02:06:40.073 [info] Telemetry:  {"event":"RefreshPerformance","data":{"refreshPerformance":{"total":1,"breakdown":{"GlobalVirtualEnvs":0,"Locators":0,"Path":0,"Workspaces":1},"locators":{}}}}
2025-05-27 02:12:33.683 [info] Locator GlobalVirtualEnvs took 2.375µs
2025-05-27 02:12:33.683 [info] Locator Locators took 4.261µs
2025-05-27 02:12:33.683 [info] Locator Path took 1.956µs
2025-05-27 02:12:33.683 [info] Locator Workspaces took 1.221619ms
2025-05-27 02:12:33.684 [info] Telemetry:  {"event":"RefreshPerformance","data":{"refreshPerformance":{"total":1,"breakdown":{"GlobalVirtualEnvs":0,"Locators":0,"Path":0,"Workspaces":1},"locators":{}}}}
2025-05-27 02:15:44.832 [info] Locator GlobalVirtualEnvs took 1.955µs
2025-05-27 02:15:44.832 [info] Locator Locators took 978ns
2025-05-27 02:15:44.833 [info] Locator Path took 3.911µs
2025-05-27 02:15:44.833 [info] Locator Workspaces took 1.040862ms
2025-05-27 02:15:44.833 [info] Telemetry:  {"event":"RefreshPerformance","data":{"refreshPerformance":{"total":1,"breakdown":{"GlobalVirtualEnvs":0,"Locators":0,"Path":0,"Workspaces":1},"locators":{}}}}
2025-05-27 02:16:11.159 [info] Locator GlobalVirtualEnvs took 908ns
2025-05-27 02:16:11.160 [info] Locator Locators took 1.397µs
2025-05-27 02:16:11.160 [info] Locator Path took 978ns
2025-05-27 02:16:11.160 [info] Locator Workspaces took 1.117619ms
2025-05-27 02:16:11.161 [info] Telemetry:  {"event":"RefreshPerformance","data":{"refreshPerformance":{"total":1,"breakdown":{"GlobalVirtualEnvs":0,"Locators":0,"Path":0,"Workspaces":1},"locators":{}}}}
2025-05-27 02:17:47.566 [info] Locator GlobalVirtualEnvs took 1.886µs
2025-05-27 02:17:47.566 [info] Locator Locators took 1.956µs
2025-05-27 02:17:47.566 [info] Locator Path took 1.955µs
2025-05-27 02:17:47.566 [info] Locator Workspaces took 1.493929ms
2025-05-27 02:17:47.568 [info] Telemetry:  {"event":"RefreshPerformance","data":{"refreshPerformance":{"total":2,"breakdown":{"GlobalVirtualEnvs":0,"Locators":0,"Path":0,"Workspaces":1},"locators":{}}}}
2025-05-27 02:18:33.868 [info] Locator GlobalVirtualEnvs took 2.374µs
2025-05-27 02:18:33.868 [info] Locator Locators took 1.467µs
2025-05-27 02:18:33.868 [info] Locator Path took 1.886µs
2025-05-27 02:18:33.868 [info] Locator Workspaces took 1.160361ms
2025-05-27 02:18:33.869 [info] Telemetry:  {"event":"RefreshPerformance","data":{"refreshPerformance":{"total":1,"breakdown":{"GlobalVirtualEnvs":0,"Locators":0,"Path":0,"Workspaces":1},"locators":{}}}}
2025-05-27 02:19:54.693 [info] Locator GlobalVirtualEnvs took 2.864µs
2025-05-27 02:19:54.693 [info] Locator Locators took 2.374µs
2025-05-27 02:19:54.693 [info] Locator Path took 1.886µs
2025-05-27 02:19:54.693 [info] Locator Workspaces took 1.214348ms
2025-05-27 02:19:54.694 [info] Telemetry:  {"event":"RefreshPerformance","data":{"refreshPerformance":{"total":1,"breakdown":{"GlobalVirtualEnvs":0,"Locators":0,"Path":0,"Workspaces":1},"locators":{}}}}
2025-05-27 02:19:58.576 [info] Locator GlobalVirtualEnvs took 2.445µs
2025-05-27 02:19:58.576 [info] Locator Locators took 2.375µs
2025-05-27 02:19:58.576 [info] Locator Path took 1.886µs
2025-05-27 02:19:58.576 [info] Locator Workspaces took 1.144226ms
2025-05-27 02:19:58.577 [info] Telemetry:  {"event":"RefreshPerformance","data":{"refreshPerformance":{"total":1,"breakdown":{"GlobalVirtualEnvs":0,"Locators":0,"Path":0,"Workspaces":1},"locators":{}}}}
2025-05-27 02:23:25.225 [info] Locator GlobalVirtualEnvs took 1.397µs
2025-05-27 02:23:25.225 [info] Locator Locators took 1.396µs
2025-05-27 02:23:25.225 [info] Locator Path took 1.397µs
2025-05-27 02:23:25.225 [info] Locator Workspaces took 514.807µs
2025-05-27 02:23:25.225 [info] Telemetry:  {"event":"RefreshPerformance","data":{"refreshPerformance":{"total":0,"breakdown":{"GlobalVirtualEnvs":0,"Locators":0,"Path":0,"Workspaces":0},"locators":{}}}}
2025-05-27 02:32:18.252 [info] Locator GlobalVirtualEnvs took 1.467µs
2025-05-27 02:32:18.253 [info] Locator Locators took 1.885µs
2025-05-27 02:32:18.253 [info] Locator Path took 1.397µs
2025-05-27 02:32:18.253 [info] Locator Workspaces took 975.064µs
2025-05-27 02:32:18.254 [info] Telemetry:  {"event":"RefreshPerformance","data":{"refreshPerformance":{"total":1,"breakdown":{"GlobalVirtualEnvs":0,"Locators":0,"Path":0,"Workspaces":0},"locators":{}}}}
2025-05-27 03:41:19.837 [info] Starting Python Locator /home/bhavya/.vscode/extensions/ms-python.vscode-python-envs-0.3.11461009-linux-x64/python-env-tools/bin/pet server
2025-05-27 03:41:20.063 [info] Discovered env: /usr/bin/python
2025-05-27 03:41:20.063 [info] Discovered env: /bin/python
2025-05-27 03:41:20.065 [info] Env ("/usr/sbin/python") in Path resolved as ResolvedPythonEnv { executable: "/usr/sbin/python", prefix: "/usr", version: "3.13.3.final.0", is64_bit: true, symlinks: Some(["/usr/sbin/python"]) } and reported as Some(GlobalPaths)
2025-05-27 03:41:20.065 [info] Discovered env: /usr/sbin/python
2025-05-27 03:41:20.065 [info] Env ("/sbin/python") in Path resolved as ResolvedPythonEnv { executable: "/sbin/python", prefix: "/usr", version: "3.13.3.final.0", is64_bit: true, symlinks: Some(["/sbin/python"]) } and reported as Some(GlobalPaths)
2025-05-27 03:41:20.066 [info] Discovered env: /sbin/python
2025-05-27 03:41:20.078 [info] Env ("/usr/sbin/python3") in Path resolved as ResolvedPythonEnv { executable: "/usr/sbin/python3", prefix: "/usr", version: "3.13.3.final.0", is64_bit: true, symlinks: Some(["/usr/sbin/python3"]) } and reported as Some(GlobalPaths)
2025-05-27 03:41:20.078 [info] Discovered env: /usr/sbin/python3
2025-05-27 03:41:20.079 [info] Env ("/sbin/python3") in Path resolved as ResolvedPythonEnv { executable: "/sbin/python3", prefix: "/usr", version: "3.13.3.final.0", is64_bit: true, symlinks: Some(["/sbin/python3"]) } and reported as Some(GlobalPaths)
2025-05-27 03:41:20.079 [info] Discovered env: /sbin/python3
2025-05-27 03:41:20.080 [info] Env ("/usr/sbin/python3.13") in Path resolved as ResolvedPythonEnv { executable: "/usr/sbin/python3.13", prefix: "/usr", version: "3.13.3.final.0", is64_bit: true, symlinks: Some(["/usr/sbin/python3.13"]) } and reported as Some(GlobalPaths)
2025-05-27 03:41:20.080 [info] Discovered env: /usr/sbin/python3.13
2025-05-27 03:41:20.080 [info] Env ("/sbin/python3.13") in Path resolved as ResolvedPythonEnv { executable: "/sbin/python3.13", prefix: "/usr", version: "3.13.3.final.0", is64_bit: true, symlinks: Some(["/sbin/python3.13"]) } and reported as Some(GlobalPaths)
2025-05-27 03:41:20.080 [info] Discovered env: /sbin/python3.13
2025-05-27 03:41:20.080 [info] Locator Conda took 53.705983ms
2025-05-27 03:41:20.080 [info] Locator Homebrew took 56.292µs
2025-05-27 03:41:20.080 [info] Locator LinuxGlobal took 51.350973ms
2025-05-27 03:41:20.080 [info] Locator PipEnv took 27.098µs
2025-05-27 03:41:20.080 [info] Locator Pixi took 94.913µs
2025-05-27 03:41:20.080 [info] Locator Poetry took 177.603µs
2025-05-27 03:41:20.080 [info] Locator PyEnv took 190.105µs
2025-05-27 03:41:20.080 [info] Locator Venv took 15.295µs
2025-05-27 03:41:20.081 [info] Locator VirtualEnv took 16.273µs
2025-05-27 03:41:20.081 [info] Locator VirtualEnvWrapper took 24.164µs
2025-05-27 03:41:20.081 [info] Locator GlobalVirtualEnvs took 49.028µs
2025-05-27 03:41:20.081 [info] Locator Locators took 54.026969ms
2025-05-27 03:41:20.081 [info] Locator Path took 88.790409ms
2025-05-27 03:41:20.081 [info] Locator Workspaces took 1.834561ms
2025-05-27 03:41:20.086 [info] Telemetry:  {"event":"RefreshPerformance","data":{"refreshPerformance":{"total":88,"breakdown":{"GlobalVirtualEnvs":0,"Locators":54,"Path":88,"Workspaces":1},"locators":{"Conda":53,"Homebrew":0,"LinuxGlobal":51,"PipEnv":0,"Pixi":0,"Poetry":0,"PyEnv":0,"Venv":0,"VirtualEnv":0,"VirtualEnvWrapper":0}}}}
2025-05-27 03:41:20.086 [info] Locator GlobalVirtualEnvs took 978ns
2025-05-27 03:41:20.086 [info] Locator Locators took 1.397µs
2025-05-27 03:41:20.086 [info] Locator Path took 1.397µs
2025-05-27 03:41:20.086 [info] Locator Workspaces took 533.229µs
2025-05-27 03:41:20.091 [info] Telemetry:  {"event":"RefreshPerformance","data":{"refreshPerformance":{"total":0,"breakdown":{"GlobalVirtualEnvs":0,"Locators":0,"Path":0,"Workspaces":0},"locators":{}}}}
2025-05-27 03:41:20.135 [info] Discovered env: /usr/bin/python
2025-05-27 03:41:20.136 [info] Discovered env: /bin/python
2025-05-27 03:41:20.137 [info] Env ("/sbin/python") in Path resolved as ResolvedPythonEnv { executable: "/sbin/python", prefix: "/usr", version: "3.13.3.final.0", is64_bit: true, symlinks: Some(["/sbin/python"]) } and reported as Some(GlobalPaths)
2025-05-27 03:41:20.138 [info] Discovered env: /sbin/python
2025-05-27 03:41:20.140 [info] Env ("/usr/sbin/python") in Path resolved as ResolvedPythonEnv { executable: "/usr/sbin/python", prefix: "/usr", version: "3.13.3.final.0", is64_bit: true, symlinks: Some(["/usr/sbin/python"]) } and reported as Some(GlobalPaths)
2025-05-27 03:41:20.140 [info] Discovered env: /usr/sbin/python
2025-05-27 03:41:20.149 [info] Env ("/sbin/python3") in Path resolved as ResolvedPythonEnv { executable: "/sbin/python3", prefix: "/usr", version: "3.13.3.final.0", is64_bit: true, symlinks: Some(["/sbin/python3"]) } and reported as Some(GlobalPaths)
2025-05-27 03:41:20.150 [info] Discovered env: /sbin/python3
2025-05-27 03:41:20.150 [info] Env ("/usr/sbin/python3") in Path resolved as ResolvedPythonEnv { executable: "/usr/sbin/python3", prefix: "/usr", version: "3.13.3.final.0", is64_bit: true, symlinks: Some(["/usr/sbin/python3"]) } and reported as Some(GlobalPaths)
2025-05-27 03:41:20.151 [info] Discovered env: /usr/sbin/python3
2025-05-27 03:41:20.161 [info] Env ("/sbin/python3.13") in Path resolved as ResolvedPythonEnv { executable: "/sbin/python3.13", prefix: "/usr", version: "3.13.3.final.0", is64_bit: true, symlinks: Some(["/sbin/python3.13"]) } and reported as Some(GlobalPaths)
2025-05-27 03:41:20.161 [info] Discovered env: /sbin/python3.13
2025-05-27 03:41:20.161 [info] Env ("/usr/sbin/python3.13") in Path resolved as ResolvedPythonEnv { executable: "/usr/sbin/python3.13", prefix: "/usr", version: "3.13.3.final.0", is64_bit: true, symlinks: Some(["/usr/sbin/python3.13"]) } and reported as Some(GlobalPaths)
2025-05-27 03:41:20.161 [info] Discovered env: /usr/sbin/python3.13
2025-05-27 03:41:20.165 [info] Locator Conda took 48.941625ms
2025-05-27 03:41:20.165 [info] Locator Homebrew took 53.148µs
2025-05-27 03:41:20.165 [info] Locator LinuxGlobal took 43.342189ms
2025-05-27 03:41:20.165 [info] Locator PipEnv took 38.133µs
2025-05-27 03:41:20.165 [info] Locator Pixi took 29.193µs
2025-05-27 03:41:20.165 [info] Locator Poetry took 219.997µs
2025-05-27 03:41:20.165 [info] Locator PyEnv took 142.265µs
2025-05-27 03:41:20.165 [info] Locator Venv took 18.158µs
2025-05-27 03:41:20.165 [info] Locator VirtualEnv took 14.317µs
2025-05-27 03:41:20.165 [info] Locator VirtualEnvWrapper took 27.657µs
2025-05-27 03:41:20.165 [info] Locator GlobalVirtualEnvs took 100.71µs
2025-05-27 03:41:20.165 [info] Locator Locators took 49.191095ms
2025-05-27 03:41:20.165 [info] Locator Path took 73.289381ms
2025-05-27 03:41:20.165 [info] Locator Workspaces took 1.937087ms
2025-05-27 03:41:20.166 [info] Conda not found, turning off conda features. Error: Conda not found
    at A (/home/bhavya/.vscode/extensions/ms-python.vscode-python-envs-0.3.11461009-linux-x64/dist/extension.js:2:503099)
    at D (/home/bhavya/.vscode/extensions/ms-python.vscode-python-envs-0.3.11461009-linux-x64/dist/extension.js:2:503224)
    at t.registerCondaFeatures (/home/bhavya/.vscode/extensions/ms-python.vscode-python-envs-0.3.11461009-linux-x64/dist/extension.js:2:520052)
    at async Promise.all (index 1)
    at Immediate.<anonymous> (/home/bhavya/.vscode/extensions/ms-python.vscode-python-envs-0.3.11461009-linux-x64/dist/extension.js:2:605680)
2025-05-27 03:41:20.166 [info] Telemetry:  {"event":"RefreshPerformance","data":{"refreshPerformance":{"total":73,"breakdown":{"GlobalVirtualEnvs":0,"Locators":49,"Path":73,"Workspaces":1},"locators":{"Conda":48,"Homebrew":0,"LinuxGlobal":43,"PipEnv":0,"Pixi":0,"Poetry":0,"PyEnv":0,"Venv":0,"VirtualEnv":0,"VirtualEnvWrapper":0}}}}
2025-05-27 03:41:20.207 [info] Discovered env: /bin/python
2025-05-27 03:41:20.209 [info] Discovered env: /usr/bin/python
2025-05-27 03:41:20.211 [info] Env ("/sbin/python") in Path resolved as ResolvedPythonEnv { executable: "/sbin/python", prefix: "/usr", version: "3.13.3.final.0", is64_bit: true, symlinks: Some(["/sbin/python"]) } and reported as Some(GlobalPaths)
2025-05-27 03:41:20.212 [info] Discovered env: /sbin/python
2025-05-27 03:41:20.212 [info] Env ("/usr/sbin/python") in Path resolved as ResolvedPythonEnv { executable: "/usr/sbin/python", prefix: "/usr", version: "3.13.3.final.0", is64_bit: true, symlinks: Some(["/usr/sbin/python"]) } and reported as Some(GlobalPaths)
2025-05-27 03:41:20.213 [info] Discovered env: /usr/sbin/python
2025-05-27 03:41:20.221 [info] Env ("/sbin/python3") in Path resolved as ResolvedPythonEnv { executable: "/sbin/python3", prefix: "/usr", version: "3.13.3.final.0", is64_bit: true, symlinks: Some(["/sbin/python3"]) } and reported as Some(GlobalPaths)
2025-05-27 03:41:20.222 [info] Discovered env: /sbin/python3
2025-05-27 03:41:20.224 [info] Env ("/usr/sbin/python3") in Path resolved as ResolvedPythonEnv { executable: "/usr/sbin/python3", prefix: "/usr", version: "3.13.3.final.0", is64_bit: true, symlinks: Some(["/usr/sbin/python3"]) } and reported as Some(GlobalPaths)
2025-05-27 03:41:20.224 [info] Discovered env: /usr/sbin/python3
2025-05-27 03:41:20.233 [info] Env ("/sbin/python3.13") in Path resolved as ResolvedPythonEnv { executable: "/sbin/python3.13", prefix: "/usr", version: "3.13.3.final.0", is64_bit: true, symlinks: Some(["/sbin/python3.13"]) } and reported as Some(GlobalPaths)
2025-05-27 03:41:20.233 [info] Discovered env: /sbin/python3.13
2025-05-27 03:41:20.234 [info] Env ("/usr/sbin/python3.13") in Path resolved as ResolvedPythonEnv { executable: "/usr/sbin/python3.13", prefix: "/usr", version: "3.13.3.final.0", is64_bit: true, symlinks: Some(["/usr/sbin/python3.13"]) } and reported as Some(GlobalPaths)
2025-05-27 03:41:20.235 [info] Discovered env: /usr/sbin/python3.13
2025-05-27 03:41:20.237 [info] Locator Conda took 45.075901ms
2025-05-27 03:41:20.237 [info] Locator Homebrew took 99.173µs
2025-05-27 03:41:20.237 [info] Locator LinuxGlobal took 41.557772ms
2025-05-27 03:41:20.237 [info] Locator PipEnv took 41.485µs
2025-05-27 03:41:20.237 [info] Locator Pixi took 27.657µs
2025-05-27 03:41:20.237 [info] Locator Poetry took 100.709µs
2025-05-27 03:41:20.238 [info] Locator PyEnv took 82.062µs
2025-05-27 03:41:20.238 [info] Locator Venv took 26.19µs
2025-05-27 03:41:20.238 [info] Locator VirtualEnv took 26.191µs
2025-05-27 03:41:20.238 [info] Locator VirtualEnvWrapper took 13.339µs
2025-05-27 03:41:20.238 [info] Locator GlobalVirtualEnvs took 83.389µs
2025-05-27 03:41:20.238 [info] Locator Locators took 45.360291ms
2025-05-27 03:41:20.238 [info] Locator Path took 70.098312ms
2025-05-27 03:41:20.238 [info] Locator Workspaces took 1.230584ms
2025-05-27 03:41:20.238 [info] Pyenv not found, turning off pyenv features.
2025-05-27 03:41:20.241 [info] Telemetry:  {"event":"RefreshPerformance","data":{"refreshPerformance":{"total":70,"breakdown":{"GlobalVirtualEnvs":0,"Locators":45,"Path":70,"Workspaces":1},"locators":{"Conda":45,"Homebrew":0,"LinuxGlobal":41,"PipEnv":0,"Pixi":0,"Poetry":0,"PyEnv":0,"Venv":0,"VirtualEnv":0,"VirtualEnvWrapper":0}}}}
2025-05-27 03:41:20.242 [info] Locator GlobalVirtualEnvs took 1.886µs
2025-05-27 03:41:20.242 [info] Locator Locators took 1.397µs
2025-05-27 03:41:20.242 [info] Locator Path took 1.397µs
2025-05-27 03:41:20.242 [info] Locator Workspaces took 519.96µs
2025-05-27 03:41:20.250 [info] Python API: Changed environment from undefined to Python 3.13.3 for: /home/bhavya/hypr_mine
2025-05-27 03:41:20.250 [info] Internal: Changed environment from undefined to Python 3.13.3 for: /home/bhavya/hypr_mine
2025-05-27 03:41:20.544 [info] Telemetry:  {"event":"RefreshPerformance","data":{"refreshPerformance":{"total":0,"breakdown":{"GlobalVirtualEnvs":0,"Locators":0,"Path":0,"Workspaces":0},"locators":{}}}}
2025-05-27 03:41:21.937 [info] Python API: Changed environment from undefined to Python 3.13.3 for: global
2025-05-27 03:41:21.937 [info] Internal: Changed environment from undefined to Python 3.13.3 for: global
2025-05-27 04:00:44.886 [info] Locator GlobalVirtualEnvs took 1.886µs
2025-05-27 04:00:44.886 [info] Locator Locators took 1.886µs
2025-05-27 04:00:44.886 [info] Locator Path took 1.466µs
2025-05-27 04:00:44.886 [info] Locator Workspaces took 650.775µs
2025-05-27 04:00:44.887 [info] Telemetry:  {"event":"RefreshPerformance","data":{"refreshPerformance":{"total":0,"breakdown":{"GlobalVirtualEnvs":0,"Locators":0,"Path":0,"Workspaces":0},"locators":{}}}}
2025-05-27 04:39:49.738 [info] Locator GlobalVirtualEnvs took 1.886µs
2025-05-27 04:39:49.738 [info] Locator Locators took 1.885µs
2025-05-27 04:39:49.738 [info] Locator Path took 1.466µs
2025-05-27 04:39:49.738 [info] Locator Workspaces took 1.058401ms
2025-05-27 04:39:49.739 [info] Telemetry:  {"event":"RefreshPerformance","data":{"refreshPerformance":{"total":1,"breakdown":{"GlobalVirtualEnvs":0,"Locators":0,"Path":0,"Workspaces":1},"locators":{}}}}
2025-05-27 04:46:31.099 [info] Locator GlobalVirtualEnvs took 1.467µs
2025-05-27 04:46:31.100 [info] Locator Locators took 1.397µs
2025-05-27 04:46:31.100 [info] Locator Path took 1.955µs
2025-05-27 04:46:31.100 [info] Locator Workspaces took 933.59µs
2025-05-27 04:46:31.101 [info] Telemetry:  {"event":"RefreshPerformance","data":{"refreshPerformance":{"total":1,"breakdown":{"GlobalVirtualEnvs":0,"Locators":0,"Path":0,"Workspaces":0},"locators":{}}}}
2025-05-27 04:52:00.612 [info] Resolved Python Environment /bin/python
2025-05-27 04:52:00.626 [info] Resolved Python Environment /bin/python
2025-05-27 04:54:19.578 [info] Locator GlobalVirtualEnvs took 1.886µs
2025-05-27 04:54:19.578 [info] Locator Locators took 1.886µs
2025-05-27 04:54:19.578 [info] Locator Path took 1.886µs
2025-05-27 04:54:19.578 [info] Locator Workspaces took 1.052671ms
2025-05-27 04:54:19.579 [info] Telemetry:  {"event":"RefreshPerformance","data":{"refreshPerformance":{"total":1,"breakdown":{"GlobalVirtualEnvs":0,"Locators":0,"Path":0,"Workspaces":1},"locators":{}}}}
2025-05-27 04:55:14.643 [info] Locator GlobalVirtualEnvs took 1.466µs
2025-05-27 04:55:14.644 [info] Locator Locators took 977ns
2025-05-27 04:55:14.644 [info] Locator Path took 1.886µs
2025-05-27 04:55:14.644 [info] Locator Workspaces took 1.121326ms
2025-05-27 04:55:14.645 [info] Telemetry:  {"event":"RefreshPerformance","data":{"refreshPerformance":{"total":1,"breakdown":{"GlobalVirtualEnvs":0,"Locators":0,"Path":0,"Workspaces":1},"locators":{}}}}
2025-05-27 05:25:15.832 [info] Locator GlobalVirtualEnvs took 4.287µs
2025-05-27 05:25:15.832 [info] Locator Locators took 1.827µs
2025-05-27 05:25:15.832 [info] Locator Path took 1.476µs
2025-05-27 05:25:15.832 [info] Locator Workspaces took 1.179106ms
2025-05-27 05:25:15.833 [info] Telemetry:  {"event":"RefreshPerformance","data":{"refreshPerformance":{"total":1,"breakdown":{"GlobalVirtualEnvs":0,"Locators":0,"Path":0,"Workspaces":1},"locators":{}}}}
2025-05-27 05:30:17.897 [info] Locator GlobalVirtualEnvs took 1.886µs
2025-05-27 05:30:17.897 [info] Locator Locators took 1.886µs
2025-05-27 05:30:17.897 [info] Locator Path took 1.467µs
2025-05-27 05:30:17.897 [info] Locator Workspaces took 906.337µs
2025-05-27 05:30:17.898 [info] Telemetry:  {"event":"RefreshPerformance","data":{"refreshPerformance":{"total":1,"breakdown":{"GlobalVirtualEnvs":0,"Locators":0,"Path":0,"Workspaces":0},"locators":{}}}}
2025-05-27 05:35:44.397 [info] Locator GlobalVirtualEnvs took 907ns
2025-05-27 05:35:44.397 [info] Locator Locators took 2.442µs
2025-05-27 05:35:44.397 [info] Locator Path took 2.373µs
2025-05-27 05:35:44.397 [info] Locator Workspaces took 1.225257ms
2025-05-27 05:35:44.398 [info] Telemetry:  {"event":"RefreshPerformance","data":{"refreshPerformance":{"total":1,"breakdown":{"GlobalVirtualEnvs":0,"Locators":0,"Path":0,"Workspaces":1},"locators":{}}}}
2025-05-27 05:35:55.839 [info] Locator GlobalVirtualEnvs took 1.884µs
2025-05-27 05:35:55.839 [info] Locator Locators took 1.885µs
2025-05-27 05:35:55.839 [info] Locator Path took 1.885µs
2025-05-27 05:35:55.839 [info] Locator Workspaces took 1.062542ms
2025-05-27 05:35:55.840 [info] Telemetry:  {"event":"RefreshPerformance","data":{"refreshPerformance":{"total":1,"breakdown":{"GlobalVirtualEnvs":0,"Locators":0,"Path":0,"Workspaces":1},"locators":{}}}}
2025-05-27 05:39:10.863 [info] Locator GlobalVirtualEnvs took 1.956µs
2025-05-27 05:39:10.864 [info] Locator Locators took 2.445µs
2025-05-27 05:39:10.864 [info] Locator Path took 1.397µs
2025-05-27 05:39:10.864 [info] Locator Workspaces took 872.951µs
2025-05-27 05:39:10.865 [info] Telemetry:  {"event":"RefreshPerformance","data":{"refreshPerformance":{"total":1,"breakdown":{"GlobalVirtualEnvs":0,"Locators":0,"Path":0,"Workspaces":0},"locators":{}}}}
2025-05-27 06:04:33.277 [info] Locator GlobalVirtualEnvs took 3.773µs
2025-05-27 06:04:33.277 [info] Locator Locators took 1.816µs
2025-05-27 06:04:33.277 [info] Locator Path took 19.632µs
2025-05-27 06:04:33.277 [info] Locator Workspaces took 1.049233ms
2025-05-27 06:04:33.278 [info] Telemetry:  {"event":"RefreshPerformance","data":{"refreshPerformance":{"total":1,"breakdown":{"GlobalVirtualEnvs":0,"Locators":0,"Path":0,"Workspaces":1},"locators":{}}}}
2025-05-27 06:04:43.832 [info] Locator GlobalVirtualEnvs took 1.956µs
2025-05-27 06:04:43.832 [info] Locator Locators took 2.305µs
2025-05-27 06:04:43.832 [info] Locator Path took 1.956µs
2025-05-27 06:04:43.832 [info] Locator Workspaces took 810.365µs
2025-05-27 06:04:43.833 [info] Telemetry:  {"event":"RefreshPerformance","data":{"refreshPerformance":{"total":1,"breakdown":{"GlobalVirtualEnvs":0,"Locators":0,"Path":0,"Workspaces":0},"locators":{}}}}
