2025-05-29 08:56:35.324 [info] [main] Log level: Info
2025-05-29 08:56:35.324 [info] [main] Validating found git in: "git"
2025-05-29 08:56:35.324 [info] [main] Using git "2.49.0" from "git"
2025-05-29 08:56:35.324 [info] [Model][doInitialScan] Initial repository scan started
2025-05-29 08:56:35.324 [info] > git rev-parse --show-toplevel [12ms]
2025-05-29 08:56:35.324 [info] fatal: not a git repository (or any parent up to mount point /)
Stopping at filesystem boundary (GIT_DISCOVERY_ACROSS_FILESYSTEM not set).
2025-05-29 08:56:35.324 [info] > git rev-parse --show-toplevel [4ms]
2025-05-29 08:56:35.324 [info] fatal: not a git repository (or any parent up to mount point /)
Stopping at filesystem boundary (GIT_DISCOVERY_ACROSS_FILESYSTEM not set).
2025-05-29 08:56:35.325 [info] > git rev-parse --show-toplevel [2ms]
2025-05-29 08:56:35.325 [info] fatal: not a git repository (or any parent up to mount point /)
Stopping at filesystem boundary (GIT_DISCOVERY_ACROSS_FILESYSTEM not set).
2025-05-29 08:56:35.345 [info] > git rev-parse --show-toplevel [12ms]
2025-05-29 08:56:35.345 [info] fatal: not a git repository (or any parent up to mount point /)
Stopping at filesystem boundary (GIT_DISCOVERY_ACROSS_FILESYSTEM not set).
2025-05-29 08:56:35.357 [info] > git rev-parse --show-toplevel [3ms]
2025-05-29 08:56:35.357 [info] fatal: not a git repository (or any parent up to mount point /)
Stopping at filesystem boundary (GIT_DISCOVERY_ACROSS_FILESYSTEM not set).
2025-05-29 08:56:35.366 [info] > git rev-parse --show-toplevel [1ms]
2025-05-29 08:56:35.366 [info] fatal: not a git repository (or any parent up to mount point /)
Stopping at filesystem boundary (GIT_DISCOVERY_ACROSS_FILESYSTEM not set).
2025-05-29 08:56:35.376 [info] > git rev-parse --show-toplevel [2ms]
2025-05-29 08:56:35.376 [info] fatal: not a git repository (or any parent up to mount point /)
Stopping at filesystem boundary (GIT_DISCOVERY_ACROSS_FILESYSTEM not set).
2025-05-29 08:56:35.381 [info] [Model][doInitialScan] Initial repository scan completed - repositories (0), closed repositories (0), parent repositories (0), unsafe repositories (0)
2025-05-29 08:56:39.190 [info] > git rev-parse --show-toplevel [510ms]
2025-05-29 08:56:39.190 [info] fatal: not a git repository (or any parent up to mount point /)
Stopping at filesystem boundary (GIT_DISCOVERY_ACROSS_FILESYSTEM not set).
2025-05-29 08:56:39.401 [info] > git rev-parse --show-toplevel [100ms]
2025-05-29 08:56:39.401 [info] fatal: not a git repository (or any parent up to mount point /)
Stopping at filesystem boundary (GIT_DISCOVERY_ACROSS_FILESYSTEM not set).
2025-05-29 08:56:39.497 [info] > git rev-parse --show-toplevel [68ms]
2025-05-29 08:56:39.497 [info] fatal: not a git repository (or any parent up to mount point /)
Stopping at filesystem boundary (GIT_DISCOVERY_ACROSS_FILESYSTEM not set).
2025-05-29 08:56:39.584 [info] > git rev-parse --show-toplevel [57ms]
2025-05-29 08:56:39.584 [info] fatal: not a git repository (or any parent up to mount point /)
Stopping at filesystem boundary (GIT_DISCOVERY_ACROSS_FILESYSTEM not set).
