2025-05-30 07:03:06.586 [info] Reading sessions from keychain...
2025-05-30 07:03:06.586 [info] Getting sessions for all scopes...
2025-05-30 07:03:06.586 [info] Getting sessions for all scopes...
2025-05-30 07:03:06.586 [info] Got stored sessions!
2025-05-30 07:03:06.586 [info] Got 4 verified sessions.
2025-05-30 07:03:06.586 [info] Got 4 sessions for ...
2025-05-30 07:03:06.586 [info] Got 4 sessions for ...
2025-05-30 07:03:06.756 [info] Getting sessions for all scopes...
2025-05-30 07:03:06.756 [info] Got 4 sessions for ...
2025-05-30 07:03:07.381 [info] Getting sessions for all scopes...
2025-05-30 07:03:07.381 [info] Got 4 sessions for ...
2025-05-30 07:03:07.382 [info] Getting sessions for all scopes...
2025-05-30 07:03:07.382 [info] Got 4 sessions for ...
2025-05-30 07:03:07.382 [info] Getting sessions for all scopes...
2025-05-30 07:03:07.382 [info] Got 4 sessions for ...
2025-05-30 07:03:07.382 [info] Getting sessions for all scopes...
2025-05-30 07:03:07.382 [info] Got 4 sessions for ...
2025-05-30 07:03:07.382 [info] Getting sessions for all scopes...
2025-05-30 07:03:07.382 [info] Got 4 sessions for ...
2025-05-30 07:03:07.446 [info] Getting sessions for all scopes...
2025-05-30 07:03:07.446 [info] Got 4 sessions for ...
2025-05-30 07:03:07.478 [info] Getting sessions for user:email...
2025-05-30 07:03:07.478 [info] Got 1 sessions for user:email...
2025-05-30 07:03:07.516 [info] Getting sessions for all scopes...
2025-05-30 07:03:07.516 [info] Got 4 sessions for ...
2025-05-30 07:03:07.516 [info] Getting sessions for all scopes...
2025-05-30 07:03:07.516 [info] Got 4 sessions for ...
2025-05-30 07:03:07.516 [info] Getting sessions for all scopes...
2025-05-30 07:03:07.516 [info] Got 4 sessions for ...
2025-05-30 07:03:07.517 [info] Getting sessions for all scopes...
2025-05-30 07:03:07.517 [info] Got 4 sessions for ...
2025-05-30 07:03:07.517 [info] Getting sessions for all scopes...
2025-05-30 07:03:07.517 [info] Got 4 sessions for ...
2025-05-30 07:03:07.518 [info] Getting sessions for all scopes...
2025-05-30 07:03:07.518 [info] Got 4 sessions for ...
2025-05-30 07:03:07.520 [info] Getting sessions for all scopes...
2025-05-30 07:03:07.521 [info] Got 4 sessions for ...
2025-05-30 07:03:09.147 [info] Getting sessions for all scopes...
2025-05-30 07:03:09.147 [info] Got 4 sessions for ...
2025-05-30 07:03:09.160 [info] Getting sessions for all scopes...
2025-05-30 07:03:09.160 [info] Got 4 sessions for ...
2025-05-30 07:03:09.160 [info] Getting sessions for all scopes...
2025-05-30 07:03:09.160 [info] Got 4 sessions for ...
2025-05-30 07:03:09.666 [info] Getting sessions for read:user,repo,user:email...
2025-05-30 07:03:09.667 [info] Got 1 sessions for read:user,repo,user:email...
2025-05-30 07:03:09.674 [info] Getting sessions for project,read:org,read:user,repo,user:email,workflow...
2025-05-30 07:03:09.674 [info] Got 0 sessions for project,read:org,read:user,repo,user:email,workflow...
2025-05-30 07:03:09.910 [info] Getting sessions for read:user,repo,user:email,workflow...
2025-05-30 07:03:09.910 [info] Got 1 sessions for read:user,repo,user:email,workflow...
2025-05-30 07:06:18.290 [info] Reading sessions from keychain...
2025-05-30 07:06:18.290 [info] Getting sessions for all scopes...
2025-05-30 07:06:18.290 [info] Getting sessions for all scopes...
2025-05-30 07:06:18.290 [info] Getting sessions for user:email...
2025-05-30 07:06:18.290 [info] Getting sessions for all scopes...
2025-05-30 07:06:18.290 [info] Got stored sessions!
2025-05-30 07:06:18.290 [info] Got 4 verified sessions.
2025-05-30 07:06:18.290 [info] Got 4 sessions for ...
2025-05-30 07:06:18.290 [info] Got 4 sessions for ...
2025-05-30 07:06:18.290 [info] Got 1 sessions for user:email...
2025-05-30 07:06:18.290 [info] Got 4 sessions for ...
2025-05-30 07:06:18.290 [info] Getting sessions for all scopes...
2025-05-30 07:06:18.290 [info] Got 4 sessions for ...
2025-05-30 07:06:20.766 [info] Getting sessions for read:user,repo,user:email...
2025-05-30 07:06:20.766 [info] Got 1 sessions for read:user,repo,user:email...
2025-05-30 07:06:20.767 [info] Getting sessions for project,read:org,read:user,repo,user:email,workflow...
2025-05-30 07:06:20.767 [info] Got 0 sessions for project,read:org,read:user,repo,user:email,workflow...
2025-05-30 07:06:20.953 [info] Getting sessions for read:user,repo,user:email,workflow...
2025-05-30 07:06:20.953 [info] Got 1 sessions for read:user,repo,user:email,workflow...
