2025-05-27 06:55:33.902 [info] Reading sessions from keychain...
2025-05-27 06:55:33.902 [info] Getting sessions for all scopes...
2025-05-27 06:55:33.902 [info] Getting sessions for all scopes...
2025-05-27 06:55:33.902 [info] Getting sessions for all scopes...
2025-05-27 06:55:33.902 [info] Getting sessions for all scopes...
2025-05-27 06:55:33.902 [info] Getting sessions for all scopes...
2025-05-27 06:55:33.902 [info] Getting sessions for all scopes...
2025-05-27 06:55:33.902 [info] Getting sessions for all scopes...
2025-05-27 06:55:33.966 [info] Got stored sessions!
2025-05-27 06:55:33.966 [info] Got 2 verified sessions.
2025-05-27 06:55:33.966 [info] Got 2 sessions for ...
2025-05-27 06:55:33.966 [info] Got 2 sessions for ...
2025-05-27 06:55:33.966 [info] Got 2 sessions for ...
2025-05-27 06:55:33.966 [info] Got 2 sessions for ...
2025-05-27 06:55:33.966 [info] Got 2 sessions for ...
2025-05-27 06:55:33.966 [info] Got 2 sessions for ...
2025-05-27 06:55:33.966 [info] Got 2 sessions for ...
2025-05-27 06:55:33.967 [info] Getting sessions for all scopes...
2025-05-27 06:55:33.967 [info] Got 2 sessions for ...
2025-05-27 06:55:33.967 [info] Getting sessions for all scopes...
2025-05-27 06:55:33.967 [info] Got 2 sessions for ...
2025-05-27 06:55:33.967 [info] Getting sessions for all scopes...
2025-05-27 06:55:33.967 [info] Got 2 sessions for ...
2025-05-27 06:55:33.967 [info] Getting sessions for all scopes...
2025-05-27 06:55:33.967 [info] Got 2 sessions for ...
2025-05-27 06:55:33.968 [info] Getting sessions for all scopes...
2025-05-27 06:55:33.968 [info] Got 2 sessions for ...
2025-05-27 06:55:33.968 [info] Getting sessions for all scopes...
2025-05-27 06:55:33.968 [info] Got 2 sessions for ...
2025-05-27 06:55:34.337 [info] Getting sessions for all scopes...
2025-05-27 06:55:34.337 [info] Got 2 sessions for ...
2025-05-27 06:55:34.421 [info] Getting sessions for all scopes...
2025-05-27 06:55:34.421 [info] Got 2 sessions for ...
2025-05-27 06:55:34.421 [info] Getting sessions for user:email...
2025-05-27 06:55:34.421 [info] Got 1 sessions for user:email...
2025-05-27 06:55:34.706 [info] Getting sessions for all scopes...
2025-05-27 06:55:34.706 [info] Got 2 sessions for ...
2025-05-27 06:55:34.707 [info] Getting sessions for all scopes...
2025-05-27 06:55:34.707 [info] Got 2 sessions for ...
2025-05-27 06:55:34.877 [info] Getting sessions for all scopes...
2025-05-27 06:55:34.877 [info] Got 2 sessions for ...
2025-05-27 06:55:36.191 [info] Getting sessions for all scopes...
2025-05-27 06:55:36.191 [info] Got 2 sessions for ...
2025-05-27 06:55:36.191 [info] Getting sessions for all scopes...
2025-05-27 06:55:36.191 [info] Got 2 sessions for ...
2025-05-27 06:55:36.557 [info] Getting sessions for read:user,repo,user:email...
2025-05-27 06:55:36.557 [info] Got 0 sessions for read:user,repo,user:email...
2025-05-27 06:55:36.557 [info] Getting sessions for project,read:org,read:user,repo,user:email,workflow...
2025-05-27 06:55:36.557 [info] Got 0 sessions for project,read:org,read:user,repo,user:email,workflow...
2025-05-27 06:55:36.762 [info] Getting sessions for read:user,repo,user:email,workflow...
2025-05-27 06:55:36.762 [info] Got 1 sessions for read:user,repo,user:email,workflow...
