2025-05-27 06:24:45.841 [info] Starting Python Locator /home/bhavya/.vscode/extensions/ms-python.vscode-python-envs-0.3.11461009-linux-x64/python-env-tools/bin/pet server
2025-05-27 06:24:45.971 [info] Discovered env: /bin/python
2025-05-27 06:24:45.972 [info] Discovered env: /usr/bin/python
2025-05-27 06:24:45.973 [info] Env ("/sbin/python") in Path resolved as ResolvedPythonEnv { executable: "/sbin/python", prefix: "/usr", version: "3.13.3.final.0", is64_bit: true, symlinks: Some(["/sbin/python"]) } and reported as Some(GlobalPaths)
2025-05-27 06:24:45.973 [info] Discovered env: /sbin/python
2025-05-27 06:24:45.974 [info] Env ("/usr/sbin/python") in Path resolved as ResolvedPythonEnv { executable: "/usr/sbin/python", prefix: "/usr", version: "3.13.3.final.0", is64_bit: true, symlinks: Some(["/usr/sbin/python"]) } and reported as Some(GlobalPaths)
2025-05-27 06:24:45.974 [info] Discovered env: /usr/sbin/python
2025-05-27 06:24:45.975 [info] Env ("/sbin/python3") in Path resolved as ResolvedPythonEnv { executable: "/sbin/python3", prefix: "/usr", version: "3.13.3.final.0", is64_bit: true, symlinks: Some(["/sbin/python3"]) } and reported as Some(GlobalPaths)
2025-05-27 06:24:45.975 [info] Discovered env: /sbin/python3
2025-05-27 06:24:45.975 [info] Env ("/usr/sbin/python3") in Path resolved as ResolvedPythonEnv { executable: "/usr/sbin/python3", prefix: "/usr", version: "3.13.3.final.0", is64_bit: true, symlinks: Some(["/usr/sbin/python3"]) } and reported as Some(GlobalPaths)
2025-05-27 06:24:45.975 [info] Discovered env: /usr/sbin/python3
2025-05-27 06:24:45.981 [info] Env ("/sbin/python3.13") in Path resolved as ResolvedPythonEnv { executable: "/sbin/python3.13", prefix: "/usr", version: "3.13.3.final.0", is64_bit: true, symlinks: Some(["/sbin/python3.13"]) } and reported as Some(GlobalPaths)
2025-05-27 06:24:45.981 [info] Discovered env: /sbin/python3.13
2025-05-27 06:24:45.981 [info] Env ("/usr/sbin/python3.13") in Path resolved as ResolvedPythonEnv { executable: "/usr/sbin/python3.13", prefix: "/usr", version: "3.13.3.final.0", is64_bit: true, symlinks: Some(["/usr/sbin/python3.13"]) } and reported as Some(GlobalPaths)
2025-05-27 06:24:45.981 [info] Discovered env: /usr/sbin/python3.13
2025-05-27 06:24:45.982 [info] Locator Conda took 98.024626ms
2025-05-27 06:24:45.982 [info] Locator Homebrew took 49.317µs
2025-05-27 06:24:45.982 [info] Locator LinuxGlobal took 71.401647ms
2025-05-27 06:24:45.982 [info] Locator PipEnv took 47.428µs
2025-05-27 06:24:45.982 [info] Locator Pixi took 22.455µs
2025-05-27 06:24:45.982 [info] Locator Poetry took 441.055µs
2025-05-27 06:24:45.982 [info] Locator PyEnv took 1.719033ms
2025-05-27 06:24:45.982 [info] Locator Venv took 27.282µs
2025-05-27 06:24:45.982 [info] Locator VirtualEnv took 48.827µs
2025-05-27 06:24:45.982 [info] Locator VirtualEnvWrapper took 22.805µs
2025-05-27 06:24:45.982 [info] Locator GlobalVirtualEnvs took 282.961µs
2025-05-27 06:24:45.982 [info] Locator Locators took 98.227211ms
2025-05-27 06:24:45.982 [info] Locator Path took 106.7129ms
2025-05-27 06:24:45.982 [info] Locator Workspaces took 2.177927ms
2025-05-27 06:24:45.985 [info] Telemetry:  {"event":"RefreshPerformance","data":{"refreshPerformance":{"total":106,"breakdown":{"GlobalVirtualEnvs":0,"Locators":98,"Path":106,"Workspaces":2},"locators":{"Conda":98,"Homebrew":0,"LinuxGlobal":71,"PipEnv":0,"Pixi":0,"Poetry":0,"PyEnv":1,"Venv":0,"VirtualEnv":0,"VirtualEnvWrapper":0}}}}
2025-05-27 06:24:45.986 [info] Locator GlobalVirtualEnvs took 1.469µs
2025-05-27 06:24:45.986 [info] Locator Locators took 1.47µs
2025-05-27 06:24:45.986 [info] Locator Path took 1.469µs
2025-05-27 06:24:45.986 [info] Locator Workspaces took 519.054µs
2025-05-27 06:24:46.003 [info] Telemetry:  {"event":"RefreshPerformance","data":{"refreshPerformance":{"total":0,"breakdown":{"GlobalVirtualEnvs":0,"Locators":0,"Path":0,"Workspaces":0},"locators":{}}}}
2025-05-27 06:24:46.029 [info] Python API: Changed environment from undefined to Python 3.13.3 for: /home/bhavya/.config/hypr
2025-05-27 06:24:46.029 [info] Internal: Changed environment from undefined to Python 3.13.3 for: /home/bhavya/.config/hypr
2025-05-27 06:24:46.435 [info] Discovered env: /usr/bin/python
2025-05-27 06:24:46.435 [info] Discovered env: /bin/python
2025-05-27 06:24:46.436 [info] Env ("/sbin/python") in Path resolved as ResolvedPythonEnv { executable: "/sbin/python", prefix: "/usr", version: "3.13.3.final.0", is64_bit: true, symlinks: Some(["/sbin/python"]) } and reported as Some(GlobalPaths)
2025-05-27 06:24:46.436 [info] Discovered env: /sbin/python
2025-05-27 06:24:46.436 [info] Env ("/usr/sbin/python") in Path resolved as ResolvedPythonEnv { executable: "/usr/sbin/python", prefix: "/usr", version: "3.13.3.final.0", is64_bit: true, symlinks: Some(["/usr/sbin/python"]) } and reported as Some(GlobalPaths)
2025-05-27 06:24:46.436 [info] Discovered env: /usr/sbin/python
2025-05-27 06:24:46.437 [info] Env ("/sbin/python3") in Path resolved as ResolvedPythonEnv { executable: "/sbin/python3", prefix: "/usr", version: "3.13.3.final.0", is64_bit: true, symlinks: Some(["/sbin/python3"]) } and reported as Some(GlobalPaths)
2025-05-27 06:24:46.437 [info] Discovered env: /sbin/python3
2025-05-27 06:24:46.437 [info] Env ("/usr/sbin/python3") in Path resolved as ResolvedPythonEnv { executable: "/usr/sbin/python3", prefix: "/usr", version: "3.13.3.final.0", is64_bit: true, symlinks: Some(["/usr/sbin/python3"]) } and reported as Some(GlobalPaths)
2025-05-27 06:24:46.437 [info] Discovered env: /usr/sbin/python3
2025-05-27 06:24:46.438 [info] Env ("/sbin/python3.13") in Path resolved as ResolvedPythonEnv { executable: "/sbin/python3.13", prefix: "/usr", version: "3.13.3.final.0", is64_bit: true, symlinks: Some(["/sbin/python3.13"]) } and reported as Some(GlobalPaths)
2025-05-27 06:24:46.438 [info] Discovered env: /sbin/python3.13
2025-05-27 06:24:46.438 [info] Env ("/usr/sbin/python3.13") in Path resolved as ResolvedPythonEnv { executable: "/usr/sbin/python3.13", prefix: "/usr", version: "3.13.3.final.0", is64_bit: true, symlinks: Some(["/usr/sbin/python3.13"]) } and reported as Some(GlobalPaths)
2025-05-27 06:24:46.438 [info] Discovered env: /usr/sbin/python3.13
2025-05-27 06:24:46.438 [info] Locator Conda took 50.900189ms
2025-05-27 06:24:46.438 [info] Locator Homebrew took 45.259µs
2025-05-27 06:24:46.438 [info] Locator LinuxGlobal took 45.693781ms
2025-05-27 06:24:46.438 [info] Locator PipEnv took 45.4µs
2025-05-27 06:24:46.438 [info] Locator Pixi took 18.818µs
2025-05-27 06:24:46.438 [info] Locator Poetry took 78.837µs
2025-05-27 06:24:46.438 [info] Locator PyEnv took 90.1µs
2025-05-27 06:24:46.438 [info] Locator Venv took 127.595µs
2025-05-27 06:24:46.439 [info] Locator VirtualEnv took 39.593µs
2025-05-27 06:24:46.439 [info] Locator VirtualEnvWrapper took 80.726µs
2025-05-27 06:24:46.439 [info] Locator GlobalVirtualEnvs took 40.922µs
2025-05-27 06:24:46.439 [info] Locator Locators took 51.149013ms
2025-05-27 06:24:46.439 [info] Locator Path took 80.988915ms
2025-05-27 06:24:46.439 [info] Locator Workspaces took 1.325825ms
2025-05-27 06:24:46.439 [info] Conda not found, turning off conda features. Error: Conda not found
    at A (/home/bhavya/.vscode/extensions/ms-python.vscode-python-envs-0.3.11461009-linux-x64/dist/extension.js:2:503099)
    at D (/home/bhavya/.vscode/extensions/ms-python.vscode-python-envs-0.3.11461009-linux-x64/dist/extension.js:2:503224)
    at t.registerCondaFeatures (/home/bhavya/.vscode/extensions/ms-python.vscode-python-envs-0.3.11461009-linux-x64/dist/extension.js:2:520052)
    at async Promise.all (index 1)
    at Immediate.<anonymous> (/home/bhavya/.vscode/extensions/ms-python.vscode-python-envs-0.3.11461009-linux-x64/dist/extension.js:2:605680)
2025-05-27 06:24:46.440 [info] Telemetry:  {"event":"RefreshPerformance","data":{"refreshPerformance":{"total":81,"breakdown":{"GlobalVirtualEnvs":0,"Locators":51,"Path":80,"Workspaces":1},"locators":{"Conda":50,"Homebrew":0,"LinuxGlobal":45,"PipEnv":0,"Pixi":0,"Poetry":0,"PyEnv":0,"Venv":0,"VirtualEnv":0,"VirtualEnvWrapper":0}}}}
2025-05-27 06:24:46.479 [info] Discovered env: /bin/python
2025-05-27 06:24:46.481 [info] Discovered env: /usr/bin/python
2025-05-27 06:24:46.482 [info] Env ("/sbin/python") in Path resolved as ResolvedPythonEnv { executable: "/sbin/python", prefix: "/usr", version: "3.13.3.final.0", is64_bit: true, symlinks: Some(["/sbin/python"]) } and reported as Some(GlobalPaths)
2025-05-27 06:24:46.483 [info] Discovered env: /sbin/python
2025-05-27 06:24:46.483 [info] Env ("/usr/sbin/python") in Path resolved as ResolvedPythonEnv { executable: "/usr/sbin/python", prefix: "/usr", version: "3.13.3.final.0", is64_bit: true, symlinks: Some(["/usr/sbin/python"]) } and reported as Some(GlobalPaths)
2025-05-27 06:24:46.483 [info] Discovered env: /usr/sbin/python
2025-05-27 06:24:46.494 [info] Env ("/sbin/python3") in Path resolved as ResolvedPythonEnv { executable: "/sbin/python3", prefix: "/usr", version: "3.13.3.final.0", is64_bit: true, symlinks: Some(["/sbin/python3"]) } and reported as Some(GlobalPaths)
2025-05-27 06:24:46.494 [info] Discovered env: /sbin/python3
2025-05-27 06:24:46.495 [info] Env ("/usr/sbin/python3") in Path resolved as ResolvedPythonEnv { executable: "/usr/sbin/python3", prefix: "/usr", version: "3.13.3.final.0", is64_bit: true, symlinks: Some(["/usr/sbin/python3"]) } and reported as Some(GlobalPaths)
2025-05-27 06:24:46.495 [info] Discovered env: /usr/sbin/python3
2025-05-27 06:24:46.504 [info] Env ("/sbin/python3.13") in Path resolved as ResolvedPythonEnv { executable: "/sbin/python3.13", prefix: "/usr", version: "3.13.3.final.0", is64_bit: true, symlinks: Some(["/sbin/python3.13"]) } and reported as Some(GlobalPaths)
2025-05-27 06:24:46.504 [info] Discovered env: /sbin/python3.13
2025-05-27 06:24:46.504 [info] Env ("/usr/sbin/python3.13") in Path resolved as ResolvedPythonEnv { executable: "/usr/sbin/python3.13", prefix: "/usr", version: "3.13.3.final.0", is64_bit: true, symlinks: Some(["/usr/sbin/python3.13"]) } and reported as Some(GlobalPaths)
2025-05-27 06:24:46.504 [info] Discovered env: /usr/sbin/python3.13
2025-05-27 06:24:46.508 [info] Locator Conda took 45.09873ms
2025-05-27 06:24:46.508 [info] Locator Homebrew took 53.442µs
2025-05-27 06:24:46.508 [info] Locator LinuxGlobal took 38.915931ms
2025-05-27 06:24:46.508 [info] Locator PipEnv took 25.113µs
2025-05-27 06:24:46.508 [info] Locator Pixi took 28.47µs
2025-05-27 06:24:46.508 [info] Locator Poetry took 124.232µs
2025-05-27 06:24:46.508 [info] Locator PyEnv took 80.583µs
2025-05-27 06:24:46.508 [info] Locator Venv took 132.417µs
2025-05-27 06:24:46.508 [info] Locator VirtualEnv took 36.864µs
2025-05-27 06:24:46.508 [info] Locator VirtualEnvWrapper took 237.972µs
2025-05-27 06:24:46.508 [info] Locator GlobalVirtualEnvs took 48.406µs
2025-05-27 06:24:46.508 [info] Locator Locators took 45.549282ms
2025-05-27 06:24:46.509 [info] Locator Path took 66.784484ms
2025-05-27 06:24:46.509 [info] Locator Workspaces took 1.858029ms
2025-05-27 06:24:46.509 [info] Pyenv not found, turning off pyenv features.
2025-05-27 06:24:46.514 [info] Telemetry:  {"event":"RefreshPerformance","data":{"refreshPerformance":{"total":66,"breakdown":{"GlobalVirtualEnvs":0,"Locators":45,"Path":66,"Workspaces":1},"locators":{"Conda":45,"Homebrew":0,"LinuxGlobal":38,"PipEnv":0,"Pixi":0,"Poetry":0,"PyEnv":0,"Venv":0,"VirtualEnv":0,"VirtualEnvWrapper":0}}}}
2025-05-27 06:24:47.804 [info] Python API: Changed environment from undefined to Python 3.13.3 for: global
2025-05-27 06:24:47.804 [info] Internal: Changed environment from undefined to Python 3.13.3 for: global
