2025-05-27 07:11:28.515 [info] [main] Log level: Info
2025-05-27 07:11:28.515 [info] [main] Validating found git in: "git"
2025-05-27 07:11:28.515 [info] [main] Using git "2.49.0" from "git"
2025-05-27 07:11:28.515 [info] [Model][doInitialScan] Initial repository scan started
2025-05-27 07:11:28.515 [info] > git rev-parse --show-toplevel [2ms]
2025-05-27 07:11:28.515 [info] fatal: not a git repository (or any parent up to mount point /)
Stopping at filesystem boundary (GIT_DISCOVERY_ACROSS_FILESYSTEM not set).
2025-05-27 07:11:28.515 [info] > git rev-parse --show-toplevel [6ms]
2025-05-27 07:11:28.515 [info] fatal: not a git repository (or any parent up to mount point /)
Stopping at filesystem boundary (GIT_DISCOVERY_ACROSS_FILESYSTEM not set).
2025-05-27 07:11:28.522 [info] > git rev-parse --show-toplevel [2ms]
2025-05-27 07:11:28.522 [info] fatal: not a git repository (or any parent up to mount point /)
Stopping at filesystem boundary (GIT_DISCOVERY_ACROSS_FILESYSTEM not set).
2025-05-27 07:11:28.528 [info] > git rev-parse --show-toplevel [1ms]
2025-05-27 07:11:28.528 [info] fatal: not a git repository (or any parent up to mount point /)
Stopping at filesystem boundary (GIT_DISCOVERY_ACROSS_FILESYSTEM not set).
2025-05-27 07:11:28.534 [info] > git rev-parse --show-toplevel [0ms]
2025-05-27 07:11:28.534 [info] fatal: not a git repository (or any parent up to mount point /)
Stopping at filesystem boundary (GIT_DISCOVERY_ACROSS_FILESYSTEM not set).
2025-05-27 07:11:28.540 [info] > git rev-parse --show-toplevel [2ms]
2025-05-27 07:11:28.541 [info] fatal: not a git repository (or any parent up to mount point /)
Stopping at filesystem boundary (GIT_DISCOVERY_ACROSS_FILESYSTEM not set).
2025-05-27 07:11:28.691 [info] > git rev-parse --show-toplevel [144ms]
2025-05-27 07:11:28.691 [info] fatal: not a git repository (or any parent up to mount point /)
Stopping at filesystem boundary (GIT_DISCOVERY_ACROSS_FILESYSTEM not set).
2025-05-27 07:11:28.692 [info] [Model][doInitialScan] Initial repository scan completed - repositories (0), closed repositories (0), parent repositories (0), unsafe repositories (0)
2025-05-27 07:11:38.829 [info] > git rev-parse --show-toplevel [4ms]
2025-05-27 07:11:38.829 [info] fatal: not a git repository (or any parent up to mount point /)
Stopping at filesystem boundary (GIT_DISCOVERY_ACROSS_FILESYSTEM not set).
2025-05-27 07:11:41.558 [info] > git rev-parse --show-toplevel [6ms]
2025-05-27 07:11:41.558 [info] fatal: not a git repository (or any parent up to mount point /)
Stopping at filesystem boundary (GIT_DISCOVERY_ACROSS_FILESYSTEM not set).
