2025-05-30 07:03:07.603 [info] [main] Log level: Info
2025-05-30 07:03:07.603 [info] [main] Validating found git in: "git"
2025-05-30 07:03:07.603 [info] [main] Using git "2.49.0" from "git"
2025-05-30 07:03:07.603 [info] [Model][doInitialScan] Initial repository scan started
2025-05-30 07:03:07.603 [info] > git rev-parse --show-toplevel [24ms]
2025-05-30 07:03:07.603 [info] fatal: not a git repository (or any parent up to mount point /)
Stopping at filesystem boundary (GIT_DISCOVERY_ACROSS_FILESYSTEM not set).
2025-05-30 07:03:07.603 [info] [Model][doInitialScan] Initial repository scan completed - repositories (0), closed repositories (0), parent repositories (0), unsafe repositories (0)
2025-05-30 07:03:09.534 [info] > git rev-parse --show-toplevel [274ms]
2025-05-30 07:03:09.534 [info] fatal: not a git repository (or any parent up to mount point /)
Stopping at filesystem boundary (GIT_DISCOVERY_ACROSS_FILESYSTEM not set).
2025-05-30 07:03:09.721 [info] > git rev-parse --show-toplevel [81ms]
2025-05-30 07:03:09.721 [info] fatal: not a git repository (or any parent up to mount point /)
Stopping at filesystem boundary (GIT_DISCOVERY_ACROSS_FILESYSTEM not set).
2025-05-30 07:04:34.731 [info] > git rev-parse --show-toplevel [4ms]
2025-05-30 07:04:34.731 [info] fatal: not a git repository (or any parent up to mount point /)
Stopping at filesystem boundary (GIT_DISCOVERY_ACROSS_FILESYSTEM not set).
2025-05-30 07:04:40.606 [info] > git rev-parse --show-toplevel [4ms]
2025-05-30 07:04:40.606 [info] fatal: not a git repository (or any parent up to mount point /)
Stopping at filesystem boundary (GIT_DISCOVERY_ACROSS_FILESYSTEM not set).
2025-05-30 07:06:10.823 [info] > git rev-parse --show-toplevel [5ms]
2025-05-30 07:06:10.823 [info] fatal: not a git repository (or any parent up to mount point /)
Stopping at filesystem boundary (GIT_DISCOVERY_ACROSS_FILESYSTEM not set).
2025-05-30 07:06:20.611 [info] [main] Log level: Info
2025-05-30 07:06:20.611 [info] [main] Validating found git in: "git"
2025-05-30 07:06:20.611 [info] [main] Using git "2.49.0" from "git"
2025-05-30 07:06:20.611 [info] [Model][doInitialScan] Initial repository scan started
2025-05-30 07:06:20.611 [info] > git rev-parse --show-toplevel [6ms]
2025-05-30 07:06:20.611 [info] fatal: not a git repository (or any parent up to mount point /)
Stopping at filesystem boundary (GIT_DISCOVERY_ACROSS_FILESYSTEM not set).
2025-05-30 07:06:20.611 [info] [Model][doInitialScan] Initial repository scan completed - repositories (0), closed repositories (0), parent repositories (0), unsafe repositories (0)
2025-05-30 07:06:21.670 [info] > git rev-parse --show-toplevel [19ms]
2025-05-30 07:06:21.670 [info] fatal: not a git repository (or any parent up to mount point /)
Stopping at filesystem boundary (GIT_DISCOVERY_ACROSS_FILESYSTEM not set).
