2025-05-27 06:55:33.232 [info] Extension host with pid 27443 started
2025-05-27 06:55:33.232 [info] Skipping acquiring lock for /home/bhavya/.config/Code/User/workspaceStorage/753f57c7718971eafdaa239f15ee5ff3.
2025-05-27 06:55:33.764 [info] ExtensionService#_doActivateExtension vscode.github-authentication, startup: false, activationEvent: 'onAuthenticationRequest:github'
2025-05-27 06:55:33.786 [info] ExtensionService#_doActivateExtension GrapeCity.gc-excelviewer, startup: false, activationEvent: 'onLanguage:plaintext'
2025-05-27 06:55:33.803 [info] ExtensionService#_doActivateExtension mechatroner.rainbow-csv, startup: false, activationEvent: 'onLanguage:plaintext'
2025-05-27 06:55:33.807 [info] ExtensionService#_doActivateExtension vscode.emmet, startup: false, activationEvent: 'onLanguage'
2025-05-27 06:55:34.104 [info] ExtensionService#_doActivateExtension vscode.configuration-editing, startup: false, activationEvent: 'onLanguage:jsonc'
2025-05-27 06:55:34.112 [info] ExtensionService#_doActivateExtension vscode.json-language-features, startup: false, activationEvent: 'onLanguage:jsonc'
2025-05-27 06:55:34.157 [info] ExtensionService#_doActivateExtension vscode.typescript-language-features, startup: false, activationEvent: 'onLanguage:jsonc'
2025-05-27 06:55:34.195 [info] ExtensionService#_doActivateExtension ms-edgedevtools.vscode-edge-devtools, startup: false, activationEvent: 'onLanguage:jsonc'
2025-05-27 06:55:34.568 [info] ExtensionService#_doActivateExtension vscode.git-base, startup: true, activationEvent: '*', root cause: vscode.git
2025-05-27 06:55:34.571 [info] ExtensionService#_doActivateExtension christian-kohler.path-intellisense, startup: true, activationEvent: '*'
2025-05-27 06:55:34.577 [info] ExtensionService#_doActivateExtension danileao.css-variables-autocomplete, startup: true, activationEvent: '*'
2025-05-27 06:55:34.578 [info] ExtensionService#_doActivateExtension formulahendry.auto-close-tag, startup: true, activationEvent: '*'
2025-05-27 06:55:34.579 [info] ExtensionService#_doActivateExtension formulahendry.auto-rename-tag, startup: true, activationEvent: '*'
2025-05-27 06:55:34.600 [info] ExtensionService#_doActivateExtension IgorSbitnev.error-gutters, startup: true, activationEvent: '*'
2025-05-27 06:55:34.601 [info] ExtensionService#_doActivateExtension mhutchie.git-graph, startup: true, activationEvent: '*'
2025-05-27 06:55:34.611 [info] ExtensionService#_doActivateExtension sporiley.css-auto-prefix, startup: true, activationEvent: '*'
2025-05-27 06:55:34.612 [info] ExtensionService#_doActivateExtension vincaslt.highlight-matching-tag, startup: true, activationEvent: '*'
2025-05-27 06:55:34.616 [info] ExtensionService#_doActivateExtension wayou.vscode-todo-highlight, startup: true, activationEvent: '*'
2025-05-27 06:55:34.617 [info] ExtensionService#_doActivateExtension Zignd.html-css-class-completion, startup: true, activationEvent: '*'
2025-05-27 06:55:34.809 [info] ExtensionService#_doActivateExtension vscode.git, startup: true, activationEvent: '*'
2025-05-27 06:55:34.843 [info] ExtensionService#_doActivateExtension vscode.github, startup: true, activationEvent: '*'
2025-05-27 06:55:34.934 [info] Eager extensions activated
2025-05-27 06:55:34.957 [info] ExtensionService#_doActivateExtension vscode.debug-auto-launch, startup: false, activationEvent: 'onStartupFinished'
2025-05-27 06:55:34.959 [info] ExtensionService#_doActivateExtension vscode.merge-conflict, startup: false, activationEvent: 'onStartupFinished'
2025-05-27 06:55:34.971 [info] ExtensionService#_doActivateExtension aaron-bond.better-comments, startup: false, activationEvent: 'onStartupFinished'
2025-05-27 06:55:34.974 [info] ExtensionService#_doActivateExtension alefragnani.project-manager, startup: false, activationEvent: 'onStartupFinished'
2025-05-27 06:55:34.983 [info] ExtensionService#_doActivateExtension bierner.color-info, startup: false, activationEvent: 'onStartupFinished'
2025-05-27 06:55:34.986 [info] ExtensionService#_doActivateExtension bradlc.vscode-tailwindcss, startup: false, activationEvent: 'onStartupFinished'
2025-05-27 06:55:35.012 [info] ExtensionService#_doActivateExtension Catppuccin.catppuccin-vsc, startup: false, activationEvent: 'onStartupFinished'
2025-05-27 06:55:35.016 [info] ExtensionService#_doActivateExtension Catppuccin.catppuccin-vsc-icons, startup: false, activationEvent: 'onStartupFinished'
2025-05-27 06:55:35.068 [info] ExtensionService#_doActivateExtension dbaeumer.vscode-eslint, startup: false, activationEvent: 'onStartupFinished'
2025-05-27 06:55:35.090 [info] ExtensionService#_doActivateExtension dsznajder.es7-react-js-snippets, startup: false, activationEvent: 'onStartupFinished'
2025-05-27 06:55:35.490 [info] ExtensionService#_doActivateExtension eamodio.gitlens, startup: false, activationEvent: 'onStartupFinished'
2025-05-27 06:55:35.619 [info] ExtensionService#_doActivateExtension ecmel.vscode-html-css, startup: false, activationEvent: 'onStartupFinished'
2025-05-27 06:55:35.620 [info] ExtensionService#_doActivateExtension esbenp.prettier-vscode, startup: false, activationEvent: 'onStartupFinished'
2025-05-27 06:55:35.668 [info] ExtensionService#_doActivateExtension formulahendry.code-runner, startup: false, activationEvent: 'onStartupFinished'
2025-05-27 06:55:35.678 [info] ExtensionService#_doActivateExtension GitHub.vscode-pull-request-github, startup: false, activationEvent: 'onStartupFinished'
2025-05-27 06:55:35.751 [info] ExtensionService#_doActivateExtension HabeebArul.react-component-tree, startup: false, activationEvent: 'onStartupFinished'
2025-05-27 06:55:35.785 [info] ExtensionService#_doActivateExtension kisstkondoros.vscode-gutter-preview, startup: false, activationEvent: 'onStartupFinished'
2025-05-27 06:55:35.812 [info] ExtensionService#_doActivateExtension ms-vscode-remote.remote-wsl, startup: false, activationEvent: 'onStartupFinished'
2025-05-27 06:55:35.895 [info] ExtensionService#_doActivateExtension naumovs.color-highlight, startup: false, activationEvent: 'onStartupFinished'
2025-05-27 06:55:35.904 [info] ExtensionService#_doActivateExtension shardulm94.trailing-spaces, startup: false, activationEvent: 'onStartupFinished'
2025-05-27 06:55:35.910 [info] ExtensionService#_doActivateExtension ms-python.python, startup: false, activationEvent: 'onStartupFinished', root cause: slightc.pip-manager
2025-05-27 06:55:36.051 [info] ExtensionService#_doActivateExtension streetsidesoftware.code-spell-checker, startup: false, activationEvent: 'onStartupFinished'
2025-05-27 06:55:36.120 [info] ExtensionService#_doActivateExtension usernamehw.errorlens, startup: false, activationEvent: 'onStartupFinished'
2025-05-27 06:55:36.124 [info] ExtensionService#_doActivateExtension voldemortensen.rainbow-tags, startup: false, activationEvent: 'onStartupFinished'
2025-05-27 06:55:36.125 [info] ExtensionService#_doActivateExtension vunguyentuan.vscode-css-variables, startup: false, activationEvent: 'onStartupFinished'
2025-05-27 06:55:36.505 [info] ExtensionService#_doActivateExtension ms-python.vscode-python-envs, startup: false, activationEvent: 'api', root cause: ms-python.python
2025-05-27 06:55:36.769 [info] ExtensionService#_doActivateExtension slightc.pip-manager, startup: false, activationEvent: 'onStartupFinished'
2025-05-27 06:55:37.186 [info] ExtensionService#_doActivateExtension ms-python.vscode-pylance, startup: false, activationEvent: 'api', root cause: ms-python.python
2025-05-27 07:04:35.311 [info] ExtensionService#_doActivateExtension vscode.npm, startup: false, activationEvent: 'onTerminalQuickFixRequest:ms-vscode.npm-command'
2025-05-27 07:10:46.431 [info] Extension host terminating: renderer closed the MessagePort
2025-05-27 07:10:46.475 [error] An error occurred when disposing the subscriptions for extension 'eamodio.gitlens':
2025-05-27 07:10:46.491 [error] TypeError: Cannot read properties of undefined (reading 'dispose')
    at Object.dispose (file:///opt/visual-studio-code/resources/app/out/vs/workbench/api/node/extensionHostProcess.js:145:120066)
    at m0.<anonymous> (file:///opt/visual-studio-code/resources/app/out/vs/workbench/api/node/extensionHostProcess.js:115:8921)
    at m0.dispose (file:///opt/visual-studio-code/resources/app/out/vs/workbench/api/node/extensionHostProcess.js:115:9017)
    at Object.dispose (/home/bhavya/.vscode/extensions/eamodio.gitlens-17.1.1/dist/gitlens.js:449:23770)
    at /home/bhavya/.vscode/extensions/eamodio.gitlens-17.1.1/dist/gitlens.js:726:16074
    at Array.forEach (<anonymous>)
    at Object.dispose (/home/bhavya/.vscode/extensions/eamodio.gitlens-17.1.1/dist/gitlens.js:726:16056)
    at Er (file:///opt/visual-studio-code/resources/app/out/vs/workbench/api/node/extensionHostProcess.js:25:746)
    at file:///opt/visual-studio-code/resources/app/out/vs/workbench/api/node/extensionHostProcess.js:123:15046
    at file:///opt/visual-studio-code/resources/app/out/vs/workbench/api/node/extensionHostProcess.js:25:1056
    at Object.dispose (file:///opt/visual-studio-code/resources/app/out/vs/workbench/api/node/extensionHostProcess.js:8:705)
    at PJ.eb (file:///opt/visual-studio-code/resources/app/out/vs/workbench/api/node/extensionHostProcess.js:123:11919)
    at file:///opt/visual-studio-code/resources/app/out/vs/workbench/api/node/extensionHostProcess.js:123:9874
    at Array.map (<anonymous>)
    at PJ.$ (file:///opt/visual-studio-code/resources/app/out/vs/workbench/api/node/extensionHostProcess.js:123:9862)
    at PJ.terminate (file:///opt/visual-studio-code/resources/app/out/vs/workbench/api/node/extensionHostProcess.js:123:10105)
    at v2.terminate (file:///opt/visual-studio-code/resources/app/out/vs/workbench/api/node/extensionHostProcess.js:124:1434)
    at us (file:///opt/visual-studio-code/resources/app/out/vs/workbench/api/node/extensionHostProcess.js:225:5702)
    at MessagePortMain.<anonymous> (file:///opt/visual-studio-code/resources/app/out/vs/workbench/api/node/extensionHostProcess.js:225:2249)
    at MessagePortMain.emit (node:events:524:28)
    at Object.MessagePortMain._internalPort.emit (node:electron/js2c/utility_init:2:2949)
2025-05-27 07:10:46.531 [info] Extension host with pid 27443 exiting with code 0
